#-----------------------------------------------------------
# Vivado v2024.2 (64-bit)
# SW Build 5239630 on Fri Nov 08 22:35:27 MST 2024
# IP Build 5239520 on Sun Nov 10 16:12:51 MST 2024
# SharedData Build 5239561 on Fri Nov 08 14:39:27 MST 2024
# Start of session at: Tue May  5 00:32:56 2026
# Process ID         : 43208
# Current directory  : C:/Users/USER/Documents/baryonic_space/baryonic_space-main/part4/vivado_part4_zynq
# Command line       : vivado.exe -gui_launcher_event rodinguilauncherevent31424 C:\Users\USER\Documents\baryonic_space\baryonic_space-main\part4\vivado_part4_zynq\fft_pl_ps_part4_zynq.xpr
# Log file           : C:/Users/USER/Documents/baryonic_space/baryonic_space-main/part4/vivado_part4_zynq/vivado.log
# Journal file       : C:/Users/USER/Documents/baryonic_space/baryonic_space-main/part4/vivado_part4_zynq\vivado.jou
# Running On         : DESKTOP-PNADBHN
# Platform           : Windows Server 2016 or Windows 10
# Operating System   : 26200
# Processor Detail   : 12th Gen Intel(R) Core(TM) i7-12700KF
# CPU Frequency      : 3610 MHz
# CPU Physical cores : 12
# CPU Logical cores  : 20
# Host memory        : 34164 MB
# Swap memory        : 6174 MB
# Total Virtual      : 40338 MB
# Available Virtual  : 17358 MB
#-----------------------------------------------------------
start_gui
open_project C:/Users/USER/Documents/baryonic_space/baryonic_space-main/part4/vivado_part4_zynq/fft_pl_ps_part4_zynq.xpr
INFO: [ProjectBase 1-489] The host OS only allows 260 characters in a normal path. The project is stored in a path with more than 80 characters. If you experience issues with IP, Block Designs, or files not being found, please consider moving the project to a location with a shorter path. Alternately consider using the OS subst command to map part of the path to a drive letter.
Current project path is 'C:/Users/USER/Documents/baryonic_space/baryonic_space-main/part4/vivado_part4_zynq'
WARNING: [Board 49-26] cannot add Board Part digilentinc.com:genesys2:part0:1.1 available at C:/Xilinx/Vivado/2024.2/data/boards/board_files/genesys2/H/board.xml as part xc7k325tffg900-2 specified in board_part file is either invalid or not available
WARNING: [Board 49-26] cannot add Board Part digilentinc.com:sword:part0:1.0 available at C:/Xilinx/Vivado/2024.2/data/boards/board_files/sword/C.0/board.xml as part xc7k325tffg900-2 specified in board_part file is either invalid or not available
Scanning sources...
Finished scanning sources
INFO: [IP_Flow 19-234] Refreshing IP repositories
INFO: [IP_Flow 19-1704] No user IP repositories specified
INFO: [IP_Flow 19-2313] Loaded Vivado IP repository 'C:/Xilinx/Vivado/2024.2/data/ip'.
INFO: [Project 1-5579] Found utility IPs instantiated in one or more block designs which have equivalent inline hdl with improved performance and reduced diskspace. It is recommended to migrate these utility IPs to inline hdl using the command upgrade_project -migrate_to_inline_hdl. The utility IPs may be deprecated in future releases. More information on inline hdl is available in UG994.
open_project: Time (s): cpu = 00:00:12 ; elapsed = 00:00:06 . Memory (MB): peak = 1371.094 ; gain = 271.496
update_compile_order -fileset sources_1
report_ip_status -name ip_status 
open_bd_design {C:/Users/USER/Documents/baryonic_space/baryonic_space-main/part4/vivado_part4_zynq/fft_pl_ps_part4_zynq.srcs/sources_1/bd/system/system.bd}
Reading block design file <C:/Users/USER/Documents/baryonic_space/baryonic_space-main/part4/vivado_part4_zynq/fft_pl_ps_part4_zynq.srcs/sources_1/bd/system/system.bd>...
Adding component instance block -- xilinx.com:ip:processing_system7:5.5 - processing_system7_0
Adding component instance block -- xilinx.com:ip:proc_sys_reset:5.0 - rst_ps7_0_200M
Adding component instance block -- xilinx.com:ip:axi_interconnect:2.1 - axi_interconnect_0
Adding component instance block -- xilinx.com:ip:axi_protocol_converter:2.1 - auto_pc
Adding component instance block -- xilinx.com:module_ref:fft_pl_ps_top:1.0 - fft_pl_ps_0
Adding component instance block -- xilinx.com:ip:ila:6.2 - ila_0
INFO: [xilinx.com:ip:ila:6.2-6] /ila_0: AMD recommends using the System ILA IP in IP Integrator. The System ILA IP is functionally equivalent to an ILA and offers additional benefits in debugging interfaces both within IP Integrator and the Hardware Manager. Consult the Programming and Debug User Guide UG908 for further details.
Adding component instance block -- xilinx.com:ip:xlconstant:1.1 - peak_index_pad_const
Adding component instance block -- xilinx.com:ip:xlconcat:2.1 - peak_index_concat
Successfully read diagram <system> from block design file <C:/Users/USER/Documents/baryonic_space/baryonic_space-main/part4/vivado_part4_zynq/fft_pl_ps_part4_zynq.srcs/sources_1/bd/system/system.bd>
update_module_reference [get_ips  system_fft_pl_ps_0_0]
WARNING: [IP_Flow 19-587] [HDL Parser] HDL port or parameter 'fft_in_last' has a dependency on the module local parameter or undefined parameter 'FRAME_LAST_INDEX'.
INFO: [IP_Flow 19-5107] Inferred bus interface 'clk' of definition 'xilinx.com:signal:clock:1.0' (from X_INTERFACE_INFO parameter from HDL file).
INFO: [IP_Flow 19-5107] Inferred bus interface 'clk' of definition 'xilinx.com:signal:clock:1.0' (from 'X_INTERFACE_INFO' attribute).
INFO: [IP_Flow 19-5107] Inferred bus interface 'rst_n' of definition 'xilinx.com:signal:reset:1.0' (from X_INTERFACE_INFO parameter from HDL file).
INFO: [IP_Flow 19-5107] Inferred bus interface 'rst_n' of definition 'xilinx.com:signal:reset:1.0' (from 'X_INTERFACE_INFO' attribute).
INFO: [IP_Flow 19-5107] Inferred bus interface 'S_AXI' of definition 'xilinx.com:interface:aximm:1.0' (from X_INTERFACE_INFO parameter from HDL file).
INFO: [IP_Flow 19-5107] Inferred bus interface 'S_AXI' of definition 'xilinx.com:interface:aximm:1.0' (from 'X_INTERFACE_INFO' attribute).
INFO: [IP_Flow 19-4728] Bus Interface 'clk': Added interface parameter 'ASSOCIATED_BUSIF' with value 'S_AXI'.
INFO: [IP_Flow 19-4728] Bus Interface 'clk': Added interface parameter 'ASSOCIATED_RESET' with value 'rst_n'.
INFO: [IP_Flow 19-4728] Bus Interface 'clk': Added interface parameter 'FREQ_HZ' with value '200000000'.
INFO: [IP_Flow 19-4728] Bus Interface 'rst_n': Added interface parameter 'POLARITY' with value 'ACTIVE_LOW'.
INFO: [IP_Flow 19-4728] Bus Interface 'S_AXI': Added interface parameter 'PROTOCOL' with value 'AXI4LITE'.
INFO: [IP_Flow 19-4728] Bus Interface 'S_AXI': Added interface parameter 'DATA_WIDTH' with value '32'.
INFO: [IP_Flow 19-4728] Bus Interface 'S_AXI': Added interface parameter 'ADDR_WIDTH' with value '4'.
INFO: [IP_Flow 19-4728] Bus Interface 'S_AXI': Added interface parameter 'FREQ_HZ' with value '200000000'.
INFO: [IP_Flow 19-4728] Bus Interface 'S_AXI': Added interface parameter 'HAS_BURST' with value '0'.
INFO: [IP_Flow 19-4728] Bus Interface 'S_AXI': Added interface parameter 'HAS_LOCK' with value '0'.
INFO: [IP_Flow 19-4728] Bus Interface 'S_AXI': Added interface parameter 'HAS_PROT' with value '0'.
INFO: [IP_Flow 19-4728] Bus Interface 'S_AXI': Added interface parameter 'HAS_CACHE' with value '0'.
INFO: [IP_Flow 19-4728] Bus Interface 'S_AXI': Added interface parameter 'HAS_QOS' with value '0'.
INFO: [IP_Flow 19-4728] Bus Interface 'S_AXI': Added interface parameter 'HAS_REGION' with value '0'.
INFO: [IP_Flow 19-4728] Bus Interface 'S_AXI': Added interface parameter 'HAS_WSTRB' with value '1'.
INFO: [IP_Flow 19-4728] Bus Interface 'S_AXI': Added interface parameter 'HAS_BRESP' with value '1'.
INFO: [IP_Flow 19-4728] Bus Interface 'S_AXI': Added interface parameter 'HAS_RRESP' with value '1'.
INFO: [IP_Flow 19-818] Not transferring value dependency attribute "((2 * spirit:decode(id('MODELPARAM_VALUE.FFT_W'))) + 1)" into user parameter "ABS_W".
INFO: [IP_Flow 19-7067] Note that bus interface 'clk' has a fixed FREQ_HZ of '200000000'. This value will be respected whenever this IP is instantiated in IP Integrator.
INFO: [IP_Flow 19-7067] Note that bus interface 'S_AXI' has a fixed FREQ_HZ of '200000000'. This value will be respected whenever this IP is instantiated in IP Integrator.
WARNING: [IP_Flow 19-587] [HDL Parser] HDL port or parameter 'fft_in_last' has a dependency on the module local parameter or undefined parameter 'FRAME_LAST_INDEX'.
INFO: [IP_Flow 19-5107] Inferred bus interface 'clk' of definition 'xilinx.com:signal:clock:1.0' (from X_INTERFACE_INFO parameter from HDL file).
INFO: [IP_Flow 19-5107] Inferred bus interface 'clk' of definition 'xilinx.com:signal:clock:1.0' (from 'X_INTERFACE_INFO' attribute).
INFO: [IP_Flow 19-5107] Inferred bus interface 'rst_n' of definition 'xilinx.com:signal:reset:1.0' (from X_INTERFACE_INFO parameter from HDL file).
INFO: [IP_Flow 19-5107] Inferred bus interface 'rst_n' of definition 'xilinx.com:signal:reset:1.0' (from 'X_INTERFACE_INFO' attribute).
INFO: [IP_Flow 19-5107] Inferred bus interface 'S_AXI' of definition 'xilinx.com:interface:aximm:1.0' (from X_INTERFACE_INFO parameter from HDL file).
INFO: [IP_Flow 19-5107] Inferred bus interface 'S_AXI' of definition 'xilinx.com:interface:aximm:1.0' (from 'X_INTERFACE_INFO' attribute).
INFO: [IP_Flow 19-4728] Bus Interface 'clk': Added interface parameter 'ASSOCIATED_BUSIF' with value 'S_AXI'.
INFO: [IP_Flow 19-4728] Bus Interface 'clk': Added interface parameter 'ASSOCIATED_RESET' with value 'rst_n'.
INFO: [IP_Flow 19-4728] Bus Interface 'clk': Added interface parameter 'FREQ_HZ' with value '200000000'.
INFO: [IP_Flow 19-4728] Bus Interface 'rst_n': Added interface parameter 'POLARITY' with value 'ACTIVE_LOW'.
INFO: [IP_Flow 19-4728] Bus Interface 'S_AXI': Added interface parameter 'PROTOCOL' with value 'AXI4LITE'.
INFO: [IP_Flow 19-4728] Bus Interface 'S_AXI': Added interface parameter 'DATA_WIDTH' with value '32'.
INFO: [IP_Flow 19-4728] Bus Interface 'S_AXI': Added interface parameter 'ADDR_WIDTH' with value '4'.
INFO: [IP_Flow 19-4728] Bus Interface 'S_AXI': Added interface parameter 'FREQ_HZ' with value '200000000'.
INFO: [IP_Flow 19-4728] Bus Interface 'S_AXI': Added interface parameter 'HAS_BURST' with value '0'.
INFO: [IP_Flow 19-4728] Bus Interface 'S_AXI': Added interface parameter 'HAS_LOCK' with value '0'.
INFO: [IP_Flow 19-4728] Bus Interface 'S_AXI': Added interface parameter 'HAS_PROT' with value '0'.
INFO: [IP_Flow 19-4728] Bus Interface 'S_AXI': Added interface parameter 'HAS_CACHE' with value '0'.
INFO: [IP_Flow 19-4728] Bus Interface 'S_AXI': Added interface parameter 'HAS_QOS' with value '0'.
INFO: [IP_Flow 19-4728] Bus Interface 'S_AXI': Added interface parameter 'HAS_REGION' with value '0'.
INFO: [IP_Flow 19-4728] Bus Interface 'S_AXI': Added interface parameter 'HAS_WSTRB' with value '1'.
INFO: [IP_Flow 19-4728] Bus Interface 'S_AXI': Added interface parameter 'HAS_BRESP' with value '1'.
INFO: [IP_Flow 19-4728] Bus Interface 'S_AXI': Added interface parameter 'HAS_RRESP' with value '1'.
INFO: [IP_Flow 19-818] Not transferring value dependency attribute "((2 * spirit:decode(id('MODELPARAM_VALUE.FFT_W'))) + 1)" into user parameter "ABS_W".
INFO: [IP_Flow 19-7067] Note that bus interface 'clk' has a fixed FREQ_HZ of '200000000'. This value will be respected whenever this IP is instantiated in IP Integrator.
INFO: [IP_Flow 19-7067] Note that bus interface 'S_AXI' has a fixed FREQ_HZ of '200000000'. This value will be respected whenever this IP is instantiated in IP Integrator.
Upgrading 'C:/Users/USER/Documents/baryonic_space/baryonic_space-main/part4/vivado_part4_zynq/fft_pl_ps_part4_zynq.srcs/sources_1/bd/system/system.bd'
INFO: [IP_Flow 19-3420] Updated system_fft_pl_ps_0_0 to use current project options
Wrote  : <C:\Users\USER\Documents\baryonic_space\baryonic_space-main\part4\vivado_part4_zynq\fft_pl_ps_part4_zynq.srcs\sources_1\bd\system\system.bd> 
Wrote  : <C:/Users/USER/Documents/baryonic_space/baryonic_space-main/part4/vivado_part4_zynq/fft_pl_ps_part4_zynq.srcs/sources_1/bd/system/ui/bd_c954508f.ui> 
generate_target all [get_files  C:/Users/USER/Documents/baryonic_space/baryonic_space-main/part4/vivado_part4_zynq/fft_pl_ps_part4_zynq.srcs/sources_1/bd/system/system.bd]
Wrote  : <C:\Users\USER\Documents\baryonic_space\baryonic_space-main\part4\vivado_part4_zynq\fft_pl_ps_part4_zynq.srcs\sources_1\bd\system\system.bd> 
Verilog Output written to : c:/Users/USER/Documents/baryonic_space/baryonic_space-main/part4/vivado_part4_zynq/fft_pl_ps_part4_zynq.gen/sources_1/bd/system/synth/system.v
Verilog Output written to : c:/Users/USER/Documents/baryonic_space/baryonic_space-main/part4/vivado_part4_zynq/fft_pl_ps_part4_zynq.gen/sources_1/bd/system/sim/system.v
Verilog Output written to : c:/Users/USER/Documents/baryonic_space/baryonic_space-main/part4/vivado_part4_zynq/fft_pl_ps_part4_zynq.gen/sources_1/bd/system/hdl/system_wrapper.v
INFO: [BD 41-1029] Generation completed for the IP Integrator block fft_pl_ps_0 .
WARNING: [IP_Flow 19-4994] Overwriting existing constraint file 'c:/Users/USER/Documents/baryonic_space/baryonic_space-main/part4/vivado_part4_zynq/fft_pl_ps_part4_zynq.gen/sources_1/bd/system/ip/system_axi_interconnect_0_imp_auto_pc_0/system_axi_interconnect_0_imp_auto_pc_0_ooc.xdc'
INFO: [BD 41-1029] Generation completed for the IP Integrator block axi_interconnect_0/s00_couplers/auto_pc .
Exporting to file c:/Users/USER/Documents/baryonic_space/baryonic_space-main/part4/vivado_part4_zynq/fft_pl_ps_part4_zynq.gen/sources_1/bd/system/hw_handoff/system.hwh
Generated Hardware Definition File c:/Users/USER/Documents/baryonic_space/baryonic_space-main/part4/vivado_part4_zynq/fft_pl_ps_part4_zynq.gen/sources_1/bd/system/synth/system.hwdef
catch { config_ip_cache -export [get_ips -all system_axi_interconnect_0_imp_auto_pc_0] }
INFO: [IP_Flow 19-6924] IPCACHE: Running cache check for IP inst: system_axi_interconnect_0_imp_auto_pc_0
INFO: [IP_Flow 19-6922] IPCACHE: Exporting cached entry cb2a83979fe6b3c2 to dir: c:/Users/USER/Documents/baryonic_space/baryonic_space-main/part4/vivado_part4_zynq/fft_pl_ps_part4_zynq.gen/sources_1/bd/system/ip/system_axi_interconnect_0_imp_auto_pc_0
INFO: [IP_Flow 19-6928] IPCACHE: copied cached file c:/Users/USER/Documents/baryonic_space/baryonic_space-main/part4/vivado_part4_zynq/fft_pl_ps_part4_zynq.cache/ip/2024.2/c/b/cb2a83979fe6b3c2/system_axi_interconnect_0_imp_auto_pc_0.dcp to c:/Users/USER/Documents/baryonic_space/baryonic_space-main/part4/vivado_part4_zynq/fft_pl_ps_part4_zynq.gen/sources_1/bd/system/ip/system_axi_interconnect_0_imp_auto_pc_0/system_axi_interconnect_0_imp_auto_pc_0.dcp.
INFO: [IP_Flow 19-6926] IPCACHE: added file to list for BOM: c:/Users/USER/Documents/baryonic_space/baryonic_space-main/part4/vivado_part4_zynq/fft_pl_ps_part4_zynq.gen/sources_1/bd/system/ip/system_axi_interconnect_0_imp_auto_pc_0/system_axi_interconnect_0_imp_auto_pc_0.dcp
INFO: [IP_Flow 19-6928] IPCACHE: copied cached file c:/Users/USER/Documents/baryonic_space/baryonic_space-main/part4/vivado_part4_zynq/fft_pl_ps_part4_zynq.cache/ip/2024.2/c/b/cb2a83979fe6b3c2/system_axi_interconnect_0_imp_auto_pc_0_sim_netlist.v to c:/Users/USER/Documents/baryonic_space/baryonic_space-main/part4/vivado_part4_zynq/fft_pl_ps_part4_zynq.gen/sources_1/bd/system/ip/system_axi_interconnect_0_imp_auto_pc_0/system_axi_interconnect_0_imp_auto_pc_0_sim_netlist.v.
INFO: [IP_Flow 19-6926] IPCACHE: added file to list for BOM: c:/Users/USER/Documents/baryonic_space/baryonic_space-main/part4/vivado_part4_zynq/fft_pl_ps_part4_zynq.gen/sources_1/bd/system/ip/system_axi_interconnect_0_imp_auto_pc_0/system_axi_interconnect_0_imp_auto_pc_0_sim_netlist.v
INFO: [IP_Flow 19-6928] IPCACHE: copied cached file c:/Users/USER/Documents/baryonic_space/baryonic_space-main/part4/vivado_part4_zynq/fft_pl_ps_part4_zynq.cache/ip/2024.2/c/b/cb2a83979fe6b3c2/system_axi_interconnect_0_imp_auto_pc_0_sim_netlist.vhdl to c:/Users/USER/Documents/baryonic_space/baryonic_space-main/part4/vivado_part4_zynq/fft_pl_ps_part4_zynq.gen/sources_1/bd/system/ip/system_axi_interconnect_0_imp_auto_pc_0/system_axi_interconnect_0_imp_auto_pc_0_sim_netlist.vhdl.
INFO: [IP_Flow 19-6926] IPCACHE: added file to list for BOM: c:/Users/USER/Documents/baryonic_space/baryonic_space-main/part4/vivado_part4_zynq/fft_pl_ps_part4_zynq.gen/sources_1/bd/system/ip/system_axi_interconnect_0_imp_auto_pc_0/system_axi_interconnect_0_imp_auto_pc_0_sim_netlist.vhdl
INFO: [IP_Flow 19-6928] IPCACHE: copied cached file c:/Users/USER/Documents/baryonic_space/baryonic_space-main/part4/vivado_part4_zynq/fft_pl_ps_part4_zynq.cache/ip/2024.2/c/b/cb2a83979fe6b3c2/system_axi_interconnect_0_imp_auto_pc_0_stub.v to c:/Users/USER/Documents/baryonic_space/baryonic_space-main/part4/vivado_part4_zynq/fft_pl_ps_part4_zynq.gen/sources_1/bd/system/ip/system_axi_interconnect_0_imp_auto_pc_0/system_axi_interconnect_0_imp_auto_pc_0_stub.v.
INFO: [IP_Flow 19-6926] IPCACHE: added file to list for BOM: c:/Users/USER/Documents/baryonic_space/baryonic_space-main/part4/vivado_part4_zynq/fft_pl_ps_part4_zynq.gen/sources_1/bd/system/ip/system_axi_interconnect_0_imp_auto_pc_0/system_axi_interconnect_0_imp_auto_pc_0_stub.v
INFO: [IP_Flow 19-6928] IPCACHE: copied cached file c:/Users/USER/Documents/baryonic_space/baryonic_space-main/part4/vivado_part4_zynq/fft_pl_ps_part4_zynq.cache/ip/2024.2/c/b/cb2a83979fe6b3c2/system_axi_interconnect_0_imp_auto_pc_0_stub.vhdl to c:/Users/USER/Documents/baryonic_space/baryonic_space-main/part4/vivado_part4_zynq/fft_pl_ps_part4_zynq.gen/sources_1/bd/system/ip/system_axi_interconnect_0_imp_auto_pc_0/system_axi_interconnect_0_imp_auto_pc_0_stub.vhdl.
INFO: [IP_Flow 19-6926] IPCACHE: added file to list for BOM: c:/Users/USER/Documents/baryonic_space/baryonic_space-main/part4/vivado_part4_zynq/fft_pl_ps_part4_zynq.gen/sources_1/bd/system/ip/system_axi_interconnect_0_imp_auto_pc_0/system_axi_interconnect_0_imp_auto_pc_0_stub.vhdl
INFO: [IP_Flow 19-4993] Using cached IP synthesis design for IP system_axi_interconnect_0_imp_auto_pc_0, cache-ID = cb2a83979fe6b3c2; cache size = 28.871 MB.
export_ip_user_files -of_objects [get_files C:/Users/USER/Documents/baryonic_space/baryonic_space-main/part4/vivado_part4_zynq/fft_pl_ps_part4_zynq.srcs/sources_1/bd/system/system.bd] -no_script -sync -force -quiet
create_ip_run [get_files -of_objects [get_fileset sources_1] C:/Users/USER/Documents/baryonic_space/baryonic_space-main/part4/vivado_part4_zynq/fft_pl_ps_part4_zynq.srcs/sources_1/bd/system/system.bd]
launch_runs system_fft_pl_ps_0_0_synth_1 -jobs 10
INFO: [Vivado 12-4149] The synthesis checkpoint for IP 'C:/Users/USER/Documents/baryonic_space/baryonic_space-main/part4/vivado_part4_zynq/fft_pl_ps_part4_zynq.srcs/sources_1/ip/xfft_0/xfft_0.xci' is already up-to-date
INFO: [Vivado 12-4149] The synthesis checkpoint for IP 'C:/Users/USER/Documents/baryonic_space/baryonic_space-main/part4/vivado_part4_zynq/fft_pl_ps_part4_zynq.srcs/sources_1/ip/dds_compiler_0/dds_compiler_0.xci' is already up-to-date
[Tue May  5 00:34:05 2026] Launched system_fft_pl_ps_0_0_synth_1...
Run output will be captured here: C:/Users/USER/Documents/baryonic_space/baryonic_space-main/part4/vivado_part4_zynq/fft_pl_ps_part4_zynq.runs/system_fft_pl_ps_0_0_synth_1/runme.log
export_simulation -lib_map_path [list {modelsim=C:/Users/USER/Documents/baryonic_space/baryonic_space-main/part4/vivado_part4_zynq/fft_pl_ps_part4_zynq.cache/compile_simlib/modelsim} {questa=C:/Users/USER/Documents/baryonic_space/baryonic_space-main/part4/vivado_part4_zynq/fft_pl_ps_part4_zynq.cache/compile_simlib/questa} {riviera=C:/Users/USER/Documents/baryonic_space/baryonic_space-main/part4/vivado_part4_zynq/fft_pl_ps_part4_zynq.cache/compile_simlib/riviera} {activehdl=C:/Users/USER/Documents/baryonic_space/baryonic_space-main/part4/vivado_part4_zynq/fft_pl_ps_part4_zynq.cache/compile_simlib/activehdl}] -of_objects [get_files C:/Users/USER/Documents/baryonic_space/baryonic_space-main/part4/vivado_part4_zynq/fft_pl_ps_part4_zynq.srcs/sources_1/bd/system/system.bd] -directory C:/Users/USER/Documents/baryonic_space/baryonic_space-main/part4/vivado_part4_zynq/fft_pl_ps_part4_zynq.ip_user_files/sim_scripts -ip_user_files_dir C:/Users/USER/Documents/baryonic_space/baryonic_space-main/part4/vivado_part4_zynq/fft_pl_ps_part4_zynq.ip_user_files -ipstatic_source_dir C:/Users/USER/Documents/baryonic_space/baryonic_space-main/part4/vivado_part4_zynq/fft_pl_ps_part4_zynq.ip_user_files/ipstatic -use_ip_compiled_libs -force -quiet
report_ip_status -name ip_status 
# Ayný XPR'da çal, IP cache'ini temizleyip yeniden senle
reset_run synth_1
INFO: [Project 1-1160] Copying file C:/Users/USER/Documents/baryonic_space/baryonic_space-main/part4/vivado_part4_zynq/fft_pl_ps_part4_zynq.runs/synth_1/system_wrapper.dcp to C:/Users/USER/Documents/baryonic_space/baryonic_space-main/part4/vivado_part4_zynq/fft_pl_ps_part4_zynq.srcs/utils_1/imports/synth_1 and adding it to utils fileset
launch_runs impl_1 -to_step write_bitstream -jobs 4
INFO: [Vivado 12-4149] The synthesis checkpoint for IP 'C:/Users/USER/Documents/baryonic_space/baryonic_space-main/part4/vivado_part4_zynq/fft_pl_ps_part4_zynq.srcs/sources_1/ip/xfft_0/xfft_0.xci' is already up-to-date
INFO: [Vivado 12-4149] The synthesis checkpoint for IP 'C:/Users/USER/Documents/baryonic_space/baryonic_space-main/part4/vivado_part4_zynq/fft_pl_ps_part4_zynq.srcs/sources_1/ip/dds_compiler_0/dds_compiler_0.xci' is already up-to-date
[Tue May  5 00:37:33 2026] Launched system_fft_pl_ps_0_0_synth_1, synth_1...
Run output will be captured here:
system_fft_pl_ps_0_0_synth_1: C:/Users/USER/Documents/baryonic_space/baryonic_space-main/part4/vivado_part4_zynq/fft_pl_ps_part4_zynq.runs/system_fft_pl_ps_0_0_synth_1/runme.log
synth_1: C:/Users/USER/Documents/baryonic_space/baryonic_space-main/part4/vivado_part4_zynq/fft_pl_ps_part4_zynq.runs/synth_1/runme.log
[Tue May  5 00:37:33 2026] Launched impl_1...
Run output will be captured here: C:/Users/USER/Documents/baryonic_space/baryonic_space-main/part4/vivado_part4_zynq/fft_pl_ps_part4_zynq.runs/impl_1/runme.log
wait_on_run impl_1
[Tue May  5 00:37:33 2026] Waiting for impl_1 to finish...
[Tue May  5 00:37:38 2026] Waiting for impl_1 to finish...
[Tue May  5 00:37:43 2026] Waiting for impl_1 to finish...
[Tue May  5 00:37:48 2026] Waiting for impl_1 to finish...
[Tue May  5 00:37:58 2026] Waiting for impl_1 to finish...
[Tue May  5 00:38:08 2026] Waiting for impl_1 to finish...
[Tue May  5 00:38:18 2026] Waiting for impl_1 to finish...
[Tue May  5 00:38:28 2026] Waiting for impl_1 to finish...
[Tue May  5 00:38:48 2026] Waiting for impl_1 to finish...
[Tue May  5 00:39:09 2026] Waiting for impl_1 to finish...

*** Running vivado
    with args -log system_wrapper.vdi -applog -m64 -product Vivado -messageDb vivado.pb -mode batch -source system_wrapper.tcl -notrace



****** Vivado v2024.2 (64-bit)
  **** SW Build 5239630 on Fri Nov 08 22:35:27 MST 2024
  **** IP Build 5239520 on Sun Nov 10 16:12:51 MST 2024
  **** SharedData Build 5239561 on Fri Nov 08 14:39:27 MST 2024
  **** Start of session at: Tue May  5 00:38:57 2026
    ** Copyright 1986-2022 Xilinx, Inc. All Rights Reserved.
    ** Copyright 2022-2024 Advanced Micro Devices, Inc. All Rights Reserved.

source system_wrapper.tcl -notrace
INFO: [IP_Flow 19-234] Refreshing IP repositories
INFO: [IP_Flow 19-1704] No user IP repositories specified
INFO: [IP_Flow 19-2313] Loaded Vivado IP repository 'C:/Xilinx/Vivado/2024.2/data/ip'.
Command: link_design -top system_wrapper -part xc7z020clg400-1
Design is defaulting to srcset: sources_1
Design is defaulting to constrset: constrs_1
INFO: [Device 21-403] Loading part xc7z020clg400-1
INFO: [Project 1-454] Reading design checkpoint 'c:/Users/USER/Documents/baryonic_space/baryonic_space-main/part4/vivado_part4_zynq/fft_pl_ps_part4_zynq.gen/sources_1/bd/system/ip/system_fft_pl_ps_0_0/system_fft_pl_ps_0_0.dcp' for cell 'system_i/fft_pl_ps_0'
INFO: [Project 1-454] Reading design checkpoint 'c:/Users/USER/Documents/baryonic_space/baryonic_space-main/part4/vivado_part4_zynq/fft_pl_ps_part4_zynq.gen/sources_1/bd/system/ip/system_ila_0_0/system_ila_0_0.dcp' for cell 'system_i/ila_0'
INFO: [Project 1-454] Reading design checkpoint 'c:/Users/USER/Documents/baryonic_space/baryonic_space-main/part4/vivado_part4_zynq/fft_pl_ps_part4_zynq.gen/sources_1/bd/system/ip/system_processing_system7_0_0/system_processing_system7_0_0.dcp' for cell 'system_i/processing_system7_0'
INFO: [Project 1-454] Reading design checkpoint 'c:/Users/USER/Documents/baryonic_space/baryonic_space-main/part4/vivado_part4_zynq/fft_pl_ps_part4_zynq.gen/sources_1/bd/system/ip/system_rst_ps7_0_200M_0/system_rst_ps7_0_200M_0.dcp' for cell 'system_i/rst_ps7_0_200M'
INFO: [Project 1-454] Reading design checkpoint 'c:/Users/USER/Documents/baryonic_space/baryonic_space-main/part4/vivado_part4_zynq/fft_pl_ps_part4_zynq.gen/sources_1/bd/system/ip/system_axi_interconnect_0_imp_auto_pc_0/system_axi_interconnect_0_imp_auto_pc_0.dcp' for cell 'system_i/axi_interconnect_0/s00_couplers/auto_pc'
INFO: [Project 1-454] Reading design checkpoint 'c:/Users/USER/Documents/baryonic_space/baryonic_space-main/part4/vivado_part4_zynq/fft_pl_ps_part4_zynq.gen/sources_1/ip/dds_compiler_0/dds_compiler_0.dcp' for cell 'system_i/fft_pl_ps_0/inst/u_dds_compiler_0'
INFO: [Project 1-454] Reading design checkpoint 'c:/Users/USER/Documents/baryonic_space/baryonic_space-main/part4/vivado_part4_zynq/fft_pl_ps_part4_zynq.gen/sources_1/ip/xfft_0/xfft_0.dcp' for cell 'system_i/fft_pl_ps_0/inst/u_fft_freqwin_top/u_xfft_0'
Netlist sorting complete. Time (s): cpu = 00:00:00 ; elapsed = 00:00:00.129 . Memory (MB): peak = 755.363 ; gain = 0.000
INFO: [Netlist 29-17] Analyzing 978 Unisim elements for replacement
INFO: [Netlist 29-28] Unisim Transformation completed in 0 CPU seconds
INFO: [Project 1-479] Netlist was created with Vivado 2024.2
INFO: [Project 1-570] Preparing netlist for logic optimization
INFO: [Chipscope 16-324] Core: system_i/ila_0 UUID: 5abab766-aba0-516d-aad8-c91aeedbf1fd 
Parsing XDC File [c:/Users/USER/Documents/baryonic_space/baryonic_space-main/part4/vivado_part4_zynq/fft_pl_ps_part4_zynq.gen/sources_1/bd/system/ip/system_processing_system7_0_0/system_processing_system7_0_0.xdc] for cell 'system_i/processing_system7_0/inst'
Finished Parsing XDC File [c:/Users/USER/Documents/baryonic_space/baryonic_space-main/part4/vivado_part4_zynq/fft_pl_ps_part4_zynq.gen/sources_1/bd/system/ip/system_processing_system7_0_0/system_processing_system7_0_0.xdc] for cell 'system_i/processing_system7_0/inst'
Parsing XDC File [c:/Users/USER/Documents/baryonic_space/baryonic_space-main/part4/vivado_part4_zynq/fft_pl_ps_part4_zynq.gen/sources_1/bd/system/ip/system_rst_ps7_0_200M_0/system_rst_ps7_0_200M_0_board.xdc] for cell 'system_i/rst_ps7_0_200M/U0'
Finished Parsing XDC File [c:/Users/USER/Documents/baryonic_space/baryonic_space-main/part4/vivado_part4_zynq/fft_pl_ps_part4_zynq.gen/sources_1/bd/system/ip/system_rst_ps7_0_200M_0/system_rst_ps7_0_200M_0_board.xdc] for cell 'system_i/rst_ps7_0_200M/U0'
Parsing XDC File [c:/Users/USER/Documents/baryonic_space/baryonic_space-main/part4/vivado_part4_zynq/fft_pl_ps_part4_zynq.gen/sources_1/bd/system/ip/system_rst_ps7_0_200M_0/system_rst_ps7_0_200M_0.xdc] for cell 'system_i/rst_ps7_0_200M/U0'
Finished Parsing XDC File [c:/Users/USER/Documents/baryonic_space/baryonic_space-main/part4/vivado_part4_zynq/fft_pl_ps_part4_zynq.gen/sources_1/bd/system/ip/system_rst_ps7_0_200M_0/system_rst_ps7_0_200M_0.xdc] for cell 'system_i/rst_ps7_0_200M/U0'
Parsing XDC File [c:/Users/USER/Documents/baryonic_space/baryonic_space-main/part4/vivado_part4_zynq/fft_pl_ps_part4_zynq.gen/sources_1/bd/system/ip/system_ila_0_0/ila_v6_2/constraints/ila_impl.xdc] for cell 'system_i/ila_0/inst'
Finished Parsing XDC File [c:/Users/USER/Documents/baryonic_space/baryonic_space-main/part4/vivado_part4_zynq/fft_pl_ps_part4_zynq.gen/sources_1/bd/system/ip/system_ila_0_0/ila_v6_2/constraints/ila_impl.xdc] for cell 'system_i/ila_0/inst'
Parsing XDC File [c:/Users/USER/Documents/baryonic_space/baryonic_space-main/part4/vivado_part4_zynq/fft_pl_ps_part4_zynq.gen/sources_1/bd/system/ip/system_ila_0_0/ila_v6_2/constraints/ila.xdc] for cell 'system_i/ila_0/inst'
Finished Parsing XDC File [c:/Users/USER/Documents/baryonic_space/baryonic_space-main/part4/vivado_part4_zynq/fft_pl_ps_part4_zynq.gen/sources_1/bd/system/ip/system_ila_0_0/ila_v6_2/constraints/ila.xdc] for cell 'system_i/ila_0/inst'
INFO: [Opt 31-138] Pushed 0 inverter(s) to 0 load pin(s).
INFO: [Project 1-1687] 2 scoped IP constraints or related sub-commands were skipped due to synthesis logic optimizations usually triggered by constant connectivity or unconnected output pins. To review the skipped constraints and messages, run the command 'set_param netlist.IPMsgFiltering false' before opening the design.
Netlist sorting complete. Time (s): cpu = 00:00:00 ; elapsed = 00:00:00.004 . Memory (MB): peak = 914.547 ; gain = 0.000
INFO: [Project 1-111] Unisim Transformation Summary:
  A total of 403 instances were transformed.
  CFGLUT5 => CFGLUT5 (SRL16E, SRLC32E): 284 instances
  RAM64M => RAM64M (RAMD64E(x4)): 96 instances
  RAM64X1S => RAM64X1S (RAMS64E): 23 instances

19 Infos, 0 Warnings, 0 Critical Warnings and 0 Errors encountered.
link_design completed successfully
link_design: Time (s): cpu = 00:00:07 ; elapsed = 00:00:08 . Memory (MB): peak = 914.547 ; gain = 461.445
Command: opt_design
Attempting to get a license for feature 'Implementation' and/or device 'xc7z020'
INFO: [Common 17-349] Got license for feature 'Implementation' and/or device 'xc7z020'
Running DRC as a precondition to command opt_design

Starting DRC Task
INFO: [DRC 23-27] Running DRC with 2 threads
INFO: [Project 1-461] DRC finished with 0 Errors
INFO: [Project 1-462] Please refer to the DRC report (report_drc) for more information.

Time (s): cpu = 00:00:01 ; elapsed = 00:00:00.707 . Memory (MB): peak = 950.980 ; gain = 36.434

Starting Cache Timing Information Task
INFO: [Timing 38-35] Done setting XDC timing constraints.
Ending Cache Timing Information Task | Checksum: 1c17005ab

Time (s): cpu = 00:00:05 ; elapsed = 00:00:05 . Memory (MB): peak = 1482.762 ; gain = 531.781

Starting Logic Optimization Task

Phase 1 Initialization

Phase 1.1 Core Generation And Design Setup

Phase 1.1.1 Generate And Synthesize Debug Cores
INFO: [Chipscope 16-329] Generating Script for core instance : dbg_hub 
ERROR: [Chipscope 16-302] Could not generate core for dbg_hub. Aborting IP Generation operaion. The current Vivado temporary directory path, 'C:/Users/USER/Documents/baryonic_space/baryonic_space-main/part4/vivado_part4_zynq/fft_pl_ps_part4_zynq.runs/impl_1/.Xil/Vivado-40796-DESKTOP-PNADBHN', is 149 characters. Errors on the host OS will occur when trying to insert logic for debug core 'dbg_hub' when temporary directory paths exceed 146 characters. Please move this Vivado project or the Vivado working directory to a shorter path; alternately consider using the OS subst command to map part of the path to a drive letter.
  
	
Phase 1.1.1 Generate And Synthesize Debug Cores | Checksum: 1c17005ab

Time (s): cpu = 00:00:00 ; elapsed = 00:00:00.015 . Memory (MB): peak = 1889.516 ; gain = 0.000
Phase 1.1 Core Generation And Design Setup | Checksum: 1c17005ab

Time (s): cpu = 00:00:00 ; elapsed = 00:00:00.017 . Memory (MB): peak = 1889.516 ; gain = 0.000
Phase 1 Initialization | Checksum: 1c17005ab

Time (s): cpu = 00:00:00 ; elapsed = 00:00:00.020 . Memory (MB): peak = 1889.516 ; gain = 0.000
INFO: [Common 17-83] Releasing license: Implementation
26 Infos, 0 Warnings, 0 Critical Warnings and 2 Errors encountered.
opt_design failed
ERROR: [Chipscope 16-338] Implementing debug Cores failed due to earlier errors
INFO: [Common 17-206] Exiting Vivado at Tue May  5 00:39:17 2026...
[Tue May  5 00:39:19 2026] impl_1 finished
ERROR: [Vivado 12-13638] Failed runs(s) : 'impl_1'
wait_on_runs: Time (s): cpu = 00:00:02 ; elapsed = 00:01:45 . Memory (MB): peak = 1611.059 ; gain = 4.082
ERROR: [Common 17-39] 'wait_on_runs' failed due to earlier errors.
source scripts/build_part4_zynq_bitstream.tcl
couldn't read file "scripts/build_part4_zynq_bitstream.tcl": no such file or directory
exit
INFO: [Common 17-206] Exiting Vivado at Tue May  5 00:41:47 2026...
