#-----------------------------------------------------------
# Vivado v2024.2 (64-bit)
# SW Build 5239630 on Fri Nov 08 22:35:27 MST 2024
# IP Build 5239520 on Sun Nov 10 16:12:51 MST 2024
# SharedData Build 5239561 on Fri Nov 08 14:39:27 MST 2024
# Start of session at: Tue May  5 11:01:36 2026
# Process ID         : 2264
# Current directory  : C:/Users/USER/Documents/baryonic_space/baryonic_space-main/part4/vivado_part4_zynq
# Command line       : vivado.exe -gui_launcher_event rodinguilauncherevent17476 C:\Users\USER\Documents\baryonic_space\baryonic_space-main\part4\vivado_part4_zynq\fft_pl_ps_part4_zynq.xpr
# Log file           : C:/Users/USER/Documents/baryonic_space/baryonic_space-main/part4/vivado_part4_zynq/vivado.log
# Journal file       : C:/Users/USER/Documents/baryonic_space/baryonic_space-main/part4/vivado_part4_zynq\vivado.jou
# Running On         : DESKTOP-PNADBHN
# Platform           : Windows Server 2016 or Windows 10
# Operating System   : 26200
# Processor Detail   : 12th Gen Intel(R) Core(TM) i7-12700KF
# CPU Frequency      : 3610 MHz
# CPU Physical cores : 12
# CPU Logical cores  : 20
# Host memory        : 34164 MB
# Swap memory        : 5905 MB
# Total Virtual      : 40069 MB
# Available Virtual  : 30109 MB
#-----------------------------------------------------------
start_gui
open_project C:/Users/USER/Documents/baryonic_space/baryonic_space-main/part4/vivado_part4_zynq/fft_pl_ps_part4_zynq.xpr
INFO: [ProjectBase 1-489] The host OS only allows 260 characters in a normal path. The project is stored in a path with more than 80 characters. If you experience issues with IP, Block Designs, or files not being found, please consider moving the project to a location with a shorter path. Alternately consider using the OS subst command to map part of the path to a drive letter.
Current project path is 'C:/Users/USER/Documents/baryonic_space/baryonic_space-main/part4/vivado_part4_zynq'
INFO: [Project 1-313] Project file moved from 'X:/part4/vivado_part4_zynq' since last save.
Scanning sources...
Finished scanning sources
WARNING: [Board 49-26] cannot add Board Part digilentinc.com:genesys2:part0:1.1 available at C:/Xilinx/Vivado/2024.2/data/boards/board_files/genesys2/H/board.xml as part xc7k325tffg900-2 specified in board_part file is either invalid or not available
WARNING: [Board 49-26] cannot add Board Part digilentinc.com:sword:part0:1.0 available at C:/Xilinx/Vivado/2024.2/data/boards/board_files/sword/C.0/board.xml as part xc7k325tffg900-2 specified in board_part file is either invalid or not available
INFO: [IP_Flow 19-234] Refreshing IP repositories
INFO: [IP_Flow 19-1704] No user IP repositories specified
INFO: [IP_Flow 19-2313] Loaded Vivado IP repository 'C:/Xilinx/Vivado/2024.2/data/ip'.
INFO: [Project 1-5579] Found utility IPs instantiated in one or more block designs which have equivalent inline hdl with improved performance and reduced diskspace. It is recommended to migrate these utility IPs to inline hdl using the command upgrade_project -migrate_to_inline_hdl. The utility IPs may be deprecated in future releases. More information on inline hdl is available in UG994.
open_project: Time (s): cpu = 00:00:13 ; elapsed = 00:00:10 . Memory (MB): peak = 1378.680 ; gain = 295.777
open_hw_manager
connect_hw_server -allow_non_jtag
INFO: [Labtools 27-2285] Connecting to hw_server url TCP:localhost:3121
INFO: [Labtools 27-2222] Launching hw_server...
INFO: [Labtools 27-2221] Launch Output:

****** Xilinx hw_server v2024.2
  **** Build date : Oct 29 2024 at 10:25:41
    ** Copyright 1986-2022 Xilinx, Inc. All Rights Reserved.


INFO: [Labtools 27-3415] Connecting to cs_server url TCP:localhost:0
INFO: [Labtools 27-3417] Launching cs_server...
INFO: [Labtools 27-2221] Launch Output:


******** Xilinx cs_server v2024.2.0
  ****** Build date   : Oct 30 2024-21:19:07
    **** Build number : 2024.2.1730312347
      ** Copyright 2017-2022 Xilinx, Inc. All Rights Reserved.
      ** Copyright 2022-2026 Advanced Micro Devices, Inc. All Rights Reserved.



connect_hw_server: Time (s): cpu = 00:00:00 ; elapsed = 00:00:05 . Memory (MB): peak = 1410.426 ; gain = 13.449
open_hw_target
INFO: [Labtoolstcl 44-466] Opening hw_target localhost:3121/xilinx_tcf/Digilent/210351B7BCB5A
set_property PROGRAM.FILE {C:/Users/USER/Documents/baryonic_space/baryonic_space-main/part4/vivado_part4_zynq/fft_pl_ps_part4_zynq.runs/impl_1/system_wrapper.bit} [get_hw_devices xc7z020_1]
set_property PROBES.FILE {C:/Users/USER/Documents/baryonic_space/baryonic_space-main/part4/vivado_part4_zynq/fft_pl_ps_part4_zynq.runs/impl_1/system_wrapper.ltx} [get_hw_devices xc7z020_1]
set_property FULL_PROBES.FILE {C:/Users/USER/Documents/baryonic_space/baryonic_space-main/part4/vivado_part4_zynq/fft_pl_ps_part4_zynq.runs/impl_1/system_wrapper.ltx} [get_hw_devices xc7z020_1]
current_hw_device [get_hw_devices xc7z020_1]
refresh_hw_device [lindex [get_hw_devices xc7z020_1] 0]
INFO: [Labtools 27-1435] Device xc7z020 (JTAG device index = 1) is not programmed (DONE status = 0).
refresh_hw_device [lindex [get_hw_devices xc7z020_1] 0]
INFO: [Labtools 27-1435] Device xc7z020 (JTAG device index = 1) is not programmed (DONE status = 0).
update_compile_order -fileset sources_1
ERROR: [Labtoolstcl 44-513] HW Target shutdown. Closing target: localhost:3121/xilinx_tcf/Digilent/210351B7BCB5A
exit
INFO: [Common 17-206] Exiting Vivado at Tue May  5 11:26:09 2026...
