Copyright 1986-2022 Xilinx, Inc. All Rights Reserved. Copyright 2022-2024 Advanced Micro Devices, Inc. All Rights Reserved.
------------------------------------------------------------------------------------------------------------------------------------------------------------------------------------------------------------------------------------------
| Tool Version : Vivado v.2024.2 (win64) Build 5239630 Fri Nov 08 22:35:27 MST 2024
| Date         : Thu May  7 12:27:38 2026
| Host         : DESKTOP-PNADBHN running 64-bit major release  (build 9200)
| Command      : report_timing_summary -max_paths 10 -report_unconstrained -file fft_freqwin_top_timing_summary_routed.rpt -pb fft_freqwin_top_timing_summary_routed.pb -rpx fft_freqwin_top_timing_summary_routed.rpx -warn_on_violation
| Design       : fft_freqwin_top
| Device       : 7z020-clg400
| Speed File   : -1  PRODUCTION 1.12 2019-11-22
| Design State : Routed
------------------------------------------------------------------------------------------------------------------------------------------------------------------------------------------------------------------------------------------

Timing Summary Report

------------------------------------------------------------------------------------------------
| Timer Settings
| --------------
------------------------------------------------------------------------------------------------

  Enable Multi Corner Analysis               :  Yes
  Enable Pessimism Removal                   :  Yes
  Pessimism Removal Resolution               :  Nearest Common Node
  Enable Input Delay Default Clock           :  No
  Enable Preset / Clear Arcs                 :  No
  Disable Flight Delays                      :  No
  Ignore I/O Paths                           :  No
  Timing Early Launch at Borrowing Latches   :  No
  Borrow Time for Max Delay Exceptions       :  Yes
  Merge Timing Exceptions                    :  Yes
  Inter-SLR Compensation                     :  Conservative

  Corner  Analyze    Analyze    
  Name    Max Paths  Min Paths  
  ------  ---------  ---------  
  Slow    Yes        Yes        
  Fast    Yes        Yes        


------------------------------------------------------------------------------------------------
| Report Methodology
| ------------------
------------------------------------------------------------------------------------------------

Rule       Severity          Description                                 Violations  
---------  ----------------  ------------------------------------------  ----------  
TIMING-17  Critical Warning  Non-clocked sequential cell                 1000        
DPIR-1     Warning           Asynchronous driver check                   96          
SYNTH-6    Warning           Timing of a RAM block might be sub-optimal  6           

Note: This report is based on the most recent report_methodology run and may not be up-to-date. Run report_methodology on the current design for the latest report.



check_timing report

Table of Contents
-----------------
1. checking no_clock (3565)
2. checking constant_clock (0)
3. checking pulse_width_clock (0)
4. checking unconstrained_internal_endpoints (8766)
5. checking no_input_delay (26)
6. checking no_output_delay (35)
7. checking multiple_clock (0)
8. checking generated_clocks (0)
9. checking loops (0)
10. checking partial_input_delay (0)
11. checking partial_output_delay (0)
12. checking latch_loops (0)

1. checking no_clock (3565)
---------------------------
 There are 3565 register/latch pins with no clock driven by root clock pin: clk (HIGH)


2. checking constant_clock (0)
------------------------------
 There are 0 register/latch pins with constant_clock.


3. checking pulse_width_clock (0)
---------------------------------
 There are 0 register/latch pins which need pulse_width check


4. checking unconstrained_internal_endpoints (8766)
---------------------------------------------------
 There are 8766 pins that are not constrained for maximum delay. (HIGH)

 There are 0 pins that are not constrained for maximum delay due to constant clock.


5. checking no_input_delay (26)
-------------------------------
 There are 26 input ports with no input delay specified. (HIGH)

 There are 0 input ports with no input delay but user has a false path constraint.


6. checking no_output_delay (35)
--------------------------------
 There are 35 ports with no output delay specified. (HIGH)

 There are 0 ports with no output delay but user has a false path constraint

 There are 0 ports with no output delay but with a timing clock defined on it or propagating through it


7. checking multiple_clock (0)
------------------------------
 There are 0 register/latch pins with multiple clocks.


8. checking generated_clocks (0)
--------------------------------
 There are 0 generated clocks that are not connected to a clock source.


9. checking loops (0)
---------------------
 There are 0 combinational loops in the design.


10. checking partial_input_delay (0)
------------------------------------
 There are 0 input ports with partial input delay specified.


11. checking partial_output_delay (0)
-------------------------------------
 There are 0 ports with partial output delay specified.


12. checking latch_loops (0)
----------------------------
 There are 0 combinational latch loops in the design through latch input



------------------------------------------------------------------------------------------------
| Design Timing Summary
| ---------------------
------------------------------------------------------------------------------------------------

    WNS(ns)      TNS(ns)  TNS Failing Endpoints  TNS Total Endpoints      WHS(ns)      THS(ns)  THS Failing Endpoints  THS Total Endpoints     WPWS(ns)     TPWS(ns)  TPWS Failing Endpoints  TPWS Total Endpoints  
    -------      -------  ---------------------  -------------------      -------      -------  ---------------------  -------------------     --------     --------  ----------------------  --------------------  
        inf        0.000                      0                 8801          inf        0.000                      0                 8801           NA           NA                      NA                    NA  


There are no user specified timing constraints.


------------------------------------------------------------------------------------------------
| Clock Summary
| -------------
------------------------------------------------------------------------------------------------


------------------------------------------------------------------------------------------------
| Intra Clock Table
| -----------------
------------------------------------------------------------------------------------------------

Clock             WNS(ns)      TNS(ns)  TNS Failing Endpoints  TNS Total Endpoints      WHS(ns)      THS(ns)  THS Failing Endpoints  THS Total Endpoints     WPWS(ns)     TPWS(ns)  TPWS Failing Endpoints  TPWS Total Endpoints  
-----             -------      -------  ---------------------  -------------------      -------      -------  ---------------------  -------------------     --------     --------  ----------------------  --------------------  


------------------------------------------------------------------------------------------------
| Inter Clock Table
| -----------------
------------------------------------------------------------------------------------------------

From Clock    To Clock          WNS(ns)      TNS(ns)  TNS Failing Endpoints  TNS Total Endpoints      WHS(ns)      THS(ns)  THS Failing Endpoints  THS Total Endpoints  
----------    --------          -------      -------  ---------------------  -------------------      -------      -------  ---------------------  -------------------  


------------------------------------------------------------------------------------------------
| Other Path Groups Table
| -----------------------
------------------------------------------------------------------------------------------------

Path Group    From Clock    To Clock          WNS(ns)      TNS(ns)  TNS Failing Endpoints  TNS Total Endpoints      WHS(ns)      THS(ns)  THS Failing Endpoints  THS Total Endpoints  
----------    ----------    --------          -------      -------  ---------------------  -------------------      -------      -------  ---------------------  -------------------  


------------------------------------------------------------------------------------------------
| User Ignored Path Table
| -----------------------
------------------------------------------------------------------------------------------------

Path Group    From Clock    To Clock    
----------    ----------    --------    


------------------------------------------------------------------------------------------------
| Unconstrained Path Table
| ------------------------
------------------------------------------------------------------------------------------------

Path Group    From Clock    To Clock    
----------    ----------    --------    
(none)                                    


------------------------------------------------------------------------------------------------
| Timing Details
| --------------
------------------------------------------------------------------------------------------------


--------------------------------------------------------------------------------------
Path Group:  (none)
From Clock:  
  To Clock:  

Max Delay          8801 Endpoints
Min Delay          8801 Endpoints
--------------------------------------------------------------------------------------


Max Delay Paths
--------------------------------------------------------------------------------------
Slack:                    inf
  Source:                 u_three_term/xk_im_out_reg[11]/C
                            (rising edge-triggered cell FDCE)
  Destination:            u_peak_detector/max_value_reg[24]/CE
  Path Group:             (none)
  Path Type:              Max at Slow Process Corner
  Data Path Delay:        13.242ns  (logic 7.223ns (54.545%)  route 6.019ns (45.455%))
  Logic Levels:           13  (CARRY4=8 DSP48E1=1 FDCE=1 LUT2=1 LUT4=1 LUT5=1)

    Location             Delay type                Incr(ns)  Path(ns)    Netlist Resource(s)
  -------------------------------------------------------------------    -------------------
    SLICE_X95Y47         FDCE                         0.000     0.000 r  u_three_term/xk_im_out_reg[11]/C
    SLICE_X95Y47         FDCE (Prop_fdce_C_Q)         0.419     0.419 r  u_three_term/xk_im_out_reg[11]/Q
                         net (fo=26, routed)          1.505     1.924    u_abs_sq/Q[11]
    DSP48_X3Y20          DSP48E1 (Prop_dsp48e1_A[19]_P[0])
                                                      4.016     5.940 r  u_abs_sq/imag_sq/P[0]
                         net (fo=1, routed)           1.014     6.954    u_abs_sq/imag_sq__0[0]
    SLICE_X94Y50         LUT2 (Prop_lut2_I1_O)        0.124     7.078 r  u_abs_sq/max_value[3]_i_5/O
                         net (fo=1, routed)           0.000     7.078    u_abs_sq/max_value[3]_i_5_n_0
    SLICE_X94Y50         CARRY4 (Prop_carry4_S[0]_CO[3])
                                                      0.513     7.591 r  u_abs_sq/max_value_reg[3]_i_1/CO[3]
                         net (fo=1, routed)           0.000     7.591    u_abs_sq/max_value_reg[3]_i_1_n_0
    SLICE_X94Y51         CARRY4 (Prop_carry4_CI_CO[3])
                                                      0.117     7.708 r  u_abs_sq/max_value_reg[7]_i_1/CO[3]
                         net (fo=1, routed)           0.000     7.708    u_abs_sq/max_value_reg[7]_i_1_n_0
    SLICE_X94Y52         CARRY4 (Prop_carry4_CI_CO[3])
                                                      0.117     7.825 r  u_abs_sq/max_value_reg[11]_i_1/CO[3]
                         net (fo=1, routed)           0.000     7.825    u_abs_sq/max_value_reg[11]_i_1_n_0
    SLICE_X94Y53         CARRY4 (Prop_carry4_CI_CO[3])
                                                      0.117     7.942 r  u_abs_sq/max_value_reg[15]_i_1/CO[3]
                         net (fo=1, routed)           0.000     7.942    u_abs_sq/max_value_reg[15]_i_1_n_0
    SLICE_X94Y54         CARRY4 (Prop_carry4_CI_CO[3])
                                                      0.117     8.059 r  u_abs_sq/max_value_reg[19]_i_1/CO[3]
                         net (fo=1, routed)           0.000     8.059    u_abs_sq/max_value_reg[19]_i_1_n_0
    SLICE_X94Y55         CARRY4 (Prop_carry4_CI_O[3])
                                                      0.331     8.390 r  u_abs_sq/max_value_reg[23]_i_1/O[3]
                         net (fo=4, routed)           1.000     9.390    u_abs_sq/abs_sq[23]
    SLICE_X95Y54         LUT4 (Prop_lut4_I0_O)        0.307     9.697 r  u_abs_sq/max_index1_carry__1_i_5/O
                         net (fo=1, routed)           0.000     9.697    u_peak_detector/max_index1_carry__2_1[3]
    SLICE_X95Y54         CARRY4 (Prop_carry4_S[3]_CO[3])
                                                      0.401    10.098 r  u_peak_detector/max_index1_carry__1/CO[3]
                         net (fo=1, routed)           0.000    10.098    u_peak_detector/max_index1_carry__1_n_0
    SLICE_X95Y55         CARRY4 (Prop_carry4_CI_CO[0])
                                                      0.271    10.369 r  u_peak_detector/max_index1_carry__2/CO[0]
                         net (fo=34, routed)          1.463    11.833    u_three_term/CO[0]
    SLICE_X96Y51         LUT5 (Prop_lut5_I0_O)        0.373    12.206 r  u_three_term/max_value[24]_i_1/O
                         net (fo=33, routed)          1.037    13.242    u_peak_detector/E[0]
    SLICE_X94Y56         FDRE                                         r  u_peak_detector/max_value_reg[24]/CE
  -------------------------------------------------------------------    -------------------

Slack:                    inf
  Source:                 u_three_term/xk_im_out_reg[11]/C
                            (rising edge-triggered cell FDCE)
  Destination:            u_peak_detector/max_index_reg[2]/CE
  Path Group:             (none)
  Path Type:              Max at Slow Process Corner
  Data Path Delay:        13.233ns  (logic 7.223ns (54.583%)  route 6.010ns (45.417%))
  Logic Levels:           13  (CARRY4=8 DSP48E1=1 FDCE=1 LUT2=1 LUT4=1 LUT5=1)

    Location             Delay type                Incr(ns)  Path(ns)    Netlist Resource(s)
  -------------------------------------------------------------------    -------------------
    SLICE_X95Y47         FDCE                         0.000     0.000 r  u_three_term/xk_im_out_reg[11]/C
    SLICE_X95Y47         FDCE (Prop_fdce_C_Q)         0.419     0.419 r  u_three_term/xk_im_out_reg[11]/Q
                         net (fo=26, routed)          1.505     1.924    u_abs_sq/Q[11]
    DSP48_X3Y20          DSP48E1 (Prop_dsp48e1_A[19]_P[0])
                                                      4.016     5.940 r  u_abs_sq/imag_sq/P[0]
                         net (fo=1, routed)           1.014     6.954    u_abs_sq/imag_sq__0[0]
    SLICE_X94Y50         LUT2 (Prop_lut2_I1_O)        0.124     7.078 r  u_abs_sq/max_value[3]_i_5/O
                         net (fo=1, routed)           0.000     7.078    u_abs_sq/max_value[3]_i_5_n_0
    SLICE_X94Y50         CARRY4 (Prop_carry4_S[0]_CO[3])
                                                      0.513     7.591 r  u_abs_sq/max_value_reg[3]_i_1/CO[3]
                         net (fo=1, routed)           0.000     7.591    u_abs_sq/max_value_reg[3]_i_1_n_0
    SLICE_X94Y51         CARRY4 (Prop_carry4_CI_CO[3])
                                                      0.117     7.708 r  u_abs_sq/max_value_reg[7]_i_1/CO[3]
                         net (fo=1, routed)           0.000     7.708    u_abs_sq/max_value_reg[7]_i_1_n_0
    SLICE_X94Y52         CARRY4 (Prop_carry4_CI_CO[3])
                                                      0.117     7.825 r  u_abs_sq/max_value_reg[11]_i_1/CO[3]
                         net (fo=1, routed)           0.000     7.825    u_abs_sq/max_value_reg[11]_i_1_n_0
    SLICE_X94Y53         CARRY4 (Prop_carry4_CI_CO[3])
                                                      0.117     7.942 r  u_abs_sq/max_value_reg[15]_i_1/CO[3]
                         net (fo=1, routed)           0.000     7.942    u_abs_sq/max_value_reg[15]_i_1_n_0
    SLICE_X94Y54         CARRY4 (Prop_carry4_CI_CO[3])
                                                      0.117     8.059 r  u_abs_sq/max_value_reg[19]_i_1/CO[3]
                         net (fo=1, routed)           0.000     8.059    u_abs_sq/max_value_reg[19]_i_1_n_0
    SLICE_X94Y55         CARRY4 (Prop_carry4_CI_O[3])
                                                      0.331     8.390 r  u_abs_sq/max_value_reg[23]_i_1/O[3]
                         net (fo=4, routed)           1.000     9.390    u_abs_sq/abs_sq[23]
    SLICE_X95Y54         LUT4 (Prop_lut4_I0_O)        0.307     9.697 r  u_abs_sq/max_index1_carry__1_i_5/O
                         net (fo=1, routed)           0.000     9.697    u_peak_detector/max_index1_carry__2_1[3]
    SLICE_X95Y54         CARRY4 (Prop_carry4_S[3]_CO[3])
                                                      0.401    10.098 r  u_peak_detector/max_index1_carry__1/CO[3]
                         net (fo=1, routed)           0.000    10.098    u_peak_detector/max_index1_carry__1_n_0
    SLICE_X95Y55         CARRY4 (Prop_carry4_CI_CO[0])
                                                      0.271    10.369 r  u_peak_detector/max_index1_carry__2/CO[0]
                         net (fo=34, routed)          1.463    11.833    u_three_term/CO[0]
    SLICE_X96Y51         LUT5 (Prop_lut5_I0_O)        0.373    12.206 r  u_three_term/max_value[24]_i_1/O
                         net (fo=33, routed)          1.027    13.233    u_peak_detector/E[0]
    SLICE_X97Y54         FDRE                                         r  u_peak_detector/max_index_reg[2]/CE
  -------------------------------------------------------------------    -------------------

Slack:                    inf
  Source:                 u_three_term/xk_im_out_reg[11]/C
                            (rising edge-triggered cell FDCE)
  Destination:            u_peak_detector/max_index_reg[3]/CE
  Path Group:             (none)
  Path Type:              Max at Slow Process Corner
  Data Path Delay:        13.233ns  (logic 7.223ns (54.583%)  route 6.010ns (45.417%))
  Logic Levels:           13  (CARRY4=8 DSP48E1=1 FDCE=1 LUT2=1 LUT4=1 LUT5=1)

    Location             Delay type                Incr(ns)  Path(ns)    Netlist Resource(s)
  -------------------------------------------------------------------    -------------------
    SLICE_X95Y47         FDCE                         0.000     0.000 r  u_three_term/xk_im_out_reg[11]/C
    SLICE_X95Y47         FDCE (Prop_fdce_C_Q)         0.419     0.419 r  u_three_term/xk_im_out_reg[11]/Q
                         net (fo=26, routed)          1.505     1.924    u_abs_sq/Q[11]
    DSP48_X3Y20          DSP48E1 (Prop_dsp48e1_A[19]_P[0])
                                                      4.016     5.940 r  u_abs_sq/imag_sq/P[0]
                         net (fo=1, routed)           1.014     6.954    u_abs_sq/imag_sq__0[0]
    SLICE_X94Y50         LUT2 (Prop_lut2_I1_O)        0.124     7.078 r  u_abs_sq/max_value[3]_i_5/O
                         net (fo=1, routed)           0.000     7.078    u_abs_sq/max_value[3]_i_5_n_0
    SLICE_X94Y50         CARRY4 (Prop_carry4_S[0]_CO[3])
                                                      0.513     7.591 r  u_abs_sq/max_value_reg[3]_i_1/CO[3]
                         net (fo=1, routed)           0.000     7.591    u_abs_sq/max_value_reg[3]_i_1_n_0
    SLICE_X94Y51         CARRY4 (Prop_carry4_CI_CO[3])
                                                      0.117     7.708 r  u_abs_sq/max_value_reg[7]_i_1/CO[3]
                         net (fo=1, routed)           0.000     7.708    u_abs_sq/max_value_reg[7]_i_1_n_0
    SLICE_X94Y52         CARRY4 (Prop_carry4_CI_CO[3])
                                                      0.117     7.825 r  u_abs_sq/max_value_reg[11]_i_1/CO[3]
                         net (fo=1, routed)           0.000     7.825    u_abs_sq/max_value_reg[11]_i_1_n_0
    SLICE_X94Y53         CARRY4 (Prop_carry4_CI_CO[3])
                                                      0.117     7.942 r  u_abs_sq/max_value_reg[15]_i_1/CO[3]
                         net (fo=1, routed)           0.000     7.942    u_abs_sq/max_value_reg[15]_i_1_n_0
    SLICE_X94Y54         CARRY4 (Prop_carry4_CI_CO[3])
                                                      0.117     8.059 r  u_abs_sq/max_value_reg[19]_i_1/CO[3]
                         net (fo=1, routed)           0.000     8.059    u_abs_sq/max_value_reg[19]_i_1_n_0
    SLICE_X94Y55         CARRY4 (Prop_carry4_CI_O[3])
                                                      0.331     8.390 r  u_abs_sq/max_value_reg[23]_i_1/O[3]
                         net (fo=4, routed)           1.000     9.390    u_abs_sq/abs_sq[23]
    SLICE_X95Y54         LUT4 (Prop_lut4_I0_O)        0.307     9.697 r  u_abs_sq/max_index1_carry__1_i_5/O
                         net (fo=1, routed)           0.000     9.697    u_peak_detector/max_index1_carry__2_1[3]
    SLICE_X95Y54         CARRY4 (Prop_carry4_S[3]_CO[3])
                                                      0.401    10.098 r  u_peak_detector/max_index1_carry__1/CO[3]
                         net (fo=1, routed)           0.000    10.098    u_peak_detector/max_index1_carry__1_n_0
    SLICE_X95Y55         CARRY4 (Prop_carry4_CI_CO[0])
                                                      0.271    10.369 r  u_peak_detector/max_index1_carry__2/CO[0]
                         net (fo=34, routed)          1.463    11.833    u_three_term/CO[0]
    SLICE_X96Y51         LUT5 (Prop_lut5_I0_O)        0.373    12.206 r  u_three_term/max_value[24]_i_1/O
                         net (fo=33, routed)          1.027    13.233    u_peak_detector/E[0]
    SLICE_X97Y54         FDRE                                         r  u_peak_detector/max_index_reg[3]/CE
  -------------------------------------------------------------------    -------------------

Slack:                    inf
  Source:                 u_three_term/xk_im_out_reg[11]/C
                            (rising edge-triggered cell FDCE)
  Destination:            u_peak_detector/max_index_reg[6]/CE
  Path Group:             (none)
  Path Type:              Max at Slow Process Corner
  Data Path Delay:        13.184ns  (logic 7.223ns (54.788%)  route 5.961ns (45.212%))
  Logic Levels:           13  (CARRY4=8 DSP48E1=1 FDCE=1 LUT2=1 LUT4=1 LUT5=1)

    Location             Delay type                Incr(ns)  Path(ns)    Netlist Resource(s)
  -------------------------------------------------------------------    -------------------
    SLICE_X95Y47         FDCE                         0.000     0.000 r  u_three_term/xk_im_out_reg[11]/C
    SLICE_X95Y47         FDCE (Prop_fdce_C_Q)         0.419     0.419 r  u_three_term/xk_im_out_reg[11]/Q
                         net (fo=26, routed)          1.505     1.924    u_abs_sq/Q[11]
    DSP48_X3Y20          DSP48E1 (Prop_dsp48e1_A[19]_P[0])
                                                      4.016     5.940 r  u_abs_sq/imag_sq/P[0]
                         net (fo=1, routed)           1.014     6.954    u_abs_sq/imag_sq__0[0]
    SLICE_X94Y50         LUT2 (Prop_lut2_I1_O)        0.124     7.078 r  u_abs_sq/max_value[3]_i_5/O
                         net (fo=1, routed)           0.000     7.078    u_abs_sq/max_value[3]_i_5_n_0
    SLICE_X94Y50         CARRY4 (Prop_carry4_S[0]_CO[3])
                                                      0.513     7.591 r  u_abs_sq/max_value_reg[3]_i_1/CO[3]
                         net (fo=1, routed)           0.000     7.591    u_abs_sq/max_value_reg[3]_i_1_n_0
    SLICE_X94Y51         CARRY4 (Prop_carry4_CI_CO[3])
                                                      0.117     7.708 r  u_abs_sq/max_value_reg[7]_i_1/CO[3]
                         net (fo=1, routed)           0.000     7.708    u_abs_sq/max_value_reg[7]_i_1_n_0
    SLICE_X94Y52         CARRY4 (Prop_carry4_CI_CO[3])
                                                      0.117     7.825 r  u_abs_sq/max_value_reg[11]_i_1/CO[3]
                         net (fo=1, routed)           0.000     7.825    u_abs_sq/max_value_reg[11]_i_1_n_0
    SLICE_X94Y53         CARRY4 (Prop_carry4_CI_CO[3])
                                                      0.117     7.942 r  u_abs_sq/max_value_reg[15]_i_1/CO[3]
                         net (fo=1, routed)           0.000     7.942    u_abs_sq/max_value_reg[15]_i_1_n_0
    SLICE_X94Y54         CARRY4 (Prop_carry4_CI_CO[3])
                                                      0.117     8.059 r  u_abs_sq/max_value_reg[19]_i_1/CO[3]
                         net (fo=1, routed)           0.000     8.059    u_abs_sq/max_value_reg[19]_i_1_n_0
    SLICE_X94Y55         CARRY4 (Prop_carry4_CI_O[3])
                                                      0.331     8.390 r  u_abs_sq/max_value_reg[23]_i_1/O[3]
                         net (fo=4, routed)           1.000     9.390    u_abs_sq/abs_sq[23]
    SLICE_X95Y54         LUT4 (Prop_lut4_I0_O)        0.307     9.697 r  u_abs_sq/max_index1_carry__1_i_5/O
                         net (fo=1, routed)           0.000     9.697    u_peak_detector/max_index1_carry__2_1[3]
    SLICE_X95Y54         CARRY4 (Prop_carry4_S[3]_CO[3])
                                                      0.401    10.098 r  u_peak_detector/max_index1_carry__1/CO[3]
                         net (fo=1, routed)           0.000    10.098    u_peak_detector/max_index1_carry__1_n_0
    SLICE_X95Y55         CARRY4 (Prop_carry4_CI_CO[0])
                                                      0.271    10.369 r  u_peak_detector/max_index1_carry__2/CO[0]
                         net (fo=34, routed)          1.463    11.833    u_three_term/CO[0]
    SLICE_X96Y51         LUT5 (Prop_lut5_I0_O)        0.373    12.206 r  u_three_term/max_value[24]_i_1/O
                         net (fo=33, routed)          0.978    13.184    u_peak_detector/E[0]
    SLICE_X96Y51         FDRE                                         r  u_peak_detector/max_index_reg[6]/CE
  -------------------------------------------------------------------    -------------------

Slack:                    inf
  Source:                 u_three_term/xk_im_out_reg[11]/C
                            (rising edge-triggered cell FDCE)
  Destination:            u_peak_detector/max_index_reg[7]/CE
  Path Group:             (none)
  Path Type:              Max at Slow Process Corner
  Data Path Delay:        13.184ns  (logic 7.223ns (54.788%)  route 5.961ns (45.212%))
  Logic Levels:           13  (CARRY4=8 DSP48E1=1 FDCE=1 LUT2=1 LUT4=1 LUT5=1)

    Location             Delay type                Incr(ns)  Path(ns)    Netlist Resource(s)
  -------------------------------------------------------------------    -------------------
    SLICE_X95Y47         FDCE                         0.000     0.000 r  u_three_term/xk_im_out_reg[11]/C
    SLICE_X95Y47         FDCE (Prop_fdce_C_Q)         0.419     0.419 r  u_three_term/xk_im_out_reg[11]/Q
                         net (fo=26, routed)          1.505     1.924    u_abs_sq/Q[11]
    DSP48_X3Y20          DSP48E1 (Prop_dsp48e1_A[19]_P[0])
                                                      4.016     5.940 r  u_abs_sq/imag_sq/P[0]
                         net (fo=1, routed)           1.014     6.954    u_abs_sq/imag_sq__0[0]
    SLICE_X94Y50         LUT2 (Prop_lut2_I1_O)        0.124     7.078 r  u_abs_sq/max_value[3]_i_5/O
                         net (fo=1, routed)           0.000     7.078    u_abs_sq/max_value[3]_i_5_n_0
    SLICE_X94Y50         CARRY4 (Prop_carry4_S[0]_CO[3])
                                                      0.513     7.591 r  u_abs_sq/max_value_reg[3]_i_1/CO[3]
                         net (fo=1, routed)           0.000     7.591    u_abs_sq/max_value_reg[3]_i_1_n_0
    SLICE_X94Y51         CARRY4 (Prop_carry4_CI_CO[3])
                                                      0.117     7.708 r  u_abs_sq/max_value_reg[7]_i_1/CO[3]
                         net (fo=1, routed)           0.000     7.708    u_abs_sq/max_value_reg[7]_i_1_n_0
    SLICE_X94Y52         CARRY4 (Prop_carry4_CI_CO[3])
                                                      0.117     7.825 r  u_abs_sq/max_value_reg[11]_i_1/CO[3]
                         net (fo=1, routed)           0.000     7.825    u_abs_sq/max_value_reg[11]_i_1_n_0
    SLICE_X94Y53         CARRY4 (Prop_carry4_CI_CO[3])
                                                      0.117     7.942 r  u_abs_sq/max_value_reg[15]_i_1/CO[3]
                         net (fo=1, routed)           0.000     7.942    u_abs_sq/max_value_reg[15]_i_1_n_0
    SLICE_X94Y54         CARRY4 (Prop_carry4_CI_CO[3])
                                                      0.117     8.059 r  u_abs_sq/max_value_reg[19]_i_1/CO[3]
                         net (fo=1, routed)           0.000     8.059    u_abs_sq/max_value_reg[19]_i_1_n_0
    SLICE_X94Y55         CARRY4 (Prop_carry4_CI_O[3])
                                                      0.331     8.390 r  u_abs_sq/max_value_reg[23]_i_1/O[3]
                         net (fo=4, routed)           1.000     9.390    u_abs_sq/abs_sq[23]
    SLICE_X95Y54         LUT4 (Prop_lut4_I0_O)        0.307     9.697 r  u_abs_sq/max_index1_carry__1_i_5/O
                         net (fo=1, routed)           0.000     9.697    u_peak_detector/max_index1_carry__2_1[3]
    SLICE_X95Y54         CARRY4 (Prop_carry4_S[3]_CO[3])
                                                      0.401    10.098 r  u_peak_detector/max_index1_carry__1/CO[3]
                         net (fo=1, routed)           0.000    10.098    u_peak_detector/max_index1_carry__1_n_0
    SLICE_X95Y55         CARRY4 (Prop_carry4_CI_CO[0])
                                                      0.271    10.369 r  u_peak_detector/max_index1_carry__2/CO[0]
                         net (fo=34, routed)          1.463    11.833    u_three_term/CO[0]
    SLICE_X96Y51         LUT5 (Prop_lut5_I0_O)        0.373    12.206 r  u_three_term/max_value[24]_i_1/O
                         net (fo=33, routed)          0.978    13.184    u_peak_detector/E[0]
    SLICE_X96Y51         FDRE                                         r  u_peak_detector/max_index_reg[7]/CE
  -------------------------------------------------------------------    -------------------

Slack:                    inf
  Source:                 u_three_term/xk_im_out_reg[11]/C
                            (rising edge-triggered cell FDCE)
  Destination:            u_peak_detector/max_value_reg[16]/CE
  Path Group:             (none)
  Path Type:              Max at Slow Process Corner
  Data Path Delay:        13.100ns  (logic 7.223ns (55.137%)  route 5.877ns (44.863%))
  Logic Levels:           13  (CARRY4=8 DSP48E1=1 FDCE=1 LUT2=1 LUT4=1 LUT5=1)

    Location             Delay type                Incr(ns)  Path(ns)    Netlist Resource(s)
  -------------------------------------------------------------------    -------------------
    SLICE_X95Y47         FDCE                         0.000     0.000 r  u_three_term/xk_im_out_reg[11]/C
    SLICE_X95Y47         FDCE (Prop_fdce_C_Q)         0.419     0.419 r  u_three_term/xk_im_out_reg[11]/Q
                         net (fo=26, routed)          1.505     1.924    u_abs_sq/Q[11]
    DSP48_X3Y20          DSP48E1 (Prop_dsp48e1_A[19]_P[0])
                                                      4.016     5.940 r  u_abs_sq/imag_sq/P[0]
                         net (fo=1, routed)           1.014     6.954    u_abs_sq/imag_sq__0[0]
    SLICE_X94Y50         LUT2 (Prop_lut2_I1_O)        0.124     7.078 r  u_abs_sq/max_value[3]_i_5/O
                         net (fo=1, routed)           0.000     7.078    u_abs_sq/max_value[3]_i_5_n_0
    SLICE_X94Y50         CARRY4 (Prop_carry4_S[0]_CO[3])
                                                      0.513     7.591 r  u_abs_sq/max_value_reg[3]_i_1/CO[3]
                         net (fo=1, routed)           0.000     7.591    u_abs_sq/max_value_reg[3]_i_1_n_0
    SLICE_X94Y51         CARRY4 (Prop_carry4_CI_CO[3])
                                                      0.117     7.708 r  u_abs_sq/max_value_reg[7]_i_1/CO[3]
                         net (fo=1, routed)           0.000     7.708    u_abs_sq/max_value_reg[7]_i_1_n_0
    SLICE_X94Y52         CARRY4 (Prop_carry4_CI_CO[3])
                                                      0.117     7.825 r  u_abs_sq/max_value_reg[11]_i_1/CO[3]
                         net (fo=1, routed)           0.000     7.825    u_abs_sq/max_value_reg[11]_i_1_n_0
    SLICE_X94Y53         CARRY4 (Prop_carry4_CI_CO[3])
                                                      0.117     7.942 r  u_abs_sq/max_value_reg[15]_i_1/CO[3]
                         net (fo=1, routed)           0.000     7.942    u_abs_sq/max_value_reg[15]_i_1_n_0
    SLICE_X94Y54         CARRY4 (Prop_carry4_CI_CO[3])
                                                      0.117     8.059 r  u_abs_sq/max_value_reg[19]_i_1/CO[3]
                         net (fo=1, routed)           0.000     8.059    u_abs_sq/max_value_reg[19]_i_1_n_0
    SLICE_X94Y55         CARRY4 (Prop_carry4_CI_O[3])
                                                      0.331     8.390 r  u_abs_sq/max_value_reg[23]_i_1/O[3]
                         net (fo=4, routed)           1.000     9.390    u_abs_sq/abs_sq[23]
    SLICE_X95Y54         LUT4 (Prop_lut4_I0_O)        0.307     9.697 r  u_abs_sq/max_index1_carry__1_i_5/O
                         net (fo=1, routed)           0.000     9.697    u_peak_detector/max_index1_carry__2_1[3]
    SLICE_X95Y54         CARRY4 (Prop_carry4_S[3]_CO[3])
                                                      0.401    10.098 r  u_peak_detector/max_index1_carry__1/CO[3]
                         net (fo=1, routed)           0.000    10.098    u_peak_detector/max_index1_carry__1_n_0
    SLICE_X95Y55         CARRY4 (Prop_carry4_CI_CO[0])
                                                      0.271    10.369 r  u_peak_detector/max_index1_carry__2/CO[0]
                         net (fo=34, routed)          1.463    11.833    u_three_term/CO[0]
    SLICE_X96Y51         LUT5 (Prop_lut5_I0_O)        0.373    12.206 r  u_three_term/max_value[24]_i_1/O
                         net (fo=33, routed)          0.894    13.100    u_peak_detector/E[0]
    SLICE_X94Y54         FDRE                                         r  u_peak_detector/max_value_reg[16]/CE
  -------------------------------------------------------------------    -------------------

Slack:                    inf
  Source:                 u_three_term/xk_im_out_reg[11]/C
                            (rising edge-triggered cell FDCE)
  Destination:            u_peak_detector/max_value_reg[17]/CE
  Path Group:             (none)
  Path Type:              Max at Slow Process Corner
  Data Path Delay:        13.100ns  (logic 7.223ns (55.137%)  route 5.877ns (44.863%))
  Logic Levels:           13  (CARRY4=8 DSP48E1=1 FDCE=1 LUT2=1 LUT4=1 LUT5=1)

    Location             Delay type                Incr(ns)  Path(ns)    Netlist Resource(s)
  -------------------------------------------------------------------    -------------------
    SLICE_X95Y47         FDCE                         0.000     0.000 r  u_three_term/xk_im_out_reg[11]/C
    SLICE_X95Y47         FDCE (Prop_fdce_C_Q)         0.419     0.419 r  u_three_term/xk_im_out_reg[11]/Q
                         net (fo=26, routed)          1.505     1.924    u_abs_sq/Q[11]
    DSP48_X3Y20          DSP48E1 (Prop_dsp48e1_A[19]_P[0])
                                                      4.016     5.940 r  u_abs_sq/imag_sq/P[0]
                         net (fo=1, routed)           1.014     6.954    u_abs_sq/imag_sq__0[0]
    SLICE_X94Y50         LUT2 (Prop_lut2_I1_O)        0.124     7.078 r  u_abs_sq/max_value[3]_i_5/O
                         net (fo=1, routed)           0.000     7.078    u_abs_sq/max_value[3]_i_5_n_0
    SLICE_X94Y50         CARRY4 (Prop_carry4_S[0]_CO[3])
                                                      0.513     7.591 r  u_abs_sq/max_value_reg[3]_i_1/CO[3]
                         net (fo=1, routed)           0.000     7.591    u_abs_sq/max_value_reg[3]_i_1_n_0
    SLICE_X94Y51         CARRY4 (Prop_carry4_CI_CO[3])
                                                      0.117     7.708 r  u_abs_sq/max_value_reg[7]_i_1/CO[3]
                         net (fo=1, routed)           0.000     7.708    u_abs_sq/max_value_reg[7]_i_1_n_0
    SLICE_X94Y52         CARRY4 (Prop_carry4_CI_CO[3])
                                                      0.117     7.825 r  u_abs_sq/max_value_reg[11]_i_1/CO[3]
                         net (fo=1, routed)           0.000     7.825    u_abs_sq/max_value_reg[11]_i_1_n_0
    SLICE_X94Y53         CARRY4 (Prop_carry4_CI_CO[3])
                                                      0.117     7.942 r  u_abs_sq/max_value_reg[15]_i_1/CO[3]
                         net (fo=1, routed)           0.000     7.942    u_abs_sq/max_value_reg[15]_i_1_n_0
    SLICE_X94Y54         CARRY4 (Prop_carry4_CI_CO[3])
                                                      0.117     8.059 r  u_abs_sq/max_value_reg[19]_i_1/CO[3]
                         net (fo=1, routed)           0.000     8.059    u_abs_sq/max_value_reg[19]_i_1_n_0
    SLICE_X94Y55         CARRY4 (Prop_carry4_CI_O[3])
                                                      0.331     8.390 r  u_abs_sq/max_value_reg[23]_i_1/O[3]
                         net (fo=4, routed)           1.000     9.390    u_abs_sq/abs_sq[23]
    SLICE_X95Y54         LUT4 (Prop_lut4_I0_O)        0.307     9.697 r  u_abs_sq/max_index1_carry__1_i_5/O
                         net (fo=1, routed)           0.000     9.697    u_peak_detector/max_index1_carry__2_1[3]
    SLICE_X95Y54         CARRY4 (Prop_carry4_S[3]_CO[3])
                                                      0.401    10.098 r  u_peak_detector/max_index1_carry__1/CO[3]
                         net (fo=1, routed)           0.000    10.098    u_peak_detector/max_index1_carry__1_n_0
    SLICE_X95Y55         CARRY4 (Prop_carry4_CI_CO[0])
                                                      0.271    10.369 r  u_peak_detector/max_index1_carry__2/CO[0]
                         net (fo=34, routed)          1.463    11.833    u_three_term/CO[0]
    SLICE_X96Y51         LUT5 (Prop_lut5_I0_O)        0.373    12.206 r  u_three_term/max_value[24]_i_1/O
                         net (fo=33, routed)          0.894    13.100    u_peak_detector/E[0]
    SLICE_X94Y54         FDRE                                         r  u_peak_detector/max_value_reg[17]/CE
  -------------------------------------------------------------------    -------------------

Slack:                    inf
  Source:                 u_three_term/xk_im_out_reg[11]/C
                            (rising edge-triggered cell FDCE)
  Destination:            u_peak_detector/max_value_reg[18]/CE
  Path Group:             (none)
  Path Type:              Max at Slow Process Corner
  Data Path Delay:        13.100ns  (logic 7.223ns (55.137%)  route 5.877ns (44.863%))
  Logic Levels:           13  (CARRY4=8 DSP48E1=1 FDCE=1 LUT2=1 LUT4=1 LUT5=1)

    Location             Delay type                Incr(ns)  Path(ns)    Netlist Resource(s)
  -------------------------------------------------------------------    -------------------
    SLICE_X95Y47         FDCE                         0.000     0.000 r  u_three_term/xk_im_out_reg[11]/C
    SLICE_X95Y47         FDCE (Prop_fdce_C_Q)         0.419     0.419 r  u_three_term/xk_im_out_reg[11]/Q
                         net (fo=26, routed)          1.505     1.924    u_abs_sq/Q[11]
    DSP48_X3Y20          DSP48E1 (Prop_dsp48e1_A[19]_P[0])
                                                      4.016     5.940 r  u_abs_sq/imag_sq/P[0]
                         net (fo=1, routed)           1.014     6.954    u_abs_sq/imag_sq__0[0]
    SLICE_X94Y50         LUT2 (Prop_lut2_I1_O)        0.124     7.078 r  u_abs_sq/max_value[3]_i_5/O
                         net (fo=1, routed)           0.000     7.078    u_abs_sq/max_value[3]_i_5_n_0
    SLICE_X94Y50         CARRY4 (Prop_carry4_S[0]_CO[3])
                                                      0.513     7.591 r  u_abs_sq/max_value_reg[3]_i_1/CO[3]
                         net (fo=1, routed)           0.000     7.591    u_abs_sq/max_value_reg[3]_i_1_n_0
    SLICE_X94Y51         CARRY4 (Prop_carry4_CI_CO[3])
                                                      0.117     7.708 r  u_abs_sq/max_value_reg[7]_i_1/CO[3]
                         net (fo=1, routed)           0.000     7.708    u_abs_sq/max_value_reg[7]_i_1_n_0
    SLICE_X94Y52         CARRY4 (Prop_carry4_CI_CO[3])
                                                      0.117     7.825 r  u_abs_sq/max_value_reg[11]_i_1/CO[3]
                         net (fo=1, routed)           0.000     7.825    u_abs_sq/max_value_reg[11]_i_1_n_0
    SLICE_X94Y53         CARRY4 (Prop_carry4_CI_CO[3])
                                                      0.117     7.942 r  u_abs_sq/max_value_reg[15]_i_1/CO[3]
                         net (fo=1, routed)           0.000     7.942    u_abs_sq/max_value_reg[15]_i_1_n_0
    SLICE_X94Y54         CARRY4 (Prop_carry4_CI_CO[3])
                                                      0.117     8.059 r  u_abs_sq/max_value_reg[19]_i_1/CO[3]
                         net (fo=1, routed)           0.000     8.059    u_abs_sq/max_value_reg[19]_i_1_n_0
    SLICE_X94Y55         CARRY4 (Prop_carry4_CI_O[3])
                                                      0.331     8.390 r  u_abs_sq/max_value_reg[23]_i_1/O[3]
                         net (fo=4, routed)           1.000     9.390    u_abs_sq/abs_sq[23]
    SLICE_X95Y54         LUT4 (Prop_lut4_I0_O)        0.307     9.697 r  u_abs_sq/max_index1_carry__1_i_5/O
                         net (fo=1, routed)           0.000     9.697    u_peak_detector/max_index1_carry__2_1[3]
    SLICE_X95Y54         CARRY4 (Prop_carry4_S[3]_CO[3])
                                                      0.401    10.098 r  u_peak_detector/max_index1_carry__1/CO[3]
                         net (fo=1, routed)           0.000    10.098    u_peak_detector/max_index1_carry__1_n_0
    SLICE_X95Y55         CARRY4 (Prop_carry4_CI_CO[0])
                                                      0.271    10.369 r  u_peak_detector/max_index1_carry__2/CO[0]
                         net (fo=34, routed)          1.463    11.833    u_three_term/CO[0]
    SLICE_X96Y51         LUT5 (Prop_lut5_I0_O)        0.373    12.206 r  u_three_term/max_value[24]_i_1/O
                         net (fo=33, routed)          0.894    13.100    u_peak_detector/E[0]
    SLICE_X94Y54         FDRE                                         r  u_peak_detector/max_value_reg[18]/CE
  -------------------------------------------------------------------    -------------------

Slack:                    inf
  Source:                 u_three_term/xk_im_out_reg[11]/C
                            (rising edge-triggered cell FDCE)
  Destination:            u_peak_detector/max_value_reg[19]/CE
  Path Group:             (none)
  Path Type:              Max at Slow Process Corner
  Data Path Delay:        13.100ns  (logic 7.223ns (55.137%)  route 5.877ns (44.863%))
  Logic Levels:           13  (CARRY4=8 DSP48E1=1 FDCE=1 LUT2=1 LUT4=1 LUT5=1)

    Location             Delay type                Incr(ns)  Path(ns)    Netlist Resource(s)
  -------------------------------------------------------------------    -------------------
    SLICE_X95Y47         FDCE                         0.000     0.000 r  u_three_term/xk_im_out_reg[11]/C
    SLICE_X95Y47         FDCE (Prop_fdce_C_Q)         0.419     0.419 r  u_three_term/xk_im_out_reg[11]/Q
                         net (fo=26, routed)          1.505     1.924    u_abs_sq/Q[11]
    DSP48_X3Y20          DSP48E1 (Prop_dsp48e1_A[19]_P[0])
                                                      4.016     5.940 r  u_abs_sq/imag_sq/P[0]
                         net (fo=1, routed)           1.014     6.954    u_abs_sq/imag_sq__0[0]
    SLICE_X94Y50         LUT2 (Prop_lut2_I1_O)        0.124     7.078 r  u_abs_sq/max_value[3]_i_5/O
                         net (fo=1, routed)           0.000     7.078    u_abs_sq/max_value[3]_i_5_n_0
    SLICE_X94Y50         CARRY4 (Prop_carry4_S[0]_CO[3])
                                                      0.513     7.591 r  u_abs_sq/max_value_reg[3]_i_1/CO[3]
                         net (fo=1, routed)           0.000     7.591    u_abs_sq/max_value_reg[3]_i_1_n_0
    SLICE_X94Y51         CARRY4 (Prop_carry4_CI_CO[3])
                                                      0.117     7.708 r  u_abs_sq/max_value_reg[7]_i_1/CO[3]
                         net (fo=1, routed)           0.000     7.708    u_abs_sq/max_value_reg[7]_i_1_n_0
    SLICE_X94Y52         CARRY4 (Prop_carry4_CI_CO[3])
                                                      0.117     7.825 r  u_abs_sq/max_value_reg[11]_i_1/CO[3]
                         net (fo=1, routed)           0.000     7.825    u_abs_sq/max_value_reg[11]_i_1_n_0
    SLICE_X94Y53         CARRY4 (Prop_carry4_CI_CO[3])
                                                      0.117     7.942 r  u_abs_sq/max_value_reg[15]_i_1/CO[3]
                         net (fo=1, routed)           0.000     7.942    u_abs_sq/max_value_reg[15]_i_1_n_0
    SLICE_X94Y54         CARRY4 (Prop_carry4_CI_CO[3])
                                                      0.117     8.059 r  u_abs_sq/max_value_reg[19]_i_1/CO[3]
                         net (fo=1, routed)           0.000     8.059    u_abs_sq/max_value_reg[19]_i_1_n_0
    SLICE_X94Y55         CARRY4 (Prop_carry4_CI_O[3])
                                                      0.331     8.390 r  u_abs_sq/max_value_reg[23]_i_1/O[3]
                         net (fo=4, routed)           1.000     9.390    u_abs_sq/abs_sq[23]
    SLICE_X95Y54         LUT4 (Prop_lut4_I0_O)        0.307     9.697 r  u_abs_sq/max_index1_carry__1_i_5/O
                         net (fo=1, routed)           0.000     9.697    u_peak_detector/max_index1_carry__2_1[3]
    SLICE_X95Y54         CARRY4 (Prop_carry4_S[3]_CO[3])
                                                      0.401    10.098 r  u_peak_detector/max_index1_carry__1/CO[3]
                         net (fo=1, routed)           0.000    10.098    u_peak_detector/max_index1_carry__1_n_0
    SLICE_X95Y55         CARRY4 (Prop_carry4_CI_CO[0])
                                                      0.271    10.369 r  u_peak_detector/max_index1_carry__2/CO[0]
                         net (fo=34, routed)          1.463    11.833    u_three_term/CO[0]
    SLICE_X96Y51         LUT5 (Prop_lut5_I0_O)        0.373    12.206 r  u_three_term/max_value[24]_i_1/O
                         net (fo=33, routed)          0.894    13.100    u_peak_detector/E[0]
    SLICE_X94Y54         FDRE                                         r  u_peak_detector/max_value_reg[19]/CE
  -------------------------------------------------------------------    -------------------

Slack:                    inf
  Source:                 u_three_term/xk_im_out_reg[11]/C
                            (rising edge-triggered cell FDCE)
  Destination:            u_peak_detector/max_value_reg[20]/CE
  Path Group:             (none)
  Path Type:              Max at Slow Process Corner
  Data Path Delay:        13.083ns  (logic 7.223ns (55.211%)  route 5.860ns (44.789%))
  Logic Levels:           13  (CARRY4=8 DSP48E1=1 FDCE=1 LUT2=1 LUT4=1 LUT5=1)

    Location             Delay type                Incr(ns)  Path(ns)    Netlist Resource(s)
  -------------------------------------------------------------------    -------------------
    SLICE_X95Y47         FDCE                         0.000     0.000 r  u_three_term/xk_im_out_reg[11]/C
    SLICE_X95Y47         FDCE (Prop_fdce_C_Q)         0.419     0.419 r  u_three_term/xk_im_out_reg[11]/Q
                         net (fo=26, routed)          1.505     1.924    u_abs_sq/Q[11]
    DSP48_X3Y20          DSP48E1 (Prop_dsp48e1_A[19]_P[0])
                                                      4.016     5.940 r  u_abs_sq/imag_sq/P[0]
                         net (fo=1, routed)           1.014     6.954    u_abs_sq/imag_sq__0[0]
    SLICE_X94Y50         LUT2 (Prop_lut2_I1_O)        0.124     7.078 r  u_abs_sq/max_value[3]_i_5/O
                         net (fo=1, routed)           0.000     7.078    u_abs_sq/max_value[3]_i_5_n_0
    SLICE_X94Y50         CARRY4 (Prop_carry4_S[0]_CO[3])
                                                      0.513     7.591 r  u_abs_sq/max_value_reg[3]_i_1/CO[3]
                         net (fo=1, routed)           0.000     7.591    u_abs_sq/max_value_reg[3]_i_1_n_0
    SLICE_X94Y51         CARRY4 (Prop_carry4_CI_CO[3])
                                                      0.117     7.708 r  u_abs_sq/max_value_reg[7]_i_1/CO[3]
                         net (fo=1, routed)           0.000     7.708    u_abs_sq/max_value_reg[7]_i_1_n_0
    SLICE_X94Y52         CARRY4 (Prop_carry4_CI_CO[3])
                                                      0.117     7.825 r  u_abs_sq/max_value_reg[11]_i_1/CO[3]
                         net (fo=1, routed)           0.000     7.825    u_abs_sq/max_value_reg[11]_i_1_n_0
    SLICE_X94Y53         CARRY4 (Prop_carry4_CI_CO[3])
                                                      0.117     7.942 r  u_abs_sq/max_value_reg[15]_i_1/CO[3]
                         net (fo=1, routed)           0.000     7.942    u_abs_sq/max_value_reg[15]_i_1_n_0
    SLICE_X94Y54         CARRY4 (Prop_carry4_CI_CO[3])
                                                      0.117     8.059 r  u_abs_sq/max_value_reg[19]_i_1/CO[3]
                         net (fo=1, routed)           0.000     8.059    u_abs_sq/max_value_reg[19]_i_1_n_0
    SLICE_X94Y55         CARRY4 (Prop_carry4_CI_O[3])
                                                      0.331     8.390 r  u_abs_sq/max_value_reg[23]_i_1/O[3]
                         net (fo=4, routed)           1.000     9.390    u_abs_sq/abs_sq[23]
    SLICE_X95Y54         LUT4 (Prop_lut4_I0_O)        0.307     9.697 r  u_abs_sq/max_index1_carry__1_i_5/O
                         net (fo=1, routed)           0.000     9.697    u_peak_detector/max_index1_carry__2_1[3]
    SLICE_X95Y54         CARRY4 (Prop_carry4_S[3]_CO[3])
                                                      0.401    10.098 r  u_peak_detector/max_index1_carry__1/CO[3]
                         net (fo=1, routed)           0.000    10.098    u_peak_detector/max_index1_carry__1_n_0
    SLICE_X95Y55         CARRY4 (Prop_carry4_CI_CO[0])
                                                      0.271    10.369 r  u_peak_detector/max_index1_carry__2/CO[0]
                         net (fo=34, routed)          1.463    11.833    u_three_term/CO[0]
    SLICE_X96Y51         LUT5 (Prop_lut5_I0_O)        0.373    12.206 r  u_three_term/max_value[24]_i_1/O
                         net (fo=33, routed)          0.877    13.083    u_peak_detector/E[0]
    SLICE_X94Y55         FDRE                                         r  u_peak_detector/max_value_reg[20]/CE
  -------------------------------------------------------------------    -------------------





Min Delay Paths
--------------------------------------------------------------------------------------
Slack:                    inf
  Source:                 <hidden>
                            (rising edge-triggered cell FDRE)
  Destination:            <hidden>
  Path Group:             (none)
  Path Type:              Min at Fast Process Corner
  Data Path Delay:        0.187ns  (logic 0.128ns (68.397%)  route 0.059ns (31.603%))
  Logic Levels:           1  (FDRE=1)

    Location             Delay type                Incr(ns)  Path(ns)    Netlist Resource(s)
  -------------------------------------------------------------------    -------------------
    SLICE_X72Y43         FDRE                         0.000     0.000 r  <hidden>
    SLICE_X72Y43         FDRE (Prop_fdre_C_Q)         0.128     0.128 r  <hidden>
                         net (fo=1, routed)           0.059     0.187    <hidden>
    SLICE_X73Y43         FDRE                                         r  <hidden>
  -------------------------------------------------------------------    -------------------

Slack:                    inf
  Source:                 <hidden>
                            (rising edge-triggered cell FDRE)
  Destination:            <hidden>
  Path Group:             (none)
  Path Type:              Min at Fast Process Corner
  Data Path Delay:        0.190ns  (logic 0.128ns (67.295%)  route 0.062ns (32.705%))
  Logic Levels:           1  (FDRE=1)

    Location             Delay type                Incr(ns)  Path(ns)    Netlist Resource(s)
  -------------------------------------------------------------------    -------------------
    SLICE_X65Y36         FDRE                         0.000     0.000 r  <hidden>
    SLICE_X65Y36         FDRE (Prop_fdre_C_Q)         0.128     0.128 r  <hidden>
                         net (fo=1, routed)           0.062     0.190    <hidden>
    SLICE_X64Y36         FDRE                                         r  <hidden>
  -------------------------------------------------------------------    -------------------

Slack:                    inf
  Source:                 <hidden>
                            (rising edge-triggered cell FDRE)
  Destination:            <hidden>
  Path Group:             (none)
  Path Type:              Min at Fast Process Corner
  Data Path Delay:        0.197ns  (logic 0.141ns (71.611%)  route 0.056ns (28.389%))
  Logic Levels:           1  (FDRE=1)

    Location             Delay type                Incr(ns)  Path(ns)    Netlist Resource(s)
  -------------------------------------------------------------------    -------------------
    SLICE_X59Y34         FDRE                         0.000     0.000 r  <hidden>
    SLICE_X59Y34         FDRE (Prop_fdre_C_Q)         0.141     0.141 r  <hidden>
                         net (fo=1, routed)           0.056     0.197    <hidden>
    SLICE_X58Y34         SRL16E                                       r  <hidden>
  -------------------------------------------------------------------    -------------------

Slack:                    inf
  Source:                 <hidden>
                            (rising edge-triggered cell FDRE)
  Destination:            <hidden>
  Path Group:             (none)
  Path Type:              Min at Fast Process Corner
  Data Path Delay:        0.197ns  (logic 0.141ns (71.611%)  route 0.056ns (28.389%))
  Logic Levels:           1  (FDRE=1)

    Location             Delay type                Incr(ns)  Path(ns)    Netlist Resource(s)
  -------------------------------------------------------------------    -------------------
    SLICE_X81Y46         FDRE                         0.000     0.000 r  <hidden>
    SLICE_X81Y46         FDRE (Prop_fdre_C_Q)         0.141     0.141 r  <hidden>
                         net (fo=1, routed)           0.056     0.197    <hidden>
    SLICE_X81Y46         FDRE                                         r  <hidden>
  -------------------------------------------------------------------    -------------------

Slack:                    inf
  Source:                 <hidden>
                            (rising edge-triggered cell FDRE)
  Destination:            <hidden>
  Path Group:             (none)
  Path Type:              Min at Fast Process Corner
  Data Path Delay:        0.197ns  (logic 0.141ns (71.611%)  route 0.056ns (28.389%))
  Logic Levels:           1  (FDRE=1)

    Location             Delay type                Incr(ns)  Path(ns)    Netlist Resource(s)
  -------------------------------------------------------------------    -------------------
    SLICE_X81Y46         FDRE                         0.000     0.000 r  <hidden>
    SLICE_X81Y46         FDRE (Prop_fdre_C_Q)         0.141     0.141 r  <hidden>
                         net (fo=1, routed)           0.056     0.197    <hidden>
    SLICE_X81Y46         FDRE                                         r  <hidden>
  -------------------------------------------------------------------    -------------------

Slack:                    inf
  Source:                 <hidden>
                            (rising edge-triggered cell FDRE)
  Destination:            <hidden>
  Path Group:             (none)
  Path Type:              Min at Fast Process Corner
  Data Path Delay:        0.197ns  (logic 0.141ns (71.611%)  route 0.056ns (28.389%))
  Logic Levels:           1  (FDRE=1)

    Location             Delay type                Incr(ns)  Path(ns)    Netlist Resource(s)
  -------------------------------------------------------------------    -------------------
    SLICE_X45Y18         FDRE                         0.000     0.000 r  <hidden>
    SLICE_X45Y18         FDRE (Prop_fdre_C_Q)         0.141     0.141 r  <hidden>
                         net (fo=1, routed)           0.056     0.197    <hidden>
    SLICE_X45Y18         FDRE                                         r  <hidden>
  -------------------------------------------------------------------    -------------------

Slack:                    inf
  Source:                 <hidden>
                            (rising edge-triggered cell FDRE)
  Destination:            <hidden>
  Path Group:             (none)
  Path Type:              Min at Fast Process Corner
  Data Path Delay:        0.197ns  (logic 0.141ns (71.611%)  route 0.056ns (28.389%))
  Logic Levels:           1  (FDRE=1)

    Location             Delay type                Incr(ns)  Path(ns)    Netlist Resource(s)
  -------------------------------------------------------------------    -------------------
    SLICE_X45Y19         FDRE                         0.000     0.000 r  <hidden>
    SLICE_X45Y19         FDRE (Prop_fdre_C_Q)         0.141     0.141 r  <hidden>
                         net (fo=1, routed)           0.056     0.197    <hidden>
    SLICE_X45Y19         FDRE                                         r  <hidden>
  -------------------------------------------------------------------    -------------------

Slack:                    inf
  Source:                 <hidden>
                            (rising edge-triggered cell FDRE)
  Destination:            <hidden>
  Path Group:             (none)
  Path Type:              Min at Fast Process Corner
  Data Path Delay:        0.197ns  (logic 0.141ns (71.611%)  route 0.056ns (28.389%))
  Logic Levels:           1  (FDRE=1)

    Location             Delay type                Incr(ns)  Path(ns)    Netlist Resource(s)
  -------------------------------------------------------------------    -------------------
    SLICE_X59Y28         FDRE                         0.000     0.000 r  <hidden>
    SLICE_X59Y28         FDRE (Prop_fdre_C_Q)         0.141     0.141 r  <hidden>
                         net (fo=1, routed)           0.056     0.197    <hidden>
    SLICE_X58Y28         SRLC32E                                      r  <hidden>
  -------------------------------------------------------------------    -------------------

Slack:                    inf
  Source:                 <hidden>
                            (rising edge-triggered cell FDRE)
  Destination:            <hidden>
  Path Group:             (none)
  Path Type:              Min at Fast Process Corner
  Data Path Delay:        0.197ns  (logic 0.141ns (71.611%)  route 0.056ns (28.389%))
  Logic Levels:           1  (FDRE=1)

    Location             Delay type                Incr(ns)  Path(ns)    Netlist Resource(s)
  -------------------------------------------------------------------    -------------------
    SLICE_X93Y32         FDRE                         0.000     0.000 r  <hidden>
    SLICE_X93Y32         FDRE (Prop_fdre_C_Q)         0.141     0.141 r  <hidden>
                         net (fo=1, routed)           0.056     0.197    <hidden>
    SLICE_X92Y32         SRL16E                                       r  <hidden>
  -------------------------------------------------------------------    -------------------

Slack:                    inf
  Source:                 <hidden>
                            (rising edge-triggered cell FDRE)
  Destination:            <hidden>
  Path Group:             (none)
  Path Type:              Min at Fast Process Corner
  Data Path Delay:        0.197ns  (logic 0.141ns (71.611%)  route 0.056ns (28.389%))
  Logic Levels:           1  (FDRE=1)

    Location             Delay type                Incr(ns)  Path(ns)    Netlist Resource(s)
  -------------------------------------------------------------------    -------------------
    SLICE_X93Y31         FDRE                         0.000     0.000 r  <hidden>
    SLICE_X93Y31         FDRE (Prop_fdre_C_Q)         0.141     0.141 r  <hidden>
                         net (fo=1, routed)           0.056     0.197    <hidden>
    SLICE_X92Y31         SRL16E                                       r  <hidden>
  -------------------------------------------------------------------    -------------------





