
*** Running vivado
    with args -log system_wrapper.vdi -applog -m64 -product Vivado -messageDb vivado.pb -mode batch -source system_wrapper.tcl -notrace



****** Vivado v2024.2 (64-bit)
  **** SW Build 5239630 on Fri Nov 08 22:35:27 MST 2024
  **** IP Build 5239520 on Sun Nov 10 16:12:51 MST 2024
  **** SharedData Build 5239561 on Fri Nov 08 14:39:27 MST 2024
  **** Start of session at: Tue May  5 00:56:24 2026
    ** Copyright 1986-2022 Xilinx, Inc. All Rights Reserved.
    ** Copyright 2022-2024 Advanced Micro Devices, Inc. All Rights Reserved.

source system_wrapper.tcl -notrace
INFO: [IP_Flow 19-234] Refreshing IP repositories
INFO: [IP_Flow 19-1704] No user IP repositories specified
INFO: [IP_Flow 19-2313] Loaded Vivado IP repository 'C:/Xilinx/Vivado/2024.2/data/ip'.
Command: link_design -top system_wrapper -part xc7z020clg400-1
Design is defaulting to srcset: sources_1
Design is defaulting to constrset: constrs_1
INFO: [Device 21-403] Loading part xc7z020clg400-1
INFO: [Project 1-454] Reading design checkpoint 'x:/part4/vivado_part4_zynq/fft_pl_ps_part4_zynq.gen/sources_1/bd/system/ip/system_fft_pl_ps_0_0/system_fft_pl_ps_0_0.dcp' for cell 'system_i/fft_pl_ps_0'
INFO: [Project 1-454] Reading design checkpoint 'x:/part4/vivado_part4_zynq/fft_pl_ps_part4_zynq.gen/sources_1/bd/system/ip/system_ila_0_0/system_ila_0_0.dcp' for cell 'system_i/ila_0'
INFO: [Project 1-454] Reading design checkpoint 'x:/part4/vivado_part4_zynq/fft_pl_ps_part4_zynq.gen/sources_1/bd/system/ip/system_processing_system7_0_0/system_processing_system7_0_0.dcp' for cell 'system_i/processing_system7_0'
INFO: [Project 1-454] Reading design checkpoint 'x:/part4/vivado_part4_zynq/fft_pl_ps_part4_zynq.gen/sources_1/bd/system/ip/system_rst_ps7_0_200M_0/system_rst_ps7_0_200M_0.dcp' for cell 'system_i/rst_ps7_0_200M'
INFO: [Project 1-454] Reading design checkpoint 'x:/part4/vivado_part4_zynq/fft_pl_ps_part4_zynq.gen/sources_1/bd/system/ip/system_axi_interconnect_0_imp_auto_pc_0/system_axi_interconnect_0_imp_auto_pc_0.dcp' for cell 'system_i/axi_interconnect_0/s00_couplers/auto_pc'
INFO: [Project 1-454] Reading design checkpoint 'x:/part4/vivado_part4_zynq/fft_pl_ps_part4_zynq.gen/sources_1/ip/dds_compiler_0/dds_compiler_0.dcp' for cell 'system_i/fft_pl_ps_0/inst/u_dds_compiler_0'
INFO: [Project 1-454] Reading design checkpoint 'x:/part4/vivado_part4_zynq/fft_pl_ps_part4_zynq.gen/sources_1/ip/xfft_0/xfft_0.dcp' for cell 'system_i/fft_pl_ps_0/inst/u_fft_freqwin_top/u_xfft_0'
Netlist sorting complete. Time (s): cpu = 00:00:00 ; elapsed = 00:00:00.129 . Memory (MB): peak = 753.789 ; gain = 0.000
INFO: [Netlist 29-17] Analyzing 978 Unisim elements for replacement
INFO: [Netlist 29-28] Unisim Transformation completed in 0 CPU seconds
INFO: [Project 1-479] Netlist was created with Vivado 2024.2
INFO: [Project 1-570] Preparing netlist for logic optimization
INFO: [Chipscope 16-324] Core: system_i/ila_0 UUID: 5abab766-aba0-516d-aad8-c91aeedbf1fd 
Parsing XDC File [x:/part4/vivado_part4_zynq/fft_pl_ps_part4_zynq.gen/sources_1/bd/system/ip/system_processing_system7_0_0/system_processing_system7_0_0.xdc] for cell 'system_i/processing_system7_0/inst'
Finished Parsing XDC File [x:/part4/vivado_part4_zynq/fft_pl_ps_part4_zynq.gen/sources_1/bd/system/ip/system_processing_system7_0_0/system_processing_system7_0_0.xdc] for cell 'system_i/processing_system7_0/inst'
Parsing XDC File [x:/part4/vivado_part4_zynq/fft_pl_ps_part4_zynq.gen/sources_1/bd/system/ip/system_rst_ps7_0_200M_0/system_rst_ps7_0_200M_0_board.xdc] for cell 'system_i/rst_ps7_0_200M/U0'
Finished Parsing XDC File [x:/part4/vivado_part4_zynq/fft_pl_ps_part4_zynq.gen/sources_1/bd/system/ip/system_rst_ps7_0_200M_0/system_rst_ps7_0_200M_0_board.xdc] for cell 'system_i/rst_ps7_0_200M/U0'
Parsing XDC File [x:/part4/vivado_part4_zynq/fft_pl_ps_part4_zynq.gen/sources_1/bd/system/ip/system_rst_ps7_0_200M_0/system_rst_ps7_0_200M_0.xdc] for cell 'system_i/rst_ps7_0_200M/U0'
Finished Parsing XDC File [x:/part4/vivado_part4_zynq/fft_pl_ps_part4_zynq.gen/sources_1/bd/system/ip/system_rst_ps7_0_200M_0/system_rst_ps7_0_200M_0.xdc] for cell 'system_i/rst_ps7_0_200M/U0'
Parsing XDC File [x:/part4/vivado_part4_zynq/fft_pl_ps_part4_zynq.gen/sources_1/bd/system/ip/system_ila_0_0/ila_v6_2/constraints/ila_impl.xdc] for cell 'system_i/ila_0/inst'
Finished Parsing XDC File [x:/part4/vivado_part4_zynq/fft_pl_ps_part4_zynq.gen/sources_1/bd/system/ip/system_ila_0_0/ila_v6_2/constraints/ila_impl.xdc] for cell 'system_i/ila_0/inst'
Parsing XDC File [x:/part4/vivado_part4_zynq/fft_pl_ps_part4_zynq.gen/sources_1/bd/system/ip/system_ila_0_0/ila_v6_2/constraints/ila.xdc] for cell 'system_i/ila_0/inst'
Finished Parsing XDC File [x:/part4/vivado_part4_zynq/fft_pl_ps_part4_zynq.gen/sources_1/bd/system/ip/system_ila_0_0/ila_v6_2/constraints/ila.xdc] for cell 'system_i/ila_0/inst'
INFO: [Opt 31-138] Pushed 0 inverter(s) to 0 load pin(s).
INFO: [Project 1-1687] 2 scoped IP constraints or related sub-commands were skipped due to synthesis logic optimizations usually triggered by constant connectivity or unconnected output pins. To review the skipped constraints and messages, run the command 'set_param netlist.IPMsgFiltering false' before opening the design.
Netlist sorting complete. Time (s): cpu = 00:00:00 ; elapsed = 00:00:00.004 . Memory (MB): peak = 915.461 ; gain = 0.000
INFO: [Project 1-111] Unisim Transformation Summary:
  A total of 403 instances were transformed.
  CFGLUT5 => CFGLUT5 (SRL16E, SRLC32E): 284 instances
  RAM64M => RAM64M (RAMD64E(x4)): 96 instances
  RAM64X1S => RAM64X1S (RAMS64E): 23 instances

19 Infos, 0 Warnings, 0 Critical Warnings and 0 Errors encountered.
link_design completed successfully
link_design: Time (s): cpu = 00:00:07 ; elapsed = 00:00:08 . Memory (MB): peak = 915.461 ; gain = 461.113
Command: opt_design
Attempting to get a license for feature 'Implementation' and/or device 'xc7z020'
INFO: [Common 17-349] Got license for feature 'Implementation' and/or device 'xc7z020'
Running DRC as a precondition to command opt_design

Starting DRC Task
INFO: [DRC 23-27] Running DRC with 2 threads
INFO: [Project 1-461] DRC finished with 0 Errors
INFO: [Project 1-462] Please refer to the DRC report (report_drc) for more information.

Time (s): cpu = 00:00:01 ; elapsed = 00:00:00.597 . Memory (MB): peak = 952.699 ; gain = 37.238

Starting Cache Timing Information Task
INFO: [Timing 38-35] Done setting XDC timing constraints.
Ending Cache Timing Information Task | Checksum: 1c17005ab

Time (s): cpu = 00:00:04 ; elapsed = 00:00:04 . Memory (MB): peak = 1483.492 ; gain = 530.793

Starting Logic Optimization Task

Phase 1 Initialization

Phase 1.1 Core Generation And Design Setup

Phase 1.1.1 Generate And Synthesize Debug Cores
INFO: [Chipscope 16-329] Generating Script for core instance : dbg_hub 
INFO: [IP_Flow 19-3806] Processing IP xilinx.com:ip:xsdbm:3.0 for cell dbg_hub_CV.
INFO: [Chipscope 16-469] Using cached IP synthesis design for IP xilinx.com:ip:xsdbm:3.0, cache-ID = 625703e749aac613.
Done building netlist checker database: Time (s): cpu = 00:00:00 ; elapsed = 00:00:00.006 . Memory (MB): peak = 1919.090 ; gain = 0.000
Netlist sorting complete. Time (s): cpu = 00:00:00 ; elapsed = 00:00:00.016 . Memory (MB): peak = 1919.090 ; gain = 0.000
Phase 1.1.1 Generate And Synthesize Debug Cores | Checksum: 1433d71ef

Time (s): cpu = 00:00:01 ; elapsed = 00:00:11 . Memory (MB): peak = 1919.090 ; gain = 22.281
Phase 1.1 Core Generation And Design Setup | Checksum: 1433d71ef

Time (s): cpu = 00:00:01 ; elapsed = 00:00:11 . Memory (MB): peak = 1919.090 ; gain = 22.281

Phase 1.2 Setup Constraints And Sort Netlist
Phase 1.2 Setup Constraints And Sort Netlist | Checksum: 1433d71ef

Time (s): cpu = 00:00:01 ; elapsed = 00:00:11 . Memory (MB): peak = 1919.090 ; gain = 22.281
Phase 1 Initialization | Checksum: 1433d71ef

Time (s): cpu = 00:00:01 ; elapsed = 00:00:11 . Memory (MB): peak = 1919.090 ; gain = 22.281

Phase 2 Timer Update And Timing Data Collection

Phase 2.1 Timer Update
Phase 2.1 Timer Update | Checksum: 1433d71ef

Time (s): cpu = 00:00:02 ; elapsed = 00:00:11 . Memory (MB): peak = 1919.090 ; gain = 22.281

Phase 2.2 Timing Data Collection
Phase 2.2 Timing Data Collection | Checksum: 1433d71ef

Time (s): cpu = 00:00:02 ; elapsed = 00:00:11 . Memory (MB): peak = 1919.090 ; gain = 22.281
Phase 2 Timer Update And Timing Data Collection | Checksum: 1433d71ef

Time (s): cpu = 00:00:02 ; elapsed = 00:00:11 . Memory (MB): peak = 1919.090 ; gain = 22.281

Phase 3 Retarget
INFO: [Opt 31-1851] Number of loadless carry chains removed were: 0
INFO: [Opt 31-1834] Total Chains To Be Transformed Were: 0 AND Number of Transformed insts Created are: 0
INFO: [Opt 31-1566] Pulled 1 inverters resulting in an inversion of 13 pins
INFO: [Opt 31-138] Pushed 3 inverter(s) to 17 load pin(s).
INFO: [Opt 31-49] Retargeted 0 cell(s).
Phase 3 Retarget | Checksum: 17e615aae

Time (s): cpu = 00:00:02 ; elapsed = 00:00:11 . Memory (MB): peak = 1919.090 ; gain = 22.281
Retarget | Checksum: 17e615aae
INFO: [Opt 31-389] Phase Retarget created 85 cells and removed 129 cells
INFO: [Opt 31-1021] In phase Retarget, 65 netlist objects are constrained preventing optimization. Please run opt_design with -debug_log to get more detail. 

Phase 4 Constant propagation
INFO: [Opt 31-138] Pushed 0 inverter(s) to 0 load pin(s).
Phase 4 Constant propagation | Checksum: 210e18b7a

Time (s): cpu = 00:00:02 ; elapsed = 00:00:11 . Memory (MB): peak = 1919.090 ; gain = 22.281
Constant propagation | Checksum: 210e18b7a
INFO: [Opt 31-389] Phase Constant propagation created 97 cells and removed 174 cells
INFO: [Opt 31-1021] In phase Constant propagation, 49 netlist objects are constrained preventing optimization. Please run opt_design with -debug_log to get more detail. 

Phase 5 Sweep
INFO: [Constraints 18-11670] Building netlist checker database with flags, 0x8
Done building netlist checker database: Time (s): cpu = 00:00:00 ; elapsed = 00:00:00.005 . Memory (MB): peak = 1919.090 ; gain = 0.000
INFO: [Constraints 18-11670] Building netlist checker database with flags, 0x8
Done building netlist checker database: Time (s): cpu = 00:00:00 ; elapsed = 00:00:00.005 . Memory (MB): peak = 1919.090 ; gain = 0.000
Phase 5 Sweep | Checksum: 1e258a84f

Time (s): cpu = 00:00:02 ; elapsed = 00:00:12 . Memory (MB): peak = 1919.090 ; gain = 22.281
Sweep | Checksum: 1e258a84f
INFO: [Opt 31-389] Phase Sweep created 0 cells and removed 497 cells
INFO: [Opt 31-1021] In phase Sweep, 924 netlist objects are constrained preventing optimization. Please run opt_design with -debug_log to get more detail. 

Phase 6 BUFG optimization
Phase 6 BUFG optimization | Checksum: 1e258a84f

Time (s): cpu = 00:00:02 ; elapsed = 00:00:12 . Memory (MB): peak = 1919.090 ; gain = 22.281
BUFG optimization | Checksum: 1e258a84f
INFO: [Opt 31-662] Phase BUFG optimization created 0 cells of which 0 are BUFGs and removed 0 cells.

Phase 7 Shift Register Optimization
INFO: [Opt 31-1064] SRL Remap converted 0 SRLs to 0 registers and converted 0 registers of register chains to 0 SRLs
Phase 7 Shift Register Optimization | Checksum: 230553648

Time (s): cpu = 00:00:02 ; elapsed = 00:00:12 . Memory (MB): peak = 1919.090 ; gain = 22.281
Shift Register Optimization | Checksum: 230553648
INFO: [Opt 31-389] Phase Shift Register Optimization created 1 cells and removed 3 cells

Phase 8 Post Processing Netlist
Phase 8 Post Processing Netlist | Checksum: 18cdc85b5

Time (s): cpu = 00:00:02 ; elapsed = 00:00:12 . Memory (MB): peak = 1919.090 ; gain = 22.281
Post Processing Netlist | Checksum: 18cdc85b5
INFO: [Opt 31-389] Phase Post Processing Netlist created 0 cells and removed 0 cells
INFO: [Opt 31-1021] In phase Post Processing Netlist, 57 netlist objects are constrained preventing optimization. Please run opt_design with -debug_log to get more detail. 

Phase 9 Finalization

Phase 9.1 Finalizing Design Cores and Updating Shapes
Phase 9.1 Finalizing Design Cores and Updating Shapes | Checksum: 1e72aee32

Time (s): cpu = 00:00:03 ; elapsed = 00:00:12 . Memory (MB): peak = 1919.090 ; gain = 22.281

Phase 9.2 Verifying Netlist Connectivity

Starting Connectivity Check Task

Time (s): cpu = 00:00:00 ; elapsed = 00:00:00.014 . Memory (MB): peak = 1919.090 ; gain = 0.000
Phase 9.2 Verifying Netlist Connectivity | Checksum: 1e72aee32

Time (s): cpu = 00:00:03 ; elapsed = 00:00:12 . Memory (MB): peak = 1919.090 ; gain = 22.281
Phase 9 Finalization | Checksum: 1e72aee32

Time (s): cpu = 00:00:03 ; elapsed = 00:00:12 . Memory (MB): peak = 1919.090 ; gain = 22.281
Opt_design Change Summary
=========================


-------------------------------------------------------------------------------------------------------------------------
|  Phase                        |  #Cells created  |  #Cells Removed  |  #Constrained objects preventing optimizations  |
-------------------------------------------------------------------------------------------------------------------------
|  Retarget                     |              85  |             129  |                                             65  |
|  Constant propagation         |              97  |             174  |                                             49  |
|  Sweep                        |               0  |             497  |                                            924  |
|  BUFG optimization            |               0  |               0  |                                              0  |
|  Shift Register Optimization  |               1  |               3  |                                              0  |
|  Post Processing Netlist      |               0  |               0  |                                             57  |
-------------------------------------------------------------------------------------------------------------------------


Ending Logic Optimization Task | Checksum: 1e72aee32

Time (s): cpu = 00:00:03 ; elapsed = 00:00:12 . Memory (MB): peak = 1919.090 ; gain = 22.281

Starting Power Optimization Task
INFO: [Pwropt 34-132] Skipping clock gating for clocks with a period < 2.00 ns.
INFO: [Pwropt 34-9] Applying IDT optimizations ...
INFO: [Pwropt 34-10] Applying ODC optimizations ...
INFO: [Timing 38-35] Done setting XDC timing constraints.
Running Vector-less Activity Propagation...

Finished Running Vector-less Activity Propagation


Starting PowerOpt Patch Enables Task
INFO: [Pwropt 34-162] WRITE_MODE attribute of 0 BRAM(s) out of a total of 10 has been updated to save power. Run report_power_opt to get a complete listing of the BRAMs updated.
INFO: [Pwropt 34-201] Structural ODC has moved 0 WE to EN ports
Number of BRAM Ports augmented: 9 newly gated: 0 Total Ports: 20
Ending PowerOpt Patch Enables Task | Checksum: 15dfae092

Time (s): cpu = 00:00:01 ; elapsed = 00:00:00.041 . Memory (MB): peak = 2036.727 ; gain = 0.000
Ending Power Optimization Task | Checksum: 15dfae092

Time (s): cpu = 00:00:03 ; elapsed = 00:00:02 . Memory (MB): peak = 2036.727 ; gain = 117.637

Starting Final Cleanup Task
Ending Final Cleanup Task | Checksum: 15dfae092

Time (s): cpu = 00:00:00 ; elapsed = 00:00:00.002 . Memory (MB): peak = 2036.727 ; gain = 0.000

Starting Netlist Obfuscation Task
Netlist sorting complete. Time (s): cpu = 00:00:00 ; elapsed = 00:00:00.005 . Memory (MB): peak = 2036.727 ; gain = 0.000
Ending Netlist Obfuscation Task | Checksum: 137149230

Time (s): cpu = 00:00:00 ; elapsed = 00:00:00.007 . Memory (MB): peak = 2036.727 ; gain = 0.000
INFO: [Common 17-83] Releasing license: Implementation
57 Infos, 0 Warnings, 0 Critical Warnings and 0 Errors encountered.
opt_design completed successfully
opt_design: Time (s): cpu = 00:00:13 ; elapsed = 00:00:21 . Memory (MB): peak = 2036.727 ; gain = 1121.266
INFO: [Vivado 12-24828] Executing command : report_drc -file system_wrapper_drc_opted.rpt -pb system_wrapper_drc_opted.pb -rpx system_wrapper_drc_opted.rpx
Command: report_drc -file system_wrapper_drc_opted.rpt -pb system_wrapper_drc_opted.pb -rpx system_wrapper_drc_opted.rpx
INFO: [IP_Flow 19-1839] IP Catalog is up to date.
INFO: [DRC 23-27] Running DRC with 2 threads
INFO: [Vivado_Tcl 2-168] The results of DRC are in file X:/part4/vivado_part4_zynq/fft_pl_ps_part4_zynq.runs/impl_1/system_wrapper_drc_opted.rpt.
report_drc completed successfully
INFO: [Timing 38-35] Done setting XDC timing constraints.
INFO: [Timing 38-480] Writing timing data to binary archive.
Wrote PlaceDB: Time (s): cpu = 00:00:00 ; elapsed = 00:00:00.012 . Memory (MB): peak = 2036.727 ; gain = 0.000
Wrote PulsedLatchDB: Time (s): cpu = 00:00:00 ; elapsed = 00:00:00 . Memory (MB): peak = 2036.727 ; gain = 0.000
Writing XDEF routing.
Write ShapeDB Complete: Time (s): cpu = 00:00:00 ; elapsed = 00:00:00.026 . Memory (MB): peak = 2036.727 ; gain = 0.000
Writing XDEF routing logical nets.
Writing XDEF routing special nets.
Wrote RouteStorage: Time (s): cpu = 00:00:00 ; elapsed = 00:00:00.027 . Memory (MB): peak = 2036.727 ; gain = 0.000
Wrote Netlist Cache: Time (s): cpu = 00:00:00 ; elapsed = 00:00:00.001 . Memory (MB): peak = 2036.727 ; gain = 0.000
Wrote Device Cache: Time (s): cpu = 00:00:00 ; elapsed = 00:00:00.007 . Memory (MB): peak = 2036.727 ; gain = 0.000
Write Physdb Complete: Time (s): cpu = 00:00:00 ; elapsed = 00:00:00.051 . Memory (MB): peak = 2036.727 ; gain = 0.000
INFO: [Common 17-1381] The checkpoint 'X:/part4/vivado_part4_zynq/fft_pl_ps_part4_zynq.runs/impl_1/system_wrapper_opt.dcp' has been generated.
INFO: [Chipscope 16-240] Debug cores have already been implemented
Command: place_design
Attempting to get a license for feature 'Implementation' and/or device 'xc7z020'
INFO: [Common 17-349] Got license for feature 'Implementation' and/or device 'xc7z020'
INFO: [Common 17-83] Releasing license: Implementation
INFO: [DRC 23-27] Running DRC with 2 threads
INFO: [Vivado_Tcl 4-198] DRC finished with 0 Errors
INFO: [Vivado_Tcl 4-199] Please refer to the DRC report (report_drc) for more information.
Running DRC as a precondition to command place_design
INFO: [DRC 23-27] Running DRC with 2 threads
INFO: [Vivado_Tcl 4-198] DRC finished with 0 Errors
INFO: [Vivado_Tcl 4-199] Please refer to the DRC report (report_drc) for more information.
INFO: [Place 30-611] Multithreading enabled for place_design using a maximum of 2 CPUs

Starting Placer Task

Phase 1 Placer Initialization

Phase 1.1 Placer Initialization Netlist Sorting
Netlist sorting complete. Time (s): cpu = 00:00:00 ; elapsed = 00:00:00.005 . Memory (MB): peak = 2036.727 ; gain = 0.000
Phase 1.1 Placer Initialization Netlist Sorting | Checksum: eb7b6b6e

Time (s): cpu = 00:00:00 ; elapsed = 00:00:00.008 . Memory (MB): peak = 2036.727 ; gain = 0.000
Netlist sorting complete. Time (s): cpu = 00:00:00 ; elapsed = 00:00:00.004 . Memory (MB): peak = 2036.727 ; gain = 0.000

Phase 1.2 IO Placement/ Clock Placement/ Build Placer Device
Phase 1.2 IO Placement/ Clock Placement/ Build Placer Device | Checksum: 1166382e9

Time (s): cpu = 00:00:00 ; elapsed = 00:00:00.580 . Memory (MB): peak = 2036.727 ; gain = 0.000

Phase 1.3 Build Placer Netlist Model
Phase 1.3 Build Placer Netlist Model | Checksum: 1c2a02cc0

Time (s): cpu = 00:00:02 ; elapsed = 00:00:02 . Memory (MB): peak = 2036.727 ; gain = 0.000

Phase 1.4 Constrain Clocks/Macros
Phase 1.4 Constrain Clocks/Macros | Checksum: 1c2a02cc0

Time (s): cpu = 00:00:02 ; elapsed = 00:00:02 . Memory (MB): peak = 2036.727 ; gain = 0.000
Phase 1 Placer Initialization | Checksum: 1c2a02cc0

Time (s): cpu = 00:00:02 ; elapsed = 00:00:02 . Memory (MB): peak = 2036.727 ; gain = 0.000

Phase 2 Global Placement

Phase 2.1 Floorplanning
Phase 2.1 Floorplanning | Checksum: 19aaede05

Time (s): cpu = 00:00:03 ; elapsed = 00:00:02 . Memory (MB): peak = 2036.727 ; gain = 0.000

Phase 2.2 Update Timing before SLR Path Opt
Phase 2.2 Update Timing before SLR Path Opt | Checksum: 1527fa591

Time (s): cpu = 00:00:03 ; elapsed = 00:00:03 . Memory (MB): peak = 2036.727 ; gain = 0.000

Phase 2.3 Post-Processing in Floorplanning
Phase 2.3 Post-Processing in Floorplanning | Checksum: 11cbb61c7

Time (s): cpu = 00:00:03 ; elapsed = 00:00:03 . Memory (MB): peak = 2036.727 ; gain = 0.000

Phase 2.4 Global Place Phase1
Phase 2.4 Global Place Phase1 | Checksum: 140075a14

Time (s): cpu = 00:00:09 ; elapsed = 00:00:06 . Memory (MB): peak = 2036.727 ; gain = 0.000

Phase 2.5 Global Place Phase2

Phase 2.5.1 UpdateTiming Before Physical Synthesis
Phase 2.5.1 UpdateTiming Before Physical Synthesis | Checksum: 15ffe2e4c

Time (s): cpu = 00:00:09 ; elapsed = 00:00:06 . Memory (MB): peak = 2036.727 ; gain = 0.000

Phase 2.5.2 Physical Synthesis In Placer
INFO: [Physopt 32-1035] Found 1 LUTNM shape to break, 277 LUT instances to create LUTNM shape
INFO: [Physopt 32-1044] Break lutnm for timing: one critical 1, two critical 0, total 1, new lutff created 0
INFO: [Physopt 32-1138] End 1 Pass. Optimized 126 nets or LUTs. Breaked 1 LUT, combined 125 existing LUTs and moved 0 existing LUT
INFO: [Physopt 32-65] No nets found for high-fanout optimization.
INFO: [Physopt 32-232] Optimized 0 net. Created 0 new instance.
INFO: [Physopt 32-775] End 1 Pass. Optimized 0 net or cell. Created 0 new cell, deleted 0 existing cell and moved 0 existing cell
INFO: [Physopt 32-457] Pass 1. Identified 2 candidate cells for DSP register optimization.
INFO: [Physopt 32-665] Processed cell system_i/fft_pl_ps_0/inst/u_fft_freqwin_top/u_three_term/round_w_return1__2. 12 registers were pushed out.
INFO: [Physopt 32-665] Processed cell system_i/fft_pl_ps_0/inst/u_fft_freqwin_top/u_three_term/round_w_return1__0. 12 registers were pushed out.
INFO: [Physopt 32-775] End 2 Pass. Optimized 2 nets or cells. Created 24 new cells, deleted 0 existing cell and moved 0 existing cell
Netlist sorting complete. Time (s): cpu = 00:00:00 ; elapsed = 00:00:00.008 . Memory (MB): peak = 2036.727 ; gain = 0.000
INFO: [Physopt 32-1123] No candidate cells found for Shift Register to Pipeline optimization
INFO: [Physopt 32-775] End 2 Pass. Optimized 0 net or cell. Created 0 new cell, deleted 0 existing cell and moved 0 existing cell
INFO: [Physopt 32-1401] No candidate cells found for Shift Register optimization.
INFO: [Physopt 32-677] No candidate cells for Shift Register optimization found in the design
INFO: [Physopt 32-775] End 1 Pass. Optimized 0 net or cell. Created 0 new cell, deleted 0 existing cell and moved 0 existing cell
INFO: [Physopt 32-526] No candidate cells for BRAM register optimization found in the design
INFO: [Physopt 32-775] End 1 Pass. Optimized 0 net or cell. Created 0 new cell, deleted 0 existing cell and moved 0 existing cell
INFO: [Physopt 32-846] No candidate cells for URAM register optimization found in the design
INFO: [Physopt 32-775] End 1 Pass. Optimized 0 net or cell. Created 0 new cell, deleted 0 existing cell and moved 0 existing cell
INFO: [Physopt 32-846] No candidate cells for URAM register optimization found in the design
INFO: [Physopt 32-775] End 1 Pass. Optimized 0 net or cell. Created 0 new cell, deleted 0 existing cell and moved 0 existing cell
INFO: [Physopt 32-949] No candidate nets found for dynamic/static region interface net replication
INFO: [Physopt 32-775] End 1 Pass. Optimized 0 net or cell. Created 0 new cell, deleted 0 existing cell and moved 0 existing cell
Netlist sorting complete. Time (s): cpu = 00:00:00 ; elapsed = 00:00:00.004 . Memory (MB): peak = 2036.727 ; gain = 0.000

Summary of Physical Synthesis Optimizations
============================================


-----------------------------------------------------------------------------------------------------------------------------------------------------------
|  Optimization                                     |  Added Cells  |  Removed Cells  |  Optimized Cells/Nets  |  Dont Touch  |  Iterations  |  Elapsed   |
-----------------------------------------------------------------------------------------------------------------------------------------------------------
|  LUT Combining                                    |            1  |            125  |                   126  |           0  |           1  |  00:00:00  |
|  Retime                                           |            0  |              0  |                     0  |           0  |           1  |  00:00:00  |
|  Very High Fanout                                 |            0  |              0  |                     0  |           0  |           1  |  00:00:00  |
|  DSP Register                                     |           24  |              0  |                     2  |           0  |           1  |  00:00:00  |
|  Shift Register to Pipeline                       |            0  |              0  |                     0  |           0  |           1  |  00:00:00  |
|  Shift Register                                   |            0  |              0  |                     0  |           0  |           1  |  00:00:00  |
|  BRAM Register                                    |            0  |              0  |                     0  |           0  |           1  |  00:00:00  |
|  URAM Register                                    |            0  |              0  |                     0  |           0  |           1  |  00:00:00  |
|  Dynamic/Static Region Interface Net Replication  |            0  |              0  |                     0  |           0  |           1  |  00:00:00  |
|  Total                                            |           25  |            125  |                   128  |           0  |           9  |  00:00:00  |
-----------------------------------------------------------------------------------------------------------------------------------------------------------


Phase 2.5.2 Physical Synthesis In Placer | Checksum: 209a7bf89

Time (s): cpu = 00:00:10 ; elapsed = 00:00:07 . Memory (MB): peak = 2036.727 ; gain = 0.000
Phase 2.5 Global Place Phase2 | Checksum: 1865639b7

Time (s): cpu = 00:00:10 ; elapsed = 00:00:07 . Memory (MB): peak = 2036.727 ; gain = 0.000
Phase 2 Global Placement | Checksum: 1865639b7

Time (s): cpu = 00:00:10 ; elapsed = 00:00:07 . Memory (MB): peak = 2036.727 ; gain = 0.000

Phase 3 Detail Placement

Phase 3.1 Commit Multi Column Macros
Phase 3.1 Commit Multi Column Macros | Checksum: c38ad964

Time (s): cpu = 00:00:11 ; elapsed = 00:00:07 . Memory (MB): peak = 2036.727 ; gain = 0.000

Phase 3.2 Commit Most Macros & LUTRAMs
Phase 3.2 Commit Most Macros & LUTRAMs | Checksum: 158020a0c

Time (s): cpu = 00:00:12 ; elapsed = 00:00:08 . Memory (MB): peak = 2036.727 ; gain = 0.000

Phase 3.3 Area Swap Optimization
Phase 3.3 Area Swap Optimization | Checksum: 15a00fa49

Time (s): cpu = 00:00:12 ; elapsed = 00:00:08 . Memory (MB): peak = 2036.727 ; gain = 0.000

Phase 3.4 Pipeline Register Optimization
Phase 3.4 Pipeline Register Optimization | Checksum: 185546a1e

Time (s): cpu = 00:00:12 ; elapsed = 00:00:08 . Memory (MB): peak = 2036.727 ; gain = 0.000

Phase 3.5 Fast Optimization
Phase 3.5 Fast Optimization | Checksum: 1907d1130

Time (s): cpu = 00:00:15 ; elapsed = 00:00:10 . Memory (MB): peak = 2036.727 ; gain = 0.000

Phase 3.6 Small Shape Detail Placement
Phase 3.6 Small Shape Detail Placement | Checksum: 193122360

Time (s): cpu = 00:00:16 ; elapsed = 00:00:11 . Memory (MB): peak = 2036.727 ; gain = 0.000

Phase 3.7 Re-assign LUT pins
Phase 3.7 Re-assign LUT pins | Checksum: 10bf6a90d

Time (s): cpu = 00:00:16 ; elapsed = 00:00:12 . Memory (MB): peak = 2036.727 ; gain = 0.000

Phase 3.8 Pipeline Register Optimization
Phase 3.8 Pipeline Register Optimization | Checksum: 1c66f101a

Time (s): cpu = 00:00:16 ; elapsed = 00:00:12 . Memory (MB): peak = 2036.727 ; gain = 0.000

Phase 3.9 Fast Optimization
Phase 3.9 Fast Optimization | Checksum: 11bfba648

Time (s): cpu = 00:00:19 ; elapsed = 00:00:13 . Memory (MB): peak = 2036.727 ; gain = 0.000
Phase 3 Detail Placement | Checksum: 11bfba648

Time (s): cpu = 00:00:19 ; elapsed = 00:00:13 . Memory (MB): peak = 2036.727 ; gain = 0.000

Phase 4 Post Placement Optimization and Clean-Up

Phase 4.1 Post Commit Optimization
INFO: [Timing 38-35] Done setting XDC timing constraints.

Phase 4.1.1 Post Placement Optimization
Post Placement Optimization Initialization | Checksum: 10c82fd38

Phase 4.1.1.1 BUFG Insertion

Starting Physical Synthesis Task

Phase 1 Physical Synthesis Initialization
INFO: [Physopt 32-721] Multithreading enabled for phys_opt_design using a maximum of 2 CPUs
INFO: [Physopt 32-619] Estimated Timing Summary | WNS=-0.600 | TNS=-1.986 |
Phase 1 Physical Synthesis Initialization | Checksum: c583b251

Time (s): cpu = 00:00:00 ; elapsed = 00:00:00.262 . Memory (MB): peak = 2036.727 ; gain = 0.000
INFO: [Place 46-33] Processed net system_i/fft_pl_ps_0/inst/u_fft_freqwin_top/u_xfft_0/U0/i_synth/axi_wrapper/ce_w2c, BUFG insertion was skipped due to placement/routing conflicts.
INFO: [Place 46-56] BUFG insertion identified 1 candidate nets. Inserted BUFG: 0, Replicated BUFG Driver: 0, Skipped due to Placement/Routing Conflicts: 1, Skipped due to Timing Degradation: 0, Skipped due to netlist editing failed: 0.
Ending Physical Synthesis Task | Checksum: 14b564174

Time (s): cpu = 00:00:00 ; elapsed = 00:00:00.387 . Memory (MB): peak = 2036.727 ; gain = 0.000
Phase 4.1.1.1 BUFG Insertion | Checksum: 10c82fd38

Time (s): cpu = 00:00:21 ; elapsed = 00:00:15 . Memory (MB): peak = 2036.727 ; gain = 0.000

Phase 4.1.1.2 Post Placement Timing Optimization
INFO: [Place 30-746] Post Placement Timing Summary WNS=0.091. For the most accurate timing information please run report_timing.
Phase 4.1.1.2 Post Placement Timing Optimization | Checksum: 8c2acb81

Time (s): cpu = 00:00:32 ; elapsed = 00:00:25 . Memory (MB): peak = 2036.727 ; gain = 0.000

Time (s): cpu = 00:00:32 ; elapsed = 00:00:25 . Memory (MB): peak = 2036.727 ; gain = 0.000
Phase 4.1 Post Commit Optimization | Checksum: 8c2acb81

Time (s): cpu = 00:00:32 ; elapsed = 00:00:25 . Memory (MB): peak = 2036.727 ; gain = 0.000

Phase 4.2 Post Placement Cleanup
Phase 4.2 Post Placement Cleanup | Checksum: 8c2acb81

Time (s): cpu = 00:00:32 ; elapsed = 00:00:26 . Memory (MB): peak = 2036.727 ; gain = 0.000

Phase 4.3 Placer Reporting

Phase 4.3.1 Print Estimated Congestion
INFO: [Place 30-612] Post-Placement Estimated Congestion 
 ____________________________________________________
|           | Global Congestion | Short Congestion  |
| Direction | Region Size       | Region Size       |
|___________|___________________|___________________|
|      North|                1x1|                1x1|
|___________|___________________|___________________|
|      South|                1x1|                2x2|
|___________|___________________|___________________|
|       East|                1x1|                1x1|
|___________|___________________|___________________|
|       West|                1x1|                1x1|
|___________|___________________|___________________|

Phase 4.3.1 Print Estimated Congestion | Checksum: 8c2acb81

Time (s): cpu = 00:00:32 ; elapsed = 00:00:26 . Memory (MB): peak = 2036.727 ; gain = 0.000
Phase 4.3 Placer Reporting | Checksum: 8c2acb81

Time (s): cpu = 00:00:32 ; elapsed = 00:00:26 . Memory (MB): peak = 2036.727 ; gain = 0.000

Phase 4.4 Final Placement Cleanup
Netlist sorting complete. Time (s): cpu = 00:00:00 ; elapsed = 00:00:00.005 . Memory (MB): peak = 2036.727 ; gain = 0.000

Time (s): cpu = 00:00:32 ; elapsed = 00:00:26 . Memory (MB): peak = 2036.727 ; gain = 0.000
Phase 4 Post Placement Optimization and Clean-Up | Checksum: 11db326dc

Time (s): cpu = 00:00:32 ; elapsed = 00:00:26 . Memory (MB): peak = 2036.727 ; gain = 0.000
Ending Placer Task | Checksum: 1139d201f

Time (s): cpu = 00:00:32 ; elapsed = 00:00:26 . Memory (MB): peak = 2036.727 ; gain = 0.000
104 Infos, 0 Warnings, 0 Critical Warnings and 0 Errors encountered.
place_design completed successfully
place_design: Time (s): cpu = 00:00:34 ; elapsed = 00:00:27 . Memory (MB): peak = 2036.727 ; gain = 0.000
INFO: [Vivado 12-24838] Running report commands "report_control_sets, report_io, report_utilization" in parallel.
Running report generation with 2 threads.
INFO: [Vivado 12-24828] Executing command : report_io -file system_wrapper_io_placed.rpt
report_io: Time (s): cpu = 00:00:00 ; elapsed = 00:00:00.037 . Memory (MB): peak = 2036.727 ; gain = 0.000
INFO: [Vivado 12-24828] Executing command : report_control_sets -verbose -file system_wrapper_control_sets_placed.rpt
report_control_sets: Time (s): cpu = 00:00:00 ; elapsed = 00:00:00.025 . Memory (MB): peak = 2036.727 ; gain = 0.000
INFO: [Vivado 12-24828] Executing command : report_utilization -file system_wrapper_utilization_placed.rpt -pb system_wrapper_utilization_placed.pb
INFO: [Timing 38-480] Writing timing data to binary archive.
Write ShapeDB Complete: Time (s): cpu = 00:00:00 ; elapsed = 00:00:00.035 . Memory (MB): peak = 2036.727 ; gain = 0.000
Wrote PlaceDB: Time (s): cpu = 00:00:01 ; elapsed = 00:00:00.553 . Memory (MB): peak = 2036.727 ; gain = 0.000
Wrote PulsedLatchDB: Time (s): cpu = 00:00:00 ; elapsed = 00:00:00 . Memory (MB): peak = 2036.727 ; gain = 0.000
Writing XDEF routing.
Writing XDEF routing logical nets.
Writing XDEF routing special nets.
Wrote RouteStorage: Time (s): cpu = 00:00:00 ; elapsed = 00:00:00.025 . Memory (MB): peak = 2036.727 ; gain = 0.000
Wrote Netlist Cache: Time (s): cpu = 00:00:00 ; elapsed = 00:00:00.009 . Memory (MB): peak = 2036.727 ; gain = 0.000
Wrote Device Cache: Time (s): cpu = 00:00:00 ; elapsed = 00:00:00.006 . Memory (MB): peak = 2036.727 ; gain = 0.000
Write Physdb Complete: Time (s): cpu = 00:00:01 ; elapsed = 00:00:00.601 . Memory (MB): peak = 2036.727 ; gain = 0.000
INFO: [Common 17-1381] The checkpoint 'X:/part4/vivado_part4_zynq/fft_pl_ps_part4_zynq.runs/impl_1/system_wrapper_placed.dcp' has been generated.
Command: phys_opt_design
Attempting to get a license for feature 'Implementation' and/or device 'xc7z020'
INFO: [Common 17-349] Got license for feature 'Implementation' and/or device 'xc7z020'

Starting Initial Update Timing Task

Time (s): cpu = 00:00:02 ; elapsed = 00:00:00.935 . Memory (MB): peak = 2036.727 ; gain = 0.000
INFO: [Vivado_Tcl 4-2279] Estimated Timing Summary | WNS= 0.091 | TNS= 0.000 | 
INFO: [Vivado_Tcl 4-383] Design worst setup slack (WNS) is greater than or equal to 0.000 ns. All physical synthesis setup optimizations will be skipped.
INFO: [Vivado_Tcl 4-232] No setup violation found. The netlist was not modified.
INFO: [Common 17-83] Releasing license: Implementation
115 Infos, 0 Warnings, 0 Critical Warnings and 0 Errors encountered.
phys_opt_design completed successfully
INFO: [Timing 38-480] Writing timing data to binary archive.
Write ShapeDB Complete: Time (s): cpu = 00:00:00 ; elapsed = 00:00:00.036 . Memory (MB): peak = 2036.727 ; gain = 0.000
Wrote PlaceDB: Time (s): cpu = 00:00:01 ; elapsed = 00:00:00.554 . Memory (MB): peak = 2036.727 ; gain = 0.000
Wrote PulsedLatchDB: Time (s): cpu = 00:00:00 ; elapsed = 00:00:00 . Memory (MB): peak = 2036.727 ; gain = 0.000
Writing XDEF routing.
Writing XDEF routing logical nets.
Writing XDEF routing special nets.
Wrote RouteStorage: Time (s): cpu = 00:00:00 ; elapsed = 00:00:00.025 . Memory (MB): peak = 2036.727 ; gain = 0.000
Wrote Netlist Cache: Time (s): cpu = 00:00:00 ; elapsed = 00:00:00.010 . Memory (MB): peak = 2036.727 ; gain = 0.000
Wrote Device Cache: Time (s): cpu = 00:00:00 ; elapsed = 00:00:00.007 . Memory (MB): peak = 2036.727 ; gain = 0.000
Write Physdb Complete: Time (s): cpu = 00:00:01 ; elapsed = 00:00:00.604 . Memory (MB): peak = 2036.727 ; gain = 0.000
INFO: [Common 17-1381] The checkpoint 'X:/part4/vivado_part4_zynq/fft_pl_ps_part4_zynq.runs/impl_1/system_wrapper_physopt.dcp' has been generated.
Command: route_design
Attempting to get a license for feature 'Implementation' and/or device 'xc7z020'
INFO: [Common 17-349] Got license for feature 'Implementation' and/or device 'xc7z020'


Starting Routing Task
INFO: [Route 35-254] Multithreading enabled for route_design using a maximum of 2 CPUs

Phase 1 Build RT Design
Checksum: PlaceDB: b5a2c3 ConstDB: 0 ShapeSum: fcee0a6c RouteDB: 15f972f0
Post Restoration Checksum: NetGraph: bff2e7ea | NumContArr: 483228c8 | Constraints: c2a8fa9d | Timing: c2a8fa9d
Phase 1 Build RT Design | Checksum: 28d7705ec

Time (s): cpu = 00:00:16 ; elapsed = 00:00:14 . Memory (MB): peak = 2114.805 ; gain = 78.078

Phase 2 Router Initialization

Phase 2.1 Fix Topology Constraints
Phase 2.1 Fix Topology Constraints | Checksum: 28d7705ec

Time (s): cpu = 00:00:16 ; elapsed = 00:00:14 . Memory (MB): peak = 2114.805 ; gain = 78.078

Phase 2.2 Pre Route Cleanup
Phase 2.2 Pre Route Cleanup | Checksum: 28d7705ec

Time (s): cpu = 00:00:16 ; elapsed = 00:00:14 . Memory (MB): peak = 2114.805 ; gain = 78.078
 Number of Nodes with overlaps = 0

Phase 2.3 Update Timing
Phase 2.3 Update Timing | Checksum: 1b37bcd1d

Time (s): cpu = 00:00:19 ; elapsed = 00:00:16 . Memory (MB): peak = 2164.508 ; gain = 127.781
INFO: [Route 35-416] Intermediate Timing Summary | WNS=0.009  | TNS=0.000  | WHS=-0.356 | THS=-333.414|


Phase 2.4 Update Timing for Bus Skew

Phase 2.4.1 Update Timing
Phase 2.4.1 Update Timing | Checksum: 1c9ee29b1

Time (s): cpu = 00:00:21 ; elapsed = 00:00:18 . Memory (MB): peak = 2230.855 ; gain = 194.129
INFO: [Route 35-416] Intermediate Timing Summary | WNS=0.009  | TNS=0.000  | WHS=-0.251 | THS=-4.955 |

Phase 2.4 Update Timing for Bus Skew | Checksum: 1e8ef9767

Time (s): cpu = 00:00:21 ; elapsed = 00:00:18 . Memory (MB): peak = 2230.855 ; gain = 194.129

Router Utilization Summary
  Global Vertical Routing Utilization    = 0 %
  Global Horizontal Routing Utilization  = 0 %
  Routable Net Status*
  *Does not include unroutable nets such as driverless and loadless.
  Run report_route_status for detailed report.
  Number of Failed Nets               = 11592
    (Failed Nets is the sum of unrouted and partially routed nets)
  Number of Unrouted Nets             = 11592
  Number of Partially Routed Nets     = 0
  Number of Node Overlaps             = 0

Phase 2 Router Initialization | Checksum: 21d5d0007

Time (s): cpu = 00:00:21 ; elapsed = 00:00:18 . Memory (MB): peak = 2230.855 ; gain = 194.129

Phase 3 Global Routing
Phase 3 Global Routing | Checksum: 21d5d0007

Time (s): cpu = 00:00:21 ; elapsed = 00:00:18 . Memory (MB): peak = 2230.855 ; gain = 194.129

Phase 4 Initial Routing

Phase 4.1 Initial Net Routing Pass
Phase 4.1 Initial Net Routing Pass | Checksum: 377d05fa8

Time (s): cpu = 00:00:23 ; elapsed = 00:00:19 . Memory (MB): peak = 2230.855 ; gain = 194.129
Phase 4 Initial Routing | Checksum: 377d05fa8

Time (s): cpu = 00:00:23 ; elapsed = 00:00:19 . Memory (MB): peak = 2230.855 ; gain = 194.129

Phase 5 Rip-up And Reroute

Phase 5.1 Global Iteration 0
 Number of Nodes with overlaps = 1326
 Number of Nodes with overlaps = 390
 Number of Nodes with overlaps = 196
 Number of Nodes with overlaps = 58
 Number of Nodes with overlaps = 16
 Number of Nodes with overlaps = 3
 Number of Nodes with overlaps = 1
 Number of Nodes with overlaps = 0
INFO: [Route 35-416] Intermediate Timing Summary | WNS=-0.202 | TNS=-1.859 | WHS=N/A    | THS=N/A    |

Phase 5.1 Global Iteration 0 | Checksum: 1a685f596

Time (s): cpu = 00:00:32 ; elapsed = 00:00:27 . Memory (MB): peak = 2269.715 ; gain = 232.988

Phase 5.2 Global Iteration 1
 Number of Nodes with overlaps = 62
 Number of Nodes with overlaps = 39
 Number of Nodes with overlaps = 22
 Number of Nodes with overlaps = 15
 Number of Nodes with overlaps = 11
 Number of Nodes with overlaps = 10
 Number of Nodes with overlaps = 4
 Number of Nodes with overlaps = 3
 Number of Nodes with overlaps = 2
 Number of Nodes with overlaps = 0
INFO: [Route 35-416] Intermediate Timing Summary | WNS=-0.075 | TNS=-1.638 | WHS=N/A    | THS=N/A    |

Phase 5.2 Global Iteration 1 | Checksum: 340a316ea

Time (s): cpu = 00:00:35 ; elapsed = 00:00:30 . Memory (MB): peak = 2269.734 ; gain = 233.008

Phase 5.3 Global Iteration 2
 Number of Nodes with overlaps = 32
 Number of Nodes with overlaps = 30
 Number of Nodes with overlaps = 19
 Number of Nodes with overlaps = 9
 Number of Nodes with overlaps = 8
 Number of Nodes with overlaps = 4
 Number of Nodes with overlaps = 1
 Number of Nodes with overlaps = 0
INFO: [Route 35-416] Intermediate Timing Summary | WNS=-0.075 | TNS=-1.308 | WHS=N/A    | THS=N/A    |

Phase 5.3 Global Iteration 2 | Checksum: 23f25590e

Time (s): cpu = 00:00:37 ; elapsed = 00:00:32 . Memory (MB): peak = 2269.734 ; gain = 233.008
Phase 5 Rip-up And Reroute | Checksum: 23f25590e

Time (s): cpu = 00:00:37 ; elapsed = 00:00:32 . Memory (MB): peak = 2269.734 ; gain = 233.008

Phase 6 Delay and Skew Optimization

Phase 6.1 Delay CleanUp

Phase 6.1.1 Update Timing
Phase 6.1.1 Update Timing | Checksum: 22103191f

Time (s): cpu = 00:00:37 ; elapsed = 00:00:32 . Memory (MB): peak = 2269.734 ; gain = 233.008
INFO: [Route 35-416] Intermediate Timing Summary | WNS=0.055  | TNS=0.000  | WHS=N/A    | THS=N/A    |

Phase 6.1 Delay CleanUp | Checksum: 2bcbe86e0

Time (s): cpu = 00:00:37 ; elapsed = 00:00:32 . Memory (MB): peak = 2269.734 ; gain = 233.008

Phase 6.2 Clock Skew Optimization
Phase 6.2 Clock Skew Optimization | Checksum: 2bcbe86e0

Time (s): cpu = 00:00:37 ; elapsed = 00:00:32 . Memory (MB): peak = 2269.734 ; gain = 233.008
Phase 6 Delay and Skew Optimization | Checksum: 2bcbe86e0

Time (s): cpu = 00:00:37 ; elapsed = 00:00:32 . Memory (MB): peak = 2269.734 ; gain = 233.008

Phase 7 Post Hold Fix

Phase 7.1 Hold Fix Iter
INFO: [Route 35-416] Intermediate Timing Summary | WNS=0.055  | TNS=0.000  | WHS=0.025  | THS=0.000  |

Phase 7.1 Hold Fix Iter | Checksum: 1e9aecc04

Time (s): cpu = 00:00:38 ; elapsed = 00:00:32 . Memory (MB): peak = 2269.734 ; gain = 233.008
Phase 7 Post Hold Fix | Checksum: 1e9aecc04

Time (s): cpu = 00:00:38 ; elapsed = 00:00:32 . Memory (MB): peak = 2269.734 ; gain = 233.008

Phase 8 Route finalize

Router Utilization Summary
  Global Vertical Routing Utilization    = 2.12074 %
  Global Horizontal Routing Utilization  = 2.64917 %
  Routable Net Status*
  *Does not include unroutable nets such as driverless and loadless.
  Run report_route_status for detailed report.
  Number of Failed Nets               = 0
    (Failed Nets is the sum of unrouted and partially routed nets)
  Number of Unrouted Nets             = 0
  Number of Partially Routed Nets     = 0
  Number of Node Overlaps             = 0

Phase 8 Route finalize | Checksum: 1e9aecc04

Time (s): cpu = 00:00:38 ; elapsed = 00:00:32 . Memory (MB): peak = 2269.734 ; gain = 233.008

Phase 9 Verifying routed nets

 Verification completed successfully
Phase 9 Verifying routed nets | Checksum: 1e9aecc04

Time (s): cpu = 00:00:38 ; elapsed = 00:00:32 . Memory (MB): peak = 2269.734 ; gain = 233.008

Phase 10 Depositing Routes
Phase 10 Depositing Routes | Checksum: 156687261

Time (s): cpu = 00:00:38 ; elapsed = 00:00:33 . Memory (MB): peak = 2269.734 ; gain = 233.008

Phase 11 Post Process Routing
Phase 11 Post Process Routing | Checksum: 156687261

Time (s): cpu = 00:00:38 ; elapsed = 00:00:33 . Memory (MB): peak = 2269.734 ; gain = 233.008

Phase 12 Post Router Timing
INFO: [Route 35-57] Estimated Timing Summary | WNS=0.055  | TNS=0.000  | WHS=0.025  | THS=0.000  |

INFO: [Route 35-327] The final timing numbers are based on the router estimated timing analysis. For a complete and accurate timing signoff, please run report_timing_summary.
Phase 12 Post Router Timing | Checksum: 156687261

Time (s): cpu = 00:00:38 ; elapsed = 00:00:33 . Memory (MB): peak = 2269.734 ; gain = 233.008
Total Elapsed time in route_design: 32.794 secs

Phase 13 Post-Route Event Processing
Phase 13 Post-Route Event Processing | Checksum: 1a0ba2b42

Time (s): cpu = 00:00:39 ; elapsed = 00:00:33 . Memory (MB): peak = 2269.734 ; gain = 233.008
INFO: [Route 35-16] Router Completed Successfully
Ending Routing Task | Checksum: 1a0ba2b42

Time (s): cpu = 00:00:39 ; elapsed = 00:00:33 . Memory (MB): peak = 2269.734 ; gain = 233.008

Routing Is Done.
INFO: [Common 17-83] Releasing license: Implementation
130 Infos, 0 Warnings, 0 Critical Warnings and 0 Errors encountered.
route_design completed successfully
route_design: Time (s): cpu = 00:00:39 ; elapsed = 00:00:33 . Memory (MB): peak = 2269.734 ; gain = 233.008
INFO: [Vivado 12-24828] Executing command : report_drc -file system_wrapper_drc_routed.rpt -pb system_wrapper_drc_routed.pb -rpx system_wrapper_drc_routed.rpx
Command: report_drc -file system_wrapper_drc_routed.rpt -pb system_wrapper_drc_routed.pb -rpx system_wrapper_drc_routed.rpx
INFO: [IP_Flow 19-1839] IP Catalog is up to date.
INFO: [DRC 23-27] Running DRC with 2 threads
INFO: [Vivado_Tcl 2-168] The results of DRC are in file X:/part4/vivado_part4_zynq/fft_pl_ps_part4_zynq.runs/impl_1/system_wrapper_drc_routed.rpt.
report_drc completed successfully
INFO: [Vivado 12-24828] Executing command : report_methodology -file system_wrapper_methodology_drc_routed.rpt -pb system_wrapper_methodology_drc_routed.pb -rpx system_wrapper_methodology_drc_routed.rpx
Command: report_methodology -file system_wrapper_methodology_drc_routed.rpt -pb system_wrapper_methodology_drc_routed.pb -rpx system_wrapper_methodology_drc_routed.rpx
INFO: [Timing 38-35] Done setting XDC timing constraints.
INFO: [DRC 23-133] Running Methodology with 2 threads
INFO: [Vivado_Tcl 2-1520] The results of Report Methodology are in file X:/part4/vivado_part4_zynq/fft_pl_ps_part4_zynq.runs/impl_1/system_wrapper_methodology_drc_routed.rpt.
report_methodology completed successfully
INFO: [Vivado 12-24828] Executing command : report_timing_summary -max_paths 10 -report_unconstrained -file system_wrapper_timing_summary_routed.rpt -pb system_wrapper_timing_summary_routed.pb -rpx system_wrapper_timing_summary_routed.rpx -warn_on_violation 
INFO: [Timing 38-35] Done setting XDC timing constraints.
INFO: [Timing 38-91] UpdateTimingParams: Speed grade: -1, Delay Type: min_max.
INFO: [Timing 38-191] Multithreading enabled for timing update using a maximum of 2 CPUs
WARNING: [Timing 38-436] There are set_bus_skew constraint(s) in this design. Please run report_bus_skew to ensure that bus skew requirements are met.
INFO: [Vivado 12-24838] Running report commands "report_incremental_reuse, report_route_status" in parallel.
Running report generation with 2 threads.
INFO: [Vivado 12-24828] Executing command : report_incremental_reuse -file system_wrapper_incremental_reuse_routed.rpt
INFO: [Vivado_Tcl 4-1062] Incremental flow is disabled. No incremental reuse Info to report.
INFO: [Vivado 12-24828] Executing command : report_route_status -file system_wrapper_route_status.rpt -pb system_wrapper_route_status.pb
INFO: [Vivado 12-24828] Executing command : report_power -file system_wrapper_power_routed.rpt -pb system_wrapper_power_summary_routed.pb -rpx system_wrapper_power_routed.rpx
Command: report_power -file system_wrapper_power_routed.rpt -pb system_wrapper_power_summary_routed.pb -rpx system_wrapper_power_routed.rpx
Running Vector-less Activity Propagation...

Finished Running Vector-less Activity Propagation
147 Infos, 1 Warnings, 0 Critical Warnings and 0 Errors encountered.
report_power completed successfully
INFO: [Vivado 12-24828] Executing command : report_clock_utilization -file system_wrapper_clock_utilization_routed.rpt
INFO: [Vivado 12-24828] Executing command : report_bus_skew -warn_on_violation -file system_wrapper_bus_skew_routed.rpt -pb system_wrapper_bus_skew_routed.pb -rpx system_wrapper_bus_skew_routed.rpx
INFO: [Timing 38-91] UpdateTimingParams: Speed grade: -1, Delay Type: min_max.
INFO: [Timing 38-191] Multithreading enabled for timing update using a maximum of 2 CPUs
generate_parallel_reports: Time (s): cpu = 00:00:16 ; elapsed = 00:00:09 . Memory (MB): peak = 2291.375 ; gain = 21.641
INFO: [Timing 38-480] Writing timing data to binary archive.
Write ShapeDB Complete: Time (s): cpu = 00:00:00 ; elapsed = 00:00:00.038 . Memory (MB): peak = 2314.371 ; gain = 20.512
Wrote PlaceDB: Time (s): cpu = 00:00:01 ; elapsed = 00:00:00.575 . Memory (MB): peak = 2316.168 ; gain = 22.309
Wrote PulsedLatchDB: Time (s): cpu = 00:00:00 ; elapsed = 00:00:00 . Memory (MB): peak = 2316.168 ; gain = 0.000
Writing XDEF routing.
Writing XDEF routing logical nets.
Writing XDEF routing special nets.
Wrote RouteStorage: Time (s): cpu = 00:00:01 ; elapsed = 00:00:00.079 . Memory (MB): peak = 2316.168 ; gain = 0.000
Wrote Netlist Cache: Time (s): cpu = 00:00:00 ; elapsed = 00:00:00.010 . Memory (MB): peak = 2316.168 ; gain = 0.000
Wrote Device Cache: Time (s): cpu = 00:00:00 ; elapsed = 00:00:00.006 . Memory (MB): peak = 2316.168 ; gain = 0.000
Write Physdb Complete: Time (s): cpu = 00:00:02 ; elapsed = 00:00:00.678 . Memory (MB): peak = 2316.168 ; gain = 22.309
INFO: [Common 17-1381] The checkpoint 'X:/part4/vivado_part4_zynq/fft_pl_ps_part4_zynq.runs/impl_1/system_wrapper_routed.dcp' has been generated.
Command: write_bitstream -force system_wrapper.bit
Attempting to get a license for feature 'Implementation' and/or device 'xc7z020'
INFO: [Common 17-349] Got license for feature 'Implementation' and/or device 'xc7z020'
Running DRC as a precondition to command write_bitstream
INFO: [IP_Flow 19-1839] IP Catalog is up to date.
INFO: [DRC 23-27] Running DRC with 2 threads
INFO: [Vivado 12-3199] DRC finished with 0 Errors
INFO: [Vivado 12-3200] Please refer to the DRC report (report_drc) for more information.
INFO: [Designutils 20-2272] Running write_bitstream with 2 threads.
Loading data files...
Loading site data...
Loading route data...
Processing options...
Creating bitmap...
Creating bitstream...
Writing bitstream ./system_wrapper.bit...
INFO: [Vivado 12-1842] Bitgen Completed Successfully.
INFO: [Project 1-1876] WebTalk data collection is mandatory when using a ULT device. To see the specific WebTalk data collected for your design, open the usage_statistics_webtalk.html or usage_statistics_webtalk.xml file in the implementation directory.
INFO: [Common 17-83] Releasing license: Implementation
162 Infos, 1 Warnings, 0 Critical Warnings and 0 Errors encountered.
write_bitstream completed successfully
write_bitstream: Time (s): cpu = 00:00:13 ; elapsed = 00:00:09 . Memory (MB): peak = 2812.711 ; gain = 496.543
INFO: [Common 17-206] Exiting Vivado at Tue May  5 00:58:26 2026...

*** Running vivado
    with args -log system_wrapper.vdi -applog -m64 -product Vivado -messageDb vivado.pb -mode batch -source system_wrapper.tcl -notrace



****** Vivado v2024.2 (64-bit)
  **** SW Build 5239630 on Fri Nov 08 22:35:27 MST 2024
  **** IP Build 5239520 on Sun Nov 10 16:12:51 MST 2024
  **** SharedData Build 5239561 on Fri Nov 08 14:39:27 MST 2024
  **** Start of session at: Tue May  5 13:18:29 2026
    ** Copyright 1986-2022 Xilinx, Inc. All Rights Reserved.
    ** Copyright 2022-2024 Advanced Micro Devices, Inc. All Rights Reserved.

source system_wrapper.tcl -notrace
Command: open_checkpoint system_wrapper_routed.dcp
INFO: [Device 21-403] Loading part xc7z020clg400-1
Netlist sorting complete. Time (s): cpu = 00:00:00 ; elapsed = 00:00:00.131 . Memory (MB): peak = 728.328 ; gain = 0.000
INFO: [Netlist 29-17] Analyzing 983 Unisim elements for replacement
INFO: [Netlist 29-28] Unisim Transformation completed in 1 CPU seconds
INFO: [Project 1-479] Netlist was created with Vivado 2024.2
INFO: [Project 1-570] Preparing netlist for logic optimization
Read ShapeDB Complete: Time (s): cpu = 00:00:00 ; elapsed = 00:00:00.041 . Memory (MB): peak = 871.504 ; gain = 4.984
INFO: [Timing 38-478] Restoring timing data from binary archive.
INFO: [Timing 38-479] Binary timing data restore complete.
INFO: [Project 1-856] Restoring constraints from binary archive.
INFO: [Project 1-853] Binary constraint restore complete.
INFO: [Designutils 20-5722] Start Reading Physical Databases.
Reading placement.
Read Netlist Cache: Time (s): cpu = 00:00:00 ; elapsed = 00:00:00.006 . Memory (MB): peak = 1467.629 ; gain = 0.000
Reading placer database...
Read Device Cache: Time (s): cpu = 00:00:00 ; elapsed = 00:00:00.012 . Memory (MB): peak = 1467.629 ; gain = 0.000
Read PlaceDB: Time (s): cpu = 00:00:01 ; elapsed = 00:00:00.363 . Memory (MB): peak = 1467.629 ; gain = 0.000
Read PulsedLatchDB: Time (s): cpu = 00:00:00 ; elapsed = 00:00:00 . Memory (MB): peak = 1467.629 ; gain = 0.000
Reading routing.
Read RouteStorage: Time (s): cpu = 00:00:00 ; elapsed = 00:00:00.090 . Memory (MB): peak = 1475.508 ; gain = 7.879
Read Physdb Files: Time (s): cpu = 00:00:01 ; elapsed = 00:00:00.480 . Memory (MB): peak = 1475.508 ; gain = 7.879
Restored from archive | CPU: 1.000000 secs | Memory: 0.000000 MB |
Finished XDEF File Restore: Time (s): cpu = 00:00:01 ; elapsed = 00:00:00.513 . Memory (MB): peak = 1475.508 ; gain = 7.879
Netlist sorting complete. Time (s): cpu = 00:00:00 ; elapsed = 00:00:00.005 . Memory (MB): peak = 1475.508 ; gain = 0.000
INFO: [Project 1-111] Unisim Transformation Summary:
  A total of 409 instances were transformed.
  CFGLUT5 => CFGLUT5 (SRL16E, SRLC32E): 284 instances
  RAM32M => RAM32M (RAMD32(x6), RAMS32(x2)): 6 instances
  RAM64M => RAM64M (RAMD64E(x4)): 96 instances
  RAM64X1S => RAM64X1S (RAMS64E): 23 instances

INFO: [Project 1-604] Checkpoint was created with Vivado v2024.2 (64-bit) build 5239630
open_checkpoint: Time (s): cpu = 00:00:12 ; elapsed = 00:00:21 . Memory (MB): peak = 1481.164 ; gain = 1174.992
Command: write_bitstream -force system_wrapper.bit
Attempting to get a license for feature 'Implementation' and/or device 'xc7z020'
INFO: [Common 17-349] Got license for feature 'Implementation' and/or device 'xc7z020'
Running DRC as a precondition to command write_bitstream
INFO: [IP_Flow 19-234] Refreshing IP repositories
INFO: [IP_Flow 19-1704] No user IP repositories specified
INFO: [IP_Flow 19-2313] Loaded Vivado IP repository 'C:/Xilinx/Vivado/2024.2/data/ip'.
INFO: [DRC 23-27] Running DRC with 2 threads
INFO: [Vivado 12-3199] DRC finished with 0 Errors
INFO: [Vivado 12-3200] Please refer to the DRC report (report_drc) for more information.
INFO: [Designutils 20-2272] Running write_bitstream with 2 threads.
Loading data files...
Loading site data...
Loading route data...
Processing options...
Creating bitmap...
Creating bitstream...
Writing bitstream ./system_wrapper.bit...
INFO: [Vivado 12-1842] Bitgen Completed Successfully.
INFO: [Project 1-1876] WebTalk data collection is mandatory when using a ULT device. To see the specific WebTalk data collected for your design, open the usage_statistics_webtalk.html or usage_statistics_webtalk.xml file in the implementation directory.
INFO: [Common 17-83] Releasing license: Implementation
23 Infos, 0 Warnings, 0 Critical Warnings and 0 Errors encountered.
write_bitstream completed successfully
write_bitstream: Time (s): cpu = 00:00:15 ; elapsed = 00:00:12 . Memory (MB): peak = 2094.152 ; gain = 612.988
INFO: [Common 17-206] Exiting Vivado at Tue May  5 13:19:03 2026...
