Copyright 1986-2022 Xilinx, Inc. All Rights Reserved. Copyright 2022-2024 Advanced Micro Devices, Inc. All Rights Reserved.
--------------------------------------------------------------------------------------------------------------------------------------------------------------------------------
| Tool Version : Vivado v.2024.2 (win64) Build 5239630 Fri Nov 08 22:35:27 MST 2024
| Date         : Tue May  5 00:58:11 2026
| Host         : DESKTOP-PNADBHN running 64-bit major release  (build 9200)
| Command      : report_methodology -file system_wrapper_methodology_drc_routed.rpt -pb system_wrapper_methodology_drc_routed.pb -rpx system_wrapper_methodology_drc_routed.rpx
| Design       : system_wrapper
| Device       : xc7z020clg400-1
| Speed File   : -1
| Design State : Fully Routed
--------------------------------------------------------------------------------------------------------------------------------------------------------------------------------

Report Methodology

Table of Contents
-----------------
1. REPORT SUMMARY
2. REPORT DETAILS

1. REPORT SUMMARY
-----------------
            Netlist: netlist
          Floorplan: design_1
      Design limits: <entire design considered>
             Max checks: <unlimited>
             Checks found: 102
+---------+----------+---------------------------------------------+--------+
| Rule    | Severity | Description                                 | Checks |
+---------+----------+---------------------------------------------+--------+
| DPIR-1  | Warning  | Asynchronous driver check                   | 96     |
| LUTAR-1 | Warning  | LUT drives async reset alert                | 4      |
| XDCB-5  | Warning  | Runtime inefficient way to find pin objects | 2      |
+---------+----------+---------------------------------------------+--------+

2. REPORT DETAILS
-----------------
DPIR-1#1 Warning
Asynchronous driver check  
DSP system_i/fft_pl_ps_0/inst/u_fft_freqwin_top/abs_imag_sq_d10 input pin system_i/fft_pl_ps_0/inst/u_fft_freqwin_top/abs_imag_sq_d10/A[0] is connected to registers with an asynchronous reset. This is preventing the possibility of merging these registers in to the DSP Block since the DSP block registers only possess synchronous reset capability.  It is suggested to recode or change these registers to remove the reset or use a synchronous reset to get the best optimization for performance, power and area.
Related violations: <none>

DPIR-1#2 Warning
Asynchronous driver check  
DSP system_i/fft_pl_ps_0/inst/u_fft_freqwin_top/abs_imag_sq_d10 input pin system_i/fft_pl_ps_0/inst/u_fft_freqwin_top/abs_imag_sq_d10/A[10] is connected to registers with an asynchronous reset. This is preventing the possibility of merging these registers in to the DSP Block since the DSP block registers only possess synchronous reset capability.  It is suggested to recode or change these registers to remove the reset or use a synchronous reset to get the best optimization for performance, power and area.
Related violations: <none>

DPIR-1#3 Warning
Asynchronous driver check  
DSP system_i/fft_pl_ps_0/inst/u_fft_freqwin_top/abs_imag_sq_d10 input pin system_i/fft_pl_ps_0/inst/u_fft_freqwin_top/abs_imag_sq_d10/A[11] is connected to registers with an asynchronous reset. This is preventing the possibility of merging these registers in to the DSP Block since the DSP block registers only possess synchronous reset capability.  It is suggested to recode or change these registers to remove the reset or use a synchronous reset to get the best optimization for performance, power and area.
Related violations: <none>

DPIR-1#4 Warning
Asynchronous driver check  
DSP system_i/fft_pl_ps_0/inst/u_fft_freqwin_top/abs_imag_sq_d10 input pin system_i/fft_pl_ps_0/inst/u_fft_freqwin_top/abs_imag_sq_d10/A[12] is connected to registers with an asynchronous reset. This is preventing the possibility of merging these registers in to the DSP Block since the DSP block registers only possess synchronous reset capability.  It is suggested to recode or change these registers to remove the reset or use a synchronous reset to get the best optimization for performance, power and area.
Related violations: <none>

DPIR-1#5 Warning
Asynchronous driver check  
DSP system_i/fft_pl_ps_0/inst/u_fft_freqwin_top/abs_imag_sq_d10 input pin system_i/fft_pl_ps_0/inst/u_fft_freqwin_top/abs_imag_sq_d10/A[13] is connected to registers with an asynchronous reset. This is preventing the possibility of merging these registers in to the DSP Block since the DSP block registers only possess synchronous reset capability.  It is suggested to recode or change these registers to remove the reset or use a synchronous reset to get the best optimization for performance, power and area.
Related violations: <none>

DPIR-1#6 Warning
Asynchronous driver check  
DSP system_i/fft_pl_ps_0/inst/u_fft_freqwin_top/abs_imag_sq_d10 input pin system_i/fft_pl_ps_0/inst/u_fft_freqwin_top/abs_imag_sq_d10/A[14] is connected to registers with an asynchronous reset. This is preventing the possibility of merging these registers in to the DSP Block since the DSP block registers only possess synchronous reset capability.  It is suggested to recode or change these registers to remove the reset or use a synchronous reset to get the best optimization for performance, power and area.
Related violations: <none>

DPIR-1#7 Warning
Asynchronous driver check  
DSP system_i/fft_pl_ps_0/inst/u_fft_freqwin_top/abs_imag_sq_d10 input pin system_i/fft_pl_ps_0/inst/u_fft_freqwin_top/abs_imag_sq_d10/A[15] is connected to registers with an asynchronous reset. This is preventing the possibility of merging these registers in to the DSP Block since the DSP block registers only possess synchronous reset capability.  It is suggested to recode or change these registers to remove the reset or use a synchronous reset to get the best optimization for performance, power and area.
Related violations: <none>

DPIR-1#8 Warning
Asynchronous driver check  
DSP system_i/fft_pl_ps_0/inst/u_fft_freqwin_top/abs_imag_sq_d10 input pin system_i/fft_pl_ps_0/inst/u_fft_freqwin_top/abs_imag_sq_d10/A[16] is connected to registers with an asynchronous reset. This is preventing the possibility of merging these registers in to the DSP Block since the DSP block registers only possess synchronous reset capability.  It is suggested to recode or change these registers to remove the reset or use a synchronous reset to get the best optimization for performance, power and area.
Related violations: <none>

DPIR-1#9 Warning
Asynchronous driver check  
DSP system_i/fft_pl_ps_0/inst/u_fft_freqwin_top/abs_imag_sq_d10 input pin system_i/fft_pl_ps_0/inst/u_fft_freqwin_top/abs_imag_sq_d10/A[17] is connected to registers with an asynchronous reset. This is preventing the possibility of merging these registers in to the DSP Block since the DSP block registers only possess synchronous reset capability.  It is suggested to recode or change these registers to remove the reset or use a synchronous reset to get the best optimization for performance, power and area.
Related violations: <none>

DPIR-1#10 Warning
Asynchronous driver check  
DSP system_i/fft_pl_ps_0/inst/u_fft_freqwin_top/abs_imag_sq_d10 input pin system_i/fft_pl_ps_0/inst/u_fft_freqwin_top/abs_imag_sq_d10/A[18] is connected to registers with an asynchronous reset. This is preventing the possibility of merging these registers in to the DSP Block since the DSP block registers only possess synchronous reset capability.  It is suggested to recode or change these registers to remove the reset or use a synchronous reset to get the best optimization for performance, power and area.
Related violations: <none>

DPIR-1#11 Warning
Asynchronous driver check  
DSP system_i/fft_pl_ps_0/inst/u_fft_freqwin_top/abs_imag_sq_d10 input pin system_i/fft_pl_ps_0/inst/u_fft_freqwin_top/abs_imag_sq_d10/A[19] is connected to registers with an asynchronous reset. This is preventing the possibility of merging these registers in to the DSP Block since the DSP block registers only possess synchronous reset capability.  It is suggested to recode or change these registers to remove the reset or use a synchronous reset to get the best optimization for performance, power and area.
Related violations: <none>

DPIR-1#12 Warning
Asynchronous driver check  
DSP system_i/fft_pl_ps_0/inst/u_fft_freqwin_top/abs_imag_sq_d10 input pin system_i/fft_pl_ps_0/inst/u_fft_freqwin_top/abs_imag_sq_d10/A[1] is connected to registers with an asynchronous reset. This is preventing the possibility of merging these registers in to the DSP Block since the DSP block registers only possess synchronous reset capability.  It is suggested to recode or change these registers to remove the reset or use a synchronous reset to get the best optimization for performance, power and area.
Related violations: <none>

DPIR-1#13 Warning
Asynchronous driver check  
DSP system_i/fft_pl_ps_0/inst/u_fft_freqwin_top/abs_imag_sq_d10 input pin system_i/fft_pl_ps_0/inst/u_fft_freqwin_top/abs_imag_sq_d10/A[20] is connected to registers with an asynchronous reset. This is preventing the possibility of merging these registers in to the DSP Block since the DSP block registers only possess synchronous reset capability.  It is suggested to recode or change these registers to remove the reset or use a synchronous reset to get the best optimization for performance, power and area.
Related violations: <none>

DPIR-1#14 Warning
Asynchronous driver check  
DSP system_i/fft_pl_ps_0/inst/u_fft_freqwin_top/abs_imag_sq_d10 input pin system_i/fft_pl_ps_0/inst/u_fft_freqwin_top/abs_imag_sq_d10/A[21] is connected to registers with an asynchronous reset. This is preventing the possibility of merging these registers in to the DSP Block since the DSP block registers only possess synchronous reset capability.  It is suggested to recode or change these registers to remove the reset or use a synchronous reset to get the best optimization for performance, power and area.
Related violations: <none>

DPIR-1#15 Warning
Asynchronous driver check  
DSP system_i/fft_pl_ps_0/inst/u_fft_freqwin_top/abs_imag_sq_d10 input pin system_i/fft_pl_ps_0/inst/u_fft_freqwin_top/abs_imag_sq_d10/A[22] is connected to registers with an asynchronous reset. This is preventing the possibility of merging these registers in to the DSP Block since the DSP block registers only possess synchronous reset capability.  It is suggested to recode or change these registers to remove the reset or use a synchronous reset to get the best optimization for performance, power and area.
Related violations: <none>

DPIR-1#16 Warning
Asynchronous driver check  
DSP system_i/fft_pl_ps_0/inst/u_fft_freqwin_top/abs_imag_sq_d10 input pin system_i/fft_pl_ps_0/inst/u_fft_freqwin_top/abs_imag_sq_d10/A[23] is connected to registers with an asynchronous reset. This is preventing the possibility of merging these registers in to the DSP Block since the DSP block registers only possess synchronous reset capability.  It is suggested to recode or change these registers to remove the reset or use a synchronous reset to get the best optimization for performance, power and area.
Related violations: <none>

DPIR-1#17 Warning
Asynchronous driver check  
DSP system_i/fft_pl_ps_0/inst/u_fft_freqwin_top/abs_imag_sq_d10 input pin system_i/fft_pl_ps_0/inst/u_fft_freqwin_top/abs_imag_sq_d10/A[24] is connected to registers with an asynchronous reset. This is preventing the possibility of merging these registers in to the DSP Block since the DSP block registers only possess synchronous reset capability.  It is suggested to recode or change these registers to remove the reset or use a synchronous reset to get the best optimization for performance, power and area.
Related violations: <none>

DPIR-1#18 Warning
Asynchronous driver check  
DSP system_i/fft_pl_ps_0/inst/u_fft_freqwin_top/abs_imag_sq_d10 input pin system_i/fft_pl_ps_0/inst/u_fft_freqwin_top/abs_imag_sq_d10/A[25] is connected to registers with an asynchronous reset. This is preventing the possibility of merging these registers in to the DSP Block since the DSP block registers only possess synchronous reset capability.  It is suggested to recode or change these registers to remove the reset or use a synchronous reset to get the best optimization for performance, power and area.
Related violations: <none>

DPIR-1#19 Warning
Asynchronous driver check  
DSP system_i/fft_pl_ps_0/inst/u_fft_freqwin_top/abs_imag_sq_d10 input pin system_i/fft_pl_ps_0/inst/u_fft_freqwin_top/abs_imag_sq_d10/A[26] is connected to registers with an asynchronous reset. This is preventing the possibility of merging these registers in to the DSP Block since the DSP block registers only possess synchronous reset capability.  It is suggested to recode or change these registers to remove the reset or use a synchronous reset to get the best optimization for performance, power and area.
Related violations: <none>

DPIR-1#20 Warning
Asynchronous driver check  
DSP system_i/fft_pl_ps_0/inst/u_fft_freqwin_top/abs_imag_sq_d10 input pin system_i/fft_pl_ps_0/inst/u_fft_freqwin_top/abs_imag_sq_d10/A[27] is connected to registers with an asynchronous reset. This is preventing the possibility of merging these registers in to the DSP Block since the DSP block registers only possess synchronous reset capability.  It is suggested to recode or change these registers to remove the reset or use a synchronous reset to get the best optimization for performance, power and area.
Related violations: <none>

DPIR-1#21 Warning
Asynchronous driver check  
DSP system_i/fft_pl_ps_0/inst/u_fft_freqwin_top/abs_imag_sq_d10 input pin system_i/fft_pl_ps_0/inst/u_fft_freqwin_top/abs_imag_sq_d10/A[28] is connected to registers with an asynchronous reset. This is preventing the possibility of merging these registers in to the DSP Block since the DSP block registers only possess synchronous reset capability.  It is suggested to recode or change these registers to remove the reset or use a synchronous reset to get the best optimization for performance, power and area.
Related violations: <none>

DPIR-1#22 Warning
Asynchronous driver check  
DSP system_i/fft_pl_ps_0/inst/u_fft_freqwin_top/abs_imag_sq_d10 input pin system_i/fft_pl_ps_0/inst/u_fft_freqwin_top/abs_imag_sq_d10/A[29] is connected to registers with an asynchronous reset. This is preventing the possibility of merging these registers in to the DSP Block since the DSP block registers only possess synchronous reset capability.  It is suggested to recode or change these registers to remove the reset or use a synchronous reset to get the best optimization for performance, power and area.
Related violations: <none>

DPIR-1#23 Warning
Asynchronous driver check  
DSP system_i/fft_pl_ps_0/inst/u_fft_freqwin_top/abs_imag_sq_d10 input pin system_i/fft_pl_ps_0/inst/u_fft_freqwin_top/abs_imag_sq_d10/A[2] is connected to registers with an asynchronous reset. This is preventing the possibility of merging these registers in to the DSP Block since the DSP block registers only possess synchronous reset capability.  It is suggested to recode or change these registers to remove the reset or use a synchronous reset to get the best optimization for performance, power and area.
Related violations: <none>

DPIR-1#24 Warning
Asynchronous driver check  
DSP system_i/fft_pl_ps_0/inst/u_fft_freqwin_top/abs_imag_sq_d10 input pin system_i/fft_pl_ps_0/inst/u_fft_freqwin_top/abs_imag_sq_d10/A[3] is connected to registers with an asynchronous reset. This is preventing the possibility of merging these registers in to the DSP Block since the DSP block registers only possess synchronous reset capability.  It is suggested to recode or change these registers to remove the reset or use a synchronous reset to get the best optimization for performance, power and area.
Related violations: <none>

DPIR-1#25 Warning
Asynchronous driver check  
DSP system_i/fft_pl_ps_0/inst/u_fft_freqwin_top/abs_imag_sq_d10 input pin system_i/fft_pl_ps_0/inst/u_fft_freqwin_top/abs_imag_sq_d10/A[4] is connected to registers with an asynchronous reset. This is preventing the possibility of merging these registers in to the DSP Block since the DSP block registers only possess synchronous reset capability.  It is suggested to recode or change these registers to remove the reset or use a synchronous reset to get the best optimization for performance, power and area.
Related violations: <none>

DPIR-1#26 Warning
Asynchronous driver check  
DSP system_i/fft_pl_ps_0/inst/u_fft_freqwin_top/abs_imag_sq_d10 input pin system_i/fft_pl_ps_0/inst/u_fft_freqwin_top/abs_imag_sq_d10/A[5] is connected to registers with an asynchronous reset. This is preventing the possibility of merging these registers in to the DSP Block since the DSP block registers only possess synchronous reset capability.  It is suggested to recode or change these registers to remove the reset or use a synchronous reset to get the best optimization for performance, power and area.
Related violations: <none>

DPIR-1#27 Warning
Asynchronous driver check  
DSP system_i/fft_pl_ps_0/inst/u_fft_freqwin_top/abs_imag_sq_d10 input pin system_i/fft_pl_ps_0/inst/u_fft_freqwin_top/abs_imag_sq_d10/A[6] is connected to registers with an asynchronous reset. This is preventing the possibility of merging these registers in to the DSP Block since the DSP block registers only possess synchronous reset capability.  It is suggested to recode or change these registers to remove the reset or use a synchronous reset to get the best optimization for performance, power and area.
Related violations: <none>

DPIR-1#28 Warning
Asynchronous driver check  
DSP system_i/fft_pl_ps_0/inst/u_fft_freqwin_top/abs_imag_sq_d10 input pin system_i/fft_pl_ps_0/inst/u_fft_freqwin_top/abs_imag_sq_d10/A[7] is connected to registers with an asynchronous reset. This is preventing the possibility of merging these registers in to the DSP Block since the DSP block registers only possess synchronous reset capability.  It is suggested to recode or change these registers to remove the reset or use a synchronous reset to get the best optimization for performance, power and area.
Related violations: <none>

DPIR-1#29 Warning
Asynchronous driver check  
DSP system_i/fft_pl_ps_0/inst/u_fft_freqwin_top/abs_imag_sq_d10 input pin system_i/fft_pl_ps_0/inst/u_fft_freqwin_top/abs_imag_sq_d10/A[8] is connected to registers with an asynchronous reset. This is preventing the possibility of merging these registers in to the DSP Block since the DSP block registers only possess synchronous reset capability.  It is suggested to recode or change these registers to remove the reset or use a synchronous reset to get the best optimization for performance, power and area.
Related violations: <none>

DPIR-1#30 Warning
Asynchronous driver check  
DSP system_i/fft_pl_ps_0/inst/u_fft_freqwin_top/abs_imag_sq_d10 input pin system_i/fft_pl_ps_0/inst/u_fft_freqwin_top/abs_imag_sq_d10/A[9] is connected to registers with an asynchronous reset. This is preventing the possibility of merging these registers in to the DSP Block since the DSP block registers only possess synchronous reset capability.  It is suggested to recode or change these registers to remove the reset or use a synchronous reset to get the best optimization for performance, power and area.
Related violations: <none>

DPIR-1#31 Warning
Asynchronous driver check  
DSP system_i/fft_pl_ps_0/inst/u_fft_freqwin_top/abs_imag_sq_d10 input pin system_i/fft_pl_ps_0/inst/u_fft_freqwin_top/abs_imag_sq_d10/B[0] is connected to registers with an asynchronous reset. This is preventing the possibility of merging these registers in to the DSP Block since the DSP block registers only possess synchronous reset capability.  It is suggested to recode or change these registers to remove the reset or use a synchronous reset to get the best optimization for performance, power and area.
Related violations: <none>

DPIR-1#32 Warning
Asynchronous driver check  
DSP system_i/fft_pl_ps_0/inst/u_fft_freqwin_top/abs_imag_sq_d10 input pin system_i/fft_pl_ps_0/inst/u_fft_freqwin_top/abs_imag_sq_d10/B[10] is connected to registers with an asynchronous reset. This is preventing the possibility of merging these registers in to the DSP Block since the DSP block registers only possess synchronous reset capability.  It is suggested to recode or change these registers to remove the reset or use a synchronous reset to get the best optimization for performance, power and area.
Related violations: <none>

DPIR-1#33 Warning
Asynchronous driver check  
DSP system_i/fft_pl_ps_0/inst/u_fft_freqwin_top/abs_imag_sq_d10 input pin system_i/fft_pl_ps_0/inst/u_fft_freqwin_top/abs_imag_sq_d10/B[11] is connected to registers with an asynchronous reset. This is preventing the possibility of merging these registers in to the DSP Block since the DSP block registers only possess synchronous reset capability.  It is suggested to recode or change these registers to remove the reset or use a synchronous reset to get the best optimization for performance, power and area.
Related violations: <none>

DPIR-1#34 Warning
Asynchronous driver check  
DSP system_i/fft_pl_ps_0/inst/u_fft_freqwin_top/abs_imag_sq_d10 input pin system_i/fft_pl_ps_0/inst/u_fft_freqwin_top/abs_imag_sq_d10/B[12] is connected to registers with an asynchronous reset. This is preventing the possibility of merging these registers in to the DSP Block since the DSP block registers only possess synchronous reset capability.  It is suggested to recode or change these registers to remove the reset or use a synchronous reset to get the best optimization for performance, power and area.
Related violations: <none>

DPIR-1#35 Warning
Asynchronous driver check  
DSP system_i/fft_pl_ps_0/inst/u_fft_freqwin_top/abs_imag_sq_d10 input pin system_i/fft_pl_ps_0/inst/u_fft_freqwin_top/abs_imag_sq_d10/B[13] is connected to registers with an asynchronous reset. This is preventing the possibility of merging these registers in to the DSP Block since the DSP block registers only possess synchronous reset capability.  It is suggested to recode or change these registers to remove the reset or use a synchronous reset to get the best optimization for performance, power and area.
Related violations: <none>

DPIR-1#36 Warning
Asynchronous driver check  
DSP system_i/fft_pl_ps_0/inst/u_fft_freqwin_top/abs_imag_sq_d10 input pin system_i/fft_pl_ps_0/inst/u_fft_freqwin_top/abs_imag_sq_d10/B[14] is connected to registers with an asynchronous reset. This is preventing the possibility of merging these registers in to the DSP Block since the DSP block registers only possess synchronous reset capability.  It is suggested to recode or change these registers to remove the reset or use a synchronous reset to get the best optimization for performance, power and area.
Related violations: <none>

DPIR-1#37 Warning
Asynchronous driver check  
DSP system_i/fft_pl_ps_0/inst/u_fft_freqwin_top/abs_imag_sq_d10 input pin system_i/fft_pl_ps_0/inst/u_fft_freqwin_top/abs_imag_sq_d10/B[15] is connected to registers with an asynchronous reset. This is preventing the possibility of merging these registers in to the DSP Block since the DSP block registers only possess synchronous reset capability.  It is suggested to recode or change these registers to remove the reset or use a synchronous reset to get the best optimization for performance, power and area.
Related violations: <none>

DPIR-1#38 Warning
Asynchronous driver check  
DSP system_i/fft_pl_ps_0/inst/u_fft_freqwin_top/abs_imag_sq_d10 input pin system_i/fft_pl_ps_0/inst/u_fft_freqwin_top/abs_imag_sq_d10/B[16] is connected to registers with an asynchronous reset. This is preventing the possibility of merging these registers in to the DSP Block since the DSP block registers only possess synchronous reset capability.  It is suggested to recode or change these registers to remove the reset or use a synchronous reset to get the best optimization for performance, power and area.
Related violations: <none>

DPIR-1#39 Warning
Asynchronous driver check  
DSP system_i/fft_pl_ps_0/inst/u_fft_freqwin_top/abs_imag_sq_d10 input pin system_i/fft_pl_ps_0/inst/u_fft_freqwin_top/abs_imag_sq_d10/B[17] is connected to registers with an asynchronous reset. This is preventing the possibility of merging these registers in to the DSP Block since the DSP block registers only possess synchronous reset capability.  It is suggested to recode or change these registers to remove the reset or use a synchronous reset to get the best optimization for performance, power and area.
Related violations: <none>

DPIR-1#40 Warning
Asynchronous driver check  
DSP system_i/fft_pl_ps_0/inst/u_fft_freqwin_top/abs_imag_sq_d10 input pin system_i/fft_pl_ps_0/inst/u_fft_freqwin_top/abs_imag_sq_d10/B[1] is connected to registers with an asynchronous reset. This is preventing the possibility of merging these registers in to the DSP Block since the DSP block registers only possess synchronous reset capability.  It is suggested to recode or change these registers to remove the reset or use a synchronous reset to get the best optimization for performance, power and area.
Related violations: <none>

DPIR-1#41 Warning
Asynchronous driver check  
DSP system_i/fft_pl_ps_0/inst/u_fft_freqwin_top/abs_imag_sq_d10 input pin system_i/fft_pl_ps_0/inst/u_fft_freqwin_top/abs_imag_sq_d10/B[2] is connected to registers with an asynchronous reset. This is preventing the possibility of merging these registers in to the DSP Block since the DSP block registers only possess synchronous reset capability.  It is suggested to recode or change these registers to remove the reset or use a synchronous reset to get the best optimization for performance, power and area.
Related violations: <none>

DPIR-1#42 Warning
Asynchronous driver check  
DSP system_i/fft_pl_ps_0/inst/u_fft_freqwin_top/abs_imag_sq_d10 input pin system_i/fft_pl_ps_0/inst/u_fft_freqwin_top/abs_imag_sq_d10/B[3] is connected to registers with an asynchronous reset. This is preventing the possibility of merging these registers in to the DSP Block since the DSP block registers only possess synchronous reset capability.  It is suggested to recode or change these registers to remove the reset or use a synchronous reset to get the best optimization for performance, power and area.
Related violations: <none>

DPIR-1#43 Warning
Asynchronous driver check  
DSP system_i/fft_pl_ps_0/inst/u_fft_freqwin_top/abs_imag_sq_d10 input pin system_i/fft_pl_ps_0/inst/u_fft_freqwin_top/abs_imag_sq_d10/B[4] is connected to registers with an asynchronous reset. This is preventing the possibility of merging these registers in to the DSP Block since the DSP block registers only possess synchronous reset capability.  It is suggested to recode or change these registers to remove the reset or use a synchronous reset to get the best optimization for performance, power and area.
Related violations: <none>

DPIR-1#44 Warning
Asynchronous driver check  
DSP system_i/fft_pl_ps_0/inst/u_fft_freqwin_top/abs_imag_sq_d10 input pin system_i/fft_pl_ps_0/inst/u_fft_freqwin_top/abs_imag_sq_d10/B[5] is connected to registers with an asynchronous reset. This is preventing the possibility of merging these registers in to the DSP Block since the DSP block registers only possess synchronous reset capability.  It is suggested to recode or change these registers to remove the reset or use a synchronous reset to get the best optimization for performance, power and area.
Related violations: <none>

DPIR-1#45 Warning
Asynchronous driver check  
DSP system_i/fft_pl_ps_0/inst/u_fft_freqwin_top/abs_imag_sq_d10 input pin system_i/fft_pl_ps_0/inst/u_fft_freqwin_top/abs_imag_sq_d10/B[6] is connected to registers with an asynchronous reset. This is preventing the possibility of merging these registers in to the DSP Block since the DSP block registers only possess synchronous reset capability.  It is suggested to recode or change these registers to remove the reset or use a synchronous reset to get the best optimization for performance, power and area.
Related violations: <none>

DPIR-1#46 Warning
Asynchronous driver check  
DSP system_i/fft_pl_ps_0/inst/u_fft_freqwin_top/abs_imag_sq_d10 input pin system_i/fft_pl_ps_0/inst/u_fft_freqwin_top/abs_imag_sq_d10/B[7] is connected to registers with an asynchronous reset. This is preventing the possibility of merging these registers in to the DSP Block since the DSP block registers only possess synchronous reset capability.  It is suggested to recode or change these registers to remove the reset or use a synchronous reset to get the best optimization for performance, power and area.
Related violations: <none>

DPIR-1#47 Warning
Asynchronous driver check  
DSP system_i/fft_pl_ps_0/inst/u_fft_freqwin_top/abs_imag_sq_d10 input pin system_i/fft_pl_ps_0/inst/u_fft_freqwin_top/abs_imag_sq_d10/B[8] is connected to registers with an asynchronous reset. This is preventing the possibility of merging these registers in to the DSP Block since the DSP block registers only possess synchronous reset capability.  It is suggested to recode or change these registers to remove the reset or use a synchronous reset to get the best optimization for performance, power and area.
Related violations: <none>

DPIR-1#48 Warning
Asynchronous driver check  
DSP system_i/fft_pl_ps_0/inst/u_fft_freqwin_top/abs_imag_sq_d10 input pin system_i/fft_pl_ps_0/inst/u_fft_freqwin_top/abs_imag_sq_d10/B[9] is connected to registers with an asynchronous reset. This is preventing the possibility of merging these registers in to the DSP Block since the DSP block registers only possess synchronous reset capability.  It is suggested to recode or change these registers to remove the reset or use a synchronous reset to get the best optimization for performance, power and area.
Related violations: <none>

DPIR-1#49 Warning
Asynchronous driver check  
DSP system_i/fft_pl_ps_0/inst/u_fft_freqwin_top/abs_real_sq_d10 input pin system_i/fft_pl_ps_0/inst/u_fft_freqwin_top/abs_real_sq_d10/A[0] is connected to registers with an asynchronous reset. This is preventing the possibility of merging these registers in to the DSP Block since the DSP block registers only possess synchronous reset capability.  It is suggested to recode or change these registers to remove the reset or use a synchronous reset to get the best optimization for performance, power and area.
Related violations: <none>

DPIR-1#50 Warning
Asynchronous driver check  
DSP system_i/fft_pl_ps_0/inst/u_fft_freqwin_top/abs_real_sq_d10 input pin system_i/fft_pl_ps_0/inst/u_fft_freqwin_top/abs_real_sq_d10/A[10] is connected to registers with an asynchronous reset. This is preventing the possibility of merging these registers in to the DSP Block since the DSP block registers only possess synchronous reset capability.  It is suggested to recode or change these registers to remove the reset or use a synchronous reset to get the best optimization for performance, power and area.
Related violations: <none>

DPIR-1#51 Warning
Asynchronous driver check  
DSP system_i/fft_pl_ps_0/inst/u_fft_freqwin_top/abs_real_sq_d10 input pin system_i/fft_pl_ps_0/inst/u_fft_freqwin_top/abs_real_sq_d10/A[11] is connected to registers with an asynchronous reset. This is preventing the possibility of merging these registers in to the DSP Block since the DSP block registers only possess synchronous reset capability.  It is suggested to recode or change these registers to remove the reset or use a synchronous reset to get the best optimization for performance, power and area.
Related violations: <none>

DPIR-1#52 Warning
Asynchronous driver check  
DSP system_i/fft_pl_ps_0/inst/u_fft_freqwin_top/abs_real_sq_d10 input pin system_i/fft_pl_ps_0/inst/u_fft_freqwin_top/abs_real_sq_d10/A[12] is connected to registers with an asynchronous reset. This is preventing the possibility of merging these registers in to the DSP Block since the DSP block registers only possess synchronous reset capability.  It is suggested to recode or change these registers to remove the reset or use a synchronous reset to get the best optimization for performance, power and area.
Related violations: <none>

DPIR-1#53 Warning
Asynchronous driver check  
DSP system_i/fft_pl_ps_0/inst/u_fft_freqwin_top/abs_real_sq_d10 input pin system_i/fft_pl_ps_0/inst/u_fft_freqwin_top/abs_real_sq_d10/A[13] is connected to registers with an asynchronous reset. This is preventing the possibility of merging these registers in to the DSP Block since the DSP block registers only possess synchronous reset capability.  It is suggested to recode or change these registers to remove the reset or use a synchronous reset to get the best optimization for performance, power and area.
Related violations: <none>

DPIR-1#54 Warning
Asynchronous driver check  
DSP system_i/fft_pl_ps_0/inst/u_fft_freqwin_top/abs_real_sq_d10 input pin system_i/fft_pl_ps_0/inst/u_fft_freqwin_top/abs_real_sq_d10/A[14] is connected to registers with an asynchronous reset. This is preventing the possibility of merging these registers in to the DSP Block since the DSP block registers only possess synchronous reset capability.  It is suggested to recode or change these registers to remove the reset or use a synchronous reset to get the best optimization for performance, power and area.
Related violations: <none>

DPIR-1#55 Warning
Asynchronous driver check  
DSP system_i/fft_pl_ps_0/inst/u_fft_freqwin_top/abs_real_sq_d10 input pin system_i/fft_pl_ps_0/inst/u_fft_freqwin_top/abs_real_sq_d10/A[15] is connected to registers with an asynchronous reset. This is preventing the possibility of merging these registers in to the DSP Block since the DSP block registers only possess synchronous reset capability.  It is suggested to recode or change these registers to remove the reset or use a synchronous reset to get the best optimization for performance, power and area.
Related violations: <none>

DPIR-1#56 Warning
Asynchronous driver check  
DSP system_i/fft_pl_ps_0/inst/u_fft_freqwin_top/abs_real_sq_d10 input pin system_i/fft_pl_ps_0/inst/u_fft_freqwin_top/abs_real_sq_d10/A[16] is connected to registers with an asynchronous reset. This is preventing the possibility of merging these registers in to the DSP Block since the DSP block registers only possess synchronous reset capability.  It is suggested to recode or change these registers to remove the reset or use a synchronous reset to get the best optimization for performance, power and area.
Related violations: <none>

DPIR-1#57 Warning
Asynchronous driver check  
DSP system_i/fft_pl_ps_0/inst/u_fft_freqwin_top/abs_real_sq_d10 input pin system_i/fft_pl_ps_0/inst/u_fft_freqwin_top/abs_real_sq_d10/A[17] is connected to registers with an asynchronous reset. This is preventing the possibility of merging these registers in to the DSP Block since the DSP block registers only possess synchronous reset capability.  It is suggested to recode or change these registers to remove the reset or use a synchronous reset to get the best optimization for performance, power and area.
Related violations: <none>

DPIR-1#58 Warning
Asynchronous driver check  
DSP system_i/fft_pl_ps_0/inst/u_fft_freqwin_top/abs_real_sq_d10 input pin system_i/fft_pl_ps_0/inst/u_fft_freqwin_top/abs_real_sq_d10/A[18] is connected to registers with an asynchronous reset. This is preventing the possibility of merging these registers in to the DSP Block since the DSP block registers only possess synchronous reset capability.  It is suggested to recode or change these registers to remove the reset or use a synchronous reset to get the best optimization for performance, power and area.
Related violations: <none>

DPIR-1#59 Warning
Asynchronous driver check  
DSP system_i/fft_pl_ps_0/inst/u_fft_freqwin_top/abs_real_sq_d10 input pin system_i/fft_pl_ps_0/inst/u_fft_freqwin_top/abs_real_sq_d10/A[19] is connected to registers with an asynchronous reset. This is preventing the possibility of merging these registers in to the DSP Block since the DSP block registers only possess synchronous reset capability.  It is suggested to recode or change these registers to remove the reset or use a synchronous reset to get the best optimization for performance, power and area.
Related violations: <none>

DPIR-1#60 Warning
Asynchronous driver check  
DSP system_i/fft_pl_ps_0/inst/u_fft_freqwin_top/abs_real_sq_d10 input pin system_i/fft_pl_ps_0/inst/u_fft_freqwin_top/abs_real_sq_d10/A[1] is connected to registers with an asynchronous reset. This is preventing the possibility of merging these registers in to the DSP Block since the DSP block registers only possess synchronous reset capability.  It is suggested to recode or change these registers to remove the reset or use a synchronous reset to get the best optimization for performance, power and area.
Related violations: <none>

DPIR-1#61 Warning
Asynchronous driver check  
DSP system_i/fft_pl_ps_0/inst/u_fft_freqwin_top/abs_real_sq_d10 input pin system_i/fft_pl_ps_0/inst/u_fft_freqwin_top/abs_real_sq_d10/A[20] is connected to registers with an asynchronous reset. This is preventing the possibility of merging these registers in to the DSP Block since the DSP block registers only possess synchronous reset capability.  It is suggested to recode or change these registers to remove the reset or use a synchronous reset to get the best optimization for performance, power and area.
Related violations: <none>

DPIR-1#62 Warning
Asynchronous driver check  
DSP system_i/fft_pl_ps_0/inst/u_fft_freqwin_top/abs_real_sq_d10 input pin system_i/fft_pl_ps_0/inst/u_fft_freqwin_top/abs_real_sq_d10/A[21] is connected to registers with an asynchronous reset. This is preventing the possibility of merging these registers in to the DSP Block since the DSP block registers only possess synchronous reset capability.  It is suggested to recode or change these registers to remove the reset or use a synchronous reset to get the best optimization for performance, power and area.
Related violations: <none>

DPIR-1#63 Warning
Asynchronous driver check  
DSP system_i/fft_pl_ps_0/inst/u_fft_freqwin_top/abs_real_sq_d10 input pin system_i/fft_pl_ps_0/inst/u_fft_freqwin_top/abs_real_sq_d10/A[22] is connected to registers with an asynchronous reset. This is preventing the possibility of merging these registers in to the DSP Block since the DSP block registers only possess synchronous reset capability.  It is suggested to recode or change these registers to remove the reset or use a synchronous reset to get the best optimization for performance, power and area.
Related violations: <none>

DPIR-1#64 Warning
Asynchronous driver check  
DSP system_i/fft_pl_ps_0/inst/u_fft_freqwin_top/abs_real_sq_d10 input pin system_i/fft_pl_ps_0/inst/u_fft_freqwin_top/abs_real_sq_d10/A[23] is connected to registers with an asynchronous reset. This is preventing the possibility of merging these registers in to the DSP Block since the DSP block registers only possess synchronous reset capability.  It is suggested to recode or change these registers to remove the reset or use a synchronous reset to get the best optimization for performance, power and area.
Related violations: <none>

DPIR-1#65 Warning
Asynchronous driver check  
DSP system_i/fft_pl_ps_0/inst/u_fft_freqwin_top/abs_real_sq_d10 input pin system_i/fft_pl_ps_0/inst/u_fft_freqwin_top/abs_real_sq_d10/A[24] is connected to registers with an asynchronous reset. This is preventing the possibility of merging these registers in to the DSP Block since the DSP block registers only possess synchronous reset capability.  It is suggested to recode or change these registers to remove the reset or use a synchronous reset to get the best optimization for performance, power and area.
Related violations: <none>

DPIR-1#66 Warning
Asynchronous driver check  
DSP system_i/fft_pl_ps_0/inst/u_fft_freqwin_top/abs_real_sq_d10 input pin system_i/fft_pl_ps_0/inst/u_fft_freqwin_top/abs_real_sq_d10/A[25] is connected to registers with an asynchronous reset. This is preventing the possibility of merging these registers in to the DSP Block since the DSP block registers only possess synchronous reset capability.  It is suggested to recode or change these registers to remove the reset or use a synchronous reset to get the best optimization for performance, power and area.
Related violations: <none>

DPIR-1#67 Warning
Asynchronous driver check  
DSP system_i/fft_pl_ps_0/inst/u_fft_freqwin_top/abs_real_sq_d10 input pin system_i/fft_pl_ps_0/inst/u_fft_freqwin_top/abs_real_sq_d10/A[26] is connected to registers with an asynchronous reset. This is preventing the possibility of merging these registers in to the DSP Block since the DSP block registers only possess synchronous reset capability.  It is suggested to recode or change these registers to remove the reset or use a synchronous reset to get the best optimization for performance, power and area.
Related violations: <none>

DPIR-1#68 Warning
Asynchronous driver check  
DSP system_i/fft_pl_ps_0/inst/u_fft_freqwin_top/abs_real_sq_d10 input pin system_i/fft_pl_ps_0/inst/u_fft_freqwin_top/abs_real_sq_d10/A[27] is connected to registers with an asynchronous reset. This is preventing the possibility of merging these registers in to the DSP Block since the DSP block registers only possess synchronous reset capability.  It is suggested to recode or change these registers to remove the reset or use a synchronous reset to get the best optimization for performance, power and area.
Related violations: <none>

DPIR-1#69 Warning
Asynchronous driver check  
DSP system_i/fft_pl_ps_0/inst/u_fft_freqwin_top/abs_real_sq_d10 input pin system_i/fft_pl_ps_0/inst/u_fft_freqwin_top/abs_real_sq_d10/A[28] is connected to registers with an asynchronous reset. This is preventing the possibility of merging these registers in to the DSP Block since the DSP block registers only possess synchronous reset capability.  It is suggested to recode or change these registers to remove the reset or use a synchronous reset to get the best optimization for performance, power and area.
Related violations: <none>

DPIR-1#70 Warning
Asynchronous driver check  
DSP system_i/fft_pl_ps_0/inst/u_fft_freqwin_top/abs_real_sq_d10 input pin system_i/fft_pl_ps_0/inst/u_fft_freqwin_top/abs_real_sq_d10/A[29] is connected to registers with an asynchronous reset. This is preventing the possibility of merging these registers in to the DSP Block since the DSP block registers only possess synchronous reset capability.  It is suggested to recode or change these registers to remove the reset or use a synchronous reset to get the best optimization for performance, power and area.
Related violations: <none>

DPIR-1#71 Warning
Asynchronous driver check  
DSP system_i/fft_pl_ps_0/inst/u_fft_freqwin_top/abs_real_sq_d10 input pin system_i/fft_pl_ps_0/inst/u_fft_freqwin_top/abs_real_sq_d10/A[2] is connected to registers with an asynchronous reset. This is preventing the possibility of merging these registers in to the DSP Block since the DSP block registers only possess synchronous reset capability.  It is suggested to recode or change these registers to remove the reset or use a synchronous reset to get the best optimization for performance, power and area.
Related violations: <none>

DPIR-1#72 Warning
Asynchronous driver check  
DSP system_i/fft_pl_ps_0/inst/u_fft_freqwin_top/abs_real_sq_d10 input pin system_i/fft_pl_ps_0/inst/u_fft_freqwin_top/abs_real_sq_d10/A[3] is connected to registers with an asynchronous reset. This is preventing the possibility of merging these registers in to the DSP Block since the DSP block registers only possess synchronous reset capability.  It is suggested to recode or change these registers to remove the reset or use a synchronous reset to get the best optimization for performance, power and area.
Related violations: <none>

DPIR-1#73 Warning
Asynchronous driver check  
DSP system_i/fft_pl_ps_0/inst/u_fft_freqwin_top/abs_real_sq_d10 input pin system_i/fft_pl_ps_0/inst/u_fft_freqwin_top/abs_real_sq_d10/A[4] is connected to registers with an asynchronous reset. This is preventing the possibility of merging these registers in to the DSP Block since the DSP block registers only possess synchronous reset capability.  It is suggested to recode or change these registers to remove the reset or use a synchronous reset to get the best optimization for performance, power and area.
Related violations: <none>

DPIR-1#74 Warning
Asynchronous driver check  
DSP system_i/fft_pl_ps_0/inst/u_fft_freqwin_top/abs_real_sq_d10 input pin system_i/fft_pl_ps_0/inst/u_fft_freqwin_top/abs_real_sq_d10/A[5] is connected to registers with an asynchronous reset. This is preventing the possibility of merging these registers in to the DSP Block since the DSP block registers only possess synchronous reset capability.  It is suggested to recode or change these registers to remove the reset or use a synchronous reset to get the best optimization for performance, power and area.
Related violations: <none>

DPIR-1#75 Warning
Asynchronous driver check  
DSP system_i/fft_pl_ps_0/inst/u_fft_freqwin_top/abs_real_sq_d10 input pin system_i/fft_pl_ps_0/inst/u_fft_freqwin_top/abs_real_sq_d10/A[6] is connected to registers with an asynchronous reset. This is preventing the possibility of merging these registers in to the DSP Block since the DSP block registers only possess synchronous reset capability.  It is suggested to recode or change these registers to remove the reset or use a synchronous reset to get the best optimization for performance, power and area.
Related violations: <none>

DPIR-1#76 Warning
Asynchronous driver check  
DSP system_i/fft_pl_ps_0/inst/u_fft_freqwin_top/abs_real_sq_d10 input pin system_i/fft_pl_ps_0/inst/u_fft_freqwin_top/abs_real_sq_d10/A[7] is connected to registers with an asynchronous reset. This is preventing the possibility of merging these registers in to the DSP Block since the DSP block registers only possess synchronous reset capability.  It is suggested to recode or change these registers to remove the reset or use a synchronous reset to get the best optimization for performance, power and area.
Related violations: <none>

DPIR-1#77 Warning
Asynchronous driver check  
DSP system_i/fft_pl_ps_0/inst/u_fft_freqwin_top/abs_real_sq_d10 input pin system_i/fft_pl_ps_0/inst/u_fft_freqwin_top/abs_real_sq_d10/A[8] is connected to registers with an asynchronous reset. This is preventing the possibility of merging these registers in to the DSP Block since the DSP block registers only possess synchronous reset capability.  It is suggested to recode or change these registers to remove the reset or use a synchronous reset to get the best optimization for performance, power and area.
Related violations: <none>

DPIR-1#78 Warning
Asynchronous driver check  
DSP system_i/fft_pl_ps_0/inst/u_fft_freqwin_top/abs_real_sq_d10 input pin system_i/fft_pl_ps_0/inst/u_fft_freqwin_top/abs_real_sq_d10/A[9] is connected to registers with an asynchronous reset. This is preventing the possibility of merging these registers in to the DSP Block since the DSP block registers only possess synchronous reset capability.  It is suggested to recode or change these registers to remove the reset or use a synchronous reset to get the best optimization for performance, power and area.
Related violations: <none>

DPIR-1#79 Warning
Asynchronous driver check  
DSP system_i/fft_pl_ps_0/inst/u_fft_freqwin_top/abs_real_sq_d10 input pin system_i/fft_pl_ps_0/inst/u_fft_freqwin_top/abs_real_sq_d10/B[0] is connected to registers with an asynchronous reset. This is preventing the possibility of merging these registers in to the DSP Block since the DSP block registers only possess synchronous reset capability.  It is suggested to recode or change these registers to remove the reset or use a synchronous reset to get the best optimization for performance, power and area.
Related violations: <none>

DPIR-1#80 Warning
Asynchronous driver check  
DSP system_i/fft_pl_ps_0/inst/u_fft_freqwin_top/abs_real_sq_d10 input pin system_i/fft_pl_ps_0/inst/u_fft_freqwin_top/abs_real_sq_d10/B[10] is connected to registers with an asynchronous reset. This is preventing the possibility of merging these registers in to the DSP Block since the DSP block registers only possess synchronous reset capability.  It is suggested to recode or change these registers to remove the reset or use a synchronous reset to get the best optimization for performance, power and area.
Related violations: <none>

DPIR-1#81 Warning
Asynchronous driver check  
DSP system_i/fft_pl_ps_0/inst/u_fft_freqwin_top/abs_real_sq_d10 input pin system_i/fft_pl_ps_0/inst/u_fft_freqwin_top/abs_real_sq_d10/B[11] is connected to registers with an asynchronous reset. This is preventing the possibility of merging these registers in to the DSP Block since the DSP block registers only possess synchronous reset capability.  It is suggested to recode or change these registers to remove the reset or use a synchronous reset to get the best optimization for performance, power and area.
Related violations: <none>

DPIR-1#82 Warning
Asynchronous driver check  
DSP system_i/fft_pl_ps_0/inst/u_fft_freqwin_top/abs_real_sq_d10 input pin system_i/fft_pl_ps_0/inst/u_fft_freqwin_top/abs_real_sq_d10/B[12] is connected to registers with an asynchronous reset. This is preventing the possibility of merging these registers in to the DSP Block since the DSP block registers only possess synchronous reset capability.  It is suggested to recode or change these registers to remove the reset or use a synchronous reset to get the best optimization for performance, power and area.
Related violations: <none>

DPIR-1#83 Warning
Asynchronous driver check  
DSP system_i/fft_pl_ps_0/inst/u_fft_freqwin_top/abs_real_sq_d10 input pin system_i/fft_pl_ps_0/inst/u_fft_freqwin_top/abs_real_sq_d10/B[13] is connected to registers with an asynchronous reset. This is preventing the possibility of merging these registers in to the DSP Block since the DSP block registers only possess synchronous reset capability.  It is suggested to recode or change these registers to remove the reset or use a synchronous reset to get the best optimization for performance, power and area.
Related violations: <none>

DPIR-1#84 Warning
Asynchronous driver check  
DSP system_i/fft_pl_ps_0/inst/u_fft_freqwin_top/abs_real_sq_d10 input pin system_i/fft_pl_ps_0/inst/u_fft_freqwin_top/abs_real_sq_d10/B[14] is connected to registers with an asynchronous reset. This is preventing the possibility of merging these registers in to the DSP Block since the DSP block registers only possess synchronous reset capability.  It is suggested to recode or change these registers to remove the reset or use a synchronous reset to get the best optimization for performance, power and area.
Related violations: <none>

DPIR-1#85 Warning
Asynchronous driver check  
DSP system_i/fft_pl_ps_0/inst/u_fft_freqwin_top/abs_real_sq_d10 input pin system_i/fft_pl_ps_0/inst/u_fft_freqwin_top/abs_real_sq_d10/B[15] is connected to registers with an asynchronous reset. This is preventing the possibility of merging these registers in to the DSP Block since the DSP block registers only possess synchronous reset capability.  It is suggested to recode or change these registers to remove the reset or use a synchronous reset to get the best optimization for performance, power and area.
Related violations: <none>

DPIR-1#86 Warning
Asynchronous driver check  
DSP system_i/fft_pl_ps_0/inst/u_fft_freqwin_top/abs_real_sq_d10 input pin system_i/fft_pl_ps_0/inst/u_fft_freqwin_top/abs_real_sq_d10/B[16] is connected to registers with an asynchronous reset. This is preventing the possibility of merging these registers in to the DSP Block since the DSP block registers only possess synchronous reset capability.  It is suggested to recode or change these registers to remove the reset or use a synchronous reset to get the best optimization for performance, power and area.
Related violations: <none>

DPIR-1#87 Warning
Asynchronous driver check  
DSP system_i/fft_pl_ps_0/inst/u_fft_freqwin_top/abs_real_sq_d10 input pin system_i/fft_pl_ps_0/inst/u_fft_freqwin_top/abs_real_sq_d10/B[17] is connected to registers with an asynchronous reset. This is preventing the possibility of merging these registers in to the DSP Block since the DSP block registers only possess synchronous reset capability.  It is suggested to recode or change these registers to remove the reset or use a synchronous reset to get the best optimization for performance, power and area.
Related violations: <none>

DPIR-1#88 Warning
Asynchronous driver check  
DSP system_i/fft_pl_ps_0/inst/u_fft_freqwin_top/abs_real_sq_d10 input pin system_i/fft_pl_ps_0/inst/u_fft_freqwin_top/abs_real_sq_d10/B[1] is connected to registers with an asynchronous reset. This is preventing the possibility of merging these registers in to the DSP Block since the DSP block registers only possess synchronous reset capability.  It is suggested to recode or change these registers to remove the reset or use a synchronous reset to get the best optimization for performance, power and area.
Related violations: <none>

DPIR-1#89 Warning
Asynchronous driver check  
DSP system_i/fft_pl_ps_0/inst/u_fft_freqwin_top/abs_real_sq_d10 input pin system_i/fft_pl_ps_0/inst/u_fft_freqwin_top/abs_real_sq_d10/B[2] is connected to registers with an asynchronous reset. This is preventing the possibility of merging these registers in to the DSP Block since the DSP block registers only possess synchronous reset capability.  It is suggested to recode or change these registers to remove the reset or use a synchronous reset to get the best optimization for performance, power and area.
Related violations: <none>

DPIR-1#90 Warning
Asynchronous driver check  
DSP system_i/fft_pl_ps_0/inst/u_fft_freqwin_top/abs_real_sq_d10 input pin system_i/fft_pl_ps_0/inst/u_fft_freqwin_top/abs_real_sq_d10/B[3] is connected to registers with an asynchronous reset. This is preventing the possibility of merging these registers in to the DSP Block since the DSP block registers only possess synchronous reset capability.  It is suggested to recode or change these registers to remove the reset or use a synchronous reset to get the best optimization for performance, power and area.
Related violations: <none>

DPIR-1#91 Warning
Asynchronous driver check  
DSP system_i/fft_pl_ps_0/inst/u_fft_freqwin_top/abs_real_sq_d10 input pin system_i/fft_pl_ps_0/inst/u_fft_freqwin_top/abs_real_sq_d10/B[4] is connected to registers with an asynchronous reset. This is preventing the possibility of merging these registers in to the DSP Block since the DSP block registers only possess synchronous reset capability.  It is suggested to recode or change these registers to remove the reset or use a synchronous reset to get the best optimization for performance, power and area.
Related violations: <none>

DPIR-1#92 Warning
Asynchronous driver check  
DSP system_i/fft_pl_ps_0/inst/u_fft_freqwin_top/abs_real_sq_d10 input pin system_i/fft_pl_ps_0/inst/u_fft_freqwin_top/abs_real_sq_d10/B[5] is connected to registers with an asynchronous reset. This is preventing the possibility of merging these registers in to the DSP Block since the DSP block registers only possess synchronous reset capability.  It is suggested to recode or change these registers to remove the reset or use a synchronous reset to get the best optimization for performance, power and area.
Related violations: <none>

DPIR-1#93 Warning
Asynchronous driver check  
DSP system_i/fft_pl_ps_0/inst/u_fft_freqwin_top/abs_real_sq_d10 input pin system_i/fft_pl_ps_0/inst/u_fft_freqwin_top/abs_real_sq_d10/B[6] is connected to registers with an asynchronous reset. This is preventing the possibility of merging these registers in to the DSP Block since the DSP block registers only possess synchronous reset capability.  It is suggested to recode or change these registers to remove the reset or use a synchronous reset to get the best optimization for performance, power and area.
Related violations: <none>

DPIR-1#94 Warning
Asynchronous driver check  
DSP system_i/fft_pl_ps_0/inst/u_fft_freqwin_top/abs_real_sq_d10 input pin system_i/fft_pl_ps_0/inst/u_fft_freqwin_top/abs_real_sq_d10/B[7] is connected to registers with an asynchronous reset. This is preventing the possibility of merging these registers in to the DSP Block since the DSP block registers only possess synchronous reset capability.  It is suggested to recode or change these registers to remove the reset or use a synchronous reset to get the best optimization for performance, power and area.
Related violations: <none>

DPIR-1#95 Warning
Asynchronous driver check  
DSP system_i/fft_pl_ps_0/inst/u_fft_freqwin_top/abs_real_sq_d10 input pin system_i/fft_pl_ps_0/inst/u_fft_freqwin_top/abs_real_sq_d10/B[8] is connected to registers with an asynchronous reset. This is preventing the possibility of merging these registers in to the DSP Block since the DSP block registers only possess synchronous reset capability.  It is suggested to recode or change these registers to remove the reset or use a synchronous reset to get the best optimization for performance, power and area.
Related violations: <none>

DPIR-1#96 Warning
Asynchronous driver check  
DSP system_i/fft_pl_ps_0/inst/u_fft_freqwin_top/abs_real_sq_d10 input pin system_i/fft_pl_ps_0/inst/u_fft_freqwin_top/abs_real_sq_d10/B[9] is connected to registers with an asynchronous reset. This is preventing the possibility of merging these registers in to the DSP Block since the DSP block registers only possess synchronous reset capability.  It is suggested to recode or change these registers to remove the reset or use a synchronous reset to get the best optimization for performance, power and area.
Related violations: <none>

LUTAR-1#1 Warning
LUT drives async reset alert  
LUT cell dbg_hub/inst/BSCANID.u_xsdbm_id/CORE_XSDB.UUT_MASTER/U_ICON_INTERFACE/U_CMD6_RD/U_RD_FIFO/SUBCORE_FIFO.xsdbm_v3_0_3_rdfifo_inst/inst_fifo_gen/gconvfifo.rf/grf.rf/rstblk/ngwrdrst.grst.g7serrst.gwrrd_rst_sync_stage[2].rrst_inst/ngwrdrst.grst.g7serrst.rd_rst_reg[2]_i_1, with 2 or more inputs, drives asynchronous preset/clear pin(s) dbg_hub/inst/BSCANID.u_xsdbm_id/CORE_XSDB.UUT_MASTER/U_ICON_INTERFACE/U_CMD6_RD/U_RD_FIFO/SUBCORE_FIFO.xsdbm_v3_0_3_rdfifo_inst/inst_fifo_gen/gconvfifo.rf/grf.rf/rstblk/ngwrdrst.grst.g7serrst.rd_rst_reg_reg[0]/PRE,
dbg_hub/inst/BSCANID.u_xsdbm_id/CORE_XSDB.UUT_MASTER/U_ICON_INTERFACE/U_CMD6_RD/U_RD_FIFO/SUBCORE_FIFO.xsdbm_v3_0_3_rdfifo_inst/inst_fifo_gen/gconvfifo.rf/grf.rf/rstblk/ngwrdrst.grst.g7serrst.rd_rst_reg_reg[1]/PRE
dbg_hub/inst/BSCANID.u_xsdbm_id/CORE_XSDB.UUT_MASTER/U_ICON_INTERFACE/U_CMD6_RD/U_RD_FIFO/SUBCORE_FIFO.xsdbm_v3_0_3_rdfifo_inst/inst_fifo_gen/gconvfifo.rf/grf.rf/rstblk/ngwrdrst.grst.g7serrst.rd_rst_reg_reg[2]/PRE. The LUT may glitch and trigger an unexpected reset, even if it is a properly timed path.
Related violations: <none>

LUTAR-1#2 Warning
LUT drives async reset alert  
LUT cell dbg_hub/inst/BSCANID.u_xsdbm_id/CORE_XSDB.UUT_MASTER/U_ICON_INTERFACE/U_CMD6_RD/U_RD_FIFO/SUBCORE_FIFO.xsdbm_v3_0_3_rdfifo_inst/inst_fifo_gen/gconvfifo.rf/grf.rf/rstblk/ngwrdrst.grst.g7serrst.gwrrd_rst_sync_stage[2].wrst_inst/ngwrdrst.grst.g7serrst.wr_rst_reg[2]_i_1, with 2 or more inputs, drives asynchronous preset/clear pin(s) dbg_hub/inst/BSCANID.u_xsdbm_id/CORE_XSDB.UUT_MASTER/U_ICON_INTERFACE/U_CMD6_RD/U_RD_FIFO/SUBCORE_FIFO.xsdbm_v3_0_3_rdfifo_inst/inst_fifo_gen/gconvfifo.rf/grf.rf/rstblk/ngwrdrst.grst.g7serrst.wr_rst_reg_reg[0]/PRE,
dbg_hub/inst/BSCANID.u_xsdbm_id/CORE_XSDB.UUT_MASTER/U_ICON_INTERFACE/U_CMD6_RD/U_RD_FIFO/SUBCORE_FIFO.xsdbm_v3_0_3_rdfifo_inst/inst_fifo_gen/gconvfifo.rf/grf.rf/rstblk/ngwrdrst.grst.g7serrst.wr_rst_reg_reg[1]/PRE
dbg_hub/inst/BSCANID.u_xsdbm_id/CORE_XSDB.UUT_MASTER/U_ICON_INTERFACE/U_CMD6_RD/U_RD_FIFO/SUBCORE_FIFO.xsdbm_v3_0_3_rdfifo_inst/inst_fifo_gen/gconvfifo.rf/grf.rf/rstblk/ngwrdrst.grst.g7serrst.wr_rst_reg_reg[2]/PRE. The LUT may glitch and trigger an unexpected reset, even if it is a properly timed path.
Related violations: <none>

LUTAR-1#3 Warning
LUT drives async reset alert  
LUT cell dbg_hub/inst/BSCANID.u_xsdbm_id/CORE_XSDB.UUT_MASTER/U_ICON_INTERFACE/U_CMD6_WR/U_WR_FIFO/SUBCORE_FIFO.xsdbm_v3_0_3_wrfifo_inst/inst_fifo_gen/gconvfifo.rf/grf.rf/rstblk/ngwrdrst.grst.g7serrst.gwrrd_rst_sync_stage[2].rrst_inst/ngwrdrst.grst.g7serrst.rd_rst_reg[2]_i_1, with 2 or more inputs, drives asynchronous preset/clear pin(s) dbg_hub/inst/BSCANID.u_xsdbm_id/CORE_XSDB.UUT_MASTER/U_ICON_INTERFACE/U_CMD6_WR/U_WR_FIFO/SUBCORE_FIFO.xsdbm_v3_0_3_wrfifo_inst/inst_fifo_gen/gconvfifo.rf/grf.rf/rstblk/ngwrdrst.grst.g7serrst.rd_rst_reg_reg[0]/PRE,
dbg_hub/inst/BSCANID.u_xsdbm_id/CORE_XSDB.UUT_MASTER/U_ICON_INTERFACE/U_CMD6_WR/U_WR_FIFO/SUBCORE_FIFO.xsdbm_v3_0_3_wrfifo_inst/inst_fifo_gen/gconvfifo.rf/grf.rf/rstblk/ngwrdrst.grst.g7serrst.rd_rst_reg_reg[1]/PRE
dbg_hub/inst/BSCANID.u_xsdbm_id/CORE_XSDB.UUT_MASTER/U_ICON_INTERFACE/U_CMD6_WR/U_WR_FIFO/SUBCORE_FIFO.xsdbm_v3_0_3_wrfifo_inst/inst_fifo_gen/gconvfifo.rf/grf.rf/rstblk/ngwrdrst.grst.g7serrst.rd_rst_reg_reg[2]/PRE. The LUT may glitch and trigger an unexpected reset, even if it is a properly timed path.
Related violations: <none>

LUTAR-1#4 Warning
LUT drives async reset alert  
LUT cell dbg_hub/inst/BSCANID.u_xsdbm_id/CORE_XSDB.UUT_MASTER/U_ICON_INTERFACE/U_CMD6_WR/U_WR_FIFO/SUBCORE_FIFO.xsdbm_v3_0_3_wrfifo_inst/inst_fifo_gen/gconvfifo.rf/grf.rf/rstblk/ngwrdrst.grst.g7serrst.gwrrd_rst_sync_stage[2].wrst_inst/ngwrdrst.grst.g7serrst.wr_rst_reg[2]_i_1, with 2 or more inputs, drives asynchronous preset/clear pin(s) dbg_hub/inst/BSCANID.u_xsdbm_id/CORE_XSDB.UUT_MASTER/U_ICON_INTERFACE/U_CMD6_WR/U_WR_FIFO/SUBCORE_FIFO.xsdbm_v3_0_3_wrfifo_inst/inst_fifo_gen/gconvfifo.rf/grf.rf/rstblk/ngwrdrst.grst.g7serrst.wr_rst_reg_reg[0]/PRE,
dbg_hub/inst/BSCANID.u_xsdbm_id/CORE_XSDB.UUT_MASTER/U_ICON_INTERFACE/U_CMD6_WR/U_WR_FIFO/SUBCORE_FIFO.xsdbm_v3_0_3_wrfifo_inst/inst_fifo_gen/gconvfifo.rf/grf.rf/rstblk/ngwrdrst.grst.g7serrst.wr_rst_reg_reg[1]/PRE
dbg_hub/inst/BSCANID.u_xsdbm_id/CORE_XSDB.UUT_MASTER/U_ICON_INTERFACE/U_CMD6_WR/U_WR_FIFO/SUBCORE_FIFO.xsdbm_v3_0_3_wrfifo_inst/inst_fifo_gen/gconvfifo.rf/grf.rf/rstblk/ngwrdrst.grst.g7serrst.wr_rst_reg_reg[2]/PRE. The LUT may glitch and trigger an unexpected reset, even if it is a properly timed path.
Related violations: <none>

XDCB-5#1 Warning
Runtime inefficient way to find pin objects  
The option '-from : [get_pins -hierarchical -filter {NAME =~ *ila_core_inst/u_trig/N_DDR_TC.N_DDR_TC_INST[*].U_TC/allx_typeA_match_detection.ltlib_v1_0_2_allx_typeA_inst/DUT/u_srl_drive/CLK}]' of constraint 'set_false_path' uses inefficient query to find pin objects (see constraint position '45' in the Timing Constraint window in Vivado IDE). To reduce runtime, it is recommended to get the pins through the cell objects. Please refer to Using Constraints Guide (Constraints Efficiency). An example of optimal query is: get_pins -filter {REF_PIN_NAME=~yy*} -of_objects [get_cells -hierarchical xx*].
Current XDC: x:/part4/vivado_part4_zynq/fft_pl_ps_part4_zynq.gen/sources_1/bd/system/ip/system_ila_0_0/ila_v6_2/constraints/ila.xdc (Line: 72)
Related violations: <none>

XDCB-5#2 Warning
Runtime inefficient way to find pin objects  
The option '-to : [get_pins -hierarchical -filter {NAME =~ *ila_core_inst/u_trig/N_DDR_TC.N_DDR_TC_INST[*].U_TC/yes_output_reg.dout_reg_reg/D}]' of constraint 'set_false_path' uses inefficient query to find pin objects (see constraint position '45' in the Timing Constraint window in Vivado IDE). To reduce runtime, it is recommended to get the pins through the cell objects. Please refer to Using Constraints Guide (Constraints Efficiency). An example of optimal query is: get_pins -filter {REF_PIN_NAME=~yy*} -of_objects [get_cells -hierarchical xx*].
Current XDC: x:/part4/vivado_part4_zynq/fft_pl_ps_part4_zynq.gen/sources_1/bd/system/ip/system_ila_0_0/ila_v6_2/constraints/ila.xdc (Line: 72)
Related violations: <none>


