#-----------------------------------------------------------
# Vivado v2024.2 (64-bit)
# SW Build 5239630 on Fri Nov 08 22:35:27 MST 2024
# IP Build 5239520 on Sun Nov 10 16:12:51 MST 2024
# SharedData Build 5239561 on Fri Nov 08 14:39:27 MST 2024
# Start of session at: Mon May  4 22:45:12 2026
# Process ID         : 38716
# Current directory  : C:/Users/USER/Documents/baryonic_space/baryonic_space-main/part3/vivado_part3
# Command line       : vivado.exe -gui_launcher_event rodinguilauncherevent36304 C:\Users\USER\Documents\baryonic_space\baryonic_space-main\part3\vivado_part3\fft_freqwin_part3.xpr
# Log file           : C:/Users/USER/Documents/baryonic_space/baryonic_space-main/part3/vivado_part3/vivado.log
# Journal file       : C:/Users/USER/Documents/baryonic_space/baryonic_space-main/part3/vivado_part3\vivado.jou
# Running On         : DESKTOP-PNADBHN
# Platform           : Windows Server 2016 or Windows 10
# Operating System   : 26200
# Processor Detail   : 12th Gen Intel(R) Core(TM) i7-12700KF
# CPU Frequency      : 3610 MHz
# CPU Physical cores : 12
# CPU Logical cores  : 20
# Host memory        : 34164 MB
# Swap memory        : 6174 MB
# Total Virtual      : 40338 MB
# Available Virtual  : 9866 MB
#-----------------------------------------------------------
start_gui
open_project C:/Users/USER/Documents/baryonic_space/baryonic_space-main/part3/vivado_part3/fft_freqwin_part3.xpr
WARNING: [Board 49-26] cannot add Board Part digilentinc.com:genesys2:part0:1.1 available at C:/Xilinx/Vivado/2024.2/data/boards/board_files/genesys2/H/board.xml as part xc7k325tffg900-2 specified in board_part file is either invalid or not available
WARNING: [Board 49-26] cannot add Board Part digilentinc.com:sword:part0:1.0 available at C:/Xilinx/Vivado/2024.2/data/boards/board_files/sword/C.0/board.xml as part xc7k325tffg900-2 specified in board_part file is either invalid or not available
Scanning sources...
Finished scanning sources
INFO: [IP_Flow 19-234] Refreshing IP repositories
INFO: [IP_Flow 19-1704] No user IP repositories specified
INFO: [IP_Flow 19-2313] Loaded Vivado IP repository 'C:/Xilinx/Vivado/2024.2/data/ip'.
open_project: Time (s): cpu = 00:00:11 ; elapsed = 00:00:06 . Memory (MB): peak = 1290.672 ; gain = 180.016
update_compile_order -fileset sources_1
launch_simulation
Command: launch_simulation 
INFO: [Vivado 12-12493] Simulation top is 'tb_fft_freqwin'
WARNING: [Vivado 12-13340] Unable to auto find GCC executables from simulator install path! (path not set)
INFO: [Vivado 12-5698] Checking validity of IPs in the design for the 'XSim' simulator...
INFO: [Vivado 12-5682] Launching behavioral simulation in 'C:/Users/USER/Documents/baryonic_space/baryonic_space-main/part3/vivado_part3/fft_freqwin_part3.sim/sim_1/behav/xsim'
INFO: [Vivado 12-13660] Precompiled IP simulation library mode is enabled (default). The design IP libraries will be referenced from the compiled library path. Please note that if the precompiled version of the library is not found from the path or the IP is in locked state, then the library source files for these IPs will be compiled locally as part of the compile order.
INFO: [Vivado 12-4795] Using compiled simulation libraries for IPs
INFO: [SIM-utils-51] Simulation object is 'sim_1'
INFO: [SIM-utils-72] Using boost library from 'C:/Xilinx/Vivado/2024.2/tps/boost_1_72_0'
INFO: [USF-XSim-7] Finding pre-compiled libraries...
INFO: [USF-XSim-11] File 'C:/Xilinx/Vivado/2024.2/data/xsim/xsim.ini' copied to run dir:'C:/Users/USER/Documents/baryonic_space/baryonic_space-main/part3/vivado_part3/fft_freqwin_part3.sim/sim_1/behav/xsim'
INFO: [SIM-utils-54] Inspecting design source files for 'tb_fft_freqwin' in fileset 'sim_1'...
INFO: [SIM-utils-43] Exported 'C:/Users/USER/Documents/baryonic_space/baryonic_space-main/part3/vivado_part3/fft_freqwin_part3.sim/sim_1/behav/xsim/tone_12p5MHz_re.mem'
INFO: [SIM-utils-43] Exported 'C:/Users/USER/Documents/baryonic_space/baryonic_space-main/part3/vivado_part3/fft_freqwin_part3.sim/sim_1/behav/xsim/tone_12p5MHz_im.mem'
INFO: [SIM-utils-43] Exported 'C:/Users/USER/Documents/baryonic_space/baryonic_space-main/part3/vivado_part3/fft_freqwin_part3.sim/sim_1/behav/xsim/tone_10MHz_re.mem'
INFO: [SIM-utils-43] Exported 'C:/Users/USER/Documents/baryonic_space/baryonic_space-main/part3/vivado_part3/fft_freqwin_part3.sim/sim_1/behav/xsim/tone_10MHz_im.mem'
INFO: [SIM-utils-43] Exported 'C:/Users/USER/Documents/baryonic_space/baryonic_space-main/part3/vivado_part3/fft_freqwin_part3.sim/sim_1/behav/xsim/tone_12p5MHz_re.mem'
INFO: [SIM-utils-43] Exported 'C:/Users/USER/Documents/baryonic_space/baryonic_space-main/part3/vivado_part3/fft_freqwin_part3.sim/sim_1/behav/xsim/tone_12p5MHz_im.mem'
INFO: [SIM-utils-43] Exported 'C:/Users/USER/Documents/baryonic_space/baryonic_space-main/part3/vivado_part3/fft_freqwin_part3.sim/sim_1/behav/xsim/tone_10MHz_re.mem'
INFO: [SIM-utils-43] Exported 'C:/Users/USER/Documents/baryonic_space/baryonic_space-main/part3/vivado_part3/fft_freqwin_part3.sim/sim_1/behav/xsim/tone_10MHz_im.mem'
INFO: [USF-XSim-97] Finding global include files...
INFO: [USF-XSim-98] Fetching design files from 'sim_1'...
INFO: [USF-XSim-2] XSim::Compile design
INFO: [USF-XSim-61] Executing 'COMPILE and ANALYZE' step in 'C:/Users/USER/Documents/baryonic_space/baryonic_space-main/part3/vivado_part3/fft_freqwin_part3.sim/sim_1/behav/xsim'
"xvlog --incr --relax -L uvm -prj tb_fft_freqwin_vlog.prj"
"xvhdl --incr --relax -prj tb_fft_freqwin_vhdl.prj"
INFO: [USF-XSim-69] 'compile' step finished in '2' seconds
INFO: [USF-XSim-3] XSim::Elaborate design
INFO: [USF-XSim-61] Executing 'ELABORATE' step in 'C:/Users/USER/Documents/baryonic_space/baryonic_space-main/part3/vivado_part3/fft_freqwin_part3.sim/sim_1/behav/xsim'
"xelab --incr --debug typical --relax --mt 2 -L xil_defaultlib -L xbip_utils_v3_0_14 -L axi_utils_v2_0_10 -L c_reg_fd_v12_0_10 -L xbip_dsp48_wrapper_v3_0_6 -L xbip_pipe_v3_0_10 -L c_addsub_v12_0_19 -L c_shift_ram_v12_0_18 -L mult_gen_v12_0_22 -L floating_point_v7_1_19 -L cmpy_v6_0_25 -L floating_point_v7_0_24 -L xfft_v9_1_13 -L uvm -L unisims_ver -L unimacro_ver -L secureip -L xpm --snapshot tb_fft_freqwin_behav xil_defaultlib.tb_fft_freqwin xil_defaultlib.glbl -log elaborate.log"
Vivado Simulator v2024.2.0
Copyright 1986-2022 Xilinx, Inc. All Rights Reserved.
Copyright 2022-2024 Advanced Micro Devices, Inc. All Rights Reserved.
Running: C:/Xilinx/Vivado/2024.2/bin/unwrapped/win64.o/xelab.exe --incr --debug typical --relax --mt 2 -L xil_defaultlib -L xbip_utils_v3_0_14 -L axi_utils_v2_0_10 -L c_reg_fd_v12_0_10 -L xbip_dsp48_wrapper_v3_0_6 -L xbip_pipe_v3_0_10 -L c_addsub_v12_0_19 -L c_shift_ram_v12_0_18 -L mult_gen_v12_0_22 -L floating_point_v7_1_19 -L cmpy_v6_0_25 -L floating_point_v7_0_24 -L xfft_v9_1_13 -L uvm -L unisims_ver -L unimacro_ver -L secureip -L xpm --snapshot tb_fft_freqwin_behav xil_defaultlib.tb_fft_freqwin xil_defaultlib.glbl -log elaborate.log 
Using 2 slave threads.
Starting static elaboration
Pass Through NonSizing Optimizer
WARNING: [VRFC 10-5021] port 'event_frame_started' is not connected on this instance [C:/Users/USER/Documents/baryonic_space/baryonic_space-main/rtl/part3/fft_freqwin_top.v:80]
Completed static elaboration
INFO: [XSIM 43-4323] No Change in HDL. Linking previously generated obj files to create kernel
INFO: [USF-XSim-69] 'elaborate' step finished in '4' seconds
INFO: [USF-XSim-4] XSim::Simulate design
INFO: [USF-XSim-61] Executing 'SIMULATE' step in 'C:/Users/USER/Documents/baryonic_space/baryonic_space-main/part3/vivado_part3/fft_freqwin_part3.sim/sim_1/behav/xsim'
INFO: [USF-XSim-98] *** Running xsim
   with args "tb_fft_freqwin_behav -key {Behavioral:sim_1:Functional:tb_fft_freqwin} -tclbatch {tb_fft_freqwin.tcl} -log {simulate.log} -testplusarg MEM_DIR=."
INFO: [USF-XSim-8] Loading simulator feature
Time resolution is 1 ps
source tb_fft_freqwin.tcl
# set curr_wave [current_wave_config]
# if { [string length $curr_wave] == 0 } {
#   if { [llength [get_objects]] > 0} {
#     add_wave /
#     set_property needs_save false [current_wave_config]
#   } else {
#      send_msg_id Add_Wave-1 WARNING "No top level signals found. Simulator will start without a wave window. If you want to open a wave window go to 'File->New Waveform Configuration' or type 'create_wave_config' in the TCL console."
#   }
# }
WARNING: Simulation object /tb_fft_freqwin/mem_dir was not traceable in the design for the following reason:
Vivado Simulator does not support tracing of System Verilog Dynamic Type object.
# run 1000ns
Using MEM_DIR=.
Note:   - SCALING_SCH: in_ptr = 1, out_ptr = 1
Time: 0 ps  Iteration: 0  Process: /tb_fft_freqwin/dut/u_xfft_0/U0/i_synth/axi_wrapper/gen_config_fifo_in/line__952  File: C:/Xilinx/Vivado/2024.2/data/ip/xilinx/xfft_v9_1/hdl/axi_wrapper.vhd
Note:     - C_CHANNELS  = 1
Time: 0 ps  Iteration: 0  Process: /tb_fft_freqwin/dut/u_xfft_0/U0/i_synth/axi_wrapper/gen_config_fifo_in/line__952  File: C:/Xilinx/Vivado/2024.2/data/ip/xilinx/xfft_v9_1/hdl/axi_wrapper.vhd
Note:     - field_width = 8
Time: 0 ps  Iteration: 0  Process: /tb_fft_freqwin/dut/u_xfft_0/U0/i_synth/axi_wrapper/gen_config_fifo_in/line__952  File: C:/Xilinx/Vivado/2024.2/data/ip/xilinx/xfft_v9_1/hdl/axi_wrapper.vhd
Note:   - Copying SCALE_SCH from 8 downto 1 to 8 downto 1
Time: 0 ps  Iteration: 0  Process: /tb_fft_freqwin/dut/u_xfft_0/U0/i_synth/axi_wrapper/gen_config_fifo_in/line__952  File: C:/Xilinx/Vivado/2024.2/data/ip/xilinx/xfft_v9_1/hdl/axi_wrapper.vhd
Note:   - SCALING_SCH: in_ptr = 1, out_ptr = 1
Time: 0 ps  Iteration: 1  Process: /tb_fft_freqwin/dut/u_xfft_0/U0/i_synth/axi_wrapper/gen_config_fifo_in/line__952  File: C:/Xilinx/Vivado/2024.2/data/ip/xilinx/xfft_v9_1/hdl/axi_wrapper.vhd
Note:     - C_CHANNELS  = 1
Time: 0 ps  Iteration: 1  Process: /tb_fft_freqwin/dut/u_xfft_0/U0/i_synth/axi_wrapper/gen_config_fifo_in/line__952  File: C:/Xilinx/Vivado/2024.2/data/ip/xilinx/xfft_v9_1/hdl/axi_wrapper.vhd
Note:     - field_width = 8
Time: 0 ps  Iteration: 1  Process: /tb_fft_freqwin/dut/u_xfft_0/U0/i_synth/axi_wrapper/gen_config_fifo_in/line__952  File: C:/Xilinx/Vivado/2024.2/data/ip/xilinx/xfft_v9_1/hdl/axi_wrapper.vhd
Note:   - Copying SCALE_SCH from 8 downto 1 to 8 downto 1
Time: 0 ps  Iteration: 1  Process: /tb_fft_freqwin/dut/u_xfft_0/U0/i_synth/axi_wrapper/gen_config_fifo_in/line__952  File: C:/Xilinx/Vivado/2024.2/data/ip/xilinx/xfft_v9_1/hdl/axi_wrapper.vhd
[158000] === Frame 0: Sending frame: 12.5 MHz freqwin ===
INFO: [USF-XSim-96] XSim completed. Design snapshot 'tb_fft_freqwin_behav' loaded.
INFO: [USF-XSim-97] XSim simulation ran for 1000ns
launch_simulation: Time (s): cpu = 00:00:03 ; elapsed = 00:00:10 . Memory (MB): peak = 1336.906 ; gain = 27.695
run all
[1184000] === Frame 0: Input send done ===
[3698000] [Frame0 12.5MHz freqwin] xk=10 abs_sq=0
[3702000] [Frame0 12.5MHz freqwin] xk=11 abs_sq=0
[3706000] [Frame0 12.5MHz freqwin] xk=12 abs_sq=0
[3710000] [Frame0 12.5MHz freqwin] xk=13 abs_sq=0
[3714000] [Frame0 12.5MHz freqwin] xk=14 abs_sq=0
[3718000] [Frame0 12.5MHz freqwin] xk=15 abs_sq=179776
[3722000] [Frame0 12.5MHz freqwin] xk=16 abs_sq=990026
[3726000] [Frame0 12.5MHz freqwin] xk=17 abs_sq=179776
[3730000] [Frame0 12.5MHz freqwin] xk=18 abs_sq=0
[4678000] frame 0 total energy = 1349579 (bins=256)
[4682000] peak[0]: index=16  value=990026
[4762000] === Frame 1: Sending frame: 10.0 MHz freqwin ===
[5788000] === Frame 1: Input send done ===
[8302000] [Frame1 10.0MHz freqwin] xk=10 abs_sq=2
[8306000] [Frame1 10.0MHz freqwin] xk=11 abs_sq=557
[8310000] [Frame1 10.0MHz freqwin] xk=12 abs_sq=342065
[8314000] [Frame1 10.0MHz freqwin] xk=13 abs_sq=927197
[8318000] [Frame1 10.0MHz freqwin] xk=14 abs_sq=76745
[8322000] [Frame1 10.0MHz freqwin] xk=15 abs_sq=41
[8326000] [Frame1 10.0MHz freqwin] xk=16 abs_sq=13
[8330000] [Frame1 10.0MHz freqwin] xk=17 abs_sq=20
[8334000] [Frame1 10.0MHz freqwin] xk=18 abs_sq=13
[9282000] frame 1 total energy = 1347257 (bins=256)
[9286000] peak[1]: index=13  value=927197
---------------------------------------------------------
Frame 0 (12.5 MHz freqwin): peak bin=16, |X|^2=990026, total=1349579
Frame 1 (10.0 MHz freqwin): peak bin=13, |X|^2=927197, total=1347257
Energy ratio (smaller/larger) = 0.998, required >= 0.750
Peak dominance: tone0=187.8x, tone1=176.2x, min=4
NOTE: compare freqwin dom1 (176.2x) vs naive/windowed dom1 in the report.
---------------------------------------------------------
tb_fft_freqwin: PASS
$finish called at time : 9326 ns : File "C:/Users/USER/Documents/baryonic_space/baryonic_space-main/tb/part3/tb_fft_freqwin.sv" Line 337
close_sim
INFO: [Simtcl 6-16] Simulation closed
exit
INFO: [Common 17-206] Exiting Vivado at Mon May  4 22:48:40 2026...
