#-----------------------------------------------------------
# Vivado v2024.2 (64-bit)
# SW Build 5239630 on Fri Nov 08 22:35:27 MST 2024
# IP Build 5239520 on Sun Nov 10 16:12:51 MST 2024
# SharedData Build 5239561 on Fri Nov 08 14:39:27 MST 2024
# Start of session at: Wed May  6 21:00:26 2026
# Process ID         : 34604
# Current directory  : C:/Users/USER/Documents/baryonic_space/baryonic_space-main/part2/vivado_part2
# Command line       : vivado.exe -gui_launcher_event rodinguilauncherevent32764 C:\Users\USER\Documents\baryonic_space\baryonic_space-main\part2\vivado_part2\fft_windowed_part2.xpr
# Log file           : C:/Users/USER/Documents/baryonic_space/baryonic_space-main/part2/vivado_part2/vivado.log
# Journal file       : C:/Users/USER/Documents/baryonic_space/baryonic_space-main/part2/vivado_part2\vivado.jou
# Running On         : DESKTOP-PNADBHN
# Platform           : Windows Server 2016 or Windows 10
# Operating System   : 26200
# Processor Detail   : 12th Gen Intel(R) Core(TM) i7-12700KF
# CPU Frequency      : 3610 MHz
# CPU Physical cores : 12
# CPU Logical cores  : 20
# Host memory        : 34164 MB
# Swap memory        : 5905 MB
# Total Virtual      : 40069 MB
# Available Virtual  : 14319 MB
#-----------------------------------------------------------
start_gui
open_project C:/Users/USER/Documents/baryonic_space/baryonic_space-main/part2/vivado_part2/fft_windowed_part2.xpr
WARNING: [Board 49-26] cannot add Board Part xilinx.com:zcu208ld:part0:2.0 available at C:/Xilinx/Vivado/2024.2/data/xhub/boards/XilinxBoardStore/boards/Xilinx/zcu208ld/production/2.0/board.xml as part xczu58dr-fsvg1517-2-i specified in board_part file is either invalid or not available
WARNING: [Board 49-26] cannot add Board Part xilinx.com:zcu216ld:part0:2.0 available at C:/Xilinx/Vivado/2024.2/data/xhub/boards/XilinxBoardStore/boards/Xilinx/zcu216ld/production/2.0/board.xml as part xczu59dr-ffvf1760-2-i specified in board_part file is either invalid or not available
WARNING: [Board 49-26] cannot add Board Part xilinx.com:zcu670ld:part0:1.0 available at C:/Xilinx/Vivado/2024.2/data/xhub/boards/XilinxBoardStore/boards/Xilinx/zcu670ld/1.0/board.xml as part xczu57dr-fsve1156-2-i specified in board_part file is either invalid or not available
Scanning sources...
Finished scanning sources
INFO: [IP_Flow 19-234] Refreshing IP repositories
INFO: [IP_Flow 19-1704] No user IP repositories specified
INFO: [IP_Flow 19-2313] Loaded Vivado IP repository 'C:/Xilinx/Vivado/2024.2/data/ip'.
open_project: Time (s): cpu = 00:00:11 ; elapsed = 00:00:07 . Memory (MB): peak = 1373.891 ; gain = 276.273
update_compile_order -fileset sources_1
WARNING: [filemgmt 56-199] Attempt to get parsing info during refresh. "On-the-fly" syntax checking information may be incorrect. [C:\Users\USER\Documents\baryonic_space\baryonic_space-main\rtl\part2\fft_windowed_top.v:]
WARNING: [filemgmt 56-199] Attempt to get parsing info during refresh. "On-the-fly" syntax checking information may be incorrect. [C:\Users\USER\Documents\baryonic_space\baryonic_space-main\rtl\part2\hamming_window.v:]
WARNING: [filemgmt 56-199] Attempt to get parsing info during refresh. "On-the-fly" syntax checking information may be incorrect. [C:\Users\USER\Documents\baryonic_space\baryonic_space-main\rtl\part2\hamming_window.v:]
WARNING: [filemgmt 56-199] Attempt to get parsing info during refresh. "On-the-fly" syntax checking information may be incorrect. [C:\Users\USER\Documents\baryonic_space\baryonic_space-main\rtl\part2\hamming_window.v:]
ERROR: [Common 17-180] Spawn failed: No error
WARNING: [filemgmt 56-199] Attempt to get parsing info during refresh. "On-the-fly" syntax checking information may be incorrect. [C:\Users\USER\Documents\baryonic_space\baryonic_space-main\rtl\part2\fft_windowed_top.v:]
WARNING: [filemgmt 56-199] Attempt to get parsing info during refresh. "On-the-fly" syntax checking information may be incorrect. [C:\Users\USER\Documents\baryonic_space\baryonic_space-main\rtl\part2\hamming_window.v:]
WARNING: [filemgmt 56-199] Attempt to get parsing info during refresh. "On-the-fly" syntax checking information may be incorrect. [C:\Users\USER\Documents\baryonic_space\baryonic_space-main\rtl\part2\hamming_window.v:]
WARNING: [filemgmt 56-199] Attempt to get parsing info during refresh. "On-the-fly" syntax checking information may be incorrect. [C:\Users\USER\Documents\baryonic_space\baryonic_space-main\rtl\part2\hamming_window.v:]
ERROR: [Common 17-180] Spawn failed: No error
launch_runs synth_1 -jobs 10
INFO: [IP_Flow 19-6924] IPCACHE: Running cache check for IP inst: xfft_0
WARNING: [Vivado 12-7122] Auto Incremental Compile:: No reference checkpoint was found in run synth_1. Auto-incremental flow will not be run, the standard flow will be run instead.
[Thu May  7 12:05:03 2026] Launched xfft_0_synth_1...
Run output will be captured here: C:/Users/USER/Documents/baryonic_space/baryonic_space-main/part2/vivado_part2/fft_windowed_part2.runs/xfft_0_synth_1/runme.log
[Thu May  7 12:05:03 2026] Launched synth_1...
Run output will be captured here: C:/Users/USER/Documents/baryonic_space/baryonic_space-main/part2/vivado_part2/fft_windowed_part2.runs/synth_1/runme.log
WARNING: [filemgmt 56-199] Attempt to get parsing info during refresh. "On-the-fly" syntax checking information may be incorrect. [C:\Users\USER\Documents\baryonic_space\baryonic_space-main\rtl\part2\fft_windowed_top.v:]
WARNING: [filemgmt 56-199] Attempt to get parsing info during refresh. "On-the-fly" syntax checking information may be incorrect. [C:\Users\USER\Documents\baryonic_space\baryonic_space-main\rtl\part2\hamming_window.v:]
WARNING: [filemgmt 56-199] Attempt to get parsing info during refresh. "On-the-fly" syntax checking information may be incorrect. [C:\Users\USER\Documents\baryonic_space\baryonic_space-main\rtl\part2\fft_windowed_top.v:]
WARNING: [filemgmt 56-199] Attempt to get parsing info during refresh. "On-the-fly" syntax checking information may be incorrect. [C:\Users\USER\Documents\baryonic_space\baryonic_space-main\rtl\part2\fft_windowed_top.v:]
WARNING: [filemgmt 56-199] Attempt to get parsing info during refresh. "On-the-fly" syntax checking information may be incorrect. [C:\Users\USER\Documents\baryonic_space\baryonic_space-main\rtl\part2\fft_windowed_top.v:]
WARNING: [filemgmt 56-199] Attempt to get parsing info during refresh. "On-the-fly" syntax checking information may be incorrect. [C:\Users\USER\Documents\baryonic_space\baryonic_space-main\rtl\part2\hamming_window.v:]
WARNING: [filemgmt 56-199] Attempt to get parsing info during refresh. "On-the-fly" syntax checking information may be incorrect. [C:\Users\USER\Documents\baryonic_space\baryonic_space-main\rtl\part2\hamming_window.v:]
WARNING: [filemgmt 56-199] Attempt to get parsing info during refresh. "On-the-fly" syntax checking information may be incorrect. [C:\Users\USER\Documents\baryonic_space\baryonic_space-main\rtl\part2\hamming_window.v:]
ERROR: [Common 17-180] Spawn failed: No error
WARNING: [filemgmt 56-199] Attempt to get parsing info during refresh. "On-the-fly" syntax checking information may be incorrect. [C:\Users\USER\Documents\baryonic_space\baryonic_space-main\rtl\part2\fft_windowed_top.v:]
WARNING: [filemgmt 56-199] Attempt to get parsing info during refresh. "On-the-fly" syntax checking information may be incorrect. [C:\Users\USER\Documents\baryonic_space\baryonic_space-main\rtl\part2\hamming_window.v:]
WARNING: [filemgmt 56-199] Attempt to get parsing info during refresh. "On-the-fly" syntax checking information may be incorrect. [C:\Users\USER\Documents\baryonic_space\baryonic_space-main\rtl\part2\hamming_window.v:]
WARNING: [filemgmt 56-199] Attempt to get parsing info during refresh. "On-the-fly" syntax checking information may be incorrect. [C:\Users\USER\Documents\baryonic_space\baryonic_space-main\rtl\part2\hamming_window.v:]
ERROR: [Common 17-180] Spawn failed: No error
WARNING: [filemgmt 56-199] Attempt to get parsing info during refresh. "On-the-fly" syntax checking information may be incorrect. [C:\Users\USER\Documents\baryonic_space\baryonic_space-main\rtl\part2\fft_windowed_top.v:]
WARNING: [filemgmt 56-199] Attempt to get parsing info during refresh. "On-the-fly" syntax checking information may be incorrect. [C:\Users\USER\Documents\baryonic_space\baryonic_space-main\rtl\part2\hamming_window.v:]
WARNING: [filemgmt 56-199] Attempt to get parsing info during refresh. "On-the-fly" syntax checking information may be incorrect. [C:\Users\USER\Documents\baryonic_space\baryonic_space-main\rtl\part2\hamming_window.v:]
WARNING: [filemgmt 56-199] Attempt to get parsing info during refresh. "On-the-fly" syntax checking information may be incorrect. [C:\Users\USER\Documents\baryonic_space\baryonic_space-main\rtl\part2\hamming_window.v:]
ERROR: [Common 17-180] Spawn failed: No error
update_compile_order -fileset sources_1
WARNING: [filemgmt 56-199] Attempt to get parsing info during refresh. "On-the-fly" syntax checking information may be incorrect. [C:\Users\USER\Documents\baryonic_space\baryonic_space-main\rtl\part2\fft_windowed_top.v:]
WARNING: [filemgmt 56-199] Attempt to get parsing info during refresh. "On-the-fly" syntax checking information may be incorrect. [C:\Users\USER\Documents\baryonic_space\baryonic_space-main\rtl\part2\hamming_window.v:]
WARNING: [filemgmt 56-199] Attempt to get parsing info during refresh. "On-the-fly" syntax checking information may be incorrect. [C:\Users\USER\Documents\baryonic_space\baryonic_space-main\rtl\part2\hamming_window.v:]
WARNING: [filemgmt 56-199] Attempt to get parsing info during refresh. "On-the-fly" syntax checking information may be incorrect. [C:\Users\USER\Documents\baryonic_space\baryonic_space-main\rtl\part2\hamming_window.v:]
ERROR: [Common 17-180] Spawn failed: No error
WARNING: [filemgmt 56-199] Attempt to get parsing info during refresh. "On-the-fly" syntax checking information may be incorrect. [C:\Users\USER\Documents\baryonic_space\baryonic_space-main\rtl\part2\fft_windowed_top.v:]
WARNING: [filemgmt 56-199] Attempt to get parsing info during refresh. "On-the-fly" syntax checking information may be incorrect. [C:\Users\USER\Documents\baryonic_space\baryonic_space-main\rtl\part2\hamming_window.v:]
WARNING: [filemgmt 56-199] Attempt to get parsing info during refresh. "On-the-fly" syntax checking information may be incorrect. [C:\Users\USER\Documents\baryonic_space\baryonic_space-main\rtl\part2\hamming_window.v:]
WARNING: [filemgmt 56-199] Attempt to get parsing info during refresh. "On-the-fly" syntax checking information may be incorrect. [C:\Users\USER\Documents\baryonic_space\baryonic_space-main\rtl\part2\hamming_window.v:]
ERROR: [Common 17-180] Spawn failed: No error
update_compile_order -fileset sources_1
WARNING: [filemgmt 56-199] Attempt to get parsing info during refresh. "On-the-fly" syntax checking information may be incorrect. [C:\Users\USER\Documents\baryonic_space\baryonic_space-main\rtl\part2\fft_windowed_top.v:]
WARNING: [filemgmt 56-199] Attempt to get parsing info during refresh. "On-the-fly" syntax checking information may be incorrect. [C:\Users\USER\Documents\baryonic_space\baryonic_space-main\rtl\part2\hamming_window.v:]
WARNING: [filemgmt 56-199] Attempt to get parsing info during refresh. "On-the-fly" syntax checking information may be incorrect. [C:\Users\USER\Documents\baryonic_space\baryonic_space-main\rtl\part2\hamming_window.v:]
WARNING: [filemgmt 56-199] Attempt to get parsing info during refresh. "On-the-fly" syntax checking information may be incorrect. [C:\Users\USER\Documents\baryonic_space\baryonic_space-main\rtl\part2\hamming_window.v:]
ERROR: [Common 17-180] Spawn failed: No error
WARNING: [filemgmt 56-199] Attempt to get parsing info during refresh. "On-the-fly" syntax checking information may be incorrect. [C:\Users\USER\Documents\baryonic_space\baryonic_space-main\rtl\part2\fft_windowed_top.v:]
WARNING: [filemgmt 56-199] Attempt to get parsing info during refresh. "On-the-fly" syntax checking information may be incorrect. [C:\Users\USER\Documents\baryonic_space\baryonic_space-main\rtl\part2\hamming_window.v:]
WARNING: [filemgmt 56-199] Attempt to get parsing info during refresh. "On-the-fly" syntax checking information may be incorrect. [C:\Users\USER\Documents\baryonic_space\baryonic_space-main\rtl\part2\hamming_window.v:]
WARNING: [filemgmt 56-199] Attempt to get parsing info during refresh. "On-the-fly" syntax checking information may be incorrect. [C:\Users\USER\Documents\baryonic_space\baryonic_space-main\rtl\part2\hamming_window.v:]
ERROR: [Common 17-180] Spawn failed: No error
update_compile_order -fileset sources_1
WARNING: [filemgmt 56-199] Attempt to get parsing info during refresh. "On-the-fly" syntax checking information may be incorrect. [C:\Users\USER\Documents\baryonic_space\baryonic_space-main\rtl\part2\fft_windowed_top.v:]
WARNING: [filemgmt 56-199] Attempt to get parsing info during refresh. "On-the-fly" syntax checking information may be incorrect. [C:\Users\USER\Documents\baryonic_space\baryonic_space-main\rtl\part2\hamming_window.v:]
WARNING: [filemgmt 56-199] Attempt to get parsing info during refresh. "On-the-fly" syntax checking information may be incorrect. [C:\Users\USER\Documents\baryonic_space\baryonic_space-main\rtl\part2\hamming_window.v:]
WARNING: [filemgmt 56-199] Attempt to get parsing info during refresh. "On-the-fly" syntax checking information may be incorrect. [C:\Users\USER\Documents\baryonic_space\baryonic_space-main\rtl\part2\hamming_window.v:]
ERROR: [Common 17-180] Spawn failed: No error
reset_run synth_1
INFO: [Project 1-1160] Copying file C:/Users/USER/Documents/baryonic_space/baryonic_space-main/part2/vivado_part2/fft_windowed_part2.runs/synth_1/fft_windowed_top.dcp to C:/Users/USER/Documents/baryonic_space/baryonic_space-main/part2/vivado_part2/fft_windowed_part2.srcs/utils_1/imports/synth_1 and adding it to utils fileset
launch_runs synth_1 -jobs 10
[Thu May  7 12:24:41 2026] Launched synth_1...
Run output will be captured here: C:/Users/USER/Documents/baryonic_space/baryonic_space-main/part2/vivado_part2/fft_windowed_part2.runs/synth_1/runme.log
WARNING: [filemgmt 56-199] Attempt to get parsing info during refresh. "On-the-fly" syntax checking information may be incorrect. [C:\Users\USER\Documents\baryonic_space\baryonic_space-main\rtl\part2\fft_windowed_top.v:]
WARNING: [filemgmt 56-199] Attempt to get parsing info during refresh. "On-the-fly" syntax checking information may be incorrect. [C:\Users\USER\Documents\baryonic_space\baryonic_space-main\rtl\part2\hamming_window.v:]
WARNING: [filemgmt 56-199] Attempt to get parsing info during refresh. "On-the-fly" syntax checking information may be incorrect. [C:\Users\USER\Documents\baryonic_space\baryonic_space-main\rtl\part2\hamming_window.v:]
WARNING: [filemgmt 56-199] Attempt to get parsing info during refresh. "On-the-fly" syntax checking information may be incorrect. [C:\Users\USER\Documents\baryonic_space\baryonic_space-main\rtl\part2\hamming_window.v:]
ERROR: [Common 17-180] Spawn failed: No error
launch_runs impl_1 -jobs 10
[Thu May  7 12:26:44 2026] Launched impl_1...
Run output will be captured here: C:/Users/USER/Documents/baryonic_space/baryonic_space-main/part2/vivado_part2/fft_windowed_part2.runs/impl_1/runme.log
launch_simulation
Command: launch_simulation 
INFO: [Vivado 12-12493] Simulation top is 'tb_fft_windowed'
WARNING: [Vivado 12-13340] Unable to auto find GCC executables from simulator install path! (path not set)
INFO: [Vivado 12-5698] Checking validity of IPs in the design for the 'XSim' simulator...
WARNING: [filemgmt 56-199] Attempt to get parsing info during refresh. "On-the-fly" syntax checking information may be incorrect. [C:\Users\USER\Documents\baryonic_space\baryonic_space-main\rtl\part2\fft_windowed_top.v:]
WARNING: [filemgmt 56-199] Attempt to get parsing info during refresh. "On-the-fly" syntax checking information may be incorrect. [C:\Users\USER\Documents\baryonic_space\baryonic_space-main\rtl\part2\hamming_window.v:]
WARNING: [filemgmt 56-199] Attempt to get parsing info during refresh. "On-the-fly" syntax checking information may be incorrect. [C:\Users\USER\Documents\baryonic_space\baryonic_space-main\rtl\part2\fft_windowed_top.v:]
WARNING: [filemgmt 56-199] Attempt to get parsing info during refresh. "On-the-fly" syntax checking information may be incorrect. [C:\Users\USER\Documents\baryonic_space\baryonic_space-main\rtl\part2\fft_windowed_top.v:]
INFO: [Vivado 12-5682] Launching behavioral simulation in 'C:/Users/USER/Documents/baryonic_space/baryonic_space-main/part2/vivado_part2/fft_windowed_part2.sim/sim_1/behav/xsim'
INFO: [Vivado 12-4795] Using compiled simulation libraries for IPs
INFO: [SIM-utils-51] Simulation object is 'sim_1'
INFO: [SIM-utils-72] Using boost library from 'C:/Xilinx/Vivado/2024.2/tps/boost_1_72_0'
ERROR: [Common 17-180] Spawn failed: No error
ERROR: [Common 17-39] 'get_xpm_libraries' failed due to earlier errors.

    while executing
"rdi::get_xpm_libraries"
    (procedure "xcs_get_xpm_libraries" line 14)
    invoked from within
"xcs_get_xpm_libraries"
    (procedure "usf_xsim_setup_simulation" line 50)
    invoked from within
"usf_xsim_setup_simulation"
    (procedure "tclapp::xilinx::xsim::setup" line 29)
    invoked from within
"tclapp::xilinx::xsim::setup { -simset sim_1 -mode behavioral -run_dir C:/Users/USER/Documents/baryonic_space/baryonic_space-main/part2/vivado_part2/ff..."
ERROR: [Vivado 12-4473] Detected error while running simulation. Please correct the issue and retry this operation.
ERROR: [Common 17-39] 'launch_simulation' failed due to earlier errors.
update_compile_order -fileset sources_1
WARNING: [filemgmt 56-199] Attempt to get parsing info during refresh. "On-the-fly" syntax checking information may be incorrect. [C:\Users\USER\Documents\baryonic_space\baryonic_space-main\rtl\part2\fft_windowed_top.v:]
WARNING: [filemgmt 56-199] Attempt to get parsing info during refresh. "On-the-fly" syntax checking information may be incorrect. [C:\Users\USER\Documents\baryonic_space\baryonic_space-main\rtl\part2\hamming_window.v:]
WARNING: [filemgmt 56-199] Attempt to get parsing info during refresh. "On-the-fly" syntax checking information may be incorrect. [C:\Users\USER\Documents\baryonic_space\baryonic_space-main\rtl\part2\hamming_window.v:]
WARNING: [filemgmt 56-199] Attempt to get parsing info during refresh. "On-the-fly" syntax checking information may be incorrect. [C:\Users\USER\Documents\baryonic_space\baryonic_space-main\rtl\part2\hamming_window.v:]
ERROR: [Common 17-180] Spawn failed: No error
WARNING: [filemgmt 56-199] Attempt to get parsing info during refresh. "On-the-fly" syntax checking information may be incorrect. [C:\Users\USER\Documents\baryonic_space\baryonic_space-main\rtl\part2\fft_windowed_top.v:]
WARNING: [filemgmt 56-199] Attempt to get parsing info during refresh. "On-the-fly" syntax checking information may be incorrect. [C:\Users\USER\Documents\baryonic_space\baryonic_space-main\rtl\part2\hamming_window.v:]
WARNING: [filemgmt 56-199] Attempt to get parsing info during refresh. "On-the-fly" syntax checking information may be incorrect. [C:\Users\USER\Documents\baryonic_space\baryonic_space-main\rtl\part2\hamming_window.v:]
WARNING: [filemgmt 56-199] Attempt to get parsing info during refresh. "On-the-fly" syntax checking information may be incorrect. [C:\Users\USER\Documents\baryonic_space\baryonic_space-main\rtl\part2\hamming_window.v:]
ERROR: [Common 17-180] Spawn failed: No error
launch_simulation
Command: launch_simulation 
INFO: [Vivado 12-12493] Simulation top is 'tb_fft_windowed'
WARNING: [Vivado 12-13340] Unable to auto find GCC executables from simulator install path! (path not set)
INFO: [Vivado 12-5698] Checking validity of IPs in the design for the 'XSim' simulator...
INFO: [Vivado 12-5682] Launching behavioral simulation in 'C:/Users/USER/Documents/baryonic_space/baryonic_space-main/part2/vivado_part2/fft_windowed_part2.sim/sim_1/behav/xsim'
INFO: [Vivado 12-4795] Using compiled simulation libraries for IPs
INFO: [SIM-utils-51] Simulation object is 'sim_1'
INFO: [SIM-utils-72] Using boost library from 'C:/Xilinx/Vivado/2024.2/tps/boost_1_72_0'
INFO: [USF-XSim-7] Finding pre-compiled libraries...
INFO: [USF-XSim-11] File 'C:/Xilinx/Vivado/2024.2/data/xsim/xsim.ini' copied to run dir:'C:/Users/USER/Documents/baryonic_space/baryonic_space-main/part2/vivado_part2/fft_windowed_part2.sim/sim_1/behav/xsim'
INFO: [SIM-utils-54] Inspecting design source files for 'tb_fft_windowed' in fileset 'sim_1'...
INFO: [SIM-utils-43] Exported 'C:/Users/USER/Documents/baryonic_space/baryonic_space-main/part2/vivado_part2/fft_windowed_part2.sim/sim_1/behav/xsim/hamming_256.mem'
INFO: [SIM-utils-43] Exported 'C:/Users/USER/Documents/baryonic_space/baryonic_space-main/part2/vivado_part2/fft_windowed_part2.sim/sim_1/behav/xsim/tone_12p5MHz_re.mem'
INFO: [SIM-utils-43] Exported 'C:/Users/USER/Documents/baryonic_space/baryonic_space-main/part2/vivado_part2/fft_windowed_part2.sim/sim_1/behav/xsim/tone_12p5MHz_im.mem'
INFO: [SIM-utils-43] Exported 'C:/Users/USER/Documents/baryonic_space/baryonic_space-main/part2/vivado_part2/fft_windowed_part2.sim/sim_1/behav/xsim/tone_10MHz_re.mem'
INFO: [SIM-utils-43] Exported 'C:/Users/USER/Documents/baryonic_space/baryonic_space-main/part2/vivado_part2/fft_windowed_part2.sim/sim_1/behav/xsim/tone_10MHz_im.mem'
INFO: [SIM-utils-43] Exported 'C:/Users/USER/Documents/baryonic_space/baryonic_space-main/part2/vivado_part2/fft_windowed_part2.sim/sim_1/behav/xsim/tone_12p5MHz_re.mem'
INFO: [SIM-utils-43] Exported 'C:/Users/USER/Documents/baryonic_space/baryonic_space-main/part2/vivado_part2/fft_windowed_part2.sim/sim_1/behav/xsim/tone_12p5MHz_im.mem'
INFO: [SIM-utils-43] Exported 'C:/Users/USER/Documents/baryonic_space/baryonic_space-main/part2/vivado_part2/fft_windowed_part2.sim/sim_1/behav/xsim/tone_10MHz_re.mem'
INFO: [SIM-utils-43] Exported 'C:/Users/USER/Documents/baryonic_space/baryonic_space-main/part2/vivado_part2/fft_windowed_part2.sim/sim_1/behav/xsim/tone_10MHz_im.mem'
INFO: [USF-XSim-97] Finding global include files...
INFO: [USF-XSim-98] Fetching design files from 'sim_1'...
INFO: [USF-XSim-2] XSim::Compile design
INFO: [USF-XSim-61] Executing 'COMPILE and ANALYZE' step in 'C:/Users/USER/Documents/baryonic_space/baryonic_space-main/part2/vivado_part2/fft_windowed_part2.sim/sim_1/behav/xsim'
"xvlog --incr --relax -L uvm -prj tb_fft_windowed_vlog.prj"
INFO: [VRFC 10-2263] Analyzing Verilog file "C:/Users/USER/Documents/baryonic_space/baryonic_space-main/rtl/abs_sq.v" into library xil_defaultlib
INFO: [VRFC 10-311] analyzing module abs_sq
INFO: [VRFC 10-2263] Analyzing Verilog file "C:/Users/USER/Documents/baryonic_space/baryonic_space-main/rtl/part2/fft_windowed_top.v" into library xil_defaultlib
INFO: [VRFC 10-311] analyzing module fft_windowed_top
INFO: [VRFC 10-2263] Analyzing Verilog file "C:/Users/USER/Documents/baryonic_space/baryonic_space-main/rtl/part2/hamming_window.v" into library xil_defaultlib
INFO: [VRFC 10-311] analyzing module hamming_window
INFO: [VRFC 10-2263] Analyzing Verilog file "C:/Users/USER/Documents/baryonic_space/baryonic_space-main/rtl/peak_detector.v" into library xil_defaultlib
INFO: [VRFC 10-311] analyzing module peak_detector
"xvhdl --incr --relax -prj tb_fft_windowed_vhdl.prj"
INFO: [USF-XSim-69] 'compile' step finished in '2' seconds
INFO: [USF-XSim-3] XSim::Elaborate design
INFO: [USF-XSim-61] Executing 'ELABORATE' step in 'C:/Users/USER/Documents/baryonic_space/baryonic_space-main/part2/vivado_part2/fft_windowed_part2.sim/sim_1/behav/xsim'
"xelab --incr --debug typical --relax --mt 2 -L xil_defaultlib -L xbip_utils_v3_0_14 -L axi_utils_v2_0_10 -L c_reg_fd_v12_0_10 -L xbip_dsp48_wrapper_v3_0_6 -L xbip_pipe_v3_0_10 -L c_addsub_v12_0_19 -L c_shift_ram_v12_0_18 -L mult_gen_v12_0_22 -L floating_point_v7_1_19 -L cmpy_v6_0_25 -L floating_point_v7_0_24 -L xfft_v9_1_13 -L uvm -L unisims_ver -L unimacro_ver -L secureip -L xpm --snapshot tb_fft_windowed_behav xil_defaultlib.tb_fft_windowed xil_defaultlib.glbl -log elaborate.log"
Vivado Simulator v2024.2.0
Copyright 1986-2022 Xilinx, Inc. All Rights Reserved.
Copyright 2022-2024 Advanced Micro Devices, Inc. All Rights Reserved.
Running: C:/Xilinx/Vivado/2024.2/bin/unwrapped/win64.o/xelab.exe --incr --debug typical --relax --mt 2 -L xil_defaultlib -L xbip_utils_v3_0_14 -L axi_utils_v2_0_10 -L c_reg_fd_v12_0_10 -L xbip_dsp48_wrapper_v3_0_6 -L xbip_pipe_v3_0_10 -L c_addsub_v12_0_19 -L c_shift_ram_v12_0_18 -L mult_gen_v12_0_22 -L floating_point_v7_1_19 -L cmpy_v6_0_25 -L floating_point_v7_0_24 -L xfft_v9_1_13 -L uvm -L unisims_ver -L unimacro_ver -L secureip -L xpm --snapshot tb_fft_windowed_behav xil_defaultlib.tb_fft_windowed xil_defaultlib.glbl -log elaborate.log 
Using 2 slave threads.
Starting static elaboration
Pass Through NonSizing Optimizer
ERROR: [VRFC 10-3180] cannot find port 'win_out_imag' on this module [C:/Users/USER/Documents/baryonic_space/baryonic_space-main/tb/part2/tb_fft_windowed.sv:106]
ERROR: [VRFC 10-3180] cannot find port 'win_out_real' on this module [C:/Users/USER/Documents/baryonic_space/baryonic_space-main/tb/part2/tb_fft_windowed.sv:105]
ERROR: [VRFC 10-3180] cannot find port 'win_out_valid' on this module [C:/Users/USER/Documents/baryonic_space/baryonic_space-main/tb/part2/tb_fft_windowed.sv:104]
ERROR: [VRFC 10-3180] cannot find port 'fft_abs_sq' on this module [C:/Users/USER/Documents/baryonic_space/baryonic_space-main/tb/part2/tb_fft_windowed.sv:103]
ERROR: [VRFC 10-3180] cannot find port 'fft_xk_index' on this module [C:/Users/USER/Documents/baryonic_space/baryonic_space-main/tb/part2/tb_fft_windowed.sv:102]
ERROR: [VRFC 10-3180] cannot find port 'fft_out_last' on this module [C:/Users/USER/Documents/baryonic_space/baryonic_space-main/tb/part2/tb_fft_windowed.sv:101]
ERROR: [VRFC 10-3180] cannot find port 'fft_out_valid' on this module [C:/Users/USER/Documents/baryonic_space/baryonic_space-main/tb/part2/tb_fft_windowed.sv:100]
ERROR: [VRFC 10-8530] module 'fft_windowed_top_default' is ignored due to previous errors [C:/Users/USER/Documents/baryonic_space/baryonic_space-main/rtl/part2/fft_windowed_top.v:19]
ERROR: [VRFC 10-8530] module 'hamming_window_default' is ignored due to previous errors [C:/Users/USER/Documents/baryonic_space/baryonic_space-main/rtl/part2/hamming_window.v:35]
ERROR: [VRFC 10-8530] module 'abs_sq(OUT_WIDTH=25)' is ignored due to previous errors [C:/Users/USER/Documents/baryonic_space/baryonic_space-main/rtl/abs_sq.v:6]
ERROR: [XSIM 43-3322] Static elaboration of top level Verilog design unit(s) in library work failed.
INFO: [USF-XSim-69] 'elaborate' step finished in '1' seconds
INFO: [USF-XSim-99] Step results log file:'C:/Users/USER/Documents/baryonic_space/baryonic_space-main/part2/vivado_part2/fft_windowed_part2.sim/sim_1/behav/xsim/elaborate.log'
ERROR: [USF-XSim-62] 'elaborate' step failed with error(s). Please check the Tcl console output or 'C:/Users/USER/Documents/baryonic_space/baryonic_space-main/part2/vivado_part2/fft_windowed_part2.sim/sim_1/behav/xsim/elaborate.log' file for more information.
ERROR: [Vivado 12-4473] Detected error while running simulation. Please correct the issue and retry this operation.
ERROR: [Common 17-39] 'launch_simulation' failed due to earlier errors.
update_compile_order -fileset sources_1
WARNING: [filemgmt 56-199] Attempt to get parsing info during refresh. "On-the-fly" syntax checking information may be incorrect. [C:\Users\USER\Documents\baryonic_space\baryonic_space-main\rtl\part2\fft_windowed_top.v:]
WARNING: [filemgmt 56-199] Attempt to get parsing info during refresh. "On-the-fly" syntax checking information may be incorrect. [C:\Users\USER\Documents\baryonic_space\baryonic_space-main\rtl\part2\hamming_window.v:]
WARNING: [filemgmt 56-199] Attempt to get parsing info during refresh. "On-the-fly" syntax checking information may be incorrect. [C:\Users\USER\Documents\baryonic_space\baryonic_space-main\rtl\part2\hamming_window.v:]
WARNING: [filemgmt 56-199] Attempt to get parsing info during refresh. "On-the-fly" syntax checking information may be incorrect. [C:\Users\USER\Documents\baryonic_space\baryonic_space-main\rtl\part2\hamming_window.v:]
ERROR: [Common 17-180] Spawn failed: No error
launch_simulation
Command: launch_simulation 
INFO: [Vivado 12-12493] Simulation top is 'tb_fft_windowed'
WARNING: [Vivado 12-13340] Unable to auto find GCC executables from simulator install path! (path not set)
INFO: [Vivado 12-5698] Checking validity of IPs in the design for the 'XSim' simulator...
WARNING: [filemgmt 56-199] Attempt to get parsing info during refresh. "On-the-fly" syntax checking information may be incorrect. [C:\Users\USER\Documents\baryonic_space\baryonic_space-main\rtl\part2\fft_windowed_top.v:]
WARNING: [filemgmt 56-199] Attempt to get parsing info during refresh. "On-the-fly" syntax checking information may be incorrect. [C:\Users\USER\Documents\baryonic_space\baryonic_space-main\rtl\part2\hamming_window.v:]
WARNING: [filemgmt 56-199] Attempt to get parsing info during refresh. "On-the-fly" syntax checking information may be incorrect. [C:\Users\USER\Documents\baryonic_space\baryonic_space-main\rtl\part2\fft_windowed_top.v:]
WARNING: [filemgmt 56-199] Attempt to get parsing info during refresh. "On-the-fly" syntax checking information may be incorrect. [C:\Users\USER\Documents\baryonic_space\baryonic_space-main\rtl\part2\fft_windowed_top.v:]
INFO: [Vivado 12-5682] Launching behavioral simulation in 'C:/Users/USER/Documents/baryonic_space/baryonic_space-main/part2/vivado_part2/fft_windowed_part2.sim/sim_1/behav/xsim'
INFO: [Vivado 12-4795] Using compiled simulation libraries for IPs
INFO: [SIM-utils-51] Simulation object is 'sim_1'
INFO: [SIM-utils-72] Using boost library from 'C:/Xilinx/Vivado/2024.2/tps/boost_1_72_0'
ERROR: [Common 17-180] Spawn failed: No error
ERROR: [Common 17-39] 'get_xpm_libraries' failed due to earlier errors.

    while executing
"rdi::get_xpm_libraries"
    (procedure "xcs_get_xpm_libraries" line 14)
    invoked from within
"xcs_get_xpm_libraries"
    (procedure "usf_xsim_setup_simulation" line 50)
    invoked from within
"usf_xsim_setup_simulation"
    (procedure "tclapp::xilinx::xsim::setup" line 29)
    invoked from within
"tclapp::xilinx::xsim::setup { -simset sim_1 -mode behavioral -run_dir C:/Users/USER/Documents/baryonic_space/baryonic_space-main/part2/vivado_part2/ff..."
ERROR: [Vivado 12-4473] Detected error while running simulation. Please correct the issue and retry this operation.
ERROR: [Common 17-39] 'launch_simulation' failed due to earlier errors.
launch_simulation
Command: launch_simulation 
INFO: [Vivado 12-12493] Simulation top is 'tb_fft_windowed'
WARNING: [Vivado 12-13340] Unable to auto find GCC executables from simulator install path! (path not set)
INFO: [Vivado 12-5698] Checking validity of IPs in the design for the 'XSim' simulator...
INFO: [Vivado 12-5682] Launching behavioral simulation in 'C:/Users/USER/Documents/baryonic_space/baryonic_space-main/part2/vivado_part2/fft_windowed_part2.sim/sim_1/behav/xsim'
INFO: [Vivado 12-4795] Using compiled simulation libraries for IPs
INFO: [SIM-utils-51] Simulation object is 'sim_1'
INFO: [SIM-utils-72] Using boost library from 'C:/Xilinx/Vivado/2024.2/tps/boost_1_72_0'
INFO: [USF-XSim-7] Finding pre-compiled libraries...
INFO: [USF-XSim-11] File 'C:/Xilinx/Vivado/2024.2/data/xsim/xsim.ini' copied to run dir:'C:/Users/USER/Documents/baryonic_space/baryonic_space-main/part2/vivado_part2/fft_windowed_part2.sim/sim_1/behav/xsim'
INFO: [SIM-utils-54] Inspecting design source files for 'tb_fft_windowed' in fileset 'sim_1'...
INFO: [SIM-utils-43] Exported 'C:/Users/USER/Documents/baryonic_space/baryonic_space-main/part2/vivado_part2/fft_windowed_part2.sim/sim_1/behav/xsim/hamming_256.mem'
INFO: [SIM-utils-43] Exported 'C:/Users/USER/Documents/baryonic_space/baryonic_space-main/part2/vivado_part2/fft_windowed_part2.sim/sim_1/behav/xsim/tone_12p5MHz_re.mem'
INFO: [SIM-utils-43] Exported 'C:/Users/USER/Documents/baryonic_space/baryonic_space-main/part2/vivado_part2/fft_windowed_part2.sim/sim_1/behav/xsim/tone_12p5MHz_im.mem'
INFO: [SIM-utils-43] Exported 'C:/Users/USER/Documents/baryonic_space/baryonic_space-main/part2/vivado_part2/fft_windowed_part2.sim/sim_1/behav/xsim/tone_10MHz_re.mem'
INFO: [SIM-utils-43] Exported 'C:/Users/USER/Documents/baryonic_space/baryonic_space-main/part2/vivado_part2/fft_windowed_part2.sim/sim_1/behav/xsim/tone_10MHz_im.mem'
INFO: [SIM-utils-43] Exported 'C:/Users/USER/Documents/baryonic_space/baryonic_space-main/part2/vivado_part2/fft_windowed_part2.sim/sim_1/behav/xsim/tone_12p5MHz_re.mem'
INFO: [SIM-utils-43] Exported 'C:/Users/USER/Documents/baryonic_space/baryonic_space-main/part2/vivado_part2/fft_windowed_part2.sim/sim_1/behav/xsim/tone_12p5MHz_im.mem'
INFO: [SIM-utils-43] Exported 'C:/Users/USER/Documents/baryonic_space/baryonic_space-main/part2/vivado_part2/fft_windowed_part2.sim/sim_1/behav/xsim/tone_10MHz_re.mem'
INFO: [SIM-utils-43] Exported 'C:/Users/USER/Documents/baryonic_space/baryonic_space-main/part2/vivado_part2/fft_windowed_part2.sim/sim_1/behav/xsim/tone_10MHz_im.mem'
INFO: [USF-XSim-97] Finding global include files...
INFO: [USF-XSim-98] Fetching design files from 'sim_1'...
INFO: [USF-XSim-2] XSim::Compile design
INFO: [USF-XSim-61] Executing 'COMPILE and ANALYZE' step in 'C:/Users/USER/Documents/baryonic_space/baryonic_space-main/part2/vivado_part2/fft_windowed_part2.sim/sim_1/behav/xsim'
"xvlog --incr --relax -L uvm -prj tb_fft_windowed_vlog.prj"
INFO: [VRFC 10-2263] Analyzing Verilog file "C:/Users/USER/Documents/baryonic_space/baryonic_space-main/rtl/abs_sq.v" into library xil_defaultlib
INFO: [VRFC 10-311] analyzing module abs_sq
INFO: [VRFC 10-2263] Analyzing Verilog file "C:/Users/USER/Documents/baryonic_space/baryonic_space-main/rtl/part2/fft_windowed_top.v" into library xil_defaultlib
INFO: [VRFC 10-311] analyzing module fft_windowed_top
INFO: [VRFC 10-2263] Analyzing Verilog file "C:/Users/USER/Documents/baryonic_space/baryonic_space-main/rtl/part2/hamming_window.v" into library xil_defaultlib
INFO: [VRFC 10-311] analyzing module hamming_window
INFO: [VRFC 10-2263] Analyzing Verilog file "C:/Users/USER/Documents/baryonic_space/baryonic_space-main/rtl/peak_detector.v" into library xil_defaultlib
INFO: [VRFC 10-311] analyzing module peak_detector
"xvhdl --incr --relax -prj tb_fft_windowed_vhdl.prj"
INFO: [USF-XSim-69] 'compile' step finished in '2' seconds
INFO: [USF-XSim-3] XSim::Elaborate design
INFO: [USF-XSim-61] Executing 'ELABORATE' step in 'C:/Users/USER/Documents/baryonic_space/baryonic_space-main/part2/vivado_part2/fft_windowed_part2.sim/sim_1/behav/xsim'
"xelab --incr --debug typical --relax --mt 2 -L xil_defaultlib -L xbip_utils_v3_0_14 -L axi_utils_v2_0_10 -L c_reg_fd_v12_0_10 -L xbip_dsp48_wrapper_v3_0_6 -L xbip_pipe_v3_0_10 -L c_addsub_v12_0_19 -L c_shift_ram_v12_0_18 -L mult_gen_v12_0_22 -L floating_point_v7_1_19 -L cmpy_v6_0_25 -L floating_point_v7_0_24 -L xfft_v9_1_13 -L uvm -L unisims_ver -L unimacro_ver -L secureip -L xpm --snapshot tb_fft_windowed_behav xil_defaultlib.tb_fft_windowed xil_defaultlib.glbl -log elaborate.log"
Vivado Simulator v2024.2.0
Copyright 1986-2022 Xilinx, Inc. All Rights Reserved.
Copyright 2022-2024 Advanced Micro Devices, Inc. All Rights Reserved.
Running: C:/Xilinx/Vivado/2024.2/bin/unwrapped/win64.o/xelab.exe --incr --debug typical --relax --mt 2 -L xil_defaultlib -L xbip_utils_v3_0_14 -L axi_utils_v2_0_10 -L c_reg_fd_v12_0_10 -L xbip_dsp48_wrapper_v3_0_6 -L xbip_pipe_v3_0_10 -L c_addsub_v12_0_19 -L c_shift_ram_v12_0_18 -L mult_gen_v12_0_22 -L floating_point_v7_1_19 -L cmpy_v6_0_25 -L floating_point_v7_0_24 -L xfft_v9_1_13 -L uvm -L unisims_ver -L unimacro_ver -L secureip -L xpm --snapshot tb_fft_windowed_behav xil_defaultlib.tb_fft_windowed xil_defaultlib.glbl -log elaborate.log 
Using 2 slave threads.
Starting static elaboration
Pass Through NonSizing Optimizer
ERROR: [VRFC 10-3180] cannot find port 'win_out_imag' on this module [C:/Users/USER/Documents/baryonic_space/baryonic_space-main/tb/part2/tb_fft_windowed.sv:106]
ERROR: [VRFC 10-3180] cannot find port 'win_out_real' on this module [C:/Users/USER/Documents/baryonic_space/baryonic_space-main/tb/part2/tb_fft_windowed.sv:105]
ERROR: [VRFC 10-3180] cannot find port 'win_out_valid' on this module [C:/Users/USER/Documents/baryonic_space/baryonic_space-main/tb/part2/tb_fft_windowed.sv:104]
ERROR: [VRFC 10-8530] module 'fft_windowed_top_default' is ignored due to previous errors [C:/Users/USER/Documents/baryonic_space/baryonic_space-main/rtl/part2/fft_windowed_top.v:19]
ERROR: [VRFC 10-8530] module 'hamming_window_default' is ignored due to previous errors [C:/Users/USER/Documents/baryonic_space/baryonic_space-main/rtl/part2/hamming_window.v:35]
ERROR: [VRFC 10-8530] module 'abs_sq(OUT_WIDTH=25)' is ignored due to previous errors [C:/Users/USER/Documents/baryonic_space/baryonic_space-main/rtl/abs_sq.v:6]
ERROR: [XSIM 43-3322] Static elaboration of top level Verilog design unit(s) in library work failed.
INFO: [USF-XSim-69] 'elaborate' step finished in '2' seconds
INFO: [USF-XSim-99] Step results log file:'C:/Users/USER/Documents/baryonic_space/baryonic_space-main/part2/vivado_part2/fft_windowed_part2.sim/sim_1/behav/xsim/elaborate.log'
ERROR: [USF-XSim-62] 'elaborate' step failed with error(s). Please check the Tcl console output or 'C:/Users/USER/Documents/baryonic_space/baryonic_space-main/part2/vivado_part2/fft_windowed_part2.sim/sim_1/behav/xsim/elaborate.log' file for more information.
ERROR: [Vivado 12-4473] Detected error while running simulation. Please correct the issue and retry this operation.
ERROR: [Common 17-39] 'launch_simulation' failed due to earlier errors.
exit
INFO: [Common 17-206] Exiting Vivado at Thu May  7 12:47:55 2026...
