#-----------------------------------------------------------
# Vivado v2024.2 (64-bit)
# SW Build 5239630 on Fri Nov 08 22:35:27 MST 2024
# IP Build 5239520 on Sun Nov 10 16:12:51 MST 2024
# SharedData Build 5239561 on Fri Nov 08 14:39:27 MST 2024
# Start of session at: Thu May  7 12:48:06 2026
# Process ID         : 36708
# Current directory  : C:/Users/USER/Documents/baryonic_space/baryonic_space-main/part2/vivado_part2
# Command line       : vivado.exe -gui_launcher_event rodinguilauncherevent32200 C:\Users\USER\Documents\baryonic_space\baryonic_space-main\part2\vivado_part2\fft_windowed_part2.xpr
# Log file           : C:/Users/USER/Documents/baryonic_space/baryonic_space-main/part2/vivado_part2/vivado.log
# Journal file       : C:/Users/USER/Documents/baryonic_space/baryonic_space-main/part2/vivado_part2\vivado.jou
# Running On         : DESKTOP-PNADBHN
# Platform           : Windows Server 2016 or Windows 10
# Operating System   : 26200
# Processor Detail   : 12th Gen Intel(R) Core(TM) i7-12700KF
# CPU Frequency      : 3610 MHz
# CPU Physical cores : 12
# CPU Logical cores  : 20
# Host memory        : 34164 MB
# Swap memory        : 5905 MB
# Total Virtual      : 40069 MB
# Available Virtual  : 7896 MB
#-----------------------------------------------------------
start_gui
open_project C:/Users/USER/Documents/baryonic_space/baryonic_space-main/part2/vivado_part2/fft_windowed_part2.xpr
Scanning sources...
Finished scanning sources
INFO: [IP_Flow 19-234] Refreshing IP repositories
INFO: [IP_Flow 19-1704] No user IP repositories specified
INFO: [IP_Flow 19-2313] Loaded Vivado IP repository 'C:/Xilinx/Vivado/2024.2/data/ip'.
WARNING: [Board 49-26] cannot add Board Part xilinx.com:zcu208ld:part0:2.0 available at C:/Xilinx/Vivado/2024.2/data/xhub/boards/XilinxBoardStore/boards/Xilinx/zcu208ld/production/2.0/board.xml as part xczu58dr-fsvg1517-2-i specified in board_part file is either invalid or not available
WARNING: [Board 49-26] cannot add Board Part xilinx.com:zcu216ld:part0:2.0 available at C:/Xilinx/Vivado/2024.2/data/xhub/boards/XilinxBoardStore/boards/Xilinx/zcu216ld/production/2.0/board.xml as part xczu59dr-ffvf1760-2-i specified in board_part file is either invalid or not available
WARNING: [Board 49-26] cannot add Board Part xilinx.com:zcu670ld:part0:1.0 available at C:/Xilinx/Vivado/2024.2/data/xhub/boards/XilinxBoardStore/boards/Xilinx/zcu670ld/1.0/board.xml as part xczu57dr-fsve1156-2-i specified in board_part file is either invalid or not available
open_project: Time (s): cpu = 00:00:12 ; elapsed = 00:00:06 . Memory (MB): peak = 1399.238 ; gain = 311.473
update_compile_order -fileset sources_1
launch_simulation
Command: launch_simulation 
INFO: [Vivado 12-12493] Simulation top is 'tb_fft_windowed'
WARNING: [Vivado 12-13340] Unable to auto find GCC executables from simulator install path! (path not set)
INFO: [Vivado 12-5698] Checking validity of IPs in the design for the 'XSim' simulator...
INFO: [Vivado 12-5682] Launching behavioral simulation in 'C:/Users/USER/Documents/baryonic_space/baryonic_space-main/part2/vivado_part2/fft_windowed_part2.sim/sim_1/behav/xsim'
INFO: [Vivado 12-4795] Using compiled simulation libraries for IPs
INFO: [SIM-utils-51] Simulation object is 'sim_1'
INFO: [SIM-utils-72] Using boost library from 'C:/Xilinx/Vivado/2024.2/tps/boost_1_72_0'
INFO: [USF-XSim-7] Finding pre-compiled libraries...
INFO: [USF-XSim-11] File 'C:/Xilinx/Vivado/2024.2/data/xsim/xsim.ini' copied to run dir:'C:/Users/USER/Documents/baryonic_space/baryonic_space-main/part2/vivado_part2/fft_windowed_part2.sim/sim_1/behav/xsim'
INFO: [SIM-utils-54] Inspecting design source files for 'tb_fft_windowed' in fileset 'sim_1'...
INFO: [SIM-utils-43] Exported 'C:/Users/USER/Documents/baryonic_space/baryonic_space-main/part2/vivado_part2/fft_windowed_part2.sim/sim_1/behav/xsim/hamming_256.mem'
INFO: [SIM-utils-43] Exported 'C:/Users/USER/Documents/baryonic_space/baryonic_space-main/part2/vivado_part2/fft_windowed_part2.sim/sim_1/behav/xsim/tone_12p5MHz_re.mem'
INFO: [SIM-utils-43] Exported 'C:/Users/USER/Documents/baryonic_space/baryonic_space-main/part2/vivado_part2/fft_windowed_part2.sim/sim_1/behav/xsim/tone_12p5MHz_im.mem'
INFO: [SIM-utils-43] Exported 'C:/Users/USER/Documents/baryonic_space/baryonic_space-main/part2/vivado_part2/fft_windowed_part2.sim/sim_1/behav/xsim/tone_10MHz_re.mem'
INFO: [SIM-utils-43] Exported 'C:/Users/USER/Documents/baryonic_space/baryonic_space-main/part2/vivado_part2/fft_windowed_part2.sim/sim_1/behav/xsim/tone_10MHz_im.mem'
INFO: [SIM-utils-43] Exported 'C:/Users/USER/Documents/baryonic_space/baryonic_space-main/part2/vivado_part2/fft_windowed_part2.sim/sim_1/behav/xsim/tone_12p5MHz_re.mem'
INFO: [SIM-utils-43] Exported 'C:/Users/USER/Documents/baryonic_space/baryonic_space-main/part2/vivado_part2/fft_windowed_part2.sim/sim_1/behav/xsim/tone_12p5MHz_im.mem'
INFO: [SIM-utils-43] Exported 'C:/Users/USER/Documents/baryonic_space/baryonic_space-main/part2/vivado_part2/fft_windowed_part2.sim/sim_1/behav/xsim/tone_10MHz_re.mem'
INFO: [SIM-utils-43] Exported 'C:/Users/USER/Documents/baryonic_space/baryonic_space-main/part2/vivado_part2/fft_windowed_part2.sim/sim_1/behav/xsim/tone_10MHz_im.mem'
INFO: [USF-XSim-97] Finding global include files...
INFO: [USF-XSim-98] Fetching design files from 'sim_1'...
INFO: [USF-XSim-2] XSim::Compile design
INFO: [USF-XSim-61] Executing 'COMPILE and ANALYZE' step in 'C:/Users/USER/Documents/baryonic_space/baryonic_space-main/part2/vivado_part2/fft_windowed_part2.sim/sim_1/behav/xsim'
"xvlog --incr --relax -L uvm -prj tb_fft_windowed_vlog.prj"
INFO: [VRFC 10-2263] Analyzing Verilog file "C:/Users/USER/Documents/baryonic_space/baryonic_space-main/rtl/abs_sq.v" into library xil_defaultlib
INFO: [VRFC 10-311] analyzing module abs_sq
INFO: [VRFC 10-2263] Analyzing Verilog file "C:/Users/USER/Documents/baryonic_space/baryonic_space-main/rtl/part2/fft_windowed_top.v" into library xil_defaultlib
INFO: [VRFC 10-311] analyzing module fft_windowed_top
INFO: [VRFC 10-2263] Analyzing Verilog file "C:/Users/USER/Documents/baryonic_space/baryonic_space-main/rtl/part2/hamming_window.v" into library xil_defaultlib
INFO: [VRFC 10-311] analyzing module hamming_window
INFO: [VRFC 10-2263] Analyzing Verilog file "C:/Users/USER/Documents/baryonic_space/baryonic_space-main/rtl/peak_detector.v" into library xil_defaultlib
INFO: [VRFC 10-311] analyzing module peak_detector
"xvhdl --incr --relax -prj tb_fft_windowed_vhdl.prj"
INFO: [USF-XSim-69] 'compile' step finished in '2' seconds
INFO: [USF-XSim-3] XSim::Elaborate design
INFO: [USF-XSim-61] Executing 'ELABORATE' step in 'C:/Users/USER/Documents/baryonic_space/baryonic_space-main/part2/vivado_part2/fft_windowed_part2.sim/sim_1/behav/xsim'
"xelab --incr --debug typical --relax --mt 2 -L xil_defaultlib -L xbip_utils_v3_0_14 -L axi_utils_v2_0_10 -L c_reg_fd_v12_0_10 -L xbip_dsp48_wrapper_v3_0_6 -L xbip_pipe_v3_0_10 -L c_addsub_v12_0_19 -L c_shift_ram_v12_0_18 -L mult_gen_v12_0_22 -L floating_point_v7_1_19 -L cmpy_v6_0_25 -L floating_point_v7_0_24 -L xfft_v9_1_13 -L uvm -L unisims_ver -L unimacro_ver -L secureip -L xpm --snapshot tb_fft_windowed_behav xil_defaultlib.tb_fft_windowed xil_defaultlib.glbl -log elaborate.log"
Vivado Simulator v2024.2.0
Copyright 1986-2022 Xilinx, Inc. All Rights Reserved.
Copyright 2022-2024 Advanced Micro Devices, Inc. All Rights Reserved.
Running: C:/Xilinx/Vivado/2024.2/bin/unwrapped/win64.o/xelab.exe --incr --debug typical --relax --mt 2 -L xil_defaultlib -L xbip_utils_v3_0_14 -L axi_utils_v2_0_10 -L c_reg_fd_v12_0_10 -L xbip_dsp48_wrapper_v3_0_6 -L xbip_pipe_v3_0_10 -L c_addsub_v12_0_19 -L c_shift_ram_v12_0_18 -L mult_gen_v12_0_22 -L floating_point_v7_1_19 -L cmpy_v6_0_25 -L floating_point_v7_0_24 -L xfft_v9_1_13 -L uvm -L unisims_ver -L unimacro_ver -L secureip -L xpm --snapshot tb_fft_windowed_behav xil_defaultlib.tb_fft_windowed xil_defaultlib.glbl -log elaborate.log 
Using 2 slave threads.
Starting static elaboration
Pass Through NonSizing Optimizer
ERROR: [VRFC 10-3180] cannot find port 'win_out_imag' on this module [C:/Users/USER/Documents/baryonic_space/baryonic_space-main/tb/part2/tb_fft_windowed.sv:106]
ERROR: [VRFC 10-3180] cannot find port 'win_out_real' on this module [C:/Users/USER/Documents/baryonic_space/baryonic_space-main/tb/part2/tb_fft_windowed.sv:105]
ERROR: [VRFC 10-3180] cannot find port 'win_out_valid' on this module [C:/Users/USER/Documents/baryonic_space/baryonic_space-main/tb/part2/tb_fft_windowed.sv:104]
ERROR: [VRFC 10-8530] module 'fft_windowed_top_default' is ignored due to previous errors [C:/Users/USER/Documents/baryonic_space/baryonic_space-main/rtl/part2/fft_windowed_top.v:19]
ERROR: [VRFC 10-8530] module 'hamming_window_default' is ignored due to previous errors [C:/Users/USER/Documents/baryonic_space/baryonic_space-main/rtl/part2/hamming_window.v:35]
ERROR: [VRFC 10-8530] module 'abs_sq(OUT_WIDTH=25)' is ignored due to previous errors [C:/Users/USER/Documents/baryonic_space/baryonic_space-main/rtl/abs_sq.v:6]
ERROR: [XSIM 43-3322] Static elaboration of top level Verilog design unit(s) in library work failed.
INFO: [USF-XSim-69] 'elaborate' step finished in '1' seconds
INFO: [USF-XSim-99] Step results log file:'C:/Users/USER/Documents/baryonic_space/baryonic_space-main/part2/vivado_part2/fft_windowed_part2.sim/sim_1/behav/xsim/elaborate.log'
ERROR: [USF-XSim-62] 'elaborate' step failed with error(s). Please check the Tcl console output or 'C:/Users/USER/Documents/baryonic_space/baryonic_space-main/part2/vivado_part2/fft_windowed_part2.sim/sim_1/behav/xsim/elaborate.log' file for more information.
ERROR: [Vivado 12-4473] Detected error while running simulation. Please correct the issue and retry this operation.
ERROR: [Common 17-39] 'launch_simulation' failed due to earlier errors.
WARNING: [filemgmt 56-199] Attempt to get parsing info during refresh. "On-the-fly" syntax checking information may be incorrect. [C:\Users\USER\Documents\baryonic_space\baryonic_space-main\rtl\part2\fft_windowed_top.v:]
WARNING: [filemgmt 56-199] Attempt to get parsing info during refresh. "On-the-fly" syntax checking information may be incorrect. [C:\Users\USER\Documents\baryonic_space\baryonic_space-main\tb\part2\tb_fft_windowed.sv:]
WARNING: [filemgmt 56-199] Attempt to get parsing info during refresh. "On-the-fly" syntax checking information may be incorrect. [C:\Users\USER\Documents\baryonic_space\baryonic_space-main\tb\part2\tb_fft_windowed.sv:]
WARNING: [filemgmt 56-199] Attempt to get parsing info during refresh. "On-the-fly" syntax checking information may be incorrect. [C:\Users\USER\Documents\baryonic_space\baryonic_space-main\tb\part2\tb_fft_windowed.sv:]
ERROR: [Common 17-180] Spawn failed: No error
WARNING: [filemgmt 56-199] Attempt to get parsing info during refresh. "On-the-fly" syntax checking information may be incorrect. [C:\Users\USER\Documents\baryonic_space\baryonic_space-main\rtl\part2\fft_windowed_top.v:]
WARNING: [filemgmt 56-199] Attempt to get parsing info during refresh. "On-the-fly" syntax checking information may be incorrect. [C:\Users\USER\Documents\baryonic_space\baryonic_space-main\tb\part2\tb_fft_windowed.sv:]
WARNING: [filemgmt 56-199] Attempt to get parsing info during refresh. "On-the-fly" syntax checking information may be incorrect. [C:\Users\USER\Documents\baryonic_space\baryonic_space-main\tb\part2\tb_fft_windowed.sv:]
WARNING: [filemgmt 56-199] Attempt to get parsing info during refresh. "On-the-fly" syntax checking information may be incorrect. [C:\Users\USER\Documents\baryonic_space\baryonic_space-main\tb\part2\tb_fft_windowed.sv:]
ERROR: [Common 17-180] Spawn failed: No error
launch_simulation
Command: launch_simulation 
INFO: [Vivado 12-12493] Simulation top is 'tb_fft_windowed'
WARNING: [Vivado 12-13340] Unable to auto find GCC executables from simulator install path! (path not set)
INFO: [Vivado 12-5698] Checking validity of IPs in the design for the 'XSim' simulator...
INFO: [Vivado 12-5682] Launching behavioral simulation in 'C:/Users/USER/Documents/baryonic_space/baryonic_space-main/part2/vivado_part2/fft_windowed_part2.sim/sim_1/behav/xsim'
INFO: [Vivado 12-4795] Using compiled simulation libraries for IPs
INFO: [SIM-utils-51] Simulation object is 'sim_1'
INFO: [SIM-utils-72] Using boost library from 'C:/Xilinx/Vivado/2024.2/tps/boost_1_72_0'
INFO: [USF-XSim-7] Finding pre-compiled libraries...
INFO: [USF-XSim-11] File 'C:/Xilinx/Vivado/2024.2/data/xsim/xsim.ini' copied to run dir:'C:/Users/USER/Documents/baryonic_space/baryonic_space-main/part2/vivado_part2/fft_windowed_part2.sim/sim_1/behav/xsim'
INFO: [SIM-utils-54] Inspecting design source files for 'tb_fft_windowed' in fileset 'sim_1'...
INFO: [SIM-utils-43] Exported 'C:/Users/USER/Documents/baryonic_space/baryonic_space-main/part2/vivado_part2/fft_windowed_part2.sim/sim_1/behav/xsim/hamming_256.mem'
INFO: [SIM-utils-43] Exported 'C:/Users/USER/Documents/baryonic_space/baryonic_space-main/part2/vivado_part2/fft_windowed_part2.sim/sim_1/behav/xsim/tone_12p5MHz_re.mem'
INFO: [SIM-utils-43] Exported 'C:/Users/USER/Documents/baryonic_space/baryonic_space-main/part2/vivado_part2/fft_windowed_part2.sim/sim_1/behav/xsim/tone_12p5MHz_im.mem'
INFO: [SIM-utils-43] Exported 'C:/Users/USER/Documents/baryonic_space/baryonic_space-main/part2/vivado_part2/fft_windowed_part2.sim/sim_1/behav/xsim/tone_10MHz_re.mem'
INFO: [SIM-utils-43] Exported 'C:/Users/USER/Documents/baryonic_space/baryonic_space-main/part2/vivado_part2/fft_windowed_part2.sim/sim_1/behav/xsim/tone_10MHz_im.mem'
INFO: [SIM-utils-43] Exported 'C:/Users/USER/Documents/baryonic_space/baryonic_space-main/part2/vivado_part2/fft_windowed_part2.sim/sim_1/behav/xsim/tone_12p5MHz_re.mem'
INFO: [SIM-utils-43] Exported 'C:/Users/USER/Documents/baryonic_space/baryonic_space-main/part2/vivado_part2/fft_windowed_part2.sim/sim_1/behav/xsim/tone_12p5MHz_im.mem'
INFO: [SIM-utils-43] Exported 'C:/Users/USER/Documents/baryonic_space/baryonic_space-main/part2/vivado_part2/fft_windowed_part2.sim/sim_1/behav/xsim/tone_10MHz_re.mem'
INFO: [SIM-utils-43] Exported 'C:/Users/USER/Documents/baryonic_space/baryonic_space-main/part2/vivado_part2/fft_windowed_part2.sim/sim_1/behav/xsim/tone_10MHz_im.mem'
INFO: [USF-XSim-97] Finding global include files...
INFO: [USF-XSim-98] Fetching design files from 'sim_1'...
INFO: [USF-XSim-2] XSim::Compile design
INFO: [USF-XSim-61] Executing 'COMPILE and ANALYZE' step in 'C:/Users/USER/Documents/baryonic_space/baryonic_space-main/part2/vivado_part2/fft_windowed_part2.sim/sim_1/behav/xsim'
"xvlog --incr --relax -L uvm -prj tb_fft_windowed_vlog.prj"
INFO: [VRFC 10-2263] Analyzing SystemVerilog file "C:/Users/USER/Documents/baryonic_space/baryonic_space-main/tb/part2/tb_fft_windowed.sv" into library xil_defaultlib
INFO: [VRFC 10-311] analyzing module tb_fft_windowed
"xvhdl --incr --relax -prj tb_fft_windowed_vhdl.prj"
INFO: [USF-XSim-69] 'compile' step finished in '2' seconds
INFO: [USF-XSim-3] XSim::Elaborate design
INFO: [USF-XSim-61] Executing 'ELABORATE' step in 'C:/Users/USER/Documents/baryonic_space/baryonic_space-main/part2/vivado_part2/fft_windowed_part2.sim/sim_1/behav/xsim'
"xelab --incr --debug typical --relax --mt 2 -L xil_defaultlib -L xbip_utils_v3_0_14 -L axi_utils_v2_0_10 -L c_reg_fd_v12_0_10 -L xbip_dsp48_wrapper_v3_0_6 -L xbip_pipe_v3_0_10 -L c_addsub_v12_0_19 -L c_shift_ram_v12_0_18 -L mult_gen_v12_0_22 -L floating_point_v7_1_19 -L cmpy_v6_0_25 -L floating_point_v7_0_24 -L xfft_v9_1_13 -L uvm -L unisims_ver -L unimacro_ver -L secureip -L xpm --snapshot tb_fft_windowed_behav xil_defaultlib.tb_fft_windowed xil_defaultlib.glbl -log elaborate.log"
Vivado Simulator v2024.2.0
Copyright 1986-2022 Xilinx, Inc. All Rights Reserved.
Copyright 2022-2024 Advanced Micro Devices, Inc. All Rights Reserved.
Running: C:/Xilinx/Vivado/2024.2/bin/unwrapped/win64.o/xelab.exe --incr --debug typical --relax --mt 2 -L xil_defaultlib -L xbip_utils_v3_0_14 -L axi_utils_v2_0_10 -L c_reg_fd_v12_0_10 -L xbip_dsp48_wrapper_v3_0_6 -L xbip_pipe_v3_0_10 -L c_addsub_v12_0_19 -L c_shift_ram_v12_0_18 -L mult_gen_v12_0_22 -L floating_point_v7_1_19 -L cmpy_v6_0_25 -L floating_point_v7_0_24 -L xfft_v9_1_13 -L uvm -L unisims_ver -L unimacro_ver -L secureip -L xpm --snapshot tb_fft_windowed_behav xil_defaultlib.tb_fft_windowed xil_defaultlib.glbl -log elaborate.log 
Using 2 slave threads.
Starting static elaboration
Pass Through NonSizing Optimizer
WARNING: [VRFC 10-5021] port 'event_frame_started' is not connected on this instance [C:/Users/USER/Documents/baryonic_space/baryonic_space-main/rtl/part2/fft_windowed_top.v:156]
Completed static elaboration
Starting simulation data flow analysis
Completed simulation data flow analysis
Time Resolution for simulation is 1ps
Compiling package std.standard
Compiling package std.textio
Compiling package ieee.std_logic_1164
Compiling package ieee.numeric_std
Compiling package xbip_utils_v3_0_14.xbip_utils_v3_0_14_pkg
Compiling package xfft_v9_1_13.xfft_v9_1_13_viv_comp
Compiling package ieee.std_logic_arith
Compiling package ieee.std_logic_unsigned
Compiling package ieee.math_real
Compiling package axi_utils_v2_0_10.axi_utils_v2_0_10_pkg
Compiling package mult_gen_v12_0_22.mult_gen_v12_0_22_pkg
Compiling package ieee.std_logic_signed
Compiling package cmpy_v6_0_25.cmpy_v6_0_25_pkg
Compiling package floating_point_v7_0_24.floating_point_v7_0_24_consts
Compiling package floating_point_v7_0_24.floating_point_v7_0_24_exp_table...
Compiling package floating_point_v7_0_24.floating_point_v7_0_24_pkg
Compiling package xfft_v9_1_13.pkg
Compiling package xfft_v9_1_13.xfft_v9_1_13_axi_pkg
Compiling package axi_utils_v2_0_10.global_util_pkg
Compiling package axi_utils_v2_0_10.axi_utils_comps
Compiling package unisim.vcomponents
Compiling package xbip_pipe_v3_0_10.xbip_pipe_v3_0_10_viv_comp
Compiling package c_addsub_v12_0_19.c_addsub_v12_0_19_pkg
Compiling package c_addsub_v12_0_19.c_addsub_v12_0_19_pkg_legacy
Compiling package c_reg_fd_v12_0_10.c_reg_fd_v12_0_10_viv_comp
Compiling package ieee.vital_timing
Compiling package ieee.vital_primitives
Compiling package unisim.vpkg
Compiling package c_shift_ram_v12_0_18.c_shift_ram_v12_0_18_pkg
Compiling package xpm.vcomponents
Compiling package ieee.std_logic_textio
Compiling package xfft_v9_1_13.quarter_sin_tw_table
Compiling package xfft_v9_1_13.quarter2_sin_tw_table
Compiling package mult_gen_v12_0_22.dsp_pkg
Compiling module xil_defaultlib.hamming_window_default
Compiling architecture xilinx of entity xfft_v9_1_13.equ_rtl [\equ_rtl(c_xdevicefamily="zynq",...]
Compiling architecture xilinx of entity xfft_v9_1_13.r22_cnt_ctrl [\r22_cnt_ctrl(c_xdevicefamily="z...]
Compiling architecture xilinx of entity xfft_v9_1_13.r22_cnt_ctrl [\r22_cnt_ctrl(c_xdevicefamily="z...]
Compiling architecture xilinx of entity xfft_v9_1_13.shift_ram [\shift_ram(c_xdevicefamily="zynq...]
Compiling architecture struct of entity c_shift_ram_v12_0_18.c_shift_ram_v12_0_18_legacy [\c_shift_ram_v12_0_18_legacy(c_x...]
Compiling architecture synth of entity c_shift_ram_v12_0_18.c_shift_ram_v12_0_18_viv [\c_shift_ram_v12_0_18_viv(c_xdev...]
Compiling architecture xilinx of entity xfft_v9_1_13.shift_ram [\shift_ram(c_xdevicefamily="zynq...]
Compiling architecture fd_v of entity unisim.FD [fd_default]
Compiling architecture struct of entity c_shift_ram_v12_0_18.c_shift_ram_v12_0_18_legacy [\c_shift_ram_v12_0_18_legacy(c_x...]
Compiling architecture synth of entity c_shift_ram_v12_0_18.c_shift_ram_v12_0_18_viv [\c_shift_ram_v12_0_18_viv(c_xdev...]
Compiling architecture xilinx of entity xfft_v9_1_13.shift_ram [\shift_ram(c_xdevicefamily="zynq...]
Compiling architecture struct of entity c_shift_ram_v12_0_18.c_shift_ram_v12_0_18_legacy [\c_shift_ram_v12_0_18_legacy(c_x...]
Compiling architecture synth of entity c_shift_ram_v12_0_18.c_shift_ram_v12_0_18_viv [\c_shift_ram_v12_0_18_viv(c_xdev...]
Compiling architecture xilinx of entity xfft_v9_1_13.shift_ram [\shift_ram(c_xdevicefamily="zynq...]
Compiling architecture fde_v of entity unisim.FDE [fde_default]
Compiling architecture xilinx of entity xfft_v9_1_13.shift_ram [\shift_ram(c_xdevicefamily="zynq...]
Compiling architecture xilinx of entity xfft_v9_1_13.shift_ram [\shift_ram(c_xdevicefamily="zynq...]
Compiling architecture xilinx of entity xfft_v9_1_13.shift_ram [\shift_ram(c_xdevicefamily="zynq...]
Compiling architecture xilinx of entity xfft_v9_1_13.shift_ram [\shift_ram(c_xdevicefamily="zynq...]
Compiling architecture xilinx of entity xfft_v9_1_13.shift_ram [\shift_ram(c_xdevicefamily="zynq...]
Compiling architecture xilinx of entity xfft_v9_1_13.shift_ram [\shift_ram(c_xdevicefamily="zynq...]
Compiling architecture lut3_v of entity unisim.LUT3 [\LUT3(init="11001010")(0,7)\]
Compiling architecture xilinx of entity xfft_v9_1_13.mux_bus2 [\mux_bus2(c_xdevicefamily="zynq"...]
Compiling architecture xilinx of entity xfft_v9_1_13.r22_delay_mux [\r22_delay_mux(c_xdevicefamily="...]
Compiling architecture xilinx of entity xfft_v9_1_13.r22_delay_mux [\r22_delay_mux(c_xdevicefamily="...]
Compiling architecture xilinx of entity xfft_v9_1_13.shift_ram [\shift_ram(c_xdevicefamily="zynq...]
Compiling architecture xilinx of entity xfft_v9_1_13.shift_ram [\shift_ram(c_xdevicefamily="zynq...]
Compiling architecture rb18_internal_vhdl_v of entity unisim.RB18_INTERNAL_VHDL [\RB18_INTERNAL_VHDL(bram_size=18...]
Compiling architecture ramb18e1_v of entity unisim.RAMB18E1 [\RAMB18E1(doa_reg=1,dob_reg=1,ra...]
Compiling architecture xilinx of entity xfft_v9_1_13.dpm [\dpm(c_xdevicefamily="zynq",wm="...]
Compiling architecture xilinx of entity xfft_v9_1_13.r22_memory [\r22_memory(c_xdevicefamily="zyn...]
Compiling architecture structural of entity c_reg_fd_v12_0_10.c_reg_fd_v12_0_10_viv [\c_reg_fd_v12_0_10_viv(c_width=1...]
Compiling architecture rtl of entity c_addsub_v12_0_19.c_addsub_v12_0_19_lut6_legacy [\c_addsub_v12_0_19_lut6_legacy(c...]
Compiling architecture synth of entity c_addsub_v12_0_19.c_addsub_v12_0_19_fabric_legacy [\c_addsub_v12_0_19_fabric_legacy...]
Compiling architecture synth of entity c_addsub_v12_0_19.c_addsub_v12_0_19_legacy [\c_addsub_v12_0_19_legacy(c_fami...]
Compiling architecture synth of entity c_addsub_v12_0_19.c_addsub_v12_0_19_viv [\c_addsub_v12_0_19_viv(c_xdevice...]
Compiling architecture xilinx of entity xfft_v9_1_13.adder_bypass [\adder_bypass(c_xdevicefamily="z...]
Compiling architecture structural of entity c_reg_fd_v12_0_10.c_reg_fd_v12_0_10_viv [\c_reg_fd_v12_0_10_viv(c_width=1...]
Compiling architecture rtl of entity c_addsub_v12_0_19.c_addsub_v12_0_19_lut6_legacy [\c_addsub_v12_0_19_lut6_legacy(c...]
Compiling architecture synth of entity c_addsub_v12_0_19.c_addsub_v12_0_19_fabric_legacy [\c_addsub_v12_0_19_fabric_legacy...]
Compiling architecture synth of entity c_addsub_v12_0_19.c_addsub_v12_0_19_legacy [\c_addsub_v12_0_19_legacy(c_fami...]
Compiling architecture synth of entity c_addsub_v12_0_19.c_addsub_v12_0_19_viv [\c_addsub_v12_0_19_viv(c_xdevice...]
Compiling architecture xilinx of entity xfft_v9_1_13.sub_byp [\sub_byp(c_xdevicefamily="zynq",...]
Compiling architecture xilinx of entity xfft_v9_1_13.r22_bfly_byp [\r22_bfly_byp(c_xdevicefamily="z...]
Compiling architecture xilinx of entity xfft_v9_1_13.r22_bf [\r22_bf(c_xdevicefamily="zynq",c...]
Compiling architecture xilinx of entity xfft_v9_1_13.shift_ram [\shift_ram(c_xdevicefamily="zynq...]
Compiling architecture synth of entity xfft_v9_1_13.r22_twos_comp_mux [\r22_twos_comp_mux(c_xdevicefami...]
Compiling architecture synth of entity xfft_v9_1_13.r22_twos_comp_mux [\r22_twos_comp_mux(c_xdevicefami...]
Compiling architecture xilinx of entity xfft_v9_1_13.shift_ram [\shift_ram(c_xdevicefamily="zynq...]
Compiling architecture xilinx of entity xfft_v9_1_13.shift_ram [\shift_ram(c_xdevicefamily="zynq...]
Compiling architecture xilinx of entity xfft_v9_1_13.shift_ram [\shift_ram(c_xdevicefamily="zynq...]
Compiling architecture xilinx of entity xfft_v9_1_13.mux_bus2 [\mux_bus2(c_xdevicefamily="zynq"...]
Compiling architecture xilinx of entity xfft_v9_1_13.r22_delay_mux [\r22_delay_mux(c_xdevicefamily="...]
Compiling architecture xilinx of entity xfft_v9_1_13.r22_delay_mux [\r22_delay_mux(c_xdevicefamily="...]
Compiling architecture xilinx of entity xfft_v9_1_13.shift_ram [\shift_ram(c_xdevicefamily="zynq...]
Compiling architecture xilinx of entity xfft_v9_1_13.shift_ram [\shift_ram(c_xdevicefamily="zynq...]
Compiling architecture struct of entity c_shift_ram_v12_0_18.c_shift_ram_v12_0_18_legacy [\c_shift_ram_v12_0_18_legacy(c_x...]
Compiling architecture synth of entity c_shift_ram_v12_0_18.c_shift_ram_v12_0_18_viv [\c_shift_ram_v12_0_18_viv(c_xdev...]
Compiling architecture synth of entity xfft_v9_1_13.r22_srl_memory [\r22_srl_memory(c_xdevicefamily=...]
Compiling architecture xilinx of entity xfft_v9_1_13.r22_memory [\r22_memory(c_xdevicefamily="zyn...]
Compiling architecture structural of entity c_reg_fd_v12_0_10.c_reg_fd_v12_0_10_viv [\c_reg_fd_v12_0_10_viv(c_width=1...]
Compiling architecture rtl of entity c_addsub_v12_0_19.c_addsub_v12_0_19_lut6_legacy [\c_addsub_v12_0_19_lut6_legacy(c...]
Compiling architecture synth of entity c_addsub_v12_0_19.c_addsub_v12_0_19_fabric_legacy [\c_addsub_v12_0_19_fabric_legacy...]
Compiling architecture synth of entity c_addsub_v12_0_19.c_addsub_v12_0_19_legacy [\c_addsub_v12_0_19_legacy(c_fami...]
Compiling architecture synth of entity c_addsub_v12_0_19.c_addsub_v12_0_19_viv [\c_addsub_v12_0_19_viv(c_xdevice...]
Compiling architecture xilinx of entity xfft_v9_1_13.adder_bypass [\adder_bypass(c_xdevicefamily="z...]
Compiling architecture structural of entity c_reg_fd_v12_0_10.c_reg_fd_v12_0_10_viv [\c_reg_fd_v12_0_10_viv(c_width=1...]
Compiling architecture rtl of entity c_addsub_v12_0_19.c_addsub_v12_0_19_lut6_legacy [\c_addsub_v12_0_19_lut6_legacy(c...]
Compiling architecture synth of entity c_addsub_v12_0_19.c_addsub_v12_0_19_fabric_legacy [\c_addsub_v12_0_19_fabric_legacy...]
Compiling architecture synth of entity c_addsub_v12_0_19.c_addsub_v12_0_19_legacy [\c_addsub_v12_0_19_legacy(c_fami...]
Compiling architecture synth of entity c_addsub_v12_0_19.c_addsub_v12_0_19_viv [\c_addsub_v12_0_19_viv(c_xdevice...]
Compiling architecture xilinx of entity xfft_v9_1_13.sub_byp [\sub_byp(c_xdevicefamily="zynq",...]
Compiling architecture xilinx of entity xfft_v9_1_13.r22_bfly_byp [\r22_bfly_byp(c_xdevicefamily="z...]
Compiling architecture xilinx of entity xfft_v9_1_13.r22_bf [\r22_bf(c_xdevicefamily="zynq",c...]
Compiling architecture structural of entity c_reg_fd_v12_0_10.c_reg_fd_v12_0_10_viv [\c_reg_fd_v12_0_10_viv(c_width=8...]
Compiling architecture rtl of entity c_addsub_v12_0_19.c_addsub_v12_0_19_lut6_legacy [\c_addsub_v12_0_19_lut6_legacy(c...]
Compiling architecture synth of entity c_addsub_v12_0_19.c_addsub_v12_0_19_fabric_legacy [\c_addsub_v12_0_19_fabric_legacy...]
Compiling architecture synth of entity c_addsub_v12_0_19.c_addsub_v12_0_19_legacy [\c_addsub_v12_0_19_legacy(c_fami...]
Compiling architecture synth of entity c_addsub_v12_0_19.c_addsub_v12_0_19_viv [\c_addsub_v12_0_19_viv(c_xdevice...]
Compiling architecture xilinx of entity xfft_v9_1_13.adder [\adder(c_xdevicefamily="zynq",c_...]
Compiling architecture lut6_v of entity unisim.LUT6 [\LUT6(init="11111111000000001111...]
Compiling architecture xilinx of entity xfft_v9_1_13.mux_bus4 [\mux_bus4(c_xdevicefamily="zynq"...]
Compiling architecture struct of entity c_shift_ram_v12_0_18.c_shift_ram_v12_0_18_legacy [\c_shift_ram_v12_0_18_legacy(c_x...]
Compiling architecture synth of entity c_shift_ram_v12_0_18.c_shift_ram_v12_0_18_viv [\c_shift_ram_v12_0_18_viv(c_xdev...]
Compiling architecture xilinx of entity xfft_v9_1_13.shift_ram [\shift_ram(c_xdevicefamily="zynq...]
Compiling architecture xilinx of entity xfft_v9_1_13.twgen_distmem [\twgen_distmem(theta_width=7,twi...]
Compiling architecture xilinx of entity xfft_v9_1_13.twiddle_gen [\twiddle_gen(c_xdevicefamily="zy...]
Compiling architecture xilinx of entity xfft_v9_1_13.r22_tw_gen [\r22_tw_gen(c_xdevicefamily="zyn...]
Compiling architecture xilinx of entity cmpy_v6_0_25.delay_line [\delay_line(c_xdevicefamily="zyn...]
Compiling architecture xilinx of entity cmpy_v6_0_25.delay_line [\delay_line(c_xdevicefamily="zyn...]
Compiling architecture xilinx of entity mult_gen_v12_0_22.delay_line [\delay_line(c_xdevicefamily="zyn...]
Compiling architecture xilinx of entity mult_gen_v12_0_22.delay_line [\delay_line(c_xdevicefamily="zyn...]
Compiling architecture dsp48e1_v of entity unisim.DSP48E1 [\DSP48E1(acascreg=2,alumodereg=0...]
Compiling architecture xilinx of entity mult_gen_v12_0_22.delay_line [\delay_line(c_xdevicefamily="zyn...]
Compiling architecture xilinx of entity mult_gen_v12_0_22.op_resize [\op_resize(ai_width=14,bi_width=...]
Compiling architecture xilinx of entity mult_gen_v12_0_22.dsp [\dsp(c_xdevicefamily="zynq",c_a_...]
Compiling architecture xilinx of entity cmpy_v6_0_25.cmpy_3_dsp48_mult [\cmpy_3_dsp48_mult(c_xdevicefami...]
Compiling architecture xilinx of entity mult_gen_v12_0_22.delay_line [\delay_line(c_xdevicefamily="zyn...]
Compiling architecture xilinx of entity mult_gen_v12_0_22.delay_line [\delay_line(c_xdevicefamily="zyn...]
Compiling architecture dsp48e1_v of entity unisim.DSP48E1 [\DSP48E1(alumodereg=0,bcascreg=2...]
Compiling architecture xilinx of entity mult_gen_v12_0_22.op_resize [\op_resize(ai_width=15,bi_width=...]
Compiling architecture xilinx of entity mult_gen_v12_0_22.dsp [\dsp(c_xdevicefamily="zynq",c_a_...]
Compiling architecture xilinx of entity cmpy_v6_0_25.cmpy_3_dsp48_mult [\cmpy_3_dsp48_mult(c_xdevicefami...]
Compiling architecture xilinx of entity mult_gen_v12_0_22.dsp [\dsp(c_xdevicefamily="zynq",c_a_...]
Compiling architecture xilinx of entity cmpy_v6_0_25.cmpy_3_dsp48_mult [\cmpy_3_dsp48_mult(c_xdevicefami...]
Compiling architecture xilinx of entity cmpy_v6_0_25.input_negation [\input_negation(c_xdevicefamily=...]
Compiling architecture xilinx of entity cmpy_v6_0_25.delay_line [\delay_line(c_xdevicefamily="zyn...]
Compiling architecture xilinx of entity cmpy_v6_0_25.delay_line [\delay_line(c_xdevicefamily="zyn...]
Compiling architecture xilinx of entity cmpy_v6_0_25.cmpy_3_dsp48 [\cmpy_3_dsp48(c_xdevicefamily="z...]
Compiling architecture xilinx of entity cmpy_v6_0_25.cmpy_v6_0_25_synth [\cmpy_v6_0_25_synth(c_xdevicefam...]
Compiling architecture xilinx of entity xfft_v9_1_13.cmpy [\cmpy(c_xdevicefamily="zynq",a_w...]
Compiling architecture xilinx of entity xfft_v9_1_13.mux_bus4 [\mux_bus4(c_xdevicefamily="zynq"...]
Compiling architecture xilinx of entity xfft_v9_1_13.arith_shift3 [\arith_shift3(c_xdevicefamily="z...]
Compiling architecture xilinx of entity xfft_v9_1_13.shift_ram [\shift_ram(c_xdevicefamily="zynq...]
Compiling architecture xilinx of entity xfft_v9_1_13.shift_ram [\shift_ram(c_xdevicefamily="zynq...]
Compiling architecture xilinx of entity xfft_v9_1_13.r22_pe [\r22_pe(c_xdevicefamily="zynq",c...]
Compiling architecture synth of entity xfft_v9_1_13.srl_fifo [\srl_fifo(c_width=1)\]
Compiling architecture xilinx of entity xfft_v9_1_13.r22_cnt_ctrl [\r22_cnt_ctrl(c_xdevicefamily="z...]
Compiling architecture xilinx of entity xfft_v9_1_13.r22_cnt_ctrl [\r22_cnt_ctrl(c_xdevicefamily="z...]
Compiling architecture struct of entity c_shift_ram_v12_0_18.c_shift_ram_v12_0_18_legacy [\c_shift_ram_v12_0_18_legacy(c_x...]
Compiling architecture synth of entity c_shift_ram_v12_0_18.c_shift_ram_v12_0_18_viv [\c_shift_ram_v12_0_18_viv(c_xdev...]
Compiling architecture xilinx of entity xfft_v9_1_13.shift_ram [\shift_ram(c_xdevicefamily="zynq...]
Compiling architecture struct of entity c_shift_ram_v12_0_18.c_shift_ram_v12_0_18_legacy [\c_shift_ram_v12_0_18_legacy(c_x...]
Compiling architecture synth of entity c_shift_ram_v12_0_18.c_shift_ram_v12_0_18_viv [\c_shift_ram_v12_0_18_viv(c_xdev...]
Compiling architecture xilinx of entity xfft_v9_1_13.shift_ram [\shift_ram(c_xdevicefamily="zynq...]
Compiling architecture struct of entity c_shift_ram_v12_0_18.c_shift_ram_v12_0_18_legacy [\c_shift_ram_v12_0_18_legacy(c_x...]
Compiling architecture synth of entity c_shift_ram_v12_0_18.c_shift_ram_v12_0_18_viv [\c_shift_ram_v12_0_18_viv(c_xdev...]
Compiling architecture xilinx of entity xfft_v9_1_13.shift_ram [\shift_ram(c_xdevicefamily="zynq...]
Compiling architecture struct of entity c_shift_ram_v12_0_18.c_shift_ram_v12_0_18_legacy [\c_shift_ram_v12_0_18_legacy(c_x...]
Compiling architecture synth of entity c_shift_ram_v12_0_18.c_shift_ram_v12_0_18_viv [\c_shift_ram_v12_0_18_viv(c_xdev...]
Compiling architecture xilinx of entity xfft_v9_1_13.shift_ram [\shift_ram(c_xdevicefamily="zynq...]
Compiling architecture struct of entity c_shift_ram_v12_0_18.c_shift_ram_v12_0_18_legacy [\c_shift_ram_v12_0_18_legacy(c_x...]
Compiling architecture synth of entity c_shift_ram_v12_0_18.c_shift_ram_v12_0_18_viv [\c_shift_ram_v12_0_18_viv(c_xdev...]
Compiling architecture xilinx of entity xfft_v9_1_13.shift_ram [\shift_ram(c_xdevicefamily="zynq...]
Compiling architecture struct of entity c_shift_ram_v12_0_18.c_shift_ram_v12_0_18_legacy [\c_shift_ram_v12_0_18_legacy(c_x...]
Compiling architecture synth of entity c_shift_ram_v12_0_18.c_shift_ram_v12_0_18_viv [\c_shift_ram_v12_0_18_viv(c_xdev...]
Compiling architecture xilinx of entity xfft_v9_1_13.shift_ram [\shift_ram(c_xdevicefamily="zynq...]
Compiling architecture xilinx of entity xfft_v9_1_13.r22_delay_mux [\r22_delay_mux(c_xdevicefamily="...]
Compiling architecture xilinx of entity xfft_v9_1_13.r22_delay_mux [\r22_delay_mux(c_xdevicefamily="...]
Compiling architecture xilinx of entity xfft_v9_1_13.shift_ram [\shift_ram(c_xdevicefamily="zynq...]
Compiling architecture xilinx of entity xfft_v9_1_13.shift_ram [\shift_ram(c_xdevicefamily="zynq...]
Compiling architecture struct of entity c_shift_ram_v12_0_18.c_shift_ram_v12_0_18_legacy [\c_shift_ram_v12_0_18_legacy(c_x...]
Compiling architecture synth of entity c_shift_ram_v12_0_18.c_shift_ram_v12_0_18_viv [\c_shift_ram_v12_0_18_viv(c_xdev...]
Compiling architecture synth of entity xfft_v9_1_13.r22_srl_memory [\r22_srl_memory(c_xdevicefamily=...]
Compiling architecture xilinx of entity xfft_v9_1_13.r22_memory [\r22_memory(c_xdevicefamily="zyn...]
Compiling architecture xilinx of entity xfft_v9_1_13.r22_bf [\r22_bf(c_xdevicefamily="zynq",c...]
Compiling architecture rtl of entity c_addsub_v12_0_19.c_addsub_v12_0_19_lut6_legacy [\c_addsub_v12_0_19_lut6_legacy(c...]
Compiling architecture synth of entity c_addsub_v12_0_19.c_addsub_v12_0_19_fabric_legacy [\c_addsub_v12_0_19_fabric_legacy...]
Compiling architecture synth of entity c_addsub_v12_0_19.c_addsub_v12_0_19_legacy [\c_addsub_v12_0_19_legacy(c_fami...]
Compiling architecture synth of entity c_addsub_v12_0_19.c_addsub_v12_0_19_viv [\c_addsub_v12_0_19_viv(c_xdevice...]
Compiling architecture xilinx of entity xfft_v9_1_13.adder [\adder(c_xdevicefamily="zynq",c_...]
Compiling architecture xilinx of entity xfft_v9_1_13.shift_ram [\shift_ram(c_xdevicefamily="zynq...]
Compiling architecture xilinx of entity xfft_v9_1_13.shift_ram [\shift_ram(c_xdevicefamily="zynq...]
Compiling architecture xilinx of entity xfft_v9_1_13.r22_bf_sp [\r22_bf_sp(c_xdevicefamily="zynq...]
Compiling architecture struct of entity c_shift_ram_v12_0_18.c_shift_ram_v12_0_18_legacy [\c_shift_ram_v12_0_18_legacy(c_x...]
Compiling architecture synth of entity c_shift_ram_v12_0_18.c_shift_ram_v12_0_18_viv [\c_shift_ram_v12_0_18_viv(c_xdev...]
Compiling architecture xilinx of entity xfft_v9_1_13.shift_ram [\shift_ram(c_xdevicefamily="zynq...]
Compiling architecture struct of entity c_shift_ram_v12_0_18.c_shift_ram_v12_0_18_legacy [\c_shift_ram_v12_0_18_legacy(c_x...]
Compiling architecture synth of entity c_shift_ram_v12_0_18.c_shift_ram_v12_0_18_viv [\c_shift_ram_v12_0_18_viv(c_xdev...]
Compiling architecture xilinx of entity xfft_v9_1_13.shift_ram [\shift_ram(c_xdevicefamily="zynq...]
Compiling architecture structural of entity c_reg_fd_v12_0_10.c_reg_fd_v12_0_10_viv [\c_reg_fd_v12_0_10_viv(c_width=6...]
Compiling architecture rtl of entity c_addsub_v12_0_19.c_addsub_v12_0_19_lut6_legacy [\c_addsub_v12_0_19_lut6_legacy(c...]
Compiling architecture synth of entity c_addsub_v12_0_19.c_addsub_v12_0_19_fabric_legacy [\c_addsub_v12_0_19_fabric_legacy...]
Compiling architecture synth of entity c_addsub_v12_0_19.c_addsub_v12_0_19_legacy [\c_addsub_v12_0_19_legacy(c_fami...]
Compiling architecture synth of entity c_addsub_v12_0_19.c_addsub_v12_0_19_viv [\c_addsub_v12_0_19_viv(c_xdevice...]
Compiling architecture xilinx of entity xfft_v9_1_13.adder [\adder(c_xdevicefamily="zynq",c_...]
Compiling architecture xilinx of entity xfft_v9_1_13.mux_bus4 [\mux_bus4(c_xdevicefamily="zynq"...]
Compiling architecture xilinx of entity xfft_v9_1_13.twgen_distmem [\twgen_distmem(theta_width=5,twi...]
Compiling architecture xilinx of entity xfft_v9_1_13.twiddle_gen [\twiddle_gen(c_xdevicefamily="zy...]
Compiling architecture xilinx of entity xfft_v9_1_13.r22_tw_gen [\r22_tw_gen(c_xdevicefamily="zyn...]
Compiling architecture xilinx of entity xfft_v9_1_13.shift_ram [\shift_ram(c_xdevicefamily="zynq...]
Compiling architecture xilinx of entity xfft_v9_1_13.shift_ram [\shift_ram(c_xdevicefamily="zynq...]
Compiling architecture xilinx of entity xfft_v9_1_13.r22_pe [\r22_pe(c_xdevicefamily="zynq",c...]
Compiling architecture xilinx of entity xfft_v9_1_13.r22_cnt_ctrl [\r22_cnt_ctrl(c_xdevicefamily="z...]
Compiling architecture xilinx of entity xfft_v9_1_13.r22_cnt_ctrl [\r22_cnt_ctrl(c_xdevicefamily="z...]
Compiling architecture struct of entity c_shift_ram_v12_0_18.c_shift_ram_v12_0_18_legacy [\c_shift_ram_v12_0_18_legacy(c_x...]
Compiling architecture synth of entity c_shift_ram_v12_0_18.c_shift_ram_v12_0_18_viv [\c_shift_ram_v12_0_18_viv(c_xdev...]
Compiling architecture xilinx of entity xfft_v9_1_13.shift_ram [\shift_ram(c_xdevicefamily="zynq...]
Compiling architecture struct of entity c_shift_ram_v12_0_18.c_shift_ram_v12_0_18_legacy [\c_shift_ram_v12_0_18_legacy(c_x...]
Compiling architecture synth of entity c_shift_ram_v12_0_18.c_shift_ram_v12_0_18_viv [\c_shift_ram_v12_0_18_viv(c_xdev...]
Compiling architecture xilinx of entity xfft_v9_1_13.shift_ram [\shift_ram(c_xdevicefamily="zynq...]
Compiling architecture struct of entity c_shift_ram_v12_0_18.c_shift_ram_v12_0_18_legacy [\c_shift_ram_v12_0_18_legacy(c_x...]
Compiling architecture synth of entity c_shift_ram_v12_0_18.c_shift_ram_v12_0_18_viv [\c_shift_ram_v12_0_18_viv(c_xdev...]
Compiling architecture xilinx of entity xfft_v9_1_13.shift_ram [\shift_ram(c_xdevicefamily="zynq...]
Compiling architecture struct of entity c_shift_ram_v12_0_18.c_shift_ram_v12_0_18_legacy [\c_shift_ram_v12_0_18_legacy(c_x...]
Compiling architecture synth of entity c_shift_ram_v12_0_18.c_shift_ram_v12_0_18_viv [\c_shift_ram_v12_0_18_viv(c_xdev...]
Compiling architecture xilinx of entity xfft_v9_1_13.shift_ram [\shift_ram(c_xdevicefamily="zynq...]
Compiling architecture struct of entity c_shift_ram_v12_0_18.c_shift_ram_v12_0_18_legacy [\c_shift_ram_v12_0_18_legacy(c_x...]
Compiling architecture synth of entity c_shift_ram_v12_0_18.c_shift_ram_v12_0_18_viv [\c_shift_ram_v12_0_18_viv(c_xdev...]
Compiling architecture xilinx of entity xfft_v9_1_13.shift_ram [\shift_ram(c_xdevicefamily="zynq...]
Compiling architecture struct of entity c_shift_ram_v12_0_18.c_shift_ram_v12_0_18_legacy [\c_shift_ram_v12_0_18_legacy(c_x...]
Compiling architecture synth of entity c_shift_ram_v12_0_18.c_shift_ram_v12_0_18_viv [\c_shift_ram_v12_0_18_viv(c_xdev...]
Compiling architecture xilinx of entity xfft_v9_1_13.shift_ram [\shift_ram(c_xdevicefamily="zynq...]
Compiling architecture struct of entity c_shift_ram_v12_0_18.c_shift_ram_v12_0_18_legacy [\c_shift_ram_v12_0_18_legacy(c_x...]
Compiling architecture synth of entity c_shift_ram_v12_0_18.c_shift_ram_v12_0_18_viv [\c_shift_ram_v12_0_18_viv(c_xdev...]
Compiling architecture xilinx of entity xfft_v9_1_13.shift_ram [\shift_ram(c_xdevicefamily="zynq...]
Compiling architecture structural of entity c_reg_fd_v12_0_10.c_reg_fd_v12_0_10_viv [\c_reg_fd_v12_0_10_viv(c_width=1...]
Compiling architecture rtl of entity c_addsub_v12_0_19.c_addsub_v12_0_19_lut6_legacy [\c_addsub_v12_0_19_lut6_legacy(c...]
Compiling architecture synth of entity c_addsub_v12_0_19.c_addsub_v12_0_19_fabric_legacy [\c_addsub_v12_0_19_fabric_legacy...]
Compiling architecture synth of entity c_addsub_v12_0_19.c_addsub_v12_0_19_legacy [\c_addsub_v12_0_19_legacy(c_fami...]
Compiling architecture synth of entity c_addsub_v12_0_19.c_addsub_v12_0_19_viv [\c_addsub_v12_0_19_viv(c_xdevice...]
Compiling architecture xilinx of entity xfft_v9_1_13.adder [\adder(c_xdevicefamily="zynq",c_...]
Compiling architecture struct of entity c_shift_ram_v12_0_18.c_shift_ram_v12_0_18_legacy [\c_shift_ram_v12_0_18_legacy(c_x...]
Compiling architecture synth of entity c_shift_ram_v12_0_18.c_shift_ram_v12_0_18_viv [\c_shift_ram_v12_0_18_viv(c_xdev...]
Compiling architecture xilinx of entity xfft_v9_1_13.shift_ram [\shift_ram(c_xdevicefamily="zynq...]
Compiling architecture xilinx of entity xfft_v9_1_13.shift_ram [\shift_ram(c_xdevicefamily="zynq...]
Compiling architecture xilinx of entity xfft_v9_1_13.mux_bus2 [\mux_bus2(c_xdevicefamily="zynq"...]
Compiling architecture xilinx of entity xfft_v9_1_13.shift_ram [\shift_ram(c_xdevicefamily="zynq...]
Compiling architecture xilinx of entity xfft_v9_1_13.r22_bf_sp [\r22_bf_sp(c_xdevicefamily="zynq...]
Compiling architecture xilinx of entity xfft_v9_1_13.r22_bf_sp [\r22_bf_sp(c_xdevicefamily="zynq...]
Compiling architecture xilinx of entity xfft_v9_1_13.shift_ram [\shift_ram(c_xdevicefamily="zynq...]
Compiling architecture structural of entity c_reg_fd_v12_0_10.c_reg_fd_v12_0_10_viv [\c_reg_fd_v12_0_10_viv(c_width=4...]
Compiling architecture rtl of entity c_addsub_v12_0_19.c_addsub_v12_0_19_lut6_legacy [\c_addsub_v12_0_19_lut6_legacy(c...]
Compiling architecture synth of entity c_addsub_v12_0_19.c_addsub_v12_0_19_fabric_legacy [\c_addsub_v12_0_19_fabric_legacy...]
Compiling architecture synth of entity c_addsub_v12_0_19.c_addsub_v12_0_19_legacy [\c_addsub_v12_0_19_legacy(c_fami...]
Compiling architecture synth of entity c_addsub_v12_0_19.c_addsub_v12_0_19_viv [\c_addsub_v12_0_19_viv(c_xdevice...]
Compiling architecture xilinx of entity xfft_v9_1_13.adder [\adder(c_xdevicefamily="zynq",c_...]
Compiling architecture xilinx of entity xfft_v9_1_13.mux_bus4 [\mux_bus4(c_xdevicefamily="zynq"...]
Compiling architecture xilinx of entity xfft_v9_1_13.twgen_distmem [\twgen_distmem(theta_width=3,twi...]
Compiling architecture xilinx of entity xfft_v9_1_13.twiddle_gen [\twiddle_gen(c_xdevicefamily="zy...]
Compiling architecture xilinx of entity xfft_v9_1_13.r22_tw_gen [\r22_tw_gen(c_xdevicefamily="zyn...]
Compiling architecture xilinx of entity xfft_v9_1_13.shift_ram [\shift_ram(c_xdevicefamily="zynq...]
Compiling architecture xilinx of entity xfft_v9_1_13.shift_ram [\shift_ram(c_xdevicefamily="zynq...]
Compiling architecture xilinx of entity xfft_v9_1_13.r22_pe [\r22_pe(c_xdevicefamily="zynq",c...]
Compiling architecture struct of entity c_shift_ram_v12_0_18.c_shift_ram_v12_0_18_legacy [\c_shift_ram_v12_0_18_legacy(c_x...]
Compiling architecture synth of entity c_shift_ram_v12_0_18.c_shift_ram_v12_0_18_viv [\c_shift_ram_v12_0_18_viv(c_xdev...]
Compiling architecture xilinx of entity xfft_v9_1_13.shift_ram [\shift_ram(c_xdevicefamily="zynq...]
Compiling architecture struct of entity c_shift_ram_v12_0_18.c_shift_ram_v12_0_18_legacy [\c_shift_ram_v12_0_18_legacy(c_x...]
Compiling architecture synth of entity c_shift_ram_v12_0_18.c_shift_ram_v12_0_18_viv [\c_shift_ram_v12_0_18_viv(c_xdev...]
Compiling architecture xilinx of entity xfft_v9_1_13.shift_ram [\shift_ram(c_xdevicefamily="zynq...]
Compiling architecture xilinx of entity xfft_v9_1_13.shift_ram [\shift_ram(c_xdevicefamily="zynq...]
Compiling architecture xilinx of entity xfft_v9_1_13.shift_ram [\shift_ram(c_xdevicefamily="zynq...]
Compiling architecture xilinx of entity xfft_v9_1_13.shift_ram [\shift_ram(c_xdevicefamily="zynq...]
Compiling architecture xilinx of entity xfft_v9_1_13.shift_ram [\shift_ram(c_xdevicefamily="zynq...]
Compiling architecture xilinx of entity xfft_v9_1_13.shift_ram [\shift_ram(c_xdevicefamily="zynq...]
Compiling architecture xilinx of entity xfft_v9_1_13.shift_ram [\shift_ram(c_xdevicefamily="zynq...]
Compiling architecture xilinx of entity xfft_v9_1_13.r22_bf_sp [\r22_bf_sp(c_xdevicefamily="zynq...]
Compiling architecture xilinx of entity xfft_v9_1_13.shift_ram [\shift_ram(c_xdevicefamily="zynq...]
Compiling architecture xilinx of entity xfft_v9_1_13.r22_bf_sp [\r22_bf_sp(c_xdevicefamily="zynq...]
Compiling architecture xilinx of entity xfft_v9_1_13.mux_bus4 [\mux_bus4(c_xdevicefamily="zynq"...]
Compiling architecture xilinx of entity xfft_v9_1_13.arith_shift3 [\arith_shift3(c_xdevicefamily="z...]
Compiling architecture xilinx of entity xfft_v9_1_13.shift_ram [\shift_ram(c_xdevicefamily="zynq...]
Compiling architecture xilinx of entity xfft_v9_1_13.shift_ram [\shift_ram(c_xdevicefamily="zynq...]
Compiling architecture xilinx of entity xfft_v9_1_13.shift_ram [\shift_ram(c_xdevicefamily="zynq...]
Compiling architecture xilinx of entity xfft_v9_1_13.r22_pe [\r22_pe(c_xdevicefamily="zynq",c...]
Compiling architecture xilinx of entity xfft_v9_1_13.shift_ram [\shift_ram(c_xdevicefamily="zynq...]
Compiling architecture xilinx of entity xfft_v9_1_13.shift_ram [\shift_ram(c_xdevicefamily="zynq...]
Compiling architecture xilinx of entity xfft_v9_1_13.shift_ram [\shift_ram(c_xdevicefamily="zynq...]
Compiling architecture xilinx of entity xfft_v9_1_13.shift_ram [\shift_ram(c_xdevicefamily="zynq...]
Compiling architecture xilinx of entity xfft_v9_1_13.dpm [\dpm(c_xdevicefamily="zynq",wm="...]
Compiling architecture xilinx of entity xfft_v9_1_13.r22_memory [\r22_memory(c_xdevicefamily="zyn...]
Compiling architecture xilinx of entity xfft_v9_1_13.shift_ram [\shift_ram(c_xdevicefamily="zynq...]
Compiling architecture xilinx of entity xfft_v9_1_13.shift_ram [\shift_ram(c_xdevicefamily="zynq...]
Compiling architecture xilinx of entity xfft_v9_1_13.shift_ram [\shift_ram(c_xdevicefamily="zynq...]
Compiling architecture xilinx of entity xfft_v9_1_13.shift_ram [\shift_ram(c_xdevicefamily="zynq...]
Compiling architecture xilinx of entity xfft_v9_1_13.r22_busy [\r22_busy(c_xdevicefamily="zynq"...]
Compiling architecture xilinx of entity xfft_v9_1_13.shift_ram [\shift_ram(c_xdevicefamily="zynq...]
Compiling architecture fdre_v of entity unisim.FDRE [fdre_default]
Compiling architecture muxcy_v of entity unisim.MUXCY [muxcy_default]
Compiling architecture xorcy_v of entity unisim.XORCY [xorcy_default]
Compiling architecture rtl of entity c_addsub_v12_0_19.c_addsub_v12_0_19_lut6_legacy [\c_addsub_v12_0_19_lut6_legacy(c...]
Compiling architecture synth of entity c_addsub_v12_0_19.c_addsub_v12_0_19_fabric_legacy [\c_addsub_v12_0_19_fabric_legacy...]
Compiling architecture synth of entity c_addsub_v12_0_19.c_addsub_v12_0_19_legacy [\c_addsub_v12_0_19_legacy(c_fami...]
Compiling architecture synth of entity c_addsub_v12_0_19.c_addsub_v12_0_19_viv [\c_addsub_v12_0_19_viv(c_xdevice...]
Compiling architecture xilinx of entity xfft_v9_1_13.logic_gate [\logic_gate(c_xdevicefamily="zyn...]
Compiling architecture fdse_v of entity unisim.FDSE [fdse_default]
Compiling architecture xilinx of entity xfft_v9_1_13.cnt_sat [\cnt_sat(c_xdevicefamily="zynq",...]
Compiling architecture rtl of entity c_addsub_v12_0_19.c_addsub_v12_0_19_lut6_legacy [\c_addsub_v12_0_19_lut6_legacy(c...]
Compiling architecture synth of entity c_addsub_v12_0_19.c_addsub_v12_0_19_fabric_legacy [\c_addsub_v12_0_19_fabric_legacy...]
Compiling architecture synth of entity c_addsub_v12_0_19.c_addsub_v12_0_19_legacy [\c_addsub_v12_0_19_legacy(c_fami...]
Compiling architecture synth of entity c_addsub_v12_0_19.c_addsub_v12_0_19_viv [\c_addsub_v12_0_19_viv(c_xdevice...]
Compiling architecture xilinx of entity xfft_v9_1_13.logic_gate [\logic_gate(c_xdevicefamily="zyn...]
Compiling architecture xilinx of entity xfft_v9_1_13.cnt_sat [\cnt_sat(c_xdevicefamily="zynq",...]
Compiling architecture rtl of entity c_addsub_v12_0_19.c_addsub_v12_0_19_lut6_legacy [\c_addsub_v12_0_19_lut6_legacy(c...]
Compiling architecture synth of entity c_addsub_v12_0_19.c_addsub_v12_0_19_fabric_legacy [\c_addsub_v12_0_19_fabric_legacy...]
Compiling architecture synth of entity c_addsub_v12_0_19.c_addsub_v12_0_19_legacy [\c_addsub_v12_0_19_legacy(c_fami...]
Compiling architecture synth of entity c_addsub_v12_0_19.c_addsub_v12_0_19_viv [\c_addsub_v12_0_19_viv(c_xdevice...]
Compiling architecture xilinx of entity xfft_v9_1_13.logic_gate [\logic_gate(c_xdevicefamily="zyn...]
Compiling architecture xilinx of entity xfft_v9_1_13.cnt_sat [\cnt_sat(c_xdevicefamily="zynq",...]
Compiling architecture xilinx of entity xfft_v9_1_13.logic_gate [\logic_gate(c_xdevicefamily="zyn...]
Compiling architecture xilinx of entity xfft_v9_1_13.cnt_sat [\cnt_sat(c_xdevicefamily="zynq",...]
Compiling architecture rtl of entity c_addsub_v12_0_19.c_addsub_v12_0_19_lut6_legacy [\c_addsub_v12_0_19_lut6_legacy(c...]
Compiling architecture synth of entity c_addsub_v12_0_19.c_addsub_v12_0_19_fabric_legacy [\c_addsub_v12_0_19_fabric_legacy...]
Compiling architecture synth of entity c_addsub_v12_0_19.c_addsub_v12_0_19_legacy [\c_addsub_v12_0_19_legacy(c_fami...]
Compiling architecture synth of entity c_addsub_v12_0_19.c_addsub_v12_0_19_viv [\c_addsub_v12_0_19_viv(c_xdevice...]
Compiling architecture xilinx of entity xfft_v9_1_13.logic_gate [\logic_gate(c_xdevicefamily="zyn...]
Compiling architecture xilinx of entity xfft_v9_1_13.cnt_sat [\cnt_sat(c_xdevicefamily="zynq",...]
Compiling architecture rtl of entity c_addsub_v12_0_19.c_addsub_v12_0_19_lut6_legacy [\c_addsub_v12_0_19_lut6_legacy(c...]
Compiling architecture synth of entity c_addsub_v12_0_19.c_addsub_v12_0_19_fabric_legacy [\c_addsub_v12_0_19_fabric_legacy...]
Compiling architecture synth of entity c_addsub_v12_0_19.c_addsub_v12_0_19_legacy [\c_addsub_v12_0_19_legacy(c_fami...]
Compiling architecture synth of entity c_addsub_v12_0_19.c_addsub_v12_0_19_viv [\c_addsub_v12_0_19_viv(c_xdevice...]
Compiling architecture xilinx of entity xfft_v9_1_13.logic_gate [\logic_gate(c_xdevicefamily="zyn...]
Compiling architecture xilinx of entity xfft_v9_1_13.cnt_sat [\cnt_sat(c_xdevicefamily="zynq",...]
Compiling architecture structural of entity c_reg_fd_v12_0_10.c_reg_fd_v12_0_10_viv [\c_reg_fd_v12_0_10_viv(c_width=8...]
Compiling architecture rtl of entity c_addsub_v12_0_19.c_addsub_v12_0_19_lut6_legacy [\c_addsub_v12_0_19_lut6_legacy(c...]
Compiling architecture synth of entity c_addsub_v12_0_19.c_addsub_v12_0_19_fabric_legacy [\c_addsub_v12_0_19_fabric_legacy...]
Compiling architecture synth of entity c_addsub_v12_0_19.c_addsub_v12_0_19_legacy [\c_addsub_v12_0_19_legacy(c_fami...]
Compiling architecture synth of entity c_addsub_v12_0_19.c_addsub_v12_0_19_viv [\c_addsub_v12_0_19_viv(c_xdevice...]
Compiling architecture lut6_v of entity unisim.LUT6 [\LUT6(init="10010000000010010000...]
Compiling architecture xilinx of entity xfft_v9_1_13.equ_rtl [\equ_rtl(c_xdevicefamily="zynq",...]
Compiling architecture xilinx of entity xfft_v9_1_13.cnt_tc_rtl_a [\cnt_tc_rtl_a(c_xdevicefamily="z...]
Compiling architecture struct of entity c_shift_ram_v12_0_18.c_shift_ram_v12_0_18_legacy [\c_shift_ram_v12_0_18_legacy(c_x...]
Compiling architecture synth of entity c_shift_ram_v12_0_18.c_shift_ram_v12_0_18_viv [\c_shift_ram_v12_0_18_viv(c_xdev...]
Compiling architecture xilinx of entity xfft_v9_1_13.shift_ram [\shift_ram(c_xdevicefamily="zynq...]
Compiling architecture xilinx of entity xfft_v9_1_13.r22_flow_ctrl [\r22_flow_ctrl(c_xdevicefamily="...]
Compiling architecture lut3_v of entity unisim.LUT3 [\LUT3(init="10101110")(0,7)\]
Compiling architecture xilinx of entity xfft_v9_1_13.r22_cnt_ctrl [\r22_cnt_ctrl(c_xdevicefamily="z...]
Compiling architecture srl16e_v of entity unisim.SRL16E [\SRL16E(0,15)\]
Compiling architecture xilinx of entity xfft_v9_1_13.shift_ram [\shift_ram(c_xdevicefamily="zynq...]
Compiling architecture fdr_v of entity unisim.FDR [fdr_default]
Compiling architecture xilinx of entity xfft_v9_1_13.shift_ram [\shift_ram(c_xdevicefamily="zynq...]
Compiling architecture xilinx of entity xfft_v9_1_13.shift_ram [\shift_ram(c_xdevicefamily="zynq...]
Compiling architecture xilinx of entity xfft_v9_1_13.xfft_v9_1_13_d [\xfft_v9_1_13_d(c_xdevicefamily=...]
Compiling architecture synth of entity xfft_v9_1_13.xfft_v9_1_13_core [\xfft_v9_1_13_core(c_xdevicefami...]
Compiling architecture xilinx of entity axi_utils_v2_0_10.glb_srl_fifo [\glb_srl_fifo(width=25,has_uvpro...]
Compiling architecture xilinx of entity axi_utils_v2_0_10.glb_ifx_slave [\glb_ifx_slave(width=25,has_uvpr...]
Compiling architecture synth of entity xfft_v9_1_13.axi_wrapper_input_fifo [\axi_wrapper_input_fifo(c_fifo_w...]
Compiling architecture xilinx of entity axi_utils_v2_0_10.glb_srl_fifo [\glb_srl_fifo(width=9,has_uvprot...]
Compiling architecture xilinx of entity axi_utils_v2_0_10.glb_ifx_slave [\glb_ifx_slave(width=9,has_uvpro...]
Compiling architecture synth of entity xfft_v9_1_13.axi_wrapper_input_fifo [\axi_wrapper_input_fifo(c_fifo_w...]
Compiling architecture xilinx of entity axi_utils_v2_0_10.glb_srl_fifo [\glb_srl_fifo(width=33,has_uvpro...]
Compiling architecture xilinx of entity axi_utils_v2_0_10.glb_ifx_master [\glb_ifx_master(width=33,afull_t...]
Compiling architecture synth of entity xfft_v9_1_13.axi_wrapper_output_fifo [\axi_wrapper_output_fifo(c_fifo_...]
Compiling architecture synth of entity xfft_v9_1_13.axi_wrapper [\axi_wrapper(c_arch=3,c_has_nfft...]
Compiling architecture synth of entity xfft_v9_1_13.xfft_v9_1_13_viv [\xfft_v9_1_13_viv(c_xdevicefamil...]
Compiling architecture xilinx of entity xfft_v9_1_13.xfft_v9_1_13 [\xfft_v9_1_13(c_xdevicefamily="z...]
Compiling architecture xfft_0_arch of entity xil_defaultlib.xfft_0 [xfft_0_default]
Compiling module xil_defaultlib.abs_sq(OUT_WIDTH=25)
Compiling module xil_defaultlib.peak_detector
Compiling module xil_defaultlib.fft_windowed_top_default
Compiling module xil_defaultlib.tb_fft_windowed
Compiling module xil_defaultlib.glbl
Built simulation snapshot tb_fft_windowed_behav
run_program: Time (s): cpu = 00:00:01 ; elapsed = 00:00:27 . Memory (MB): peak = 1461.898 ; gain = 0.000
INFO: [USF-XSim-69] 'elaborate' step finished in '26' seconds
INFO: [USF-XSim-4] XSim::Simulate design
INFO: [USF-XSim-61] Executing 'SIMULATE' step in 'C:/Users/USER/Documents/baryonic_space/baryonic_space-main/part2/vivado_part2/fft_windowed_part2.sim/sim_1/behav/xsim'
INFO: [USF-XSim-98] *** Running xsim
   with args "tb_fft_windowed_behav -key {Behavioral:sim_1:Functional:tb_fft_windowed} -tclbatch {tb_fft_windowed.tcl} -view {C:/Users/USER/Documents/baryonic_space/baryonic_space-main/part2/vivado_part2/tb_fft_windowed_behav.wcfg} -log {simulate.log} -testplusarg MEM_DIR=."
INFO: [USF-XSim-8] Loading simulator feature
Time resolution is 1 ps
open_wave_config C:/Users/USER/Documents/baryonic_space/baryonic_space-main/part2/vivado_part2/tb_fft_windowed_behav.wcfg
WARNING: Simulation object /tb_fft_windowed/win_out_valid was not found in the design.
WARNING: Simulation object /tb_fft_windowed/win_out_real was not found in the design.
WARNING: Simulation object /tb_fft_windowed/win_out_imag was not found in the design.
source tb_fft_windowed.tcl
# set curr_wave [current_wave_config]
# if { [string length $curr_wave] == 0 } {
#   if { [llength [get_objects]] > 0} {
#     add_wave /
#     set_property needs_save false [current_wave_config]
#   } else {
#      send_msg_id Add_Wave-1 WARNING "No top level signals found. Simulator will start without a wave window. If you want to open a wave window go to 'File->New Waveform Configuration' or type 'create_wave_config' in the TCL console."
#   }
# }
# run 1000ns
Using MEM_DIR=.
Note:   - SCALING_SCH: in_ptr = 1, out_ptr = 1
Time: 0 ps  Iteration: 0  Process: /tb_fft_windowed/dut/u_xfft_0/U0/i_synth/axi_wrapper/gen_config_fifo_in/line__952  File: C:/Xilinx/Vivado/2024.2/data/ip/xilinx/xfft_v9_1/hdl/axi_wrapper.vhd
Note:     - C_CHANNELS  = 1
Time: 0 ps  Iteration: 0  Process: /tb_fft_windowed/dut/u_xfft_0/U0/i_synth/axi_wrapper/gen_config_fifo_in/line__952  File: C:/Xilinx/Vivado/2024.2/data/ip/xilinx/xfft_v9_1/hdl/axi_wrapper.vhd
Note:     - field_width = 8
Time: 0 ps  Iteration: 0  Process: /tb_fft_windowed/dut/u_xfft_0/U0/i_synth/axi_wrapper/gen_config_fifo_in/line__952  File: C:/Xilinx/Vivado/2024.2/data/ip/xilinx/xfft_v9_1/hdl/axi_wrapper.vhd
Note:   - Copying SCALE_SCH from 8 downto 1 to 8 downto 1
Time: 0 ps  Iteration: 0  Process: /tb_fft_windowed/dut/u_xfft_0/U0/i_synth/axi_wrapper/gen_config_fifo_in/line__952  File: C:/Xilinx/Vivado/2024.2/data/ip/xilinx/xfft_v9_1/hdl/axi_wrapper.vhd
Note:   - SCALING_SCH: in_ptr = 1, out_ptr = 1
Time: 0 ps  Iteration: 1  Process: /tb_fft_windowed/dut/u_xfft_0/U0/i_synth/axi_wrapper/gen_config_fifo_in/line__952  File: C:/Xilinx/Vivado/2024.2/data/ip/xilinx/xfft_v9_1/hdl/axi_wrapper.vhd
Note:     - C_CHANNELS  = 1
Time: 0 ps  Iteration: 1  Process: /tb_fft_windowed/dut/u_xfft_0/U0/i_synth/axi_wrapper/gen_config_fifo_in/line__952  File: C:/Xilinx/Vivado/2024.2/data/ip/xilinx/xfft_v9_1/hdl/axi_wrapper.vhd
Note:     - field_width = 8
Time: 0 ps  Iteration: 1  Process: /tb_fft_windowed/dut/u_xfft_0/U0/i_synth/axi_wrapper/gen_config_fifo_in/line__952  File: C:/Xilinx/Vivado/2024.2/data/ip/xilinx/xfft_v9_1/hdl/axi_wrapper.vhd
Note:   - Copying SCALE_SCH from 8 downto 1 to 8 downto 1
Time: 0 ps  Iteration: 1  Process: /tb_fft_windowed/dut/u_xfft_0/U0/i_synth/axi_wrapper/gen_config_fifo_in/line__952  File: C:/Xilinx/Vivado/2024.2/data/ip/xilinx/xfft_v9_1/hdl/axi_wrapper.vhd
[158000] === Frame 0: Sending frame: 12.5 MHz windowed ===
INFO: [USF-XSim-96] XSim completed. Design snapshot 'tb_fft_windowed_behav' loaded.
INFO: [USF-XSim-97] XSim simulation ran for 1000ns
launch_simulation: Time (s): cpu = 00:00:06 ; elapsed = 00:00:33 . Memory (MB): peak = 1481.207 ; gain = 19.309
run all
[1184000] === Frame 1: Sending frame: 10.0 MHz windowed ===
[2662000] [Frame0 12.5MHz windowed] xk=10 abs_sq=2
[2666000] [Frame0 12.5MHz windowed] xk=11 abs_sq=2
[2670000] [Frame0 12.5MHz windowed] xk=12 abs_sq=2
[2674000] [Frame0 12.5MHz windowed] xk=13 abs_sq=2
[2678000] [Frame0 12.5MHz windowed] xk=14 abs_sq=2
[2682000] [Frame0 12.5MHz windowed] xk=15 abs_sq=179777
[2686000] [Frame0 12.5MHz windowed] xk=16 abs_sq=988037
[2690000] [Frame0 12.5MHz windowed] xk=17 abs_sq=179777
[2694000] [Frame0 12.5MHz windowed] xk=18 abs_sq=2
[3642000] frame 0 total energy = 1347772 (bins=256)
[3646000] peak[0]: index=16  value=988037
[3686000] [Frame1 10.0MHz windowed] xk=10 abs_sq=4
[3690000] [Frame1 10.0MHz windowed] xk=11 abs_sq=549
[3694000] [Frame1 10.0MHz windowed] xk=12 abs_sq=342325
[3698000] [Frame1 10.0MHz windowed] xk=13 abs_sq=926773
[3702000] [Frame1 10.0MHz windowed] xk=14 abs_sq=76869
[3706000] [Frame1 10.0MHz windowed] xk=15 abs_sq=45
[3710000] [Frame1 10.0MHz windowed] xk=16 abs_sq=8
[3714000] [Frame1 10.0MHz windowed] xk=17 abs_sq=18
[3718000] [Frame1 10.0MHz windowed] xk=18 abs_sq=18
[4666000] frame 1 total energy = 1346920 (bins=256)
[4670000] peak[1]: index=13  value=926773
---------------------------------------------------------
Frame 0 (12.5 MHz windowed): peak bin=16, |X|^2=988037, total=1347772
Frame 1 (10.0 MHz windowed): peak bin=13, |X|^2=926773, total=1346920
Energy ratio (smaller/larger) = 0.999 (tol >= 0.750)
Peak dominance: tone0=187.7x, tone1=176.1x (min=4)
NOTE: compare windowed dom1 (176.1x) vs naive dom1 to confirm windowing benefit.
---------------------------------------------------------
tb_fft_windowed: PASS
$finish called at time : 4710 ns : File "C:/Users/USER/Documents/baryonic_space/baryonic_space-main/tb/part2/tb_fft_windowed.sv" Line 317
close_sim
INFO: [Simtcl 6-16] Simulation closed
launch_simulation
Command: launch_simulation 
INFO: [Vivado 12-12493] Simulation top is 'tb_fft_windowed'
WARNING: [Vivado 12-13340] Unable to auto find GCC executables from simulator install path! (path not set)
INFO: [Vivado 12-5698] Checking validity of IPs in the design for the 'XSim' simulator...
INFO: [Vivado 12-5682] Launching behavioral simulation in 'C:/Users/USER/Documents/baryonic_space/baryonic_space-main/part2/vivado_part2/fft_windowed_part2.sim/sim_1/behav/xsim'
INFO: [Vivado 12-4795] Using compiled simulation libraries for IPs
INFO: [SIM-utils-51] Simulation object is 'sim_1'
INFO: [SIM-utils-72] Using boost library from 'C:/Xilinx/Vivado/2024.2/tps/boost_1_72_0'
INFO: [USF-XSim-7] Finding pre-compiled libraries...
INFO: [USF-XSim-11] File 'C:/Xilinx/Vivado/2024.2/data/xsim/xsim.ini' copied to run dir:'C:/Users/USER/Documents/baryonic_space/baryonic_space-main/part2/vivado_part2/fft_windowed_part2.sim/sim_1/behav/xsim'
INFO: [SIM-utils-54] Inspecting design source files for 'tb_fft_windowed' in fileset 'sim_1'...
INFO: [SIM-utils-43] Exported 'C:/Users/USER/Documents/baryonic_space/baryonic_space-main/part2/vivado_part2/fft_windowed_part2.sim/sim_1/behav/xsim/hamming_256.mem'
INFO: [SIM-utils-43] Exported 'C:/Users/USER/Documents/baryonic_space/baryonic_space-main/part2/vivado_part2/fft_windowed_part2.sim/sim_1/behav/xsim/tone_12p5MHz_re.mem'
INFO: [SIM-utils-43] Exported 'C:/Users/USER/Documents/baryonic_space/baryonic_space-main/part2/vivado_part2/fft_windowed_part2.sim/sim_1/behav/xsim/tone_12p5MHz_im.mem'
INFO: [SIM-utils-43] Exported 'C:/Users/USER/Documents/baryonic_space/baryonic_space-main/part2/vivado_part2/fft_windowed_part2.sim/sim_1/behav/xsim/tone_10MHz_re.mem'
INFO: [SIM-utils-43] Exported 'C:/Users/USER/Documents/baryonic_space/baryonic_space-main/part2/vivado_part2/fft_windowed_part2.sim/sim_1/behav/xsim/tone_10MHz_im.mem'
INFO: [SIM-utils-43] Exported 'C:/Users/USER/Documents/baryonic_space/baryonic_space-main/part2/vivado_part2/fft_windowed_part2.sim/sim_1/behav/xsim/tone_12p5MHz_re.mem'
INFO: [SIM-utils-43] Exported 'C:/Users/USER/Documents/baryonic_space/baryonic_space-main/part2/vivado_part2/fft_windowed_part2.sim/sim_1/behav/xsim/tone_12p5MHz_im.mem'
INFO: [SIM-utils-43] Exported 'C:/Users/USER/Documents/baryonic_space/baryonic_space-main/part2/vivado_part2/fft_windowed_part2.sim/sim_1/behav/xsim/tone_10MHz_re.mem'
INFO: [SIM-utils-43] Exported 'C:/Users/USER/Documents/baryonic_space/baryonic_space-main/part2/vivado_part2/fft_windowed_part2.sim/sim_1/behav/xsim/tone_10MHz_im.mem'
INFO: [USF-XSim-97] Finding global include files...
INFO: [USF-XSim-98] Fetching design files from 'sim_1'...
INFO: [USF-XSim-2] XSim::Compile design
INFO: [USF-XSim-61] Executing 'COMPILE and ANALYZE' step in 'C:/Users/USER/Documents/baryonic_space/baryonic_space-main/part2/vivado_part2/fft_windowed_part2.sim/sim_1/behav/xsim'
"xvlog --incr --relax -L uvm -prj tb_fft_windowed_vlog.prj"
"xvhdl --incr --relax -prj tb_fft_windowed_vhdl.prj"
INFO: [USF-XSim-69] 'compile' step finished in '2' seconds
INFO: [USF-XSim-3] XSim::Elaborate design
INFO: [USF-XSim-61] Executing 'ELABORATE' step in 'C:/Users/USER/Documents/baryonic_space/baryonic_space-main/part2/vivado_part2/fft_windowed_part2.sim/sim_1/behav/xsim'
"xelab --incr --debug typical --relax --mt 2 -L xil_defaultlib -L xbip_utils_v3_0_14 -L axi_utils_v2_0_10 -L c_reg_fd_v12_0_10 -L xbip_dsp48_wrapper_v3_0_6 -L xbip_pipe_v3_0_10 -L c_addsub_v12_0_19 -L c_shift_ram_v12_0_18 -L mult_gen_v12_0_22 -L floating_point_v7_1_19 -L cmpy_v6_0_25 -L floating_point_v7_0_24 -L xfft_v9_1_13 -L uvm -L unisims_ver -L unimacro_ver -L secureip -L xpm --snapshot tb_fft_windowed_behav xil_defaultlib.tb_fft_windowed xil_defaultlib.glbl -log elaborate.log"
Vivado Simulator v2024.2.0
Copyright 1986-2022 Xilinx, Inc. All Rights Reserved.
Copyright 2022-2024 Advanced Micro Devices, Inc. All Rights Reserved.
Running: C:/Xilinx/Vivado/2024.2/bin/unwrapped/win64.o/xelab.exe --incr --debug typical --relax --mt 2 -L xil_defaultlib -L xbip_utils_v3_0_14 -L axi_utils_v2_0_10 -L c_reg_fd_v12_0_10 -L xbip_dsp48_wrapper_v3_0_6 -L xbip_pipe_v3_0_10 -L c_addsub_v12_0_19 -L c_shift_ram_v12_0_18 -L mult_gen_v12_0_22 -L floating_point_v7_1_19 -L cmpy_v6_0_25 -L floating_point_v7_0_24 -L xfft_v9_1_13 -L uvm -L unisims_ver -L unimacro_ver -L secureip -L xpm --snapshot tb_fft_windowed_behav xil_defaultlib.tb_fft_windowed xil_defaultlib.glbl -log elaborate.log 
Using 2 slave threads.
Starting static elaboration
Pass Through NonSizing Optimizer
WARNING: [VRFC 10-5021] port 'event_frame_started' is not connected on this instance [C:/Users/USER/Documents/baryonic_space/baryonic_space-main/rtl/part2/fft_windowed_top.v:156]
Completed static elaboration
INFO: [XSIM 43-4323] No Change in HDL. Linking previously generated obj files to create kernel
INFO: [USF-XSim-69] 'elaborate' step finished in '4' seconds
INFO: [USF-XSim-4] XSim::Simulate design
INFO: [USF-XSim-61] Executing 'SIMULATE' step in 'C:/Users/USER/Documents/baryonic_space/baryonic_space-main/part2/vivado_part2/fft_windowed_part2.sim/sim_1/behav/xsim'
INFO: [USF-XSim-98] *** Running xsim
   with args "tb_fft_windowed_behav -key {Behavioral:sim_1:Functional:tb_fft_windowed} -tclbatch {tb_fft_windowed.tcl} -view {C:/Users/USER/Documents/baryonic_space/baryonic_space-main/part2/vivado_part2/tb_fft_windowed_behav.wcfg} -log {simulate.log} -testplusarg MEM_DIR=."
INFO: [USF-XSim-8] Loading simulator feature
Time resolution is 1 ps
open_wave_config C:/Users/USER/Documents/baryonic_space/baryonic_space-main/part2/vivado_part2/tb_fft_windowed_behav.wcfg
WARNING: Simulation object /tb_fft_windowed/win_out_valid was not found in the design.
WARNING: Simulation object /tb_fft_windowed/win_out_real was not found in the design.
WARNING: Simulation object /tb_fft_windowed/win_out_imag was not found in the design.
source tb_fft_windowed.tcl
# set curr_wave [current_wave_config]
# if { [string length $curr_wave] == 0 } {
#   if { [llength [get_objects]] > 0} {
#     add_wave /
#     set_property needs_save false [current_wave_config]
#   } else {
#      send_msg_id Add_Wave-1 WARNING "No top level signals found. Simulator will start without a wave window. If you want to open a wave window go to 'File->New Waveform Configuration' or type 'create_wave_config' in the TCL console."
#   }
# }
# run 1000ns
Using MEM_DIR=.
Note:   - SCALING_SCH: in_ptr = 1, out_ptr = 1
Time: 0 ps  Iteration: 0  Process: /tb_fft_windowed/dut/u_xfft_0/U0/i_synth/axi_wrapper/gen_config_fifo_in/line__952  File: C:/Xilinx/Vivado/2024.2/data/ip/xilinx/xfft_v9_1/hdl/axi_wrapper.vhd
Note:     - C_CHANNELS  = 1
Time: 0 ps  Iteration: 0  Process: /tb_fft_windowed/dut/u_xfft_0/U0/i_synth/axi_wrapper/gen_config_fifo_in/line__952  File: C:/Xilinx/Vivado/2024.2/data/ip/xilinx/xfft_v9_1/hdl/axi_wrapper.vhd
Note:     - field_width = 8
Time: 0 ps  Iteration: 0  Process: /tb_fft_windowed/dut/u_xfft_0/U0/i_synth/axi_wrapper/gen_config_fifo_in/line__952  File: C:/Xilinx/Vivado/2024.2/data/ip/xilinx/xfft_v9_1/hdl/axi_wrapper.vhd
Note:   - Copying SCALE_SCH from 8 downto 1 to 8 downto 1
Time: 0 ps  Iteration: 0  Process: /tb_fft_windowed/dut/u_xfft_0/U0/i_synth/axi_wrapper/gen_config_fifo_in/line__952  File: C:/Xilinx/Vivado/2024.2/data/ip/xilinx/xfft_v9_1/hdl/axi_wrapper.vhd
Note:   - SCALING_SCH: in_ptr = 1, out_ptr = 1
Time: 0 ps  Iteration: 1  Process: /tb_fft_windowed/dut/u_xfft_0/U0/i_synth/axi_wrapper/gen_config_fifo_in/line__952  File: C:/Xilinx/Vivado/2024.2/data/ip/xilinx/xfft_v9_1/hdl/axi_wrapper.vhd
Note:     - C_CHANNELS  = 1
Time: 0 ps  Iteration: 1  Process: /tb_fft_windowed/dut/u_xfft_0/U0/i_synth/axi_wrapper/gen_config_fifo_in/line__952  File: C:/Xilinx/Vivado/2024.2/data/ip/xilinx/xfft_v9_1/hdl/axi_wrapper.vhd
Note:     - field_width = 8
Time: 0 ps  Iteration: 1  Process: /tb_fft_windowed/dut/u_xfft_0/U0/i_synth/axi_wrapper/gen_config_fifo_in/line__952  File: C:/Xilinx/Vivado/2024.2/data/ip/xilinx/xfft_v9_1/hdl/axi_wrapper.vhd
Note:   - Copying SCALE_SCH from 8 downto 1 to 8 downto 1
Time: 0 ps  Iteration: 1  Process: /tb_fft_windowed/dut/u_xfft_0/U0/i_synth/axi_wrapper/gen_config_fifo_in/line__952  File: C:/Xilinx/Vivado/2024.2/data/ip/xilinx/xfft_v9_1/hdl/axi_wrapper.vhd
[158000] === Frame 0: Sending frame: 12.5 MHz windowed ===
INFO: [USF-XSim-96] XSim completed. Design snapshot 'tb_fft_windowed_behav' loaded.
INFO: [USF-XSim-97] XSim simulation ran for 1000ns
launch_simulation: Time (s): cpu = 00:00:04 ; elapsed = 00:00:09 . Memory (MB): peak = 2157.070 ; gain = 0.000
run all
[1184000] === Frame 1: Sending frame: 10.0 MHz windowed ===
[2662000] [Frame0 12.5MHz windowed] xk=10 abs_sq=2
[2666000] [Frame0 12.5MHz windowed] xk=11 abs_sq=2
[2670000] [Frame0 12.5MHz windowed] xk=12 abs_sq=2
[2674000] [Frame0 12.5MHz windowed] xk=13 abs_sq=2
[2678000] [Frame0 12.5MHz windowed] xk=14 abs_sq=2
[2682000] [Frame0 12.5MHz windowed] xk=15 abs_sq=179777
[2686000] [Frame0 12.5MHz windowed] xk=16 abs_sq=988037
[2690000] [Frame0 12.5MHz windowed] xk=17 abs_sq=179777
[2694000] [Frame0 12.5MHz windowed] xk=18 abs_sq=2
[3642000] frame 0 total energy = 1347772 (bins=256)
[3646000] peak[0]: index=16  value=988037
[3686000] [Frame1 10.0MHz windowed] xk=10 abs_sq=4
[3690000] [Frame1 10.0MHz windowed] xk=11 abs_sq=549
[3694000] [Frame1 10.0MHz windowed] xk=12 abs_sq=342325
[3698000] [Frame1 10.0MHz windowed] xk=13 abs_sq=926773
[3702000] [Frame1 10.0MHz windowed] xk=14 abs_sq=76869
[3706000] [Frame1 10.0MHz windowed] xk=15 abs_sq=45
[3710000] [Frame1 10.0MHz windowed] xk=16 abs_sq=8
[3714000] [Frame1 10.0MHz windowed] xk=17 abs_sq=18
[3718000] [Frame1 10.0MHz windowed] xk=18 abs_sq=18
[4666000] frame 1 total energy = 1346920 (bins=256)
[4670000] peak[1]: index=13  value=926773
---------------------------------------------------------
Frame 0 (12.5 MHz windowed): peak bin=16, |X|^2=988037, total=1347772
Frame 1 (10.0 MHz windowed): peak bin=13, |X|^2=926773, total=1346920
Energy ratio (smaller/larger) = 0.999 (tol >= 0.750)
Peak dominance: tone0=187.7x, tone1=176.1x (min=4)
NOTE: compare windowed dom1 (176.1x) vs naive dom1 to confirm windowing benefit.
---------------------------------------------------------
tb_fft_windowed: PASS
$finish called at time : 4710 ns : File "C:/Users/USER/Documents/baryonic_space/baryonic_space-main/tb/part2/tb_fft_windowed.sv" Line 317
close_sim
INFO: [Simtcl 6-16] Simulation closed
launch_simulation
Command: launch_simulation 
INFO: [Vivado 12-12493] Simulation top is 'tb_fft_windowed'
WARNING: [Vivado 12-13340] Unable to auto find GCC executables from simulator install path! (path not set)
INFO: [Vivado 12-5698] Checking validity of IPs in the design for the 'XSim' simulator...
INFO: [Vivado 12-5682] Launching behavioral simulation in 'C:/Users/USER/Documents/baryonic_space/baryonic_space-main/part2/vivado_part2/fft_windowed_part2.sim/sim_1/behav/xsim'
INFO: [Vivado 12-4795] Using compiled simulation libraries for IPs
INFO: [SIM-utils-51] Simulation object is 'sim_1'
INFO: [SIM-utils-72] Using boost library from 'C:/Xilinx/Vivado/2024.2/tps/boost_1_72_0'
INFO: [USF-XSim-7] Finding pre-compiled libraries...
INFO: [USF-XSim-11] File 'C:/Xilinx/Vivado/2024.2/data/xsim/xsim.ini' copied to run dir:'C:/Users/USER/Documents/baryonic_space/baryonic_space-main/part2/vivado_part2/fft_windowed_part2.sim/sim_1/behav/xsim'
INFO: [SIM-utils-54] Inspecting design source files for 'tb_fft_windowed' in fileset 'sim_1'...
INFO: [SIM-utils-43] Exported 'C:/Users/USER/Documents/baryonic_space/baryonic_space-main/part2/vivado_part2/fft_windowed_part2.sim/sim_1/behav/xsim/hamming_256.mem'
INFO: [SIM-utils-43] Exported 'C:/Users/USER/Documents/baryonic_space/baryonic_space-main/part2/vivado_part2/fft_windowed_part2.sim/sim_1/behav/xsim/tone_12p5MHz_re.mem'
INFO: [SIM-utils-43] Exported 'C:/Users/USER/Documents/baryonic_space/baryonic_space-main/part2/vivado_part2/fft_windowed_part2.sim/sim_1/behav/xsim/tone_12p5MHz_im.mem'
INFO: [SIM-utils-43] Exported 'C:/Users/USER/Documents/baryonic_space/baryonic_space-main/part2/vivado_part2/fft_windowed_part2.sim/sim_1/behav/xsim/tone_10MHz_re.mem'
INFO: [SIM-utils-43] Exported 'C:/Users/USER/Documents/baryonic_space/baryonic_space-main/part2/vivado_part2/fft_windowed_part2.sim/sim_1/behav/xsim/tone_10MHz_im.mem'
INFO: [SIM-utils-43] Exported 'C:/Users/USER/Documents/baryonic_space/baryonic_space-main/part2/vivado_part2/fft_windowed_part2.sim/sim_1/behav/xsim/tone_12p5MHz_re.mem'
INFO: [SIM-utils-43] Exported 'C:/Users/USER/Documents/baryonic_space/baryonic_space-main/part2/vivado_part2/fft_windowed_part2.sim/sim_1/behav/xsim/tone_12p5MHz_im.mem'
INFO: [SIM-utils-43] Exported 'C:/Users/USER/Documents/baryonic_space/baryonic_space-main/part2/vivado_part2/fft_windowed_part2.sim/sim_1/behav/xsim/tone_10MHz_re.mem'
INFO: [SIM-utils-43] Exported 'C:/Users/USER/Documents/baryonic_space/baryonic_space-main/part2/vivado_part2/fft_windowed_part2.sim/sim_1/behav/xsim/tone_10MHz_im.mem'
INFO: [USF-XSim-97] Finding global include files...
INFO: [USF-XSim-98] Fetching design files from 'sim_1'...
INFO: [USF-XSim-2] XSim::Compile design
INFO: [USF-XSim-61] Executing 'COMPILE and ANALYZE' step in 'C:/Users/USER/Documents/baryonic_space/baryonic_space-main/part2/vivado_part2/fft_windowed_part2.sim/sim_1/behav/xsim'
"xvlog --incr --relax -L uvm -prj tb_fft_windowed_vlog.prj"
"xvhdl --incr --relax -prj tb_fft_windowed_vhdl.prj"
INFO: [USF-XSim-69] 'compile' step finished in '2' seconds
INFO: [USF-XSim-3] XSim::Elaborate design
INFO: [USF-XSim-61] Executing 'ELABORATE' step in 'C:/Users/USER/Documents/baryonic_space/baryonic_space-main/part2/vivado_part2/fft_windowed_part2.sim/sim_1/behav/xsim'
"xelab --incr --debug typical --relax --mt 2 -L xil_defaultlib -L xbip_utils_v3_0_14 -L axi_utils_v2_0_10 -L c_reg_fd_v12_0_10 -L xbip_dsp48_wrapper_v3_0_6 -L xbip_pipe_v3_0_10 -L c_addsub_v12_0_19 -L c_shift_ram_v12_0_18 -L mult_gen_v12_0_22 -L floating_point_v7_1_19 -L cmpy_v6_0_25 -L floating_point_v7_0_24 -L xfft_v9_1_13 -L uvm -L unisims_ver -L unimacro_ver -L secureip -L xpm --snapshot tb_fft_windowed_behav xil_defaultlib.tb_fft_windowed xil_defaultlib.glbl -log elaborate.log"
Vivado Simulator v2024.2.0
Copyright 1986-2022 Xilinx, Inc. All Rights Reserved.
Copyright 2022-2024 Advanced Micro Devices, Inc. All Rights Reserved.
Running: C:/Xilinx/Vivado/2024.2/bin/unwrapped/win64.o/xelab.exe --incr --debug typical --relax --mt 2 -L xil_defaultlib -L xbip_utils_v3_0_14 -L axi_utils_v2_0_10 -L c_reg_fd_v12_0_10 -L xbip_dsp48_wrapper_v3_0_6 -L xbip_pipe_v3_0_10 -L c_addsub_v12_0_19 -L c_shift_ram_v12_0_18 -L mult_gen_v12_0_22 -L floating_point_v7_1_19 -L cmpy_v6_0_25 -L floating_point_v7_0_24 -L xfft_v9_1_13 -L uvm -L unisims_ver -L unimacro_ver -L secureip -L xpm --snapshot tb_fft_windowed_behav xil_defaultlib.tb_fft_windowed xil_defaultlib.glbl -log elaborate.log 
Using 2 slave threads.
Starting static elaboration
Pass Through NonSizing Optimizer
WARNING: [VRFC 10-5021] port 'event_frame_started' is not connected on this instance [C:/Users/USER/Documents/baryonic_space/baryonic_space-main/rtl/part2/fft_windowed_top.v:156]
Completed static elaboration
INFO: [XSIM 43-4323] No Change in HDL. Linking previously generated obj files to create kernel
INFO: [USF-XSim-69] 'elaborate' step finished in '4' seconds
INFO: [USF-XSim-4] XSim::Simulate design
INFO: [USF-XSim-61] Executing 'SIMULATE' step in 'C:/Users/USER/Documents/baryonic_space/baryonic_space-main/part2/vivado_part2/fft_windowed_part2.sim/sim_1/behav/xsim'
INFO: [USF-XSim-98] *** Running xsim
   with args "tb_fft_windowed_behav -key {Behavioral:sim_1:Functional:tb_fft_windowed} -tclbatch {tb_fft_windowed.tcl} -view {C:/Users/USER/Documents/baryonic_space/baryonic_space-main/part2/vivado_part2/tb_fft_windowed_behav.wcfg} -log {simulate.log} -testplusarg MEM_DIR=."
INFO: [USF-XSim-8] Loading simulator feature
Time resolution is 1 ps
open_wave_config C:/Users/USER/Documents/baryonic_space/baryonic_space-main/part2/vivado_part2/tb_fft_windowed_behav.wcfg
WARNING: Simulation object /tb_fft_windowed/win_out_valid was not found in the design.
WARNING: Simulation object /tb_fft_windowed/win_out_real was not found in the design.
WARNING: Simulation object /tb_fft_windowed/win_out_imag was not found in the design.
source tb_fft_windowed.tcl
# set curr_wave [current_wave_config]
# if { [string length $curr_wave] == 0 } {
#   if { [llength [get_objects]] > 0} {
#     add_wave /
#     set_property needs_save false [current_wave_config]
#   } else {
#      send_msg_id Add_Wave-1 WARNING "No top level signals found. Simulator will start without a wave window. If you want to open a wave window go to 'File->New Waveform Configuration' or type 'create_wave_config' in the TCL console."
#   }
# }
# run 1000ns
Using MEM_DIR=.
Note:   - SCALING_SCH: in_ptr = 1, out_ptr = 1
Time: 0 ps  Iteration: 0  Process: /tb_fft_windowed/dut/u_xfft_0/U0/i_synth/axi_wrapper/gen_config_fifo_in/line__952  File: C:/Xilinx/Vivado/2024.2/data/ip/xilinx/xfft_v9_1/hdl/axi_wrapper.vhd
Note:     - C_CHANNELS  = 1
Time: 0 ps  Iteration: 0  Process: /tb_fft_windowed/dut/u_xfft_0/U0/i_synth/axi_wrapper/gen_config_fifo_in/line__952  File: C:/Xilinx/Vivado/2024.2/data/ip/xilinx/xfft_v9_1/hdl/axi_wrapper.vhd
Note:     - field_width = 8
Time: 0 ps  Iteration: 0  Process: /tb_fft_windowed/dut/u_xfft_0/U0/i_synth/axi_wrapper/gen_config_fifo_in/line__952  File: C:/Xilinx/Vivado/2024.2/data/ip/xilinx/xfft_v9_1/hdl/axi_wrapper.vhd
Note:   - Copying SCALE_SCH from 8 downto 1 to 8 downto 1
Time: 0 ps  Iteration: 0  Process: /tb_fft_windowed/dut/u_xfft_0/U0/i_synth/axi_wrapper/gen_config_fifo_in/line__952  File: C:/Xilinx/Vivado/2024.2/data/ip/xilinx/xfft_v9_1/hdl/axi_wrapper.vhd
Note:   - SCALING_SCH: in_ptr = 1, out_ptr = 1
Time: 0 ps  Iteration: 1  Process: /tb_fft_windowed/dut/u_xfft_0/U0/i_synth/axi_wrapper/gen_config_fifo_in/line__952  File: C:/Xilinx/Vivado/2024.2/data/ip/xilinx/xfft_v9_1/hdl/axi_wrapper.vhd
Note:     - C_CHANNELS  = 1
Time: 0 ps  Iteration: 1  Process: /tb_fft_windowed/dut/u_xfft_0/U0/i_synth/axi_wrapper/gen_config_fifo_in/line__952  File: C:/Xilinx/Vivado/2024.2/data/ip/xilinx/xfft_v9_1/hdl/axi_wrapper.vhd
Note:     - field_width = 8
Time: 0 ps  Iteration: 1  Process: /tb_fft_windowed/dut/u_xfft_0/U0/i_synth/axi_wrapper/gen_config_fifo_in/line__952  File: C:/Xilinx/Vivado/2024.2/data/ip/xilinx/xfft_v9_1/hdl/axi_wrapper.vhd
Note:   - Copying SCALE_SCH from 8 downto 1 to 8 downto 1
Time: 0 ps  Iteration: 1  Process: /tb_fft_windowed/dut/u_xfft_0/U0/i_synth/axi_wrapper/gen_config_fifo_in/line__952  File: C:/Xilinx/Vivado/2024.2/data/ip/xilinx/xfft_v9_1/hdl/axi_wrapper.vhd
[158000] === Frame 0: Sending frame: 12.5 MHz windowed ===
INFO: [USF-XSim-96] XSim completed. Design snapshot 'tb_fft_windowed_behav' loaded.
INFO: [USF-XSim-97] XSim simulation ran for 1000ns
launch_simulation: Time (s): cpu = 00:00:04 ; elapsed = 00:00:09 . Memory (MB): peak = 2157.070 ; gain = 0.000
run all
[1184000] === Frame 1: Sending frame: 10.0 MHz windowed ===
[2662000] [Frame0 12.5MHz windowed] xk=10 abs_sq=2
[2666000] [Frame0 12.5MHz windowed] xk=11 abs_sq=2
[2670000] [Frame0 12.5MHz windowed] xk=12 abs_sq=2
[2674000] [Frame0 12.5MHz windowed] xk=13 abs_sq=2
[2678000] [Frame0 12.5MHz windowed] xk=14 abs_sq=2
[2682000] [Frame0 12.5MHz windowed] xk=15 abs_sq=179777
[2686000] [Frame0 12.5MHz windowed] xk=16 abs_sq=988037
[2690000] [Frame0 12.5MHz windowed] xk=17 abs_sq=179777
[2694000] [Frame0 12.5MHz windowed] xk=18 abs_sq=2
[3642000] frame 0 total energy = 1347772 (bins=256)
[3646000] peak[0]: index=16  value=988037
[3686000] [Frame1 10.0MHz windowed] xk=10 abs_sq=4
[3690000] [Frame1 10.0MHz windowed] xk=11 abs_sq=549
[3694000] [Frame1 10.0MHz windowed] xk=12 abs_sq=342325
[3698000] [Frame1 10.0MHz windowed] xk=13 abs_sq=926773
[3702000] [Frame1 10.0MHz windowed] xk=14 abs_sq=76869
[3706000] [Frame1 10.0MHz windowed] xk=15 abs_sq=45
[3710000] [Frame1 10.0MHz windowed] xk=16 abs_sq=8
[3714000] [Frame1 10.0MHz windowed] xk=17 abs_sq=18
[3718000] [Frame1 10.0MHz windowed] xk=18 abs_sq=18
[4666000] frame 1 total energy = 1346920 (bins=256)
[4670000] peak[1]: index=13  value=926773
---------------------------------------------------------
Frame 0 (12.5 MHz windowed): peak bin=16, |X|^2=988037, total=1347772
Frame 1 (10.0 MHz windowed): peak bin=13, |X|^2=926773, total=1346920
Energy ratio (smaller/larger) = 0.999 (tol >= 0.750)
Peak dominance: tone0=187.7x, tone1=176.1x (min=4)
NOTE: compare windowed dom1 (176.1x) vs naive dom1 to confirm windowing benefit.
---------------------------------------------------------
tb_fft_windowed: PASS
$finish called at time : 4710 ns : File "C:/Users/USER/Documents/baryonic_space/baryonic_space-main/tb/part2/tb_fft_windowed.sv" Line 317
